info: Microsoft.EntityFrameworkCore.Infrastructure[10403]
      Entity Framework Core 2.2.4-servicing-10062 initialized 'NopObjectContext' using provider 'Microsoft.EntityFrameworkCore.SqlServer' with options: using lazy-loading proxies 
info: Microsoft.EntityFrameworkCore.Database.Command[20101]
      Executed DbCommand (46ms) [Parameters=[], CommandType='Text', CommandTimeout='30']
      SELECT [t].[Id], [t].[Enabled], [t].[LastEndUtc], [t].[LastStartUtc], [t].[LastSuccessUtc], [t].[Name], [t].[Seconds], [t].[StopOnError], [t].[Type]
      FROM [ScheduleTask] AS [t]
      WHERE [t].[Enabled] = 1
      ORDER BY [t].[Seconds] DESC
info: Microsoft.EntityFrameworkCore.Database.Command[20101]
      Executed DbCommand (8ms) [Parameters=[], CommandType='Text', CommandTimeout='30']
      SELECT [s].[Id], [s].[CompanyAddress], [s].[CompanyName], [s].[CompanyPhoneNumber], [s].[CompanyVat], [s].[DefaultLanguageId], [s].[DisplayOrder], [s].[Hosts], [s].[Name], [s].[SslEnabled], [s].[Url]
      FROM [Store] AS [s]
      ORDER BY [s].[DisplayOrder], [s].[Id]
info: Microsoft.EntityFrameworkCore.Database.Command[20101]
      Executed DbCommand (5ms) [Parameters=[], CommandType='Text', CommandTimeout='30']
      SELECT [s].[Id], [s].[Name], [s].[StoreId], [s].[Value]
      FROM [Setting] AS [s]
      ORDER BY [s].[Name], [s].[StoreId]
info: Microsoft.EntityFrameworkCore.Database.Command[20101]
      Executed DbCommand (62ms) [Parameters=[@p0='?' (DbType = DateTime2), @p1='?' (DbType = Int32), @p2='?' (Size = 4000), @p3='?' (Size = 200), @p4='?' (DbType = Int32), @p5='?' (Size = 4000), @p6='?' (Size = 4000), @p7='?' (Size = 4000)], CommandType='Text', CommandTimeout='30']
      SET NOCOUNT ON;
      INSERT INTO [Log] ([CreatedOnUtc], [CustomerId], [FullMessage], [IpAddress], [LogLevelId], [PageUrl], [ReferrerUrl], [ShortMessage])
      VALUES (@p0, @p1, @p2, @p3, @p4, @p5, @p6, @p7);
      SELECT [Id]
      FROM [Log]
      WHERE @@ROWCOUNT = 1 AND [Id] = scope_identity();
Hosting environment: Development
Content root path: E:\HERO\Presentation\NCSw.HERO.Web
Now listening on: http://127.0.0.1:30415
Application started. Press Ctrl+C to shut down.
info: Microsoft.AspNetCore.Hosting.Internal.WebHost[1]
      Request starting HTTP/1.1 GET http://erp.hero.net/Admin/Doctor  
info: Microsoft.EntityFrameworkCore.Infrastructure[10403]
      Entity Framework Core 2.2.4-servicing-10062 initialized 'NopObjectContext' using provider 'Microsoft.EntityFrameworkCore.SqlServer' with options: using lazy-loading proxies 
info: Microsoft.EntityFrameworkCore.Database.Command[20101]
      Executed DbCommand (68ms) [Parameters=[@__email_0='?' (Size = 1000)], CommandType='Text', CommandTimeout='30']
      SELECT TOP(1) [c].[Id], [c].[Active], [c].[AdminComment], [c].[AffiliateId], [c].[BillingAddress_Id], [c].[CannotLoginUntilDateUtc], [c].[CreatedOnUtc], [c].[CustomerGuid], [c].[Deleted], [c].[Email], [c].[EmailToRevalidate], [c].[FailedLoginAttempts], [c].[HasShoppingCartItems], [c].[IsSystemAccount], [c].[IsTaxExempt], [c].[LastActivityDateUtc], [c].[LastIpAddress], [c].[LastLoginDateUtc], [c].[RegisteredInStoreId], [c].[RequireReLogin], [c].[ShippingAddress_Id], [c].[SystemName], [c].[Username], [c].[VendorId]
      FROM [Customer] AS [c]
      WHERE [c].[Email] = @__email_0
      ORDER BY [c].[Id]
info: Microsoft.EntityFrameworkCore.Database.Command[20101]
      Executed DbCommand (17ms) [Parameters=[@__get_Item_0='?' (DbType = Int32)], CommandType='Text', CommandTimeout='30']
      SELECT [e].[Customer_Id], [e].[CustomerRole_Id]
      FROM [Customer_CustomerRole_Mapping] AS [e]
      WHERE [e].[Customer_Id] = @__get_Item_0
info: Microsoft.EntityFrameworkCore.Database.Command[20101]
      Executed DbCommand (40ms) [Parameters=[@__get_Item_0='?' (DbType = Int32)], CommandType='Text', CommandTimeout='30']
      SELECT [e].[Id], [e].[Active], [e].[DefaultTaxDisplayTypeId], [e].[EnablePasswordLifetime], [e].[FreeShipping], [e].[IsSystemRole], [e].[Name], [e].[OverrideTaxDisplayType], [e].[PurchasedWithProductId], [e].[SystemName], [e].[TaxExempt]
      FROM [CustomerRole] AS [e]
      WHERE [e].[Id] = @__get_Item_0
info: Microsoft.EntityFrameworkCore.Database.Command[20101]
      Executed DbCommand (33ms) [Parameters=[@__get_Item_0='?' (DbType = Int32)], CommandType='Text', CommandTimeout='30']
      SELECT [e].[Id], [e].[Active], [e].[DefaultTaxDisplayTypeId], [e].[EnablePasswordLifetime], [e].[FreeShipping], [e].[IsSystemRole], [e].[Name], [e].[OverrideTaxDisplayType], [e].[PurchasedWithProductId], [e].[SystemName], [e].[TaxExempt]
      FROM [CustomerRole] AS [e]
      WHERE [e].[Id] = @__get_Item_0
info: Microsoft.EntityFrameworkCore.Database.Command[20101]
      Executed DbCommand (40ms) [Parameters=[@__entityId_0='?' (DbType = Int32), @__keyGroup_1='?' (Size = 400)], CommandType='Text', CommandTimeout='30']
      SELECT [ga].[Id], [ga].[EntityId], [ga].[Key], [ga].[KeyGroup], [ga].[StoreId], [ga].[Value]
      FROM [GenericAttribute] AS [ga]
      WHERE ([ga].[EntityId] = @__entityId_0) AND ([ga].[KeyGroup] = @__keyGroup_1)
info: Microsoft.EntityFrameworkCore.Infrastructure[10403]
      Entity Framework Core 2.2.4-servicing-10062 initialized 'NopObjectContext' using provider 'Microsoft.EntityFrameworkCore.SqlServer' with options: using lazy-loading proxies 
info: Microsoft.EntityFrameworkCore.Database.Command[20101]
      Executed DbCommand (72ms) [Parameters=[], CommandType='Text', CommandTimeout='30']
      SELECT [l].[Id], [l].[DefaultCurrencyId], [l].[DisplayOrder], [l].[FlagImageFileName], [l].[LanguageCulture], [l].[LimitedToStores], [l].[Name], [l].[Published], [l].[Rtl], [l].[UniqueSeoCode]
      FROM [Language] AS [l]
      WHERE [l].[Published] = 1
      ORDER BY [l].[DisplayOrder], [l].[Id]
info: Microsoft.EntityFrameworkCore.Database.Command[20101]
      Executed DbCommand (11ms) [Parameters=[@p0='?' (DbType = DateTime2), @p1='?' (DbType = Int32), @p2='?' (Size = 4000), @p3='?' (Size = 200), @p4='?' (DbType = Int32), @p5='?' (Size = 4000), @p6='?' (Size = 4000), @p7='?' (Size = 4000)], CommandType='Text', CommandTimeout='30']
      SET NOCOUNT ON;
      INSERT INTO [Log] ([CreatedOnUtc], [CustomerId], [FullMessage], [IpAddress], [LogLevelId], [PageUrl], [ReferrerUrl], [ShortMessage])
      VALUES (@p0, @p1, @p2, @p3, @p4, @p5, @p6, @p7);
      SELECT [Id]
      FROM [Log]
      WHERE @@ROWCOUNT = 1 AND [Id] = scope_identity();
info: Microsoft.AspNetCore.Mvc.Internal.ControllerActionInvoker[1]
      Route matched with {area = "Admin", action = "Index", controller = "Doctor"}. Executing action NCSw.HERO.Web.Areas.Admin.Controllers.DoctorController.Index (NCSw.HERO.Web)
info: Microsoft.EntityFrameworkCore.Database.Command[20101]
      Executed DbCommand (21ms) [Parameters=[@__customerRoleId_0='?' (DbType = Int32)], CommandType='Text', CommandTimeout='30']
      SELECT [pr].[Id], [pr].[Category], [pr].[Name], [pr].[SystemName]
      FROM [PermissionRecord] AS [pr]
      INNER JOIN [PermissionRecord_Role_Mapping] AS [prcrm] ON [pr].[Id] = [prcrm].[PermissionRecord_Id]
      WHERE [prcrm].[CustomerRole_Id] = @__customerRoleId_0
      ORDER BY [pr].[Id]
info: Microsoft.EntityFrameworkCore.Database.Command[20101]
      Executed DbCommand (2ms) [Parameters=[@p23='?' (DbType = Int32), @p0='?' (DbType = Boolean), @p1='?' (Size = 4000), @p2='?' (DbType = Int32), @p3='?' (DbType = Int32), @p4='?' (DbType = DateTime2), @p5='?' (DbType = DateTime2), @p6='?' (DbType = Guid), @p7='?' (DbType = Boolean), @p8='?' (Size = 1000), @p9='?' (Size = 1000), @p10='?' (DbType = Int32), @p11='?' (DbType = Boolean), @p12='?' (DbType = Boolean), @p13='?' (DbType = Boolean), @p14='?' (DbType = DateTime2), @p15='?' (Size = 4000), @p16='?' (DbType = DateTime2), @p17='?' (DbType = Int32), @p18='?' (DbType = Boolean), @p19='?' (DbType = Int32), @p20='?' (Size = 400), @p21='?' (Size = 1000), @p22='?' (DbType = Int32)], CommandType='Text', CommandTimeout='30']
      SET NOCOUNT ON;
      UPDATE [Customer] SET [Active] = @p0, [AdminComment] = @p1, [AffiliateId] = @p2, [BillingAddress_Id] = @p3, [CannotLoginUntilDateUtc] = @p4, [CreatedOnUtc] = @p5, [CustomerGuid] = @p6, [Deleted] = @p7, [Email] = @p8, [EmailToRevalidate] = @p9, [FailedLoginAttempts] = @p10, [HasShoppingCartItems] = @p11, [IsSystemAccount] = @p12, [IsTaxExempt] = @p13, [LastActivityDateUtc] = @p14, [LastIpAddress] = @p15, [LastLoginDateUtc] = @p16, [RegisteredInStoreId] = @p17, [RequireReLogin] = @p18, [ShippingAddress_Id] = @p19, [SystemName] = @p20, [Username] = @p21, [VendorId] = @p22
      WHERE [Id] = @p23;
      SELECT @@ROWCOUNT;
info: Microsoft.AspNetCore.Mvc.Internal.ControllerActionInvoker[1]
      Executing action method NCSw.HERO.Web.Areas.Admin.Controllers.DoctorController.Index (NCSw.HERO.Web) - Validation state: Valid
info: Microsoft.AspNetCore.Mvc.Internal.ControllerActionInvoker[2]
      Executed action method NCSw.HERO.Web.Areas.Admin.Controllers.DoctorController.Index (NCSw.HERO.Web), returned result Microsoft.AspNetCore.Mvc.RedirectToActionResult in 3.5648ms.
info: Microsoft.AspNetCore.Mvc.RedirectToActionResult[1]
      Executing RedirectResult, redirecting to /Admin/Doctor/List.
info: Microsoft.AspNetCore.Mvc.Internal.ControllerActionInvoker[2]
      Executed action NCSw.HERO.Web.Areas.Admin.Controllers.DoctorController.Index (NCSw.HERO.Web) in 316.596ms
info: Microsoft.AspNetCore.Hosting.Internal.WebHost[2]
      Request finished in 2333.6558ms 302 
info: Microsoft.AspNetCore.Hosting.Internal.WebHost[1]
      Request starting HTTP/1.1 GET http://erp.hero.net/Admin/Doctor/List  
info: Microsoft.EntityFrameworkCore.Infrastructure[10403]
      Entity Framework Core 2.2.4-servicing-10062 initialized 'NopObjectContext' using provider 'Microsoft.EntityFrameworkCore.SqlServer' with options: using lazy-loading proxies 
info: Microsoft.EntityFrameworkCore.Database.Command[20101]
      Executed DbCommand (15ms) [Parameters=[@__email_0='?' (Size = 1000)], CommandType='Text', CommandTimeout='30']
      SELECT TOP(1) [c].[Id], [c].[Active], [c].[AdminComment], [c].[AffiliateId], [c].[BillingAddress_Id], [c].[CannotLoginUntilDateUtc], [c].[CreatedOnUtc], [c].[CustomerGuid], [c].[Deleted], [c].[Email], [c].[EmailToRevalidate], [c].[FailedLoginAttempts], [c].[HasShoppingCartItems], [c].[IsSystemAccount], [c].[IsTaxExempt], [c].[LastActivityDateUtc], [c].[LastIpAddress], [c].[LastLoginDateUtc], [c].[RegisteredInStoreId], [c].[RequireReLogin], [c].[ShippingAddress_Id], [c].[SystemName], [c].[Username], [c].[VendorId]
      FROM [Customer] AS [c]
      WHERE [c].[Email] = @__email_0
      ORDER BY [c].[Id]
info: Microsoft.EntityFrameworkCore.Database.Command[20101]
      Executed DbCommand (9ms) [Parameters=[@__get_Item_0='?' (DbType = Int32)], CommandType='Text', CommandTimeout='30']
      SELECT [e].[Customer_Id], [e].[CustomerRole_Id]
      FROM [Customer_CustomerRole_Mapping] AS [e]
      WHERE [e].[Customer_Id] = @__get_Item_0
info: Microsoft.EntityFrameworkCore.Database.Command[20101]
      Executed DbCommand (10ms) [Parameters=[@__get_Item_0='?' (DbType = Int32)], CommandType='Text', CommandTimeout='30']
      SELECT [e].[Id], [e].[Active], [e].[DefaultTaxDisplayTypeId], [e].[EnablePasswordLifetime], [e].[FreeShipping], [e].[IsSystemRole], [e].[Name], [e].[OverrideTaxDisplayType], [e].[PurchasedWithProductId], [e].[SystemName], [e].[TaxExempt]
      FROM [CustomerRole] AS [e]
      WHERE [e].[Id] = @__get_Item_0
info: Microsoft.EntityFrameworkCore.Database.Command[20101]
      Executed DbCommand (10ms) [Parameters=[@__get_Item_0='?' (DbType = Int32)], CommandType='Text', CommandTimeout='30']
      SELECT [e].[Id], [e].[Active], [e].[DefaultTaxDisplayTypeId], [e].[EnablePasswordLifetime], [e].[FreeShipping], [e].[IsSystemRole], [e].[Name], [e].[OverrideTaxDisplayType], [e].[PurchasedWithProductId], [e].[SystemName], [e].[TaxExempt]
      FROM [CustomerRole] AS [e]
      WHERE [e].[Id] = @__get_Item_0
info: Microsoft.EntityFrameworkCore.Database.Command[20101]
      Executed DbCommand (10ms) [Parameters=[@__entityId_0='?' (DbType = Int32), @__keyGroup_1='?' (Size = 400)], CommandType='Text', CommandTimeout='30']
      SELECT [ga].[Id], [ga].[EntityId], [ga].[Key], [ga].[KeyGroup], [ga].[StoreId], [ga].[Value]
      FROM [GenericAttribute] AS [ga]
      WHERE ([ga].[EntityId] = @__entityId_0) AND ([ga].[KeyGroup] = @__keyGroup_1)
info: Microsoft.AspNetCore.Mvc.Internal.ControllerActionInvoker[1]
      Route matched with {area = "Admin", action = "List", controller = "Doctor"}. Executing action NCSw.HERO.Web.Areas.Admin.Controllers.DoctorController.List (NCSw.HERO.Web)
info: Microsoft.AspNetCore.Mvc.Internal.ControllerActionInvoker[1]
      Executing action method NCSw.HERO.Web.Areas.Admin.Controllers.DoctorController.List (NCSw.HERO.Web) - Validation state: Valid
info: Microsoft.EntityFrameworkCore.Database.Command[20101]
      Executed DbCommand (58ms) [Parameters=[@__customerRoleId_0='?' (DbType = Int32)], CommandType='Text', CommandTimeout='30']
      SELECT [pr].[Id], [pr].[Category], [pr].[Name], [pr].[SystemName]
      FROM [PermissionRecord] AS [pr]
      INNER JOIN [PermissionRecord_Role_Mapping] AS [prcrm] ON [pr].[Id] = [prcrm].[PermissionRecord_Id]
      WHERE [prcrm].[CustomerRole_Id] = @__customerRoleId_0
      ORDER BY [pr].[Id]
info: Microsoft.AspNetCore.Mvc.Internal.ControllerActionInvoker[2]
      Executed action method NCSw.HERO.Web.Areas.Admin.Controllers.DoctorController.List (NCSw.HERO.Web), returned result Microsoft.AspNetCore.Mvc.ViewResult in 66.3466ms.
info: Microsoft.AspNetCore.Mvc.ViewFeatures.ViewResultExecutor[1]
      Executing ViewResult, running view List.
info: Microsoft.EntityFrameworkCore.Database.Command[20101]
      Executed DbCommand (11ms) [Parameters=[@__languageId_0='?' (DbType = Int32), @__AdminLocaleStringResourcesPrefix_1='?' (Size = 200)], CommandType='Text', CommandTimeout='30']
      SELECT [l].[Id], [l].[LanguageId], [l].[ResourceName], [l].[ResourceValue]
      FROM [LocaleStringResource] AS [l]
      WHERE ([l].[LanguageId] = @__languageId_0) AND ((NOT ([l].[ResourceName] LIKE @__AdminLocaleStringResourcesPrefix_1 + N'%') OR (LEFT([l].[ResourceName], LEN(@__AdminLocaleStringResourcesPrefix_1)) <> @__AdminLocaleStringResourcesPrefix_1)) AND (@__AdminLocaleStringResourcesPrefix_1 <> N''))
      ORDER BY [l].[ResourceName]
info: Microsoft.EntityFrameworkCore.Database.Command[20101]
      Executed DbCommand (21ms) [Parameters=[@__languageId_0='?' (DbType = Int32), @__AdminLocaleStringResourcesPrefix_1='?' (Size = 200)], CommandType='Text', CommandTimeout='30']
      SELECT [l].[Id], [l].[LanguageId], [l].[ResourceName], [l].[ResourceValue]
      FROM [LocaleStringResource] AS [l]
      WHERE ([l].[LanguageId] = @__languageId_0) AND (([l].[ResourceName] LIKE @__AdminLocaleStringResourcesPrefix_1 + N'%' AND (LEFT([l].[ResourceName], LEN(@__AdminLocaleStringResourcesPrefix_1)) = @__AdminLocaleStringResourcesPrefix_1)) OR (@__AdminLocaleStringResourcesPrefix_1 = N''))
      ORDER BY [l].[ResourceName]
info: Microsoft.AspNetCore.Mvc.ViewFeatures.ViewResultExecutor[4]
      Executed ViewResult - view List executed in 9236.8723ms.
info: Microsoft.AspNetCore.Mvc.Internal.ControllerActionInvoker[2]
      Executed action NCSw.HERO.Web.Areas.Admin.Controllers.DoctorController.List (NCSw.HERO.Web) in 9312.7062ms
info: Microsoft.AspNetCore.Hosting.Internal.WebHost[2]
      Request finished in 9449.9553ms 200 text/html; charset=utf-8
info: Microsoft.AspNetCore.Hosting.Internal.WebHost[1]
      Request starting HTTP/1.1 GET http://erp.hero.net/admin/plugin/SearchList?_=1557394638436  
info: Microsoft.EntityFrameworkCore.Infrastructure[10403]
      Entity Framework Core 2.2.4-servicing-10062 initialized 'NopObjectContext' using provider 'Microsoft.EntityFrameworkCore.SqlServer' with options: using lazy-loading proxies 
info: Microsoft.EntityFrameworkCore.Database.Command[20101]
      Executed DbCommand (8ms) [Parameters=[@__email_0='?' (Size = 1000)], CommandType='Text', CommandTimeout='30']
      SELECT TOP(1) [c].[Id], [c].[Active], [c].[AdminComment], [c].[AffiliateId], [c].[BillingAddress_Id], [c].[CannotLoginUntilDateUtc], [c].[CreatedOnUtc], [c].[CustomerGuid], [c].[Deleted], [c].[Email], [c].[EmailToRevalidate], [c].[FailedLoginAttempts], [c].[HasShoppingCartItems], [c].[IsSystemAccount], [c].[IsTaxExempt], [c].[LastActivityDateUtc], [c].[LastIpAddress], [c].[LastLoginDateUtc], [c].[RegisteredInStoreId], [c].[RequireReLogin], [c].[ShippingAddress_Id], [c].[SystemName], [c].[Username], [c].[VendorId]
      FROM [Customer] AS [c]
      WHERE [c].[Email] = @__email_0
      ORDER BY [c].[Id]
info: Microsoft.EntityFrameworkCore.Database.Command[20101]
      Executed DbCommand (1ms) [Parameters=[@__get_Item_0='?' (DbType = Int32)], CommandType='Text', CommandTimeout='30']
      SELECT [e].[Customer_Id], [e].[CustomerRole_Id]
      FROM [Customer_CustomerRole_Mapping] AS [e]
      WHERE [e].[Customer_Id] = @__get_Item_0
info: Microsoft.EntityFrameworkCore.Database.Command[20101]
      Executed DbCommand (2ms) [Parameters=[@__get_Item_0='?' (DbType = Int32)], CommandType='Text', CommandTimeout='30']
      SELECT [e].[Id], [e].[Active], [e].[DefaultTaxDisplayTypeId], [e].[EnablePasswordLifetime], [e].[FreeShipping], [e].[IsSystemRole], [e].[Name], [e].[OverrideTaxDisplayType], [e].[PurchasedWithProductId], [e].[SystemName], [e].[TaxExempt]
      FROM [CustomerRole] AS [e]
      WHERE [e].[Id] = @__get_Item_0
info: Microsoft.EntityFrameworkCore.Database.Command[20101]
      Executed DbCommand (2ms) [Parameters=[@__get_Item_0='?' (DbType = Int32)], CommandType='Text', CommandTimeout='30']
      SELECT [e].[Id], [e].[Active], [e].[DefaultTaxDisplayTypeId], [e].[EnablePasswordLifetime], [e].[FreeShipping], [e].[IsSystemRole], [e].[Name], [e].[OverrideTaxDisplayType], [e].[PurchasedWithProductId], [e].[SystemName], [e].[TaxExempt]
      FROM [CustomerRole] AS [e]
      WHERE [e].[Id] = @__get_Item_0
info: Microsoft.EntityFrameworkCore.Database.Command[20101]
      Executed DbCommand (2ms) [Parameters=[@__entityId_0='?' (DbType = Int32), @__keyGroup_1='?' (Size = 400)], CommandType='Text', CommandTimeout='30']
      SELECT [ga].[Id], [ga].[EntityId], [ga].[Key], [ga].[KeyGroup], [ga].[StoreId], [ga].[Value]
      FROM [GenericAttribute] AS [ga]
      WHERE ([ga].[EntityId] = @__entityId_0) AND ([ga].[KeyGroup] = @__keyGroup_1)
info: Microsoft.AspNetCore.Mvc.Internal.ControllerActionInvoker[1]
      Route matched with {area = "Admin", action = "SearchList", controller = "Plugin"}. Executing action NCSw.HERO.Web.Areas.Admin.Controllers.PluginController.SearchList (NCSw.HERO.Web)
info: Microsoft.AspNetCore.Mvc.Internal.ControllerActionInvoker[1]
      Executing action method NCSw.HERO.Web.Areas.Admin.Controllers.PluginController.SearchList (NCSw.HERO.Web) - Validation state: Valid
info: Microsoft.AspNetCore.Mvc.Internal.ControllerActionInvoker[2]
      Executed action method NCSw.HERO.Web.Areas.Admin.Controllers.PluginController.SearchList (NCSw.HERO.Web), returned result Microsoft.AspNetCore.Mvc.JsonResult in 6.3529ms.
info: Microsoft.AspNetCore.Mvc.Formatters.Json.Internal.JsonResultExecutor[1]
      Executing JsonResult, writing value of type 'System.Collections.Generic.List`1[[<>f__AnonymousType22`5[[System.String, System.Private.CoreLib, Version=4.0.0.0, Culture=neutral, PublicKeyToken=7cec85d7bea7798e],[System.String, System.Private.CoreLib, Version=4.0.0.0, Culture=neutral, PublicKeyToken=7cec85d7bea7798e],[System.String, System.Private.CoreLib, Version=4.0.0.0, Culture=neutral, PublicKeyToken=7cec85d7bea7798e],[System.String, System.Private.CoreLib, Version=4.0.0.0, Culture=neutral, PublicKeyToken=7cec85d7bea7798e],[System.Int32, System.Private.CoreLib, Version=4.0.0.0, Culture=neutral, PublicKeyToken=7cec85d7bea7798e]], NCSw.HERO.Web, Version=4.1.0.0, Culture=neutral, PublicKeyToken=null]]'.
info: Microsoft.AspNetCore.Mvc.Internal.ControllerActionInvoker[2]
      Executed action NCSw.HERO.Web.Areas.Admin.Controllers.PluginController.SearchList (NCSw.HERO.Web) in 59.1466ms
info: Microsoft.AspNetCore.Hosting.Internal.WebHost[2]
      Request finished in 158.2909ms 200 application/json; charset=utf-8
info: Microsoft.AspNetCore.Hosting.Internal.WebHost[1]
      Request starting HTTP/1.1 POST http://erp.hero.net/Admin/Doctor/List application/x-www-form-urlencoded; charset=UTF-8 271
info: Microsoft.EntityFrameworkCore.Infrastructure[10403]
      Entity Framework Core 2.2.4-servicing-10062 initialized 'NopObjectContext' using provider 'Microsoft.EntityFrameworkCore.SqlServer' with options: using lazy-loading proxies 
info: Microsoft.EntityFrameworkCore.Database.Command[20101]
      Executed DbCommand (2ms) [Parameters=[@__email_0='?' (Size = 1000)], CommandType='Text', CommandTimeout='30']
      SELECT TOP(1) [c].[Id], [c].[Active], [c].[AdminComment], [c].[AffiliateId], [c].[BillingAddress_Id], [c].[CannotLoginUntilDateUtc], [c].[CreatedOnUtc], [c].[CustomerGuid], [c].[Deleted], [c].[Email], [c].[EmailToRevalidate], [c].[FailedLoginAttempts], [c].[HasShoppingCartItems], [c].[IsSystemAccount], [c].[IsTaxExempt], [c].[LastActivityDateUtc], [c].[LastIpAddress], [c].[LastLoginDateUtc], [c].[RegisteredInStoreId], [c].[RequireReLogin], [c].[ShippingAddress_Id], [c].[SystemName], [c].[Username], [c].[VendorId]
      FROM [Customer] AS [c]
      WHERE [c].[Email] = @__email_0
      ORDER BY [c].[Id]
info: Microsoft.EntityFrameworkCore.Database.Command[20101]
      Executed DbCommand (2ms) [Parameters=[@__get_Item_0='?' (DbType = Int32)], CommandType='Text', CommandTimeout='30']
      SELECT [e].[Customer_Id], [e].[CustomerRole_Id]
      FROM [Customer_CustomerRole_Mapping] AS [e]
      WHERE [e].[Customer_Id] = @__get_Item_0
info: Microsoft.EntityFrameworkCore.Database.Command[20101]
      Executed DbCommand (2ms) [Parameters=[@__get_Item_0='?' (DbType = Int32)], CommandType='Text', CommandTimeout='30']
      SELECT [e].[Id], [e].[Active], [e].[DefaultTaxDisplayTypeId], [e].[EnablePasswordLifetime], [e].[FreeShipping], [e].[IsSystemRole], [e].[Name], [e].[OverrideTaxDisplayType], [e].[PurchasedWithProductId], [e].[SystemName], [e].[TaxExempt]
      FROM [CustomerRole] AS [e]
      WHERE [e].[Id] = @__get_Item_0
info: Microsoft.EntityFrameworkCore.Database.Command[20101]
      Executed DbCommand (1ms) [Parameters=[@__get_Item_0='?' (DbType = Int32)], CommandType='Text', CommandTimeout='30']
      SELECT [e].[Id], [e].[Active], [e].[DefaultTaxDisplayTypeId], [e].[EnablePasswordLifetime], [e].[FreeShipping], [e].[IsSystemRole], [e].[Name], [e].[OverrideTaxDisplayType], [e].[PurchasedWithProductId], [e].[SystemName], [e].[TaxExempt]
      FROM [CustomerRole] AS [e]
      WHERE [e].[Id] = @__get_Item_0
info: Microsoft.EntityFrameworkCore.Database.Command[20101]
      Executed DbCommand (3ms) [Parameters=[@__entityId_0='?' (DbType = Int32), @__keyGroup_1='?' (Size = 400)], CommandType='Text', CommandTimeout='30']
      SELECT [ga].[Id], [ga].[EntityId], [ga].[Key], [ga].[KeyGroup], [ga].[StoreId], [ga].[Value]
      FROM [GenericAttribute] AS [ga]
      WHERE ([ga].[EntityId] = @__entityId_0) AND ([ga].[KeyGroup] = @__keyGroup_1)
info: Microsoft.AspNetCore.Mvc.Internal.ControllerActionInvoker[1]
      Route matched with {area = "Admin", action = "List", controller = "Doctor"}. Executing action NCSw.HERO.Web.Areas.Admin.Controllers.DoctorController.List (NCSw.HERO.Web)
info: Microsoft.AspNetCore.Mvc.Internal.ControllerActionInvoker[1]
      Executing action method NCSw.HERO.Web.Areas.Admin.Controllers.DoctorController.List (NCSw.HERO.Web) with arguments (NCSw.HERO.Web.Areas.Admin.Models.DoctorSearchModel) - Validation state: Valid
info: Microsoft.EntityFrameworkCore.Database.Command[20101]
      Executed DbCommand (7ms) [Parameters=[], CommandType='Text', CommandTimeout='30']
      SELECT COUNT(*)
      FROM (
          SELECT DISTINCT [d].[Id], [d].[Address], [d].[BirthDay], [d].[Code], [d].[Email], [d].[FullName], [d].[Gender], [d].[IdentityCard], [d].[PhoneNumber]
          FROM [hero].[Doctor] AS [d]
      ) AS [t]
info: Microsoft.EntityFrameworkCore.Database.Command[20101]
      Executed DbCommand (20ms) [Parameters=[@__p_0='?' (DbType = Int32), @__p_1='?' (DbType = Int32)], CommandType='Text', CommandTimeout='30']
      SELECT [t].[Id], [t].[Address], [t].[BirthDay], [t].[Code], [t].[Email], [t].[FullName], [t].[Gender], [t].[IdentityCard], [t].[PhoneNumber]
      FROM (
          SELECT DISTINCT [d].[Id], [d].[Address], [d].[BirthDay], [d].[Code], [d].[Email], [d].[FullName], [d].[Gender], [d].[IdentityCard], [d].[PhoneNumber]
          FROM [hero].[Doctor] AS [d]
      ) AS [t]
      ORDER BY [t].[Id] DESC, [t].[FullName] DESC
      OFFSET @__p_0 ROWS FETCH NEXT @__p_1 ROWS ONLY
info: Microsoft.AspNetCore.Mvc.Internal.ControllerActionInvoker[2]
      Executed action method NCSw.HERO.Web.Areas.Admin.Controllers.DoctorController.List (NCSw.HERO.Web), returned result Microsoft.AspNetCore.Mvc.JsonResult in 116.7799ms.
info: Microsoft.AspNetCore.Mvc.Formatters.Json.Internal.JsonResultExecutor[1]
      Executing JsonResult, writing value of type 'NCSw.HERO.Web.Areas.Admin.Models.DoctorListModel'.
info: Microsoft.AspNetCore.Mvc.Internal.ControllerActionInvoker[2]
      Executed action NCSw.HERO.Web.Areas.Admin.Controllers.DoctorController.List (NCSw.HERO.Web) in 349.381ms
info: Microsoft.AspNetCore.Hosting.Internal.WebHost[2]
      Request finished in 456.3647ms 200 application/json; charset=utf-8
info: Microsoft.AspNetCore.Hosting.Internal.WebHost[1]
      Request starting HTTP/1.1 GET http://erp.hero.net/Admin/Doctor/Edit/33  
info: Microsoft.EntityFrameworkCore.Infrastructure[10403]
      Entity Framework Core 2.2.4-servicing-10062 initialized 'NopObjectContext' using provider 'Microsoft.EntityFrameworkCore.SqlServer' with options: using lazy-loading proxies 
info: Microsoft.EntityFrameworkCore.Database.Command[20101]
      Executed DbCommand (73ms) [Parameters=[@__email_0='?' (Size = 1000)], CommandType='Text', CommandTimeout='30']
      SELECT TOP(1) [c].[Id], [c].[Active], [c].[AdminComment], [c].[AffiliateId], [c].[BillingAddress_Id], [c].[CannotLoginUntilDateUtc], [c].[CreatedOnUtc], [c].[CustomerGuid], [c].[Deleted], [c].[Email], [c].[EmailToRevalidate], [c].[FailedLoginAttempts], [c].[HasShoppingCartItems], [c].[IsSystemAccount], [c].[IsTaxExempt], [c].[LastActivityDateUtc], [c].[LastIpAddress], [c].[LastLoginDateUtc], [c].[RegisteredInStoreId], [c].[RequireReLogin], [c].[ShippingAddress_Id], [c].[SystemName], [c].[Username], [c].[VendorId]
      FROM [Customer] AS [c]
      WHERE [c].[Email] = @__email_0
      ORDER BY [c].[Id]
info: Microsoft.EntityFrameworkCore.Database.Command[20101]
      Executed DbCommand (44ms) [Parameters=[@__get_Item_0='?' (DbType = Int32)], CommandType='Text', CommandTimeout='30']
      SELECT [e].[Customer_Id], [e].[CustomerRole_Id]
      FROM [Customer_CustomerRole_Mapping] AS [e]
      WHERE [e].[Customer_Id] = @__get_Item_0
info: Microsoft.EntityFrameworkCore.Database.Command[20101]
      Executed DbCommand (2ms) [Parameters=[@__get_Item_0='?' (DbType = Int32)], CommandType='Text', CommandTimeout='30']
      SELECT [e].[Id], [e].[Active], [e].[DefaultTaxDisplayTypeId], [e].[EnablePasswordLifetime], [e].[FreeShipping], [e].[IsSystemRole], [e].[Name], [e].[OverrideTaxDisplayType], [e].[PurchasedWithProductId], [e].[SystemName], [e].[TaxExempt]
      FROM [CustomerRole] AS [e]
      WHERE [e].[Id] = @__get_Item_0
info: Microsoft.EntityFrameworkCore.Database.Command[20101]
      Executed DbCommand (2ms) [Parameters=[@__get_Item_0='?' (DbType = Int32)], CommandType='Text', CommandTimeout='30']
      SELECT [e].[Id], [e].[Active], [e].[DefaultTaxDisplayTypeId], [e].[EnablePasswordLifetime], [e].[FreeShipping], [e].[IsSystemRole], [e].[Name], [e].[OverrideTaxDisplayType], [e].[PurchasedWithProductId], [e].[SystemName], [e].[TaxExempt]
      FROM [CustomerRole] AS [e]
      WHERE [e].[Id] = @__get_Item_0
info: Microsoft.EntityFrameworkCore.Database.Command[20101]
      Executed DbCommand (3ms) [Parameters=[@__entityId_0='?' (DbType = Int32), @__keyGroup_1='?' (Size = 400)], CommandType='Text', CommandTimeout='30']
      SELECT [ga].[Id], [ga].[EntityId], [ga].[Key], [ga].[KeyGroup], [ga].[StoreId], [ga].[Value]
      FROM [GenericAttribute] AS [ga]
      WHERE ([ga].[EntityId] = @__entityId_0) AND ([ga].[KeyGroup] = @__keyGroup_1)
info: Microsoft.AspNetCore.Mvc.Internal.ControllerActionInvoker[1]
      Route matched with {area = "Admin", action = "Edit", controller = "Doctor"}. Executing action NCSw.HERO.Web.Areas.Admin.Controllers.DoctorController.Edit (NCSw.HERO.Web)
info: Microsoft.AspNetCore.Mvc.Internal.ControllerActionInvoker[1]
      Executing action method NCSw.HERO.Web.Areas.Admin.Controllers.DoctorController.Edit (NCSw.HERO.Web) with arguments (33) - Validation state: Valid
info: Microsoft.EntityFrameworkCore.Database.Command[20101]
      Executed DbCommand (2ms) [Parameters=[@__get_Item_0='?' (DbType = Int32)], CommandType='Text', CommandTimeout='30']
      SELECT TOP(1) [e].[Id], [e].[Address], [e].[BirthDay], [e].[Code], [e].[Email], [e].[FullName], [e].[Gender], [e].[IdentityCard], [e].[PhoneNumber]
      FROM [hero].[Doctor] AS [e]
      WHERE [e].[Id] = @__get_Item_0
info: Microsoft.AspNetCore.Mvc.Internal.ControllerActionInvoker[2]
      Executed action method NCSw.HERO.Web.Areas.Admin.Controllers.DoctorController.Edit (NCSw.HERO.Web), returned result Microsoft.AspNetCore.Mvc.ViewResult in 26.9307ms.
info: Microsoft.AspNetCore.Mvc.ViewFeatures.ViewResultExecutor[1]
      Executing ViewResult, running view Edit.
info: Microsoft.AspNetCore.Mvc.ViewFeatures.ViewResultExecutor[4]
      Executed ViewResult - view Edit executed in 955.4695ms.
info: Microsoft.AspNetCore.Mvc.Internal.ControllerActionInvoker[2]
      Executed action NCSw.HERO.Web.Areas.Admin.Controllers.DoctorController.Edit (NCSw.HERO.Web) in 983.3152ms
info: Microsoft.AspNetCore.Hosting.Internal.WebHost[2]
      Request finished in 1163.7759ms 200 text/html; charset=utf-8
info: Microsoft.AspNetCore.Hosting.Internal.WebHost[1]
      Request starting HTTP/1.1 GET http://erp.hero.net/admin/plugin/SearchList?_=1557394645662  
info: Microsoft.EntityFrameworkCore.Infrastructure[10403]
      Entity Framework Core 2.2.4-servicing-10062 initialized 'NopObjectContext' using provider 'Microsoft.EntityFrameworkCore.SqlServer' with options: using lazy-loading proxies 
info: Microsoft.EntityFrameworkCore.Database.Command[20101]
      Executed DbCommand (3ms) [Parameters=[@__email_0='?' (Size = 1000)], CommandType='Text', CommandTimeout='30']
      SELECT TOP(1) [c].[Id], [c].[Active], [c].[AdminComment], [c].[AffiliateId], [c].[BillingAddress_Id], [c].[CannotLoginUntilDateUtc], [c].[CreatedOnUtc], [c].[CustomerGuid], [c].[Deleted], [c].[Email], [c].[EmailToRevalidate], [c].[FailedLoginAttempts], [c].[HasShoppingCartItems], [c].[IsSystemAccount], [c].[IsTaxExempt], [c].[LastActivityDateUtc], [c].[LastIpAddress], [c].[LastLoginDateUtc], [c].[RegisteredInStoreId], [c].[RequireReLogin], [c].[ShippingAddress_Id], [c].[SystemName], [c].[Username], [c].[VendorId]
      FROM [Customer] AS [c]
      WHERE [c].[Email] = @__email_0
      ORDER BY [c].[Id]
info: Microsoft.EntityFrameworkCore.Database.Command[20101]
      Executed DbCommand (1ms) [Parameters=[@__get_Item_0='?' (DbType = Int32)], CommandType='Text', CommandTimeout='30']
      SELECT [e].[Customer_Id], [e].[CustomerRole_Id]
      FROM [Customer_CustomerRole_Mapping] AS [e]
      WHERE [e].[Customer_Id] = @__get_Item_0
info: Microsoft.EntityFrameworkCore.Database.Command[20101]
      Executed DbCommand (2ms) [Parameters=[@__get_Item_0='?' (DbType = Int32)], CommandType='Text', CommandTimeout='30']
      SELECT [e].[Id], [e].[Active], [e].[DefaultTaxDisplayTypeId], [e].[EnablePasswordLifetime], [e].[FreeShipping], [e].[IsSystemRole], [e].[Name], [e].[OverrideTaxDisplayType], [e].[PurchasedWithProductId], [e].[SystemName], [e].[TaxExempt]
      FROM [CustomerRole] AS [e]
      WHERE [e].[Id] = @__get_Item_0
info: Microsoft.EntityFrameworkCore.Database.Command[20101]
      Executed DbCommand (2ms) [Parameters=[@__get_Item_0='?' (DbType = Int32)], CommandType='Text', CommandTimeout='30']
      SELECT [e].[Id], [e].[Active], [e].[DefaultTaxDisplayTypeId], [e].[EnablePasswordLifetime], [e].[FreeShipping], [e].[IsSystemRole], [e].[Name], [e].[OverrideTaxDisplayType], [e].[PurchasedWithProductId], [e].[SystemName], [e].[TaxExempt]
      FROM [CustomerRole] AS [e]
      WHERE [e].[Id] = @__get_Item_0
info: Microsoft.EntityFrameworkCore.Database.Command[20101]
      Executed DbCommand (2ms) [Parameters=[@__entityId_0='?' (DbType = Int32), @__keyGroup_1='?' (Size = 400)], CommandType='Text', CommandTimeout='30']
      SELECT [ga].[Id], [ga].[EntityId], [ga].[Key], [ga].[KeyGroup], [ga].[StoreId], [ga].[Value]
      FROM [GenericAttribute] AS [ga]
      WHERE ([ga].[EntityId] = @__entityId_0) AND ([ga].[KeyGroup] = @__keyGroup_1)
info: Microsoft.AspNetCore.Mvc.Internal.ControllerActionInvoker[1]
      Route matched with {area = "Admin", action = "SearchList", controller = "Plugin"}. Executing action NCSw.HERO.Web.Areas.Admin.Controllers.PluginController.SearchList (NCSw.HERO.Web)
info: Microsoft.AspNetCore.Mvc.Internal.ControllerActionInvoker[1]
      Executing action method NCSw.HERO.Web.Areas.Admin.Controllers.PluginController.SearchList (NCSw.HERO.Web) - Validation state: Valid
info: Microsoft.AspNetCore.Mvc.Internal.ControllerActionInvoker[2]
      Executed action method NCSw.HERO.Web.Areas.Admin.Controllers.PluginController.SearchList (NCSw.HERO.Web), returned result Microsoft.AspNetCore.Mvc.JsonResult in 0.2248ms.
info: Microsoft.AspNetCore.Mvc.Formatters.Json.Internal.JsonResultExecutor[1]
      Executing JsonResult, writing value of type 'System.Collections.Generic.List`1[[<>f__AnonymousType22`5[[System.String, System.Private.CoreLib, Version=4.0.0.0, Culture=neutral, PublicKeyToken=7cec85d7bea7798e],[System.String, System.Private.CoreLib, Version=4.0.0.0, Culture=neutral, PublicKeyToken=7cec85d7bea7798e],[System.String, System.Private.CoreLib, Version=4.0.0.0, Culture=neutral, PublicKeyToken=7cec85d7bea7798e],[System.String, System.Private.CoreLib, Version=4.0.0.0, Culture=neutral, PublicKeyToken=7cec85d7bea7798e],[System.Int32, System.Private.CoreLib, Version=4.0.0.0, Culture=neutral, PublicKeyToken=7cec85d7bea7798e]], NCSw.HERO.Web, Version=4.1.0.0, Culture=neutral, PublicKeyToken=null]]'.
info: Microsoft.AspNetCore.Mvc.Internal.ControllerActionInvoker[2]
      Executed action NCSw.HERO.Web.Areas.Admin.Controllers.PluginController.SearchList (NCSw.HERO.Web) in 1.9123ms
info: Microsoft.AspNetCore.Hosting.Internal.WebHost[2]
      Request finished in 54.3651ms 200 application/json; charset=utf-8
info: Microsoft.EntityFrameworkCore.Infrastructure[10403]
      Entity Framework Core 2.2.4-servicing-10062 initialized 'NopObjectContext' using provider 'Microsoft.EntityFrameworkCore.SqlServer' with options: using lazy-loading proxies 
info: Microsoft.EntityFrameworkCore.Database.Command[20101]
      Executed DbCommand (8ms) [Parameters=[@p0='?' (DbType = DateTime2), @p1='?' (DbType = Int32), @p2='?' (Size = 4000), @p3='?' (Size = 200), @p4='?' (DbType = Int32), @p5='?' (Size = 4000), @p6='?' (Size = 4000), @p7='?' (Size = 4000)], CommandType='Text', CommandTimeout='30']
      SET NOCOUNT ON;
      INSERT INTO [Log] ([CreatedOnUtc], [CustomerId], [FullMessage], [IpAddress], [LogLevelId], [PageUrl], [ReferrerUrl], [ShortMessage])
      VALUES (@p0, @p1, @p2, @p3, @p4, @p5, @p6, @p7);
      SELECT [Id]
      FROM [Log]
      WHERE @@ROWCOUNT = 1 AND [Id] = scope_identity();
info: Microsoft.EntityFrameworkCore.Infrastructure[10403]
      Entity Framework Core 2.2.4-servicing-10062 initialized 'NopObjectContext' using provider 'Microsoft.EntityFrameworkCore.SqlServer' with options: using lazy-loading proxies 
info: Microsoft.EntityFrameworkCore.Database.Command[20101]
      Executed DbCommand (23ms) [Parameters=[@p0='?' (DbType = DateTime2), @p1='?' (DbType = Int32), @p2='?' (Size = 4000), @p3='?' (Size = 200), @p4='?' (DbType = Int32), @p5='?' (Size = 4000), @p6='?' (Size = 4000), @p7='?' (Size = 4000)], CommandType='Text', CommandTimeout='30']
      SET NOCOUNT ON;
      INSERT INTO [Log] ([CreatedOnUtc], [CustomerId], [FullMessage], [IpAddress], [LogLevelId], [PageUrl], [ReferrerUrl], [ShortMessage])
      VALUES (@p0, @p1, @p2, @p3, @p4, @p5, @p6, @p7);
      SELECT [Id]
      FROM [Log]
      WHERE @@ROWCOUNT = 1 AND [Id] = scope_identity();
info: Microsoft.EntityFrameworkCore.Infrastructure[10403]
      Entity Framework Core 2.2.4-servicing-10062 initialized 'NopObjectContext' using provider 'Microsoft.EntityFrameworkCore.SqlServer' with options: using lazy-loading proxies 
info: Microsoft.EntityFrameworkCore.Database.Command[20101]
      Executed DbCommand (19ms) [Parameters=[@p0='?' (DbType = DateTime2), @p1='?' (DbType = Int32), @p2='?' (Size = 4000), @p3='?' (Size = 200), @p4='?' (DbType = Int32), @p5='?' (Size = 4000), @p6='?' (Size = 4000), @p7='?' (Size = 4000)], CommandType='Text', CommandTimeout='30']
      SET NOCOUNT ON;
      INSERT INTO [Log] ([CreatedOnUtc], [CustomerId], [FullMessage], [IpAddress], [LogLevelId], [PageUrl], [ReferrerUrl], [ShortMessage])
      VALUES (@p0, @p1, @p2, @p3, @p4, @p5, @p6, @p7);
      SELECT [Id]
      FROM [Log]
      WHERE @@ROWCOUNT = 1 AND [Id] = scope_identity();
info: Microsoft.EntityFrameworkCore.Infrastructure[10403]
      Entity Framework Core 2.2.4-servicing-10062 initialized 'NopObjectContext' using provider 'Microsoft.EntityFrameworkCore.SqlServer' with options: using lazy-loading proxies 
info: Microsoft.EntityFrameworkCore.Database.Command[20101]
      Executed DbCommand (6ms) [Parameters=[@p0='?' (DbType = DateTime2), @p1='?' (DbType = Int32), @p2='?' (Size = 4000), @p3='?' (Size = 200), @p4='?' (DbType = Int32), @p5='?' (Size = 4000), @p6='?' (Size = 4000), @p7='?' (Size = 4000)], CommandType='Text', CommandTimeout='30']
      SET NOCOUNT ON;
      INSERT INTO [Log] ([CreatedOnUtc], [CustomerId], [FullMessage], [IpAddress], [LogLevelId], [PageUrl], [ReferrerUrl], [ShortMessage])
      VALUES (@p0, @p1, @p2, @p3, @p4, @p5, @p6, @p7);
      SELECT [Id]
      FROM [Log]
      WHERE @@ROWCOUNT = 1 AND [Id] = scope_identity();
info: Microsoft.EntityFrameworkCore.Infrastructure[10403]
      Entity Framework Core 2.2.4-servicing-10062 initialized 'NopObjectContext' using provider 'Microsoft.EntityFrameworkCore.SqlServer' with options: using lazy-loading proxies 
info: Microsoft.EntityFrameworkCore.Database.Command[20101]
      Executed DbCommand (5ms) [Parameters=[@p0='?' (DbType = DateTime2), @p1='?' (DbType = Int32), @p2='?' (Size = 4000), @p3='?' (Size = 200), @p4='?' (DbType = Int32), @p5='?' (Size = 4000), @p6='?' (Size = 4000), @p7='?' (Size = 4000)], CommandType='Text', CommandTimeout='30']
      SET NOCOUNT ON;
      INSERT INTO [Log] ([CreatedOnUtc], [CustomerId], [FullMessage], [IpAddress], [LogLevelId], [PageUrl], [ReferrerUrl], [ShortMessage])
      VALUES (@p0, @p1, @p2, @p3, @p4, @p5, @p6, @p7);
      SELECT [Id]
      FROM [Log]
      WHERE @@ROWCOUNT = 1 AND [Id] = scope_identity();
info: Microsoft.EntityFrameworkCore.Infrastructure[10403]
      Entity Framework Core 2.2.4-servicing-10062 initialized 'NopObjectContext' using provider 'Microsoft.EntityFrameworkCore.SqlServer' with options: using lazy-loading proxies 
info: Microsoft.EntityFrameworkCore.Database.Command[20101]
      Executed DbCommand (9ms) [Parameters=[@p0='?' (DbType = DateTime2), @p1='?' (DbType = Int32), @p2='?' (Size = 4000), @p3='?' (Size = 200), @p4='?' (DbType = Int32), @p5='?' (Size = 4000), @p6='?' (Size = 4000), @p7='?' (Size = 4000)], CommandType='Text', CommandTimeout='30']
      SET NOCOUNT ON;
      INSERT INTO [Log] ([CreatedOnUtc], [CustomerId], [FullMessage], [IpAddress], [LogLevelId], [PageUrl], [ReferrerUrl], [ShortMessage])
      VALUES (@p0, @p1, @p2, @p3, @p4, @p5, @p6, @p7);
      SELECT [Id]
      FROM [Log]
      WHERE @@ROWCOUNT = 1 AND [Id] = scope_identity();
info: Microsoft.EntityFrameworkCore.Infrastructure[10403]
      Entity Framework Core 2.2.4-servicing-10062 initialized 'NopObjectContext' using provider 'Microsoft.EntityFrameworkCore.SqlServer' with options: using lazy-loading proxies 
info: Microsoft.EntityFrameworkCore.Database.Command[20101]
      Executed DbCommand (22ms) [Parameters=[@p0='?' (DbType = DateTime2), @p1='?' (DbType = Int32), @p2='?' (Size = 4000), @p3='?' (Size = 200), @p4='?' (DbType = Int32), @p5='?' (Size = 4000), @p6='?' (Size = 4000), @p7='?' (Size = 4000)], CommandType='Text', CommandTimeout='30']
      SET NOCOUNT ON;
      INSERT INTO [Log] ([CreatedOnUtc], [CustomerId], [FullMessage], [IpAddress], [LogLevelId], [PageUrl], [ReferrerUrl], [ShortMessage])
      VALUES (@p0, @p1, @p2, @p3, @p4, @p5, @p6, @p7);
      SELECT [Id]
      FROM [Log]
      WHERE @@ROWCOUNT = 1 AND [Id] = scope_identity();
info: Microsoft.EntityFrameworkCore.Infrastructure[10403]
      Entity Framework Core 2.2.4-servicing-10062 initialized 'NopObjectContext' using provider 'Microsoft.EntityFrameworkCore.SqlServer' with options: using lazy-loading proxies 
info: Microsoft.EntityFrameworkCore.Database.Command[20101]
      Executed DbCommand (13ms) [Parameters=[@p0='?' (DbType = DateTime2), @p1='?' (DbType = Int32), @p2='?' (Size = 4000), @p3='?' (Size = 200), @p4='?' (DbType = Int32), @p5='?' (Size = 4000), @p6='?' (Size = 4000), @p7='?' (Size = 4000)], CommandType='Text', CommandTimeout='30']
      SET NOCOUNT ON;
      INSERT INTO [Log] ([CreatedOnUtc], [CustomerId], [FullMessage], [IpAddress], [LogLevelId], [PageUrl], [ReferrerUrl], [ShortMessage])
      VALUES (@p0, @p1, @p2, @p3, @p4, @p5, @p6, @p7);
      SELECT [Id]
      FROM [Log]
      WHERE @@ROWCOUNT = 1 AND [Id] = scope_identity();
info: Microsoft.EntityFrameworkCore.Infrastructure[10403]
      Entity Framework Core 2.2.4-servicing-10062 initialized 'NopObjectContext' using provider 'Microsoft.EntityFrameworkCore.SqlServer' with options: using lazy-loading proxies 
info: Microsoft.EntityFrameworkCore.Database.Command[20101]
      Executed DbCommand (4ms) [Parameters=[@p0='?' (DbType = DateTime2), @p1='?' (DbType = Int32), @p2='?' (Size = 4000), @p3='?' (Size = 200), @p4='?' (DbType = Int32), @p5='?' (Size = 4000), @p6='?' (Size = 4000), @p7='?' (Size = 4000)], CommandType='Text', CommandTimeout='30']
      SET NOCOUNT ON;
      INSERT INTO [Log] ([CreatedOnUtc], [CustomerId], [FullMessage], [IpAddress], [LogLevelId], [PageUrl], [ReferrerUrl], [ShortMessage])
      VALUES (@p0, @p1, @p2, @p3, @p4, @p5, @p6, @p7);
      SELECT [Id]
      FROM [Log]
      WHERE @@ROWCOUNT = 1 AND [Id] = scope_identity();
info: Microsoft.EntityFrameworkCore.Infrastructure[10403]
      Entity Framework Core 2.2.4-servicing-10062 initialized 'NopObjectContext' using provider 'Microsoft.EntityFrameworkCore.SqlServer' with options: using lazy-loading proxies 
info: Microsoft.EntityFrameworkCore.Database.Command[20101]
      Executed DbCommand (3ms) [Parameters=[@p0='?' (DbType = DateTime2), @p1='?' (DbType = Int32), @p2='?' (Size = 4000), @p3='?' (Size = 200), @p4='?' (DbType = Int32), @p5='?' (Size = 4000), @p6='?' (Size = 4000), @p7='?' (Size = 4000)], CommandType='Text', CommandTimeout='30']
      SET NOCOUNT ON;
      INSERT INTO [Log] ([CreatedOnUtc], [CustomerId], [FullMessage], [IpAddress], [LogLevelId], [PageUrl], [ReferrerUrl], [ShortMessage])
      VALUES (@p0, @p1, @p2, @p3, @p4, @p5, @p6, @p7);
      SELECT [Id]
      FROM [Log]
      WHERE @@ROWCOUNT = 1 AND [Id] = scope_identity();
info: Microsoft.EntityFrameworkCore.Infrastructure[10403]
      Entity Framework Core 2.2.4-servicing-10062 initialized 'NopObjectContext' using provider 'Microsoft.EntityFrameworkCore.SqlServer' with options: using lazy-loading proxies 
info: Microsoft.EntityFrameworkCore.Database.Command[20101]
      Executed DbCommand (21ms) [Parameters=[@p0='?' (DbType = DateTime2), @p1='?' (DbType = Int32), @p2='?' (Size = 4000), @p3='?' (Size = 200), @p4='?' (DbType = Int32), @p5='?' (Size = 4000), @p6='?' (Size = 4000), @p7='?' (Size = 4000)], CommandType='Text', CommandTimeout='30']
      SET NOCOUNT ON;
      INSERT INTO [Log] ([CreatedOnUtc], [CustomerId], [FullMessage], [IpAddress], [LogLevelId], [PageUrl], [ReferrerUrl], [ShortMessage])
      VALUES (@p0, @p1, @p2, @p3, @p4, @p5, @p6, @p7);
      SELECT [Id]
      FROM [Log]
      WHERE @@ROWCOUNT = 1 AND [Id] = scope_identity();
info: Microsoft.EntityFrameworkCore.Infrastructure[10403]
      Entity Framework Core 2.2.4-servicing-10062 initialized 'NopObjectContext' using provider 'Microsoft.EntityFrameworkCore.SqlServer' with options: using lazy-loading proxies 
info: Microsoft.EntityFrameworkCore.Database.Command[20101]
      Executed DbCommand (3ms) [Parameters=[@p0='?' (DbType = DateTime2), @p1='?' (DbType = Int32), @p2='?' (Size = 4000), @p3='?' (Size = 200), @p4='?' (DbType = Int32), @p5='?' (Size = 4000), @p6='?' (Size = 4000), @p7='?' (Size = 4000)], CommandType='Text', CommandTimeout='30']
      SET NOCOUNT ON;
      INSERT INTO [Log] ([CreatedOnUtc], [CustomerId], [FullMessage], [IpAddress], [LogLevelId], [PageUrl], [ReferrerUrl], [ShortMessage])
      VALUES (@p0, @p1, @p2, @p3, @p4, @p5, @p6, @p7);
      SELECT [Id]
      FROM [Log]
      WHERE @@ROWCOUNT = 1 AND [Id] = scope_identity();
info: Microsoft.EntityFrameworkCore.Infrastructure[10403]
      Entity Framework Core 2.2.4-servicing-10062 initialized 'NopObjectContext' using provider 'Microsoft.EntityFrameworkCore.SqlServer' with options: using lazy-loading proxies 
info: Microsoft.EntityFrameworkCore.Database.Command[20101]
      Executed DbCommand (3ms) [Parameters=[@p0='?' (DbType = DateTime2), @p1='?' (DbType = Int32), @p2='?' (Size = 4000), @p3='?' (Size = 200), @p4='?' (DbType = Int32), @p5='?' (Size = 4000), @p6='?' (Size = 4000), @p7='?' (Size = 4000)], CommandType='Text', CommandTimeout='30']
      SET NOCOUNT ON;
      INSERT INTO [Log] ([CreatedOnUtc], [CustomerId], [FullMessage], [IpAddress], [LogLevelId], [PageUrl], [ReferrerUrl], [ShortMessage])
      VALUES (@p0, @p1, @p2, @p3, @p4, @p5, @p6, @p7);
      SELECT [Id]
      FROM [Log]
      WHERE @@ROWCOUNT = 1 AND [Id] = scope_identity();
info: Microsoft.EntityFrameworkCore.Infrastructure[10403]
      Entity Framework Core 2.2.4-servicing-10062 initialized 'NopObjectContext' using provider 'Microsoft.EntityFrameworkCore.SqlServer' with options: using lazy-loading proxies 
info: Microsoft.EntityFrameworkCore.Database.Command[20101]
      Executed DbCommand (21ms) [Parameters=[@p0='?' (DbType = DateTime2), @p1='?' (DbType = Int32), @p2='?' (Size = 4000), @p3='?' (Size = 200), @p4='?' (DbType = Int32), @p5='?' (Size = 4000), @p6='?' (Size = 4000), @p7='?' (Size = 4000)], CommandType='Text', CommandTimeout='30']
      SET NOCOUNT ON;
      INSERT INTO [Log] ([CreatedOnUtc], [CustomerId], [FullMessage], [IpAddress], [LogLevelId], [PageUrl], [ReferrerUrl], [ShortMessage])
      VALUES (@p0, @p1, @p2, @p3, @p4, @p5, @p6, @p7);
      SELECT [Id]
      FROM [Log]
      WHERE @@ROWCOUNT = 1 AND [Id] = scope_identity();
info: Microsoft.EntityFrameworkCore.Infrastructure[10403]
      Entity Framework Core 2.2.4-servicing-10062 initialized 'NopObjectContext' using provider 'Microsoft.EntityFrameworkCore.SqlServer' with options: using lazy-loading proxies 
info: Microsoft.EntityFrameworkCore.Database.Command[20101]
      Executed DbCommand (20ms) [Parameters=[@p0='?' (DbType = DateTime2), @p1='?' (DbType = Int32), @p2='?' (Size = 4000), @p3='?' (Size = 200), @p4='?' (DbType = Int32), @p5='?' (Size = 4000), @p6='?' (Size = 4000), @p7='?' (Size = 4000)], CommandType='Text', CommandTimeout='30']
      SET NOCOUNT ON;
      INSERT INTO [Log] ([CreatedOnUtc], [CustomerId], [FullMessage], [IpAddress], [LogLevelId], [PageUrl], [ReferrerUrl], [ShortMessage])
      VALUES (@p0, @p1, @p2, @p3, @p4, @p5, @p6, @p7);
      SELECT [Id]
      FROM [Log]
      WHERE @@ROWCOUNT = 1 AND [Id] = scope_identity();
info: Microsoft.EntityFrameworkCore.Infrastructure[10403]
      Entity Framework Core 2.2.4-servicing-10062 initialized 'NopObjectContext' using provider 'Microsoft.EntityFrameworkCore.SqlServer' with options: using lazy-loading proxies 
info: Microsoft.EntityFrameworkCore.Database.Command[20101]
      Executed DbCommand (112ms) [Parameters=[@p0='?' (DbType = DateTime2), @p1='?' (DbType = Int32), @p2='?' (Size = 4000), @p3='?' (Size = 200), @p4='?' (DbType = Int32), @p5='?' (Size = 4000), @p6='?' (Size = 4000), @p7='?' (Size = 4000)], CommandType='Text', CommandTimeout='30']
      SET NOCOUNT ON;
      INSERT INTO [Log] ([CreatedOnUtc], [CustomerId], [FullMessage], [IpAddress], [LogLevelId], [PageUrl], [ReferrerUrl], [ShortMessage])
      VALUES (@p0, @p1, @p2, @p3, @p4, @p5, @p6, @p7);
      SELECT [Id]
      FROM [Log]
      WHERE @@ROWCOUNT = 1 AND [Id] = scope_identity();
info: Microsoft.EntityFrameworkCore.Infrastructure[10403]
      Entity Framework Core 2.2.4-servicing-10062 initialized 'NopObjectContext' using provider 'Microsoft.EntityFrameworkCore.SqlServer' with options: using lazy-loading proxies 
info: Microsoft.EntityFrameworkCore.Database.Command[20101]
      Executed DbCommand (3ms) [Parameters=[@p0='?' (DbType = DateTime2), @p1='?' (DbType = Int32), @p2='?' (Size = 4000), @p3='?' (Size = 200), @p4='?' (DbType = Int32), @p5='?' (Size = 4000), @p6='?' (Size = 4000), @p7='?' (Size = 4000)], CommandType='Text', CommandTimeout='30']
      SET NOCOUNT ON;
      INSERT INTO [Log] ([CreatedOnUtc], [CustomerId], [FullMessage], [IpAddress], [LogLevelId], [PageUrl], [ReferrerUrl], [ShortMessage])
      VALUES (@p0, @p1, @p2, @p3, @p4, @p5, @p6, @p7);
      SELECT [Id]
      FROM [Log]
      WHERE @@ROWCOUNT = 1 AND [Id] = scope_identity();
info: Microsoft.EntityFrameworkCore.Infrastructure[10403]
      Entity Framework Core 2.2.4-servicing-10062 initialized 'NopObjectContext' using provider 'Microsoft.EntityFrameworkCore.SqlServer' with options: using lazy-loading proxies 
info: Microsoft.EntityFrameworkCore.Database.Command[20101]
      Executed DbCommand (3ms) [Parameters=[@p0='?' (DbType = DateTime2), @p1='?' (DbType = Int32), @p2='?' (Size = 4000), @p3='?' (Size = 200), @p4='?' (DbType = Int32), @p5='?' (Size = 4000), @p6='?' (Size = 4000), @p7='?' (Size = 4000)], CommandType='Text', CommandTimeout='30']
      SET NOCOUNT ON;
      INSERT INTO [Log] ([CreatedOnUtc], [CustomerId], [FullMessage], [IpAddress], [LogLevelId], [PageUrl], [ReferrerUrl], [ShortMessage])
      VALUES (@p0, @p1, @p2, @p3, @p4, @p5, @p6, @p7);
      SELECT [Id]
      FROM [Log]
      WHERE @@ROWCOUNT = 1 AND [Id] = scope_identity();
info: Microsoft.EntityFrameworkCore.Infrastructure[10403]
      Entity Framework Core 2.2.4-servicing-10062 initialized 'NopObjectContext' using provider 'Microsoft.EntityFrameworkCore.SqlServer' with options: using lazy-loading proxies 
info: Microsoft.EntityFrameworkCore.Database.Command[20101]
      Executed DbCommand (3ms) [Parameters=[@p0='?' (DbType = DateTime2), @p1='?' (DbType = Int32), @p2='?' (Size = 4000), @p3='?' (Size = 200), @p4='?' (DbType = Int32), @p5='?' (Size = 4000), @p6='?' (Size = 4000), @p7='?' (Size = 4000)], CommandType='Text', CommandTimeout='30']
      SET NOCOUNT ON;
      INSERT INTO [Log] ([CreatedOnUtc], [CustomerId], [FullMessage], [IpAddress], [LogLevelId], [PageUrl], [ReferrerUrl], [ShortMessage])
      VALUES (@p0, @p1, @p2, @p3, @p4, @p5, @p6, @p7);
      SELECT [Id]
      FROM [Log]
      WHERE @@ROWCOUNT = 1 AND [Id] = scope_identity();
info: Microsoft.EntityFrameworkCore.Infrastructure[10403]
      Entity Framework Core 2.2.4-servicing-10062 initialized 'NopObjectContext' using provider 'Microsoft.EntityFrameworkCore.SqlServer' with options: using lazy-loading proxies 
info: Microsoft.EntityFrameworkCore.Database.Command[20101]
      Executed DbCommand (3ms) [Parameters=[@p0='?' (DbType = DateTime2), @p1='?' (DbType = Int32), @p2='?' (Size = 4000), @p3='?' (Size = 200), @p4='?' (DbType = Int32), @p5='?' (Size = 4000), @p6='?' (Size = 4000), @p7='?' (Size = 4000)], CommandType='Text', CommandTimeout='30']
      SET NOCOUNT ON;
      INSERT INTO [Log] ([CreatedOnUtc], [CustomerId], [FullMessage], [IpAddress], [LogLevelId], [PageUrl], [ReferrerUrl], [ShortMessage])
      VALUES (@p0, @p1, @p2, @p3, @p4, @p5, @p6, @p7);
      SELECT [Id]
      FROM [Log]
      WHERE @@ROWCOUNT = 1 AND [Id] = scope_identity();
info: Microsoft.EntityFrameworkCore.Infrastructure[10403]
      Entity Framework Core 2.2.4-servicing-10062 initialized 'NopObjectContext' using provider 'Microsoft.EntityFrameworkCore.SqlServer' with options: using lazy-loading proxies 
info: Microsoft.EntityFrameworkCore.Database.Command[20101]
      Executed DbCommand (3ms) [Parameters=[@p0='?' (DbType = DateTime2), @p1='?' (DbType = Int32), @p2='?' (Size = 4000), @p3='?' (Size = 200), @p4='?' (DbType = Int32), @p5='?' (Size = 4000), @p6='?' (Size = 4000), @p7='?' (Size = 4000)], CommandType='Text', CommandTimeout='30']
      SET NOCOUNT ON;
      INSERT INTO [Log] ([CreatedOnUtc], [CustomerId], [FullMessage], [IpAddress], [LogLevelId], [PageUrl], [ReferrerUrl], [ShortMessage])
      VALUES (@p0, @p1, @p2, @p3, @p4, @p5, @p6, @p7);
      SELECT [Id]
      FROM [Log]
      WHERE @@ROWCOUNT = 1 AND [Id] = scope_identity();
info: Microsoft.EntityFrameworkCore.Infrastructure[10403]
      Entity Framework Core 2.2.4-servicing-10062 initialized 'NopObjectContext' using provider 'Microsoft.EntityFrameworkCore.SqlServer' with options: using lazy-loading proxies 
info: Microsoft.EntityFrameworkCore.Database.Command[20101]
      Executed DbCommand (3ms) [Parameters=[@p0='?' (DbType = DateTime2), @p1='?' (DbType = Int32), @p2='?' (Size = 4000), @p3='?' (Size = 200), @p4='?' (DbType = Int32), @p5='?' (Size = 4000), @p6='?' (Size = 4000), @p7='?' (Size = 4000)], CommandType='Text', CommandTimeout='30']
      SET NOCOUNT ON;
      INSERT INTO [Log] ([CreatedOnUtc], [CustomerId], [FullMessage], [IpAddress], [LogLevelId], [PageUrl], [ReferrerUrl], [ShortMessage])
      VALUES (@p0, @p1, @p2, @p3, @p4, @p5, @p6, @p7);
      SELECT [Id]
      FROM [Log]
      WHERE @@ROWCOUNT = 1 AND [Id] = scope_identity();
info: Microsoft.EntityFrameworkCore.Infrastructure[10403]
      Entity Framework Core 2.2.4-servicing-10062 initialized 'NopObjectContext' using provider 'Microsoft.EntityFrameworkCore.SqlServer' with options: using lazy-loading proxies 
info: Microsoft.EntityFrameworkCore.Database.Command[20101]
      Executed DbCommand (3ms) [Parameters=[@p0='?' (DbType = DateTime2), @p1='?' (DbType = Int32), @p2='?' (Size = 4000), @p3='?' (Size = 200), @p4='?' (DbType = Int32), @p5='?' (Size = 4000), @p6='?' (Size = 4000), @p7='?' (Size = 4000)], CommandType='Text', CommandTimeout='30']
      SET NOCOUNT ON;
      INSERT INTO [Log] ([CreatedOnUtc], [CustomerId], [FullMessage], [IpAddress], [LogLevelId], [PageUrl], [ReferrerUrl], [ShortMessage])
      VALUES (@p0, @p1, @p2, @p3, @p4, @p5, @p6, @p7);
      SELECT [Id]
      FROM [Log]
      WHERE @@ROWCOUNT = 1 AND [Id] = scope_identity();
info: Microsoft.EntityFrameworkCore.Infrastructure[10403]
      Entity Framework Core 2.2.4-servicing-10062 initialized 'NopObjectContext' using provider 'Microsoft.EntityFrameworkCore.SqlServer' with options: using lazy-loading proxies 
info: Microsoft.EntityFrameworkCore.Database.Command[20101]
      Executed DbCommand (95ms) [Parameters=[@p0='?' (DbType = DateTime2), @p1='?' (DbType = Int32), @p2='?' (Size = 4000), @p3='?' (Size = 200), @p4='?' (DbType = Int32), @p5='?' (Size = 4000), @p6='?' (Size = 4000), @p7='?' (Size = 4000)], CommandType='Text', CommandTimeout='30']
      SET NOCOUNT ON;
      INSERT INTO [Log] ([CreatedOnUtc], [CustomerId], [FullMessage], [IpAddress], [LogLevelId], [PageUrl], [ReferrerUrl], [ShortMessage])
      VALUES (@p0, @p1, @p2, @p3, @p4, @p5, @p6, @p7);
      SELECT [Id]
      FROM [Log]
      WHERE @@ROWCOUNT = 1 AND [Id] = scope_identity();
info: Microsoft.EntityFrameworkCore.Infrastructure[10403]
      Entity Framework Core 2.2.4-servicing-10062 initialized 'NopObjectContext' using provider 'Microsoft.EntityFrameworkCore.SqlServer' with options: using lazy-loading proxies 
info: Microsoft.EntityFrameworkCore.Database.Command[20101]
      Executed DbCommand (3ms) [Parameters=[@p0='?' (DbType = DateTime2), @p1='?' (DbType = Int32), @p2='?' (Size = 4000), @p3='?' (Size = 200), @p4='?' (DbType = Int32), @p5='?' (Size = 4000), @p6='?' (Size = 4000), @p7='?' (Size = 4000)], CommandType='Text', CommandTimeout='30']
      SET NOCOUNT ON;
      INSERT INTO [Log] ([CreatedOnUtc], [CustomerId], [FullMessage], [IpAddress], [LogLevelId], [PageUrl], [ReferrerUrl], [ShortMessage])
      VALUES (@p0, @p1, @p2, @p3, @p4, @p5, @p6, @p7);
      SELECT [Id]
      FROM [Log]
      WHERE @@ROWCOUNT = 1 AND [Id] = scope_identity();
info: Microsoft.EntityFrameworkCore.Infrastructure[10403]
      Entity Framework Core 2.2.4-servicing-10062 initialized 'NopObjectContext' using provider 'Microsoft.EntityFrameworkCore.SqlServer' with options: using lazy-loading proxies 
info: Microsoft.EntityFrameworkCore.Database.Command[20101]
      Executed DbCommand (3ms) [Parameters=[@p0='?' (DbType = DateTime2), @p1='?' (DbType = Int32), @p2='?' (Size = 4000), @p3='?' (Size = 200), @p4='?' (DbType = Int32), @p5='?' (Size = 4000), @p6='?' (Size = 4000), @p7='?' (Size = 4000)], CommandType='Text', CommandTimeout='30']
      SET NOCOUNT ON;
      INSERT INTO [Log] ([CreatedOnUtc], [CustomerId], [FullMessage], [IpAddress], [LogLevelId], [PageUrl], [ReferrerUrl], [ShortMessage])
      VALUES (@p0, @p1, @p2, @p3, @p4, @p5, @p6, @p7);
      SELECT [Id]
      FROM [Log]
      WHERE @@ROWCOUNT = 1 AND [Id] = scope_identity();
info: Microsoft.AspNetCore.Hosting.Internal.WebHost[1]
      Request starting HTTP/1.1 POST http://127.0.0.1:30415/iisintegration  0
info: Microsoft.AspNetCore.Hosting.Internal.WebHost[2]
      Request finished in 2.4139ms 202 
Application is shutting down...
