info: Microsoft.EntityFrameworkCore.Infrastructure[10403]
      Entity Framework Core 2.2.4-servicing-10062 initialized 'NopObjectContext' using provider 'Microsoft.EntityFrameworkCore.SqlServer' with options: using lazy-loading proxies 
info: Microsoft.EntityFrameworkCore.Database.Command[20101]
      Executed DbCommand (72ms) [Parameters=[], CommandType='Text', CommandTimeout='30']
      SELECT [t].[Id], [t].[Enabled], [t].[LastEndUtc], [t].[LastStartUtc], [t].[LastSuccessUtc], [t].[Name], [t].[Seconds], [t].[StopOnError], [t].[Type]
      FROM [ScheduleTask] AS [t]
      WHERE [t].[Enabled] = 1
      ORDER BY [t].[Seconds] DESC
info: Microsoft.EntityFrameworkCore.Database.Command[20101]
      Executed DbCommand (13ms) [Parameters=[], CommandType='Text', CommandTimeout='30']
      SELECT [s].[Id], [s].[CompanyAddress], [s].[CompanyName], [s].[CompanyPhoneNumber], [s].[CompanyVat], [s].[DefaultLanguageId], [s].[DisplayOrder], [s].[Hosts], [s].[Name], [s].[SslEnabled], [s].[Url]
      FROM [Store] AS [s]
      ORDER BY [s].[DisplayOrder], [s].[Id]
info: Microsoft.EntityFrameworkCore.Database.Command[20101]
      Executed DbCommand (19ms) [Parameters=[], CommandType='Text', CommandTimeout='30']
      SELECT [s].[Id], [s].[Name], [s].[StoreId], [s].[Value]
      FROM [Setting] AS [s]
      ORDER BY [s].[Name], [s].[StoreId]
info: Microsoft.EntityFrameworkCore.Database.Command[20101]
      Executed DbCommand (336ms) [Parameters=[@p0='?' (DbType = DateTime2), @p1='?' (DbType = Int32), @p2='?' (Size = 4000), @p3='?' (Size = 200), @p4='?' (DbType = Int32), @p5='?' (Size = 4000), @p6='?' (Size = 4000), @p7='?' (Size = 4000)], CommandType='Text', CommandTimeout='30']
      SET NOCOUNT ON;
      INSERT INTO [Log] ([CreatedOnUtc], [CustomerId], [FullMessage], [IpAddress], [LogLevelId], [PageUrl], [ReferrerUrl], [ShortMessage])
      VALUES (@p0, @p1, @p2, @p3, @p4, @p5, @p6, @p7);
      SELECT [Id]
      FROM [Log]
      WHERE @@ROWCOUNT = 1 AND [Id] = scope_identity();
Hosting environment: Development
Content root path: E:\HERO\Presentation\NCSw.HERO.Web
Now listening on: http://127.0.0.1:35656
Application started. Press Ctrl+C to shut down.
info: Microsoft.AspNetCore.Hosting.Internal.WebHost[1]
      Request starting HTTP/1.1 GET http://erp.hero.net/  
info: Microsoft.EntityFrameworkCore.Infrastructure[10403]
      Entity Framework Core 2.2.4-servicing-10062 initialized 'NopObjectContext' using provider 'Microsoft.EntityFrameworkCore.SqlServer' with options: using lazy-loading proxies 
info: Microsoft.EntityFrameworkCore.Database.Command[20101]
      Executed DbCommand (16ms) [Parameters=[@p0='?' (DbType = DateTime2), @p1='?' (DbType = Int32), @p2='?' (Size = 4000), @p3='?' (Size = 200), @p4='?' (DbType = Int32), @p5='?' (Size = 4000), @p6='?' (Size = 4000), @p7='?' (Size = 4000)], CommandType='Text', CommandTimeout='30']
      SET NOCOUNT ON;
      INSERT INTO [Log] ([CreatedOnUtc], [CustomerId], [FullMessage], [IpAddress], [LogLevelId], [PageUrl], [ReferrerUrl], [ShortMessage])
      VALUES (@p0, @p1, @p2, @p3, @p4, @p5, @p6, @p7);
      SELECT [Id]
      FROM [Log]
      WHERE @@ROWCOUNT = 1 AND [Id] = scope_identity();
info: Microsoft.EntityFrameworkCore.Infrastructure[10403]
      Entity Framework Core 2.2.4-servicing-10062 initialized 'NopObjectContext' using provider 'Microsoft.EntityFrameworkCore.SqlServer' with options: using lazy-loading proxies 
info: Microsoft.EntityFrameworkCore.Database.Command[20101]
      Executed DbCommand (63ms) [Parameters=[@__email_0='?' (Size = 1000)], CommandType='Text', CommandTimeout='30']
      SELECT TOP(1) [c].[Id], [c].[Active], [c].[AdminComment], [c].[AffiliateId], [c].[BillingAddress_Id], [c].[CannotLoginUntilDateUtc], [c].[CreatedOnUtc], [c].[CustomerGuid], [c].[Deleted], [c].[Email], [c].[EmailToRevalidate], [c].[FailedLoginAttempts], [c].[HasShoppingCartItems], [c].[IsSystemAccount], [c].[IsTaxExempt], [c].[LastActivityDateUtc], [c].[LastIpAddress], [c].[LastLoginDateUtc], [c].[RegisteredInStoreId], [c].[RequireReLogin], [c].[ShippingAddress_Id], [c].[SystemName], [c].[Username], [c].[VendorId]
      FROM [Customer] AS [c]
      WHERE [c].[Email] = @__email_0
      ORDER BY [c].[Id]
info: Microsoft.EntityFrameworkCore.Database.Command[20101]
      Executed DbCommand (20ms) [Parameters=[@__get_Item_0='?' (DbType = Int32)], CommandType='Text', CommandTimeout='30']
      SELECT [e].[Customer_Id], [e].[CustomerRole_Id]
      FROM [Customer_CustomerRole_Mapping] AS [e]
      WHERE [e].[Customer_Id] = @__get_Item_0
info: Microsoft.EntityFrameworkCore.Database.Command[20101]
      Executed DbCommand (47ms) [Parameters=[@__get_Item_0='?' (DbType = Int32)], CommandType='Text', CommandTimeout='30']
      SELECT [e].[Id], [e].[Active], [e].[DefaultTaxDisplayTypeId], [e].[EnablePasswordLifetime], [e].[FreeShipping], [e].[IsSystemRole], [e].[Name], [e].[OverrideTaxDisplayType], [e].[PurchasedWithProductId], [e].[SystemName], [e].[TaxExempt]
      FROM [CustomerRole] AS [e]
      WHERE [e].[Id] = @__get_Item_0
info: Microsoft.EntityFrameworkCore.Database.Command[20101]
      Executed DbCommand (13ms) [Parameters=[@__get_Item_0='?' (DbType = Int32)], CommandType='Text', CommandTimeout='30']
      SELECT [e].[Id], [e].[Active], [e].[DefaultTaxDisplayTypeId], [e].[EnablePasswordLifetime], [e].[FreeShipping], [e].[IsSystemRole], [e].[Name], [e].[OverrideTaxDisplayType], [e].[PurchasedWithProductId], [e].[SystemName], [e].[TaxExempt]
      FROM [CustomerRole] AS [e]
      WHERE [e].[Id] = @__get_Item_0
info: Microsoft.EntityFrameworkCore.Database.Command[20101]
      Executed DbCommand (27ms) [Parameters=[@__entityId_0='?' (DbType = Int32), @__keyGroup_1='?' (Size = 400)], CommandType='Text', CommandTimeout='30']
      SELECT [ga].[Id], [ga].[EntityId], [ga].[Key], [ga].[KeyGroup], [ga].[StoreId], [ga].[Value]
      FROM [GenericAttribute] AS [ga]
      WHERE ([ga].[EntityId] = @__entityId_0) AND ([ga].[KeyGroup] = @__keyGroup_1)
info: Microsoft.EntityFrameworkCore.Database.Command[20101]
      Executed DbCommand (18ms) [Parameters=[], CommandType='Text', CommandTimeout='30']
      SELECT [l].[Id], [l].[DefaultCurrencyId], [l].[DisplayOrder], [l].[FlagImageFileName], [l].[LanguageCulture], [l].[LimitedToStores], [l].[Name], [l].[Published], [l].[Rtl], [l].[UniqueSeoCode]
      FROM [Language] AS [l]
      WHERE [l].[Published] = 1
      ORDER BY [l].[DisplayOrder], [l].[Id]
info: Microsoft.AspNetCore.Mvc.Internal.ControllerActionInvoker[1]
      Route matched with {action = "Index", controller = "Home", area = ""}. Executing action NCSw.HERO.Web.Controllers.HomeController.Index (NCSw.HERO.Web)
info: Microsoft.EntityFrameworkCore.Database.Command[20101]
      Executed DbCommand (98ms) [Parameters=[@__customerRoleId_0='?' (DbType = Int32)], CommandType='Text', CommandTimeout='30']
      SELECT [pr].[Id], [pr].[Category], [pr].[Name], [pr].[SystemName]
      FROM [PermissionRecord] AS [pr]
      INNER JOIN [PermissionRecord_Role_Mapping] AS [prcrm] ON [pr].[Id] = [prcrm].[PermissionRecord_Id]
      WHERE [prcrm].[CustomerRole_Id] = @__customerRoleId_0
      ORDER BY [pr].[Id]
info: Microsoft.EntityFrameworkCore.Database.Command[20101]
      Executed DbCommand (38ms) [Parameters=[@p23='?' (DbType = Int32), @p0='?' (DbType = Boolean), @p1='?' (Size = 4000), @p2='?' (DbType = Int32), @p3='?' (DbType = Int32), @p4='?' (DbType = DateTime2), @p5='?' (DbType = DateTime2), @p6='?' (DbType = Guid), @p7='?' (DbType = Boolean), @p8='?' (Size = 1000), @p9='?' (Size = 1000), @p10='?' (DbType = Int32), @p11='?' (DbType = Boolean), @p12='?' (DbType = Boolean), @p13='?' (DbType = Boolean), @p14='?' (DbType = DateTime2), @p15='?' (Size = 4000), @p16='?' (DbType = DateTime2), @p17='?' (DbType = Int32), @p18='?' (DbType = Boolean), @p19='?' (DbType = Int32), @p20='?' (Size = 400), @p21='?' (Size = 1000), @p22='?' (DbType = Int32)], CommandType='Text', CommandTimeout='30']
      SET NOCOUNT ON;
      UPDATE [Customer] SET [Active] = @p0, [AdminComment] = @p1, [AffiliateId] = @p2, [BillingAddress_Id] = @p3, [CannotLoginUntilDateUtc] = @p4, [CreatedOnUtc] = @p5, [CustomerGuid] = @p6, [Deleted] = @p7, [Email] = @p8, [EmailToRevalidate] = @p9, [FailedLoginAttempts] = @p10, [HasShoppingCartItems] = @p11, [IsSystemAccount] = @p12, [IsTaxExempt] = @p13, [LastActivityDateUtc] = @p14, [LastIpAddress] = @p15, [LastLoginDateUtc] = @p16, [RegisteredInStoreId] = @p17, [RequireReLogin] = @p18, [ShippingAddress_Id] = @p19, [SystemName] = @p20, [Username] = @p21, [VendorId] = @p22
      WHERE [Id] = @p23;
      SELECT @@ROWCOUNT;
info: Microsoft.AspNetCore.Mvc.Internal.ControllerActionInvoker[1]
      Executing action method NCSw.HERO.Web.Controllers.HomeController.Index (NCSw.HERO.Web) - Validation state: Valid
info: Microsoft.AspNetCore.Mvc.Internal.ControllerActionInvoker[2]
      Executed action method NCSw.HERO.Web.Controllers.HomeController.Index (NCSw.HERO.Web), returned result Microsoft.AspNetCore.Mvc.RedirectToActionResult in 19.3304ms.
info: Microsoft.AspNetCore.Mvc.RedirectToActionResult[1]
      Executing RedirectResult, redirecting to /Admin.
info: Microsoft.AspNetCore.Mvc.Internal.ControllerActionInvoker[2]
      Executed action NCSw.HERO.Web.Controllers.HomeController.Index (NCSw.HERO.Web) in 546.1422ms
info: Microsoft.AspNetCore.Hosting.Internal.WebHost[2]
      Request finished in 6700.7249ms 302 
info: Microsoft.AspNetCore.Hosting.Internal.WebHost[1]
      Request starting HTTP/1.1 GET http://erp.hero.net/Admin  
info: Microsoft.EntityFrameworkCore.Infrastructure[10403]
      Entity Framework Core 2.2.4-servicing-10062 initialized 'NopObjectContext' using provider 'Microsoft.EntityFrameworkCore.SqlServer' with options: using lazy-loading proxies 
info: Microsoft.EntityFrameworkCore.Database.Command[20101]
      Executed DbCommand (15ms) [Parameters=[@__email_0='?' (Size = 1000)], CommandType='Text', CommandTimeout='30']
      SELECT TOP(1) [c].[Id], [c].[Active], [c].[AdminComment], [c].[AffiliateId], [c].[BillingAddress_Id], [c].[CannotLoginUntilDateUtc], [c].[CreatedOnUtc], [c].[CustomerGuid], [c].[Deleted], [c].[Email], [c].[EmailToRevalidate], [c].[FailedLoginAttempts], [c].[HasShoppingCartItems], [c].[IsSystemAccount], [c].[IsTaxExempt], [c].[LastActivityDateUtc], [c].[LastIpAddress], [c].[LastLoginDateUtc], [c].[RegisteredInStoreId], [c].[RequireReLogin], [c].[ShippingAddress_Id], [c].[SystemName], [c].[Username], [c].[VendorId]
      FROM [Customer] AS [c]
      WHERE [c].[Email] = @__email_0
      ORDER BY [c].[Id]
info: Microsoft.EntityFrameworkCore.Database.Command[20101]
      Executed DbCommand (19ms) [Parameters=[@__get_Item_0='?' (DbType = Int32)], CommandType='Text', CommandTimeout='30']
      SELECT [e].[Customer_Id], [e].[CustomerRole_Id]
      FROM [Customer_CustomerRole_Mapping] AS [e]
      WHERE [e].[Customer_Id] = @__get_Item_0
info: Microsoft.EntityFrameworkCore.Database.Command[20101]
      Executed DbCommand (18ms) [Parameters=[@__get_Item_0='?' (DbType = Int32)], CommandType='Text', CommandTimeout='30']
      SELECT [e].[Id], [e].[Active], [e].[DefaultTaxDisplayTypeId], [e].[EnablePasswordLifetime], [e].[FreeShipping], [e].[IsSystemRole], [e].[Name], [e].[OverrideTaxDisplayType], [e].[PurchasedWithProductId], [e].[SystemName], [e].[TaxExempt]
      FROM [CustomerRole] AS [e]
      WHERE [e].[Id] = @__get_Item_0
info: Microsoft.EntityFrameworkCore.Database.Command[20101]
      Executed DbCommand (40ms) [Parameters=[@__get_Item_0='?' (DbType = Int32)], CommandType='Text', CommandTimeout='30']
      SELECT [e].[Id], [e].[Active], [e].[DefaultTaxDisplayTypeId], [e].[EnablePasswordLifetime], [e].[FreeShipping], [e].[IsSystemRole], [e].[Name], [e].[OverrideTaxDisplayType], [e].[PurchasedWithProductId], [e].[SystemName], [e].[TaxExempt]
      FROM [CustomerRole] AS [e]
      WHERE [e].[Id] = @__get_Item_0
info: Microsoft.EntityFrameworkCore.Database.Command[20101]
      Executed DbCommand (16ms) [Parameters=[@__entityId_0='?' (DbType = Int32), @__keyGroup_1='?' (Size = 400)], CommandType='Text', CommandTimeout='30']
      SELECT [ga].[Id], [ga].[EntityId], [ga].[Key], [ga].[KeyGroup], [ga].[StoreId], [ga].[Value]
      FROM [GenericAttribute] AS [ga]
      WHERE ([ga].[EntityId] = @__entityId_0) AND ([ga].[KeyGroup] = @__keyGroup_1)
info: Microsoft.AspNetCore.Mvc.Internal.ControllerActionInvoker[1]
      Route matched with {area = "Admin", action = "Index", controller = "Home"}. Executing action NCSw.HERO.Web.Areas.Admin.Controllers.HomeController.Index (NCSw.HERO.Web)
info: Microsoft.EntityFrameworkCore.Database.Command[20101]
      Executed DbCommand (43ms) [Parameters=[@__customerRoleId_0='?' (DbType = Int32)], CommandType='Text', CommandTimeout='30']
      SELECT [pr].[Id], [pr].[Category], [pr].[Name], [pr].[SystemName]
      FROM [PermissionRecord] AS [pr]
      INNER JOIN [PermissionRecord_Role_Mapping] AS [prcrm] ON [pr].[Id] = [prcrm].[PermissionRecord_Id]
      WHERE [prcrm].[CustomerRole_Id] = @__customerRoleId_0
      ORDER BY [pr].[Id]
info: Microsoft.AspNetCore.Mvc.Internal.ControllerActionInvoker[1]
      Executing action method NCSw.HERO.Web.Areas.Admin.Controllers.HomeController.Index (NCSw.HERO.Web) - Validation state: Valid
info: Microsoft.AspNetCore.Mvc.Internal.ControllerActionInvoker[2]
      Executed action method NCSw.HERO.Web.Areas.Admin.Controllers.HomeController.Index (NCSw.HERO.Web), returned result Microsoft.AspNetCore.Mvc.ViewResult in 5.4875ms.
info: Microsoft.AspNetCore.Mvc.ViewFeatures.ViewResultExecutor[1]
      Executing ViewResult, running view Index.
info: Microsoft.EntityFrameworkCore.Database.Command[20101]
      Executed DbCommand (42ms) [Parameters=[@__languageId_0='?' (DbType = Int32), @__AdminLocaleStringResourcesPrefix_1='?' (Size = 200)], CommandType='Text', CommandTimeout='30']
      SELECT [l].[Id], [l].[LanguageId], [l].[ResourceName], [l].[ResourceValue]
      FROM [LocaleStringResource] AS [l]
      WHERE ([l].[LanguageId] = @__languageId_0) AND (([l].[ResourceName] LIKE @__AdminLocaleStringResourcesPrefix_1 + N'%' AND (LEFT([l].[ResourceName], LEN(@__AdminLocaleStringResourcesPrefix_1)) = @__AdminLocaleStringResourcesPrefix_1)) OR (@__AdminLocaleStringResourcesPrefix_1 = N''))
      ORDER BY [l].[ResourceName]
info: Microsoft.EntityFrameworkCore.Database.Command[20101]
      Executed DbCommand (33ms) [Parameters=[@__languageId_0='?' (DbType = Int32), @__AdminLocaleStringResourcesPrefix_1='?' (Size = 200)], CommandType='Text', CommandTimeout='30']
      SELECT [l].[Id], [l].[LanguageId], [l].[ResourceName], [l].[ResourceValue]
      FROM [LocaleStringResource] AS [l]
      WHERE ([l].[LanguageId] = @__languageId_0) AND ((NOT ([l].[ResourceName] LIKE @__AdminLocaleStringResourcesPrefix_1 + N'%') OR (LEFT([l].[ResourceName], LEN(@__AdminLocaleStringResourcesPrefix_1)) <> @__AdminLocaleStringResourcesPrefix_1)) AND (@__AdminLocaleStringResourcesPrefix_1 <> N''))
      ORDER BY [l].[ResourceName]
info: Microsoft.AspNetCore.Mvc.ViewFeatures.ViewResultExecutor[4]
      Executed ViewResult - view Index executed in 13739.6788ms.
info: Microsoft.AspNetCore.Mvc.Internal.ControllerActionInvoker[2]
      Executed action NCSw.HERO.Web.Areas.Admin.Controllers.HomeController.Index (NCSw.HERO.Web) in 13924.4274ms
info: Microsoft.AspNetCore.Hosting.Internal.WebHost[2]
      Request finished in 14130.2103ms 200 text/html; charset=utf-8
info: Microsoft.AspNetCore.Hosting.Internal.WebHost[1]
      Request starting HTTP/1.1 GET http://erp.hero.net/images/icon-bvDucGiang.png  
info: Microsoft.AspNetCore.StaticFiles.StaticFileMiddleware[2]
      Sending file. Request path: '/images/icon-bvDucGiang.png'. Physical path: 'E:\HERO\Presentation\NCSw.HERO.Web\wwwroot\images\icon-bvDucGiang.png'
info: Microsoft.AspNetCore.Hosting.Internal.WebHost[2]
      Request finished in 78.4289ms 200 image/png
info: Microsoft.AspNetCore.Hosting.Internal.WebHost[1]
      Request starting HTTP/1.1 GET http://erp.hero.net/admin/plugin/SearchList?_=1557973304185  
info: Microsoft.EntityFrameworkCore.Infrastructure[10403]
      Entity Framework Core 2.2.4-servicing-10062 initialized 'NopObjectContext' using provider 'Microsoft.EntityFrameworkCore.SqlServer' with options: using lazy-loading proxies 
info: Microsoft.EntityFrameworkCore.Database.Command[20101]
      Executed DbCommand (23ms) [Parameters=[@__email_0='?' (Size = 1000)], CommandType='Text', CommandTimeout='30']
      SELECT TOP(1) [c].[Id], [c].[Active], [c].[AdminComment], [c].[AffiliateId], [c].[BillingAddress_Id], [c].[CannotLoginUntilDateUtc], [c].[CreatedOnUtc], [c].[CustomerGuid], [c].[Deleted], [c].[Email], [c].[EmailToRevalidate], [c].[FailedLoginAttempts], [c].[HasShoppingCartItems], [c].[IsSystemAccount], [c].[IsTaxExempt], [c].[LastActivityDateUtc], [c].[LastIpAddress], [c].[LastLoginDateUtc], [c].[RegisteredInStoreId], [c].[RequireReLogin], [c].[ShippingAddress_Id], [c].[SystemName], [c].[Username], [c].[VendorId]
      FROM [Customer] AS [c]
      WHERE [c].[Email] = @__email_0
      ORDER BY [c].[Id]
info: Microsoft.EntityFrameworkCore.Database.Command[20101]
      Executed DbCommand (21ms) [Parameters=[@__get_Item_0='?' (DbType = Int32)], CommandType='Text', CommandTimeout='30']
      SELECT [e].[Customer_Id], [e].[CustomerRole_Id]
      FROM [Customer_CustomerRole_Mapping] AS [e]
      WHERE [e].[Customer_Id] = @__get_Item_0
info: Microsoft.EntityFrameworkCore.Database.Command[20101]
      Executed DbCommand (24ms) [Parameters=[@__get_Item_0='?' (DbType = Int32)], CommandType='Text', CommandTimeout='30']
      SELECT [e].[Id], [e].[Active], [e].[DefaultTaxDisplayTypeId], [e].[EnablePasswordLifetime], [e].[FreeShipping], [e].[IsSystemRole], [e].[Name], [e].[OverrideTaxDisplayType], [e].[PurchasedWithProductId], [e].[SystemName], [e].[TaxExempt]
      FROM [CustomerRole] AS [e]
      WHERE [e].[Id] = @__get_Item_0
info: Microsoft.EntityFrameworkCore.Database.Command[20101]
      Executed DbCommand (26ms) [Parameters=[@__get_Item_0='?' (DbType = Int32)], CommandType='Text', CommandTimeout='30']
      SELECT [e].[Id], [e].[Active], [e].[DefaultTaxDisplayTypeId], [e].[EnablePasswordLifetime], [e].[FreeShipping], [e].[IsSystemRole], [e].[Name], [e].[OverrideTaxDisplayType], [e].[PurchasedWithProductId], [e].[SystemName], [e].[TaxExempt]
      FROM [CustomerRole] AS [e]
      WHERE [e].[Id] = @__get_Item_0
info: Microsoft.EntityFrameworkCore.Database.Command[20101]
      Executed DbCommand (25ms) [Parameters=[@__entityId_0='?' (DbType = Int32), @__keyGroup_1='?' (Size = 400)], CommandType='Text', CommandTimeout='30']
      SELECT [ga].[Id], [ga].[EntityId], [ga].[Key], [ga].[KeyGroup], [ga].[StoreId], [ga].[Value]
      FROM [GenericAttribute] AS [ga]
      WHERE ([ga].[EntityId] = @__entityId_0) AND ([ga].[KeyGroup] = @__keyGroup_1)
info: Microsoft.AspNetCore.Mvc.Internal.ControllerActionInvoker[1]
      Route matched with {area = "Admin", action = "SearchList", controller = "Plugin"}. Executing action NCSw.HERO.Web.Areas.Admin.Controllers.PluginController.SearchList (NCSw.HERO.Web)
info: Microsoft.AspNetCore.Mvc.Internal.ControllerActionInvoker[1]
      Executing action method NCSw.HERO.Web.Areas.Admin.Controllers.PluginController.SearchList (NCSw.HERO.Web) - Validation state: Valid
info: Microsoft.AspNetCore.Mvc.Internal.ControllerActionInvoker[2]
      Executed action method NCSw.HERO.Web.Areas.Admin.Controllers.PluginController.SearchList (NCSw.HERO.Web), returned result Microsoft.AspNetCore.Mvc.JsonResult in 5.5858ms.
info: Microsoft.AspNetCore.Mvc.Formatters.Json.Internal.JsonResultExecutor[1]
      Executing JsonResult, writing value of type 'System.Collections.Generic.List`1[[<>f__AnonymousType22`5[[System.String, System.Private.CoreLib, Version=4.0.0.0, Culture=neutral, PublicKeyToken=7cec85d7bea7798e],[System.String, System.Private.CoreLib, Version=4.0.0.0, Culture=neutral, PublicKeyToken=7cec85d7bea7798e],[System.String, System.Private.CoreLib, Version=4.0.0.0, Culture=neutral, PublicKeyToken=7cec85d7bea7798e],[System.String, System.Private.CoreLib, Version=4.0.0.0, Culture=neutral, PublicKeyToken=7cec85d7bea7798e],[System.Int32, System.Private.CoreLib, Version=4.0.0.0, Culture=neutral, PublicKeyToken=7cec85d7bea7798e]], NCSw.HERO.Web, Version=4.1.0.0, Culture=neutral, PublicKeyToken=null]]'.
info: Microsoft.AspNetCore.Mvc.Internal.ControllerActionInvoker[2]
      Executed action NCSw.HERO.Web.Areas.Admin.Controllers.PluginController.SearchList (NCSw.HERO.Web) in 75.3353ms
info: Microsoft.AspNetCore.Hosting.Internal.WebHost[2]
      Request finished in 286.6583ms 200 application/json; charset=utf-8
info: Microsoft.AspNetCore.Hosting.Internal.WebHost[1]
      Request starting HTTP/1.1 POST http://erp.hero.net/Admin/Preferences/SavePreference application/x-www-form-urlencoded; charset=UTF-8 254
info: Microsoft.EntityFrameworkCore.Infrastructure[10403]
      Entity Framework Core 2.2.4-servicing-10062 initialized 'NopObjectContext' using provider 'Microsoft.EntityFrameworkCore.SqlServer' with options: using lazy-loading proxies 
info: Microsoft.EntityFrameworkCore.Database.Command[20101]
      Executed DbCommand (120ms) [Parameters=[@__email_0='?' (Size = 1000)], CommandType='Text', CommandTimeout='30']
      SELECT TOP(1) [c].[Id], [c].[Active], [c].[AdminComment], [c].[AffiliateId], [c].[BillingAddress_Id], [c].[CannotLoginUntilDateUtc], [c].[CreatedOnUtc], [c].[CustomerGuid], [c].[Deleted], [c].[Email], [c].[EmailToRevalidate], [c].[FailedLoginAttempts], [c].[HasShoppingCartItems], [c].[IsSystemAccount], [c].[IsTaxExempt], [c].[LastActivityDateUtc], [c].[LastIpAddress], [c].[LastLoginDateUtc], [c].[RegisteredInStoreId], [c].[RequireReLogin], [c].[ShippingAddress_Id], [c].[SystemName], [c].[Username], [c].[VendorId]
      FROM [Customer] AS [c]
      WHERE [c].[Email] = @__email_0
      ORDER BY [c].[Id]
info: Microsoft.EntityFrameworkCore.Database.Command[20101]
      Executed DbCommand (12ms) [Parameters=[@__get_Item_0='?' (DbType = Int32)], CommandType='Text', CommandTimeout='30']
      SELECT [e].[Customer_Id], [e].[CustomerRole_Id]
      FROM [Customer_CustomerRole_Mapping] AS [e]
      WHERE [e].[Customer_Id] = @__get_Item_0
info: Microsoft.EntityFrameworkCore.Database.Command[20101]
      Executed DbCommand (28ms) [Parameters=[@__get_Item_0='?' (DbType = Int32)], CommandType='Text', CommandTimeout='30']
      SELECT [e].[Id], [e].[Active], [e].[DefaultTaxDisplayTypeId], [e].[EnablePasswordLifetime], [e].[FreeShipping], [e].[IsSystemRole], [e].[Name], [e].[OverrideTaxDisplayType], [e].[PurchasedWithProductId], [e].[SystemName], [e].[TaxExempt]
      FROM [CustomerRole] AS [e]
      WHERE [e].[Id] = @__get_Item_0
info: Microsoft.EntityFrameworkCore.Database.Command[20101]
      Executed DbCommand (18ms) [Parameters=[@__get_Item_0='?' (DbType = Int32)], CommandType='Text', CommandTimeout='30']
      SELECT [e].[Id], [e].[Active], [e].[DefaultTaxDisplayTypeId], [e].[EnablePasswordLifetime], [e].[FreeShipping], [e].[IsSystemRole], [e].[Name], [e].[OverrideTaxDisplayType], [e].[PurchasedWithProductId], [e].[SystemName], [e].[TaxExempt]
      FROM [CustomerRole] AS [e]
      WHERE [e].[Id] = @__get_Item_0
info: Microsoft.EntityFrameworkCore.Database.Command[20101]
      Executed DbCommand (17ms) [Parameters=[@__entityId_0='?' (DbType = Int32), @__keyGroup_1='?' (Size = 400)], CommandType='Text', CommandTimeout='30']
      SELECT [ga].[Id], [ga].[EntityId], [ga].[Key], [ga].[KeyGroup], [ga].[StoreId], [ga].[Value]
      FROM [GenericAttribute] AS [ga]
      WHERE ([ga].[EntityId] = @__entityId_0) AND ([ga].[KeyGroup] = @__keyGroup_1)
info: Microsoft.AspNetCore.Mvc.Internal.ControllerActionInvoker[1]
      Route matched with {area = "Admin", action = "SavePreference", controller = "Preferences"}. Executing action NCSw.HERO.Web.Areas.Admin.Controllers.PreferencesController.SavePreference (NCSw.HERO.Web)
info: Microsoft.AspNetCore.Mvc.Internal.ControllerActionInvoker[1]
      Executing action method NCSw.HERO.Web.Areas.Admin.Controllers.PreferencesController.SavePreference (NCSw.HERO.Web) with arguments (HideSidebar, False) - Validation state: Valid
info: Microsoft.EntityFrameworkCore.Database.Command[20101]
      Executed DbCommand (12ms) [Parameters=[@p5='?' (DbType = Int32), @p0='?' (DbType = Int32), @p1='?' (Size = 400), @p2='?' (Size = 400), @p3='?' (DbType = Int32), @p4='?' (Size = 4000)], CommandType='Text', CommandTimeout='30']
      SET NOCOUNT ON;
      UPDATE [GenericAttribute] SET [EntityId] = @p0, [Key] = @p1, [KeyGroup] = @p2, [StoreId] = @p3, [Value] = @p4
      WHERE [Id] = @p5;
      SELECT @@ROWCOUNT;
info: Microsoft.AspNetCore.Mvc.Internal.ControllerActionInvoker[2]
      Executed action method NCSw.HERO.Web.Areas.Admin.Controllers.PreferencesController.SavePreference (NCSw.HERO.Web), returned result Microsoft.AspNetCore.Mvc.JsonResult in 124.0417ms.
info: Microsoft.AspNetCore.Mvc.Formatters.Json.Internal.JsonResultExecutor[1]
      Executing JsonResult, writing value of type '<>f__AnonymousType1`1[[System.Boolean, System.Private.CoreLib, Version=4.0.0.0, Culture=neutral, PublicKeyToken=7cec85d7bea7798e]]'.
info: Microsoft.AspNetCore.Mvc.Internal.ControllerActionInvoker[2]
      Executed action NCSw.HERO.Web.Areas.Admin.Controllers.PreferencesController.SavePreference (NCSw.HERO.Web) in 352.1284ms
info: Microsoft.AspNetCore.Hosting.Internal.WebHost[2]
      Request finished in 642.3784ms 200 application/json; charset=utf-8
info: Microsoft.AspNetCore.Hosting.Internal.WebHost[1]
      Request starting HTTP/1.1 POST http://erp.hero.net/Admin/Preferences/SavePreference application/x-www-form-urlencoded; charset=UTF-8 253
info: Microsoft.EntityFrameworkCore.Infrastructure[10403]
      Entity Framework Core 2.2.4-servicing-10062 initialized 'NopObjectContext' using provider 'Microsoft.EntityFrameworkCore.SqlServer' with options: using lazy-loading proxies 
info: Microsoft.EntityFrameworkCore.Database.Command[20101]
      Executed DbCommand (20ms) [Parameters=[@__email_0='?' (Size = 1000)], CommandType='Text', CommandTimeout='30']
      SELECT TOP(1) [c].[Id], [c].[Active], [c].[AdminComment], [c].[AffiliateId], [c].[BillingAddress_Id], [c].[CannotLoginUntilDateUtc], [c].[CreatedOnUtc], [c].[CustomerGuid], [c].[Deleted], [c].[Email], [c].[EmailToRevalidate], [c].[FailedLoginAttempts], [c].[HasShoppingCartItems], [c].[IsSystemAccount], [c].[IsTaxExempt], [c].[LastActivityDateUtc], [c].[LastIpAddress], [c].[LastLoginDateUtc], [c].[RegisteredInStoreId], [c].[RequireReLogin], [c].[ShippingAddress_Id], [c].[SystemName], [c].[Username], [c].[VendorId]
      FROM [Customer] AS [c]
      WHERE [c].[Email] = @__email_0
      ORDER BY [c].[Id]
info: Microsoft.EntityFrameworkCore.Database.Command[20101]
      Executed DbCommand (44ms) [Parameters=[@__get_Item_0='?' (DbType = Int32)], CommandType='Text', CommandTimeout='30']
      SELECT [e].[Customer_Id], [e].[CustomerRole_Id]
      FROM [Customer_CustomerRole_Mapping] AS [e]
      WHERE [e].[Customer_Id] = @__get_Item_0
info: Microsoft.EntityFrameworkCore.Database.Command[20101]
      Executed DbCommand (13ms) [Parameters=[@__get_Item_0='?' (DbType = Int32)], CommandType='Text', CommandTimeout='30']
      SELECT [e].[Id], [e].[Active], [e].[DefaultTaxDisplayTypeId], [e].[EnablePasswordLifetime], [e].[FreeShipping], [e].[IsSystemRole], [e].[Name], [e].[OverrideTaxDisplayType], [e].[PurchasedWithProductId], [e].[SystemName], [e].[TaxExempt]
      FROM [CustomerRole] AS [e]
      WHERE [e].[Id] = @__get_Item_0
info: Microsoft.EntityFrameworkCore.Database.Command[20101]
      Executed DbCommand (25ms) [Parameters=[@__get_Item_0='?' (DbType = Int32)], CommandType='Text', CommandTimeout='30']
      SELECT [e].[Id], [e].[Active], [e].[DefaultTaxDisplayTypeId], [e].[EnablePasswordLifetime], [e].[FreeShipping], [e].[IsSystemRole], [e].[Name], [e].[OverrideTaxDisplayType], [e].[PurchasedWithProductId], [e].[SystemName], [e].[TaxExempt]
      FROM [CustomerRole] AS [e]
      WHERE [e].[Id] = @__get_Item_0
info: Microsoft.EntityFrameworkCore.Database.Command[20101]
      Executed DbCommand (18ms) [Parameters=[@__entityId_0='?' (DbType = Int32), @__keyGroup_1='?' (Size = 400)], CommandType='Text', CommandTimeout='30']
      SELECT [ga].[Id], [ga].[EntityId], [ga].[Key], [ga].[KeyGroup], [ga].[StoreId], [ga].[Value]
      FROM [GenericAttribute] AS [ga]
      WHERE ([ga].[EntityId] = @__entityId_0) AND ([ga].[KeyGroup] = @__keyGroup_1)
info: Microsoft.AspNetCore.Mvc.Internal.ControllerActionInvoker[1]
      Route matched with {area = "Admin", action = "SavePreference", controller = "Preferences"}. Executing action NCSw.HERO.Web.Areas.Admin.Controllers.PreferencesController.SavePreference (NCSw.HERO.Web)
info: Microsoft.AspNetCore.Mvc.Internal.ControllerActionInvoker[1]
      Executing action method NCSw.HERO.Web.Areas.Admin.Controllers.PreferencesController.SavePreference (NCSw.HERO.Web) with arguments (HideSidebar, True) - Validation state: Valid
info: Microsoft.EntityFrameworkCore.Database.Command[20101]
      Executed DbCommand (10ms) [Parameters=[@p5='?' (DbType = Int32), @p0='?' (DbType = Int32), @p1='?' (Size = 400), @p2='?' (Size = 400), @p3='?' (DbType = Int32), @p4='?' (Size = 4000)], CommandType='Text', CommandTimeout='30']
      SET NOCOUNT ON;
      UPDATE [GenericAttribute] SET [EntityId] = @p0, [Key] = @p1, [KeyGroup] = @p2, [StoreId] = @p3, [Value] = @p4
      WHERE [Id] = @p5;
      SELECT @@ROWCOUNT;
info: Microsoft.AspNetCore.Mvc.Internal.ControllerActionInvoker[2]
      Executed action method NCSw.HERO.Web.Areas.Admin.Controllers.PreferencesController.SavePreference (NCSw.HERO.Web), returned result Microsoft.AspNetCore.Mvc.JsonResult in 61.8423ms.
info: Microsoft.AspNetCore.Mvc.Formatters.Json.Internal.JsonResultExecutor[1]
      Executing JsonResult, writing value of type '<>f__AnonymousType1`1[[System.Boolean, System.Private.CoreLib, Version=4.0.0.0, Culture=neutral, PublicKeyToken=7cec85d7bea7798e]]'.
info: Microsoft.AspNetCore.Mvc.Internal.ControllerActionInvoker[2]
      Executed action NCSw.HERO.Web.Areas.Admin.Controllers.PreferencesController.SavePreference (NCSw.HERO.Web) in 63.9655ms
info: Microsoft.AspNetCore.Hosting.Internal.WebHost[2]
      Request finished in 251.5704ms 200 application/json; charset=utf-8
info: Microsoft.AspNetCore.Hosting.Internal.WebHost[1]
      Request starting HTTP/1.1 POST http://erp.hero.net/Admin/Preferences/SavePreference application/x-www-form-urlencoded; charset=UTF-8 254
info: Microsoft.EntityFrameworkCore.Infrastructure[10403]
      Entity Framework Core 2.2.4-servicing-10062 initialized 'NopObjectContext' using provider 'Microsoft.EntityFrameworkCore.SqlServer' with options: using lazy-loading proxies 
info: Microsoft.EntityFrameworkCore.Database.Command[20101]
      Executed DbCommand (13ms) [Parameters=[@__email_0='?' (Size = 1000)], CommandType='Text', CommandTimeout='30']
      SELECT TOP(1) [c].[Id], [c].[Active], [c].[AdminComment], [c].[AffiliateId], [c].[BillingAddress_Id], [c].[CannotLoginUntilDateUtc], [c].[CreatedOnUtc], [c].[CustomerGuid], [c].[Deleted], [c].[Email], [c].[EmailToRevalidate], [c].[FailedLoginAttempts], [c].[HasShoppingCartItems], [c].[IsSystemAccount], [c].[IsTaxExempt], [c].[LastActivityDateUtc], [c].[LastIpAddress], [c].[LastLoginDateUtc], [c].[RegisteredInStoreId], [c].[RequireReLogin], [c].[ShippingAddress_Id], [c].[SystemName], [c].[Username], [c].[VendorId]
      FROM [Customer] AS [c]
      WHERE [c].[Email] = @__email_0
      ORDER BY [c].[Id]
info: Microsoft.EntityFrameworkCore.Database.Command[20101]
      Executed DbCommand (7ms) [Parameters=[@__get_Item_0='?' (DbType = Int32)], CommandType='Text', CommandTimeout='30']
      SELECT [e].[Customer_Id], [e].[CustomerRole_Id]
      FROM [Customer_CustomerRole_Mapping] AS [e]
      WHERE [e].[Customer_Id] = @__get_Item_0
info: Microsoft.EntityFrameworkCore.Database.Command[20101]
      Executed DbCommand (16ms) [Parameters=[@__get_Item_0='?' (DbType = Int32)], CommandType='Text', CommandTimeout='30']
      SELECT [e].[Id], [e].[Active], [e].[DefaultTaxDisplayTypeId], [e].[EnablePasswordLifetime], [e].[FreeShipping], [e].[IsSystemRole], [e].[Name], [e].[OverrideTaxDisplayType], [e].[PurchasedWithProductId], [e].[SystemName], [e].[TaxExempt]
      FROM [CustomerRole] AS [e]
      WHERE [e].[Id] = @__get_Item_0
info: Microsoft.EntityFrameworkCore.Database.Command[20101]
      Executed DbCommand (17ms) [Parameters=[@__get_Item_0='?' (DbType = Int32)], CommandType='Text', CommandTimeout='30']
      SELECT [e].[Id], [e].[Active], [e].[DefaultTaxDisplayTypeId], [e].[EnablePasswordLifetime], [e].[FreeShipping], [e].[IsSystemRole], [e].[Name], [e].[OverrideTaxDisplayType], [e].[PurchasedWithProductId], [e].[SystemName], [e].[TaxExempt]
      FROM [CustomerRole] AS [e]
      WHERE [e].[Id] = @__get_Item_0
info: Microsoft.EntityFrameworkCore.Database.Command[20101]
      Executed DbCommand (13ms) [Parameters=[@__entityId_0='?' (DbType = Int32), @__keyGroup_1='?' (Size = 400)], CommandType='Text', CommandTimeout='30']
      SELECT [ga].[Id], [ga].[EntityId], [ga].[Key], [ga].[KeyGroup], [ga].[StoreId], [ga].[Value]
      FROM [GenericAttribute] AS [ga]
      WHERE ([ga].[EntityId] = @__entityId_0) AND ([ga].[KeyGroup] = @__keyGroup_1)
info: Microsoft.AspNetCore.Mvc.Internal.ControllerActionInvoker[1]
      Route matched with {area = "Admin", action = "SavePreference", controller = "Preferences"}. Executing action NCSw.HERO.Web.Areas.Admin.Controllers.PreferencesController.SavePreference (NCSw.HERO.Web)
info: Microsoft.AspNetCore.Mvc.Internal.ControllerActionInvoker[1]
      Executing action method NCSw.HERO.Web.Areas.Admin.Controllers.PreferencesController.SavePreference (NCSw.HERO.Web) with arguments (HideSidebar, False) - Validation state: Valid
info: Microsoft.EntityFrameworkCore.Database.Command[20101]
      Executed DbCommand (13ms) [Parameters=[@p5='?' (DbType = Int32), @p0='?' (DbType = Int32), @p1='?' (Size = 400), @p2='?' (Size = 400), @p3='?' (DbType = Int32), @p4='?' (Size = 4000)], CommandType='Text', CommandTimeout='30']
      SET NOCOUNT ON;
      UPDATE [GenericAttribute] SET [EntityId] = @p0, [Key] = @p1, [KeyGroup] = @p2, [StoreId] = @p3, [Value] = @p4
      WHERE [Id] = @p5;
      SELECT @@ROWCOUNT;
info: Microsoft.AspNetCore.Mvc.Internal.ControllerActionInvoker[2]
      Executed action method NCSw.HERO.Web.Areas.Admin.Controllers.PreferencesController.SavePreference (NCSw.HERO.Web), returned result Microsoft.AspNetCore.Mvc.JsonResult in 64.9038ms.
info: Microsoft.AspNetCore.Mvc.Formatters.Json.Internal.JsonResultExecutor[1]
      Executing JsonResult, writing value of type '<>f__AnonymousType1`1[[System.Boolean, System.Private.CoreLib, Version=4.0.0.0, Culture=neutral, PublicKeyToken=7cec85d7bea7798e]]'.
info: Microsoft.AspNetCore.Mvc.Internal.ControllerActionInvoker[2]
      Executed action NCSw.HERO.Web.Areas.Admin.Controllers.PreferencesController.SavePreference (NCSw.HERO.Web) in 65.4736ms
info: Microsoft.AspNetCore.Hosting.Internal.WebHost[2]
      Request finished in 193.7569ms 200 application/json; charset=utf-8
info: Microsoft.AspNetCore.Hosting.Internal.WebHost[1]
      Request starting HTTP/1.1 GET http://erp.hero.net/Admin/Appointment  
info: Microsoft.EntityFrameworkCore.Infrastructure[10403]
      Entity Framework Core 2.2.4-servicing-10062 initialized 'NopObjectContext' using provider 'Microsoft.EntityFrameworkCore.SqlServer' with options: using lazy-loading proxies 
info: Microsoft.EntityFrameworkCore.Database.Command[20101]
      Executed DbCommand (12ms) [Parameters=[@__email_0='?' (Size = 1000)], CommandType='Text', CommandTimeout='30']
      SELECT TOP(1) [c].[Id], [c].[Active], [c].[AdminComment], [c].[AffiliateId], [c].[BillingAddress_Id], [c].[CannotLoginUntilDateUtc], [c].[CreatedOnUtc], [c].[CustomerGuid], [c].[Deleted], [c].[Email], [c].[EmailToRevalidate], [c].[FailedLoginAttempts], [c].[HasShoppingCartItems], [c].[IsSystemAccount], [c].[IsTaxExempt], [c].[LastActivityDateUtc], [c].[LastIpAddress], [c].[LastLoginDateUtc], [c].[RegisteredInStoreId], [c].[RequireReLogin], [c].[ShippingAddress_Id], [c].[SystemName], [c].[Username], [c].[VendorId]
      FROM [Customer] AS [c]
      WHERE [c].[Email] = @__email_0
      ORDER BY [c].[Id]
info: Microsoft.EntityFrameworkCore.Database.Command[20101]
      Executed DbCommand (58ms) [Parameters=[@__get_Item_0='?' (DbType = Int32)], CommandType='Text', CommandTimeout='30']
      SELECT [e].[Customer_Id], [e].[CustomerRole_Id]
      FROM [Customer_CustomerRole_Mapping] AS [e]
      WHERE [e].[Customer_Id] = @__get_Item_0
info: Microsoft.EntityFrameworkCore.Database.Command[20101]
      Executed DbCommand (11ms) [Parameters=[@__get_Item_0='?' (DbType = Int32)], CommandType='Text', CommandTimeout='30']
      SELECT [e].[Id], [e].[Active], [e].[DefaultTaxDisplayTypeId], [e].[EnablePasswordLifetime], [e].[FreeShipping], [e].[IsSystemRole], [e].[Name], [e].[OverrideTaxDisplayType], [e].[PurchasedWithProductId], [e].[SystemName], [e].[TaxExempt]
      FROM [CustomerRole] AS [e]
      WHERE [e].[Id] = @__get_Item_0
info: Microsoft.EntityFrameworkCore.Database.Command[20101]
      Executed DbCommand (101ms) [Parameters=[@__get_Item_0='?' (DbType = Int32)], CommandType='Text', CommandTimeout='30']
      SELECT [e].[Id], [e].[Active], [e].[DefaultTaxDisplayTypeId], [e].[EnablePasswordLifetime], [e].[FreeShipping], [e].[IsSystemRole], [e].[Name], [e].[OverrideTaxDisplayType], [e].[PurchasedWithProductId], [e].[SystemName], [e].[TaxExempt]
      FROM [CustomerRole] AS [e]
      WHERE [e].[Id] = @__get_Item_0
info: Microsoft.EntityFrameworkCore.Database.Command[20101]
      Executed DbCommand (13ms) [Parameters=[@__entityId_0='?' (DbType = Int32), @__keyGroup_1='?' (Size = 400)], CommandType='Text', CommandTimeout='30']
      SELECT [ga].[Id], [ga].[EntityId], [ga].[Key], [ga].[KeyGroup], [ga].[StoreId], [ga].[Value]
      FROM [GenericAttribute] AS [ga]
      WHERE ([ga].[EntityId] = @__entityId_0) AND ([ga].[KeyGroup] = @__keyGroup_1)
info: Microsoft.AspNetCore.Mvc.Internal.ControllerActionInvoker[1]
      Route matched with {area = "Admin", action = "Index", controller = "Appointment"}. Executing action NCSw.HERO.Web.Areas.Admin.Controllers.AppointmentController.Index (NCSw.HERO.Web)
info: Microsoft.AspNetCore.Mvc.Internal.ControllerActionInvoker[1]
      Executing action method NCSw.HERO.Web.Areas.Admin.Controllers.AppointmentController.Index (NCSw.HERO.Web) - Validation state: Valid
info: Microsoft.AspNetCore.Mvc.Internal.ControllerActionInvoker[2]
      Executed action method NCSw.HERO.Web.Areas.Admin.Controllers.AppointmentController.Index (NCSw.HERO.Web), returned result Microsoft.AspNetCore.Mvc.ViewResult in 0.435ms.
info: Microsoft.AspNetCore.Mvc.ViewFeatures.ViewResultExecutor[1]
      Executing ViewResult, running view Index.
info: Microsoft.AspNetCore.Mvc.ViewFeatures.ViewResultExecutor[4]
      Executed ViewResult - view Index executed in 411.1154ms.
info: Microsoft.AspNetCore.Mvc.Internal.ControllerActionInvoker[2]
      Executed action NCSw.HERO.Web.Areas.Admin.Controllers.AppointmentController.Index (NCSw.HERO.Web) in 412.1177ms
info: Microsoft.AspNetCore.Hosting.Internal.WebHost[2]
      Request finished in 746.0711ms 200 text/html; charset=utf-8
info: Microsoft.AspNetCore.Hosting.Internal.WebHost[1]
      Request starting HTTP/1.1 GET http://erp.hero.net/admin/plugin/SearchList?_=1557973328469  
info: Microsoft.EntityFrameworkCore.Infrastructure[10403]
      Entity Framework Core 2.2.4-servicing-10062 initialized 'NopObjectContext' using provider 'Microsoft.EntityFrameworkCore.SqlServer' with options: using lazy-loading proxies 
info: Microsoft.EntityFrameworkCore.Database.Command[20101]
      Executed DbCommand (21ms) [Parameters=[@__email_0='?' (Size = 1000)], CommandType='Text', CommandTimeout='30']
      SELECT TOP(1) [c].[Id], [c].[Active], [c].[AdminComment], [c].[AffiliateId], [c].[BillingAddress_Id], [c].[CannotLoginUntilDateUtc], [c].[CreatedOnUtc], [c].[CustomerGuid], [c].[Deleted], [c].[Email], [c].[EmailToRevalidate], [c].[FailedLoginAttempts], [c].[HasShoppingCartItems], [c].[IsSystemAccount], [c].[IsTaxExempt], [c].[LastActivityDateUtc], [c].[LastIpAddress], [c].[LastLoginDateUtc], [c].[RegisteredInStoreId], [c].[RequireReLogin], [c].[ShippingAddress_Id], [c].[SystemName], [c].[Username], [c].[VendorId]
      FROM [Customer] AS [c]
      WHERE [c].[Email] = @__email_0
      ORDER BY [c].[Id]
info: Microsoft.EntityFrameworkCore.Database.Command[20101]
      Executed DbCommand (31ms) [Parameters=[@__get_Item_0='?' (DbType = Int32)], CommandType='Text', CommandTimeout='30']
      SELECT [e].[Customer_Id], [e].[CustomerRole_Id]
      FROM [Customer_CustomerRole_Mapping] AS [e]
      WHERE [e].[Customer_Id] = @__get_Item_0
info: Microsoft.EntityFrameworkCore.Database.Command[20101]
      Executed DbCommand (16ms) [Parameters=[@__get_Item_0='?' (DbType = Int32)], CommandType='Text', CommandTimeout='30']
      SELECT [e].[Id], [e].[Active], [e].[DefaultTaxDisplayTypeId], [e].[EnablePasswordLifetime], [e].[FreeShipping], [e].[IsSystemRole], [e].[Name], [e].[OverrideTaxDisplayType], [e].[PurchasedWithProductId], [e].[SystemName], [e].[TaxExempt]
      FROM [CustomerRole] AS [e]
      WHERE [e].[Id] = @__get_Item_0
info: Microsoft.EntityFrameworkCore.Database.Command[20101]
      Executed DbCommand (19ms) [Parameters=[@__get_Item_0='?' (DbType = Int32)], CommandType='Text', CommandTimeout='30']
      SELECT [e].[Id], [e].[Active], [e].[DefaultTaxDisplayTypeId], [e].[EnablePasswordLifetime], [e].[FreeShipping], [e].[IsSystemRole], [e].[Name], [e].[OverrideTaxDisplayType], [e].[PurchasedWithProductId], [e].[SystemName], [e].[TaxExempt]
      FROM [CustomerRole] AS [e]
      WHERE [e].[Id] = @__get_Item_0
info: Microsoft.EntityFrameworkCore.Database.Command[20101]
      Executed DbCommand (10ms) [Parameters=[@__entityId_0='?' (DbType = Int32), @__keyGroup_1='?' (Size = 400)], CommandType='Text', CommandTimeout='30']
      SELECT [ga].[Id], [ga].[EntityId], [ga].[Key], [ga].[KeyGroup], [ga].[StoreId], [ga].[Value]
      FROM [GenericAttribute] AS [ga]
      WHERE ([ga].[EntityId] = @__entityId_0) AND ([ga].[KeyGroup] = @__keyGroup_1)
info: Microsoft.AspNetCore.Mvc.Internal.ControllerActionInvoker[1]
      Route matched with {area = "Admin", action = "SearchList", controller = "Plugin"}. Executing action NCSw.HERO.Web.Areas.Admin.Controllers.PluginController.SearchList (NCSw.HERO.Web)
info: Microsoft.AspNetCore.Mvc.Internal.ControllerActionInvoker[1]
      Executing action method NCSw.HERO.Web.Areas.Admin.Controllers.PluginController.SearchList (NCSw.HERO.Web) - Validation state: Valid
info: Microsoft.AspNetCore.Mvc.Internal.ControllerActionInvoker[2]
      Executed action method NCSw.HERO.Web.Areas.Admin.Controllers.PluginController.SearchList (NCSw.HERO.Web), returned result Microsoft.AspNetCore.Mvc.JsonResult in 0.2367ms.
info: Microsoft.AspNetCore.Mvc.Formatters.Json.Internal.JsonResultExecutor[1]
      Executing JsonResult, writing value of type 'System.Collections.Generic.List`1[[<>f__AnonymousType22`5[[System.String, System.Private.CoreLib, Version=4.0.0.0, Culture=neutral, PublicKeyToken=7cec85d7bea7798e],[System.String, System.Private.CoreLib, Version=4.0.0.0, Culture=neutral, PublicKeyToken=7cec85d7bea7798e],[System.String, System.Private.CoreLib, Version=4.0.0.0, Culture=neutral, PublicKeyToken=7cec85d7bea7798e],[System.String, System.Private.CoreLib, Version=4.0.0.0, Culture=neutral, PublicKeyToken=7cec85d7bea7798e],[System.Int32, System.Private.CoreLib, Version=4.0.0.0, Culture=neutral, PublicKeyToken=7cec85d7bea7798e]], NCSw.HERO.Web, Version=4.1.0.0, Culture=neutral, PublicKeyToken=null]]'.
info: Microsoft.AspNetCore.Mvc.Internal.ControllerActionInvoker[2]
      Executed action NCSw.HERO.Web.Areas.Admin.Controllers.PluginController.SearchList (NCSw.HERO.Web) in 1.9658ms
info: Microsoft.AspNetCore.Hosting.Internal.WebHost[2]
      Request finished in 140.4176ms 200 application/json; charset=utf-8
info: Microsoft.AspNetCore.Hosting.Internal.WebHost[1]
      Request starting HTTP/1.1 GET http://erp.hero.net/Admin/Switchboard  
info: Microsoft.EntityFrameworkCore.Infrastructure[10403]
      Entity Framework Core 2.2.4-servicing-10062 initialized 'NopObjectContext' using provider 'Microsoft.EntityFrameworkCore.SqlServer' with options: using lazy-loading proxies 
info: Microsoft.EntityFrameworkCore.Database.Command[20101]
      Executed DbCommand (22ms) [Parameters=[@__email_0='?' (Size = 1000)], CommandType='Text', CommandTimeout='30']
      SELECT TOP(1) [c].[Id], [c].[Active], [c].[AdminComment], [c].[AffiliateId], [c].[BillingAddress_Id], [c].[CannotLoginUntilDateUtc], [c].[CreatedOnUtc], [c].[CustomerGuid], [c].[Deleted], [c].[Email], [c].[EmailToRevalidate], [c].[FailedLoginAttempts], [c].[HasShoppingCartItems], [c].[IsSystemAccount], [c].[IsTaxExempt], [c].[LastActivityDateUtc], [c].[LastIpAddress], [c].[LastLoginDateUtc], [c].[RegisteredInStoreId], [c].[RequireReLogin], [c].[ShippingAddress_Id], [c].[SystemName], [c].[Username], [c].[VendorId]
      FROM [Customer] AS [c]
      WHERE [c].[Email] = @__email_0
      ORDER BY [c].[Id]
info: Microsoft.EntityFrameworkCore.Database.Command[20101]
      Executed DbCommand (14ms) [Parameters=[@__get_Item_0='?' (DbType = Int32)], CommandType='Text', CommandTimeout='30']
      SELECT [e].[Customer_Id], [e].[CustomerRole_Id]
      FROM [Customer_CustomerRole_Mapping] AS [e]
      WHERE [e].[Customer_Id] = @__get_Item_0
info: Microsoft.EntityFrameworkCore.Database.Command[20101]
      Executed DbCommand (21ms) [Parameters=[@__get_Item_0='?' (DbType = Int32)], CommandType='Text', CommandTimeout='30']
      SELECT [e].[Id], [e].[Active], [e].[DefaultTaxDisplayTypeId], [e].[EnablePasswordLifetime], [e].[FreeShipping], [e].[IsSystemRole], [e].[Name], [e].[OverrideTaxDisplayType], [e].[PurchasedWithProductId], [e].[SystemName], [e].[TaxExempt]
      FROM [CustomerRole] AS [e]
      WHERE [e].[Id] = @__get_Item_0
info: Microsoft.EntityFrameworkCore.Database.Command[20101]
      Executed DbCommand (7ms) [Parameters=[@__get_Item_0='?' (DbType = Int32)], CommandType='Text', CommandTimeout='30']
      SELECT [e].[Id], [e].[Active], [e].[DefaultTaxDisplayTypeId], [e].[EnablePasswordLifetime], [e].[FreeShipping], [e].[IsSystemRole], [e].[Name], [e].[OverrideTaxDisplayType], [e].[PurchasedWithProductId], [e].[SystemName], [e].[TaxExempt]
      FROM [CustomerRole] AS [e]
      WHERE [e].[Id] = @__get_Item_0
info: Microsoft.EntityFrameworkCore.Database.Command[20101]
      Executed DbCommand (298ms) [Parameters=[@__entityId_0='?' (DbType = Int32), @__keyGroup_1='?' (Size = 400)], CommandType='Text', CommandTimeout='30']
      SELECT [ga].[Id], [ga].[EntityId], [ga].[Key], [ga].[KeyGroup], [ga].[StoreId], [ga].[Value]
      FROM [GenericAttribute] AS [ga]
      WHERE ([ga].[EntityId] = @__entityId_0) AND ([ga].[KeyGroup] = @__keyGroup_1)
info: Microsoft.AspNetCore.Mvc.Internal.ControllerActionInvoker[1]
      Route matched with {area = "Admin", action = "Index", controller = "Switchboard"}. Executing action NCSw.HERO.Web.Areas.Admin.Controllers.SwitchboardController.Index (NCSw.HERO.Web)
info: Microsoft.AspNetCore.Mvc.Internal.ControllerActionInvoker[1]
      Executing action method NCSw.HERO.Web.Areas.Admin.Controllers.SwitchboardController.Index (NCSw.HERO.Web) - Validation state: Valid
info: Microsoft.EntityFrameworkCore.Database.Command[20101]
      Executed DbCommand (18ms) [Parameters=[], CommandType='Text', CommandTimeout='30']
      SELECT [c].[Id], [c].[Active], [c].[Address], [c].[Code], [c].[CreatedBy], [c].[CreatedOnUtc], [c].[Deleted], [c].[Description], [c].[HospitalId], [c].[Name], [c].[ParentId], [c].[Path], [c].[UpdatedBy], [c].[UpdatedOnUtc]
      FROM [hero].[Department] AS [c]
      WHERE ([c].[Active] = 1) AND ([c].[Deleted] = 0)
      ORDER BY [c].[Path]
info: Microsoft.EntityFrameworkCore.Database.Command[20101]
      Executed DbCommand (16ms) [Parameters=[], CommandType='Text', CommandTimeout='30']
      SELECT [c].[Id], [c].[Active], [c].[Code], [c].[CreatedBy], [c].[CreatedOnUtc], [c].[Deleted], [c].[Description], [c].[DisplayOrder], [c].[HospitalId], [c].[Name], [c].[ProcessTime], [c].[UpdatedBy], [c].[UpdatedOnUtc]
      FROM [hero].[Service] AS [c]
      WHERE [c].[Active] = 1
      ORDER BY [c].[DisplayOrder], [c].[Name]
info: Microsoft.EntityFrameworkCore.Database.Command[20101]
      Executed DbCommand (25ms) [Parameters=[], CommandType='Text', CommandTimeout='30']
      SELECT [o].[Id], [o].[Address], [o].[BirthDay], [o].[Code], [o].[Email], [o].[FullName], [o].[Gender], [o].[IdentityCard], [o].[PhoneNumber]
      FROM [hero].[Doctor] AS [o]
      ORDER BY [o].[Id] DESC, [o].[FullName] DESC
info: Microsoft.AspNetCore.Mvc.Internal.ControllerActionInvoker[2]
      Executed action method NCSw.HERO.Web.Areas.Admin.Controllers.SwitchboardController.Index (NCSw.HERO.Web), returned result Microsoft.AspNetCore.Mvc.ViewResult in 142.5682ms.
info: Microsoft.AspNetCore.Mvc.ViewFeatures.ViewResultExecutor[1]
      Executing ViewResult, running view Index.
info: Microsoft.AspNetCore.Mvc.ViewFeatures.ViewResultExecutor[4]
      Executed ViewResult - view Index executed in 1534.4966ms.
info: Microsoft.AspNetCore.Mvc.Internal.ControllerActionInvoker[2]
      Executed action NCSw.HERO.Web.Areas.Admin.Controllers.SwitchboardController.Index (NCSw.HERO.Web) in 1680.0258ms
info: Microsoft.AspNetCore.Hosting.Internal.WebHost[2]
      Request finished in 2115.6029ms 200 text/html; charset=utf-8
info: Microsoft.AspNetCore.Hosting.Internal.WebHost[1]
      Request starting HTTP/1.1 GET http://erp.hero.net/bundles/dddejk-6qs_bv8lzwjetwnuzgq_jrhzmeolvgdsbdsy.min.js  
info: Microsoft.AspNetCore.Hosting.Internal.WebHost[1]
      Request starting HTTP/1.1 GET http://erp.hero.net/css/admin/images/icon-phone.png  
info: Microsoft.AspNetCore.StaticFiles.StaticFileMiddleware[2]
      Sending file. Request path: '/bundles/dddejk-6qs_bv8lzwjetwnuzgq_jrhzmeolvgdsbdsy.min.js'. Physical path: 'E:\HERO\Presentation\NCSw.HERO.Web\wwwroot\bundles\dddejk-6qs_bv8lzwjetwnuzgq_jrhzmeolvgdsbdsy.min.js'
info: Microsoft.AspNetCore.StaticFiles.StaticFileMiddleware[2]
      Sending file. Request path: '/css/admin/images/icon-phone.png'. Physical path: 'E:\HERO\Presentation\NCSw.HERO.Web\wwwroot\css\admin\images\icon-phone.png'
info: Microsoft.AspNetCore.Hosting.Internal.WebHost[2]
      Request finished in 1.2619ms 200 application/javascript
info: Microsoft.AspNetCore.Hosting.Internal.WebHost[2]
      Request finished in 0.9228ms 200 image/png
info: Microsoft.AspNetCore.Hosting.Internal.WebHost[1]
      Request starting HTTP/1.1 GET http://erp.hero.net/bundles/xpv43kw3fzhdxy-njqfihvk2ojemkesnkohmbseid3m.min.css  
info: Microsoft.AspNetCore.StaticFiles.StaticFileMiddleware[2]
      Sending file. Request path: '/bundles/xpv43kw3fzhdxy-njqfihvk2ojemkesnkohmbseid3m.min.css'. Physical path: 'E:\HERO\Presentation\NCSw.HERO.Web\wwwroot\bundles\xpv43kw3fzhdxy-njqfihvk2ojemkesnkohmbseid3m.min.css'
info: Microsoft.AspNetCore.Hosting.Internal.WebHost[2]
      Request finished in 15.6418ms 200 text/css
info: Microsoft.AspNetCore.Hosting.Internal.WebHost[1]
      Request starting HTTP/1.1 GET http://erp.hero.net/css/admin/fonts/Montserrat-Medium.ttf  
info: Microsoft.AspNetCore.Hosting.Internal.WebHost[1]
      Request starting HTTP/1.1 GET http://erp.hero.net/css/admin/fonts/Montserrat-Regular.ttf  
info: Microsoft.AspNetCore.StaticFiles.StaticFileMiddleware[2]
      Sending file. Request path: '/css/admin/fonts/Montserrat-Regular.ttf'. Physical path: 'E:\HERO\Presentation\NCSw.HERO.Web\wwwroot\css\admin\fonts\Montserrat-Regular.ttf'
info: Microsoft.AspNetCore.Hosting.Internal.WebHost[2]
      Request finished in 33.9951ms 200 application/x-font-ttf
info: Microsoft.AspNetCore.StaticFiles.StaticFileMiddleware[2]
      Sending file. Request path: '/css/admin/fonts/Montserrat-Medium.ttf'. Physical path: 'E:\HERO\Presentation\NCSw.HERO.Web\wwwroot\css\admin\fonts\Montserrat-Medium.ttf'
info: Microsoft.AspNetCore.Hosting.Internal.WebHost[2]
      Request finished in 115.4796ms 200 application/x-font-ttf
info: Microsoft.AspNetCore.Hosting.Internal.WebHost[1]
      Request starting HTTP/1.1 GET http://erp.hero.net/css/admin/fonts/Montserrat-SemiBold.ttf  
info: Microsoft.AspNetCore.StaticFiles.StaticFileMiddleware[2]
      Sending file. Request path: '/css/admin/fonts/Montserrat-SemiBold.ttf'. Physical path: 'E:\HERO\Presentation\NCSw.HERO.Web\wwwroot\css\admin\fonts\Montserrat-SemiBold.ttf'
info: Microsoft.AspNetCore.Hosting.Internal.WebHost[2]
      Request finished in 23.2877ms 200 application/x-font-ttf
info: Microsoft.AspNetCore.Hosting.Internal.WebHost[1]
      Request starting HTTP/1.1 GET http://erp.hero.net/admin/plugin/SearchList?_=1557973333235  
info: Microsoft.EntityFrameworkCore.Infrastructure[10403]
      Entity Framework Core 2.2.4-servicing-10062 initialized 'NopObjectContext' using provider 'Microsoft.EntityFrameworkCore.SqlServer' with options: using lazy-loading proxies 
info: Microsoft.EntityFrameworkCore.Database.Command[20101]
      Executed DbCommand (13ms) [Parameters=[@__email_0='?' (Size = 1000)], CommandType='Text', CommandTimeout='30']
      SELECT TOP(1) [c].[Id], [c].[Active], [c].[AdminComment], [c].[AffiliateId], [c].[BillingAddress_Id], [c].[CannotLoginUntilDateUtc], [c].[CreatedOnUtc], [c].[CustomerGuid], [c].[Deleted], [c].[Email], [c].[EmailToRevalidate], [c].[FailedLoginAttempts], [c].[HasShoppingCartItems], [c].[IsSystemAccount], [c].[IsTaxExempt], [c].[LastActivityDateUtc], [c].[LastIpAddress], [c].[LastLoginDateUtc], [c].[RegisteredInStoreId], [c].[RequireReLogin], [c].[ShippingAddress_Id], [c].[SystemName], [c].[Username], [c].[VendorId]
      FROM [Customer] AS [c]
      WHERE [c].[Email] = @__email_0
      ORDER BY [c].[Id]
info: Microsoft.EntityFrameworkCore.Database.Command[20101]
      Executed DbCommand (19ms) [Parameters=[@__get_Item_0='?' (DbType = Int32)], CommandType='Text', CommandTimeout='30']
      SELECT [e].[Customer_Id], [e].[CustomerRole_Id]
      FROM [Customer_CustomerRole_Mapping] AS [e]
      WHERE [e].[Customer_Id] = @__get_Item_0
info: Microsoft.EntityFrameworkCore.Database.Command[20101]
      Executed DbCommand (19ms) [Parameters=[@__get_Item_0='?' (DbType = Int32)], CommandType='Text', CommandTimeout='30']
      SELECT [e].[Id], [e].[Active], [e].[DefaultTaxDisplayTypeId], [e].[EnablePasswordLifetime], [e].[FreeShipping], [e].[IsSystemRole], [e].[Name], [e].[OverrideTaxDisplayType], [e].[PurchasedWithProductId], [e].[SystemName], [e].[TaxExempt]
      FROM [CustomerRole] AS [e]
      WHERE [e].[Id] = @__get_Item_0
info: Microsoft.EntityFrameworkCore.Database.Command[20101]
      Executed DbCommand (42ms) [Parameters=[@__get_Item_0='?' (DbType = Int32)], CommandType='Text', CommandTimeout='30']
      SELECT [e].[Id], [e].[Active], [e].[DefaultTaxDisplayTypeId], [e].[EnablePasswordLifetime], [e].[FreeShipping], [e].[IsSystemRole], [e].[Name], [e].[OverrideTaxDisplayType], [e].[PurchasedWithProductId], [e].[SystemName], [e].[TaxExempt]
      FROM [CustomerRole] AS [e]
      WHERE [e].[Id] = @__get_Item_0
info: Microsoft.EntityFrameworkCore.Database.Command[20101]
      Executed DbCommand (14ms) [Parameters=[@__entityId_0='?' (DbType = Int32), @__keyGroup_1='?' (Size = 400)], CommandType='Text', CommandTimeout='30']
      SELECT [ga].[Id], [ga].[EntityId], [ga].[Key], [ga].[KeyGroup], [ga].[StoreId], [ga].[Value]
      FROM [GenericAttribute] AS [ga]
      WHERE ([ga].[EntityId] = @__entityId_0) AND ([ga].[KeyGroup] = @__keyGroup_1)
info: Microsoft.AspNetCore.Mvc.Internal.ControllerActionInvoker[1]
      Route matched with {area = "Admin", action = "SearchList", controller = "Plugin"}. Executing action NCSw.HERO.Web.Areas.Admin.Controllers.PluginController.SearchList (NCSw.HERO.Web)
info: Microsoft.AspNetCore.Mvc.Internal.ControllerActionInvoker[1]
      Executing action method NCSw.HERO.Web.Areas.Admin.Controllers.PluginController.SearchList (NCSw.HERO.Web) - Validation state: Valid
info: Microsoft.AspNetCore.Mvc.Internal.ControllerActionInvoker[2]
      Executed action method NCSw.HERO.Web.Areas.Admin.Controllers.PluginController.SearchList (NCSw.HERO.Web), returned result Microsoft.AspNetCore.Mvc.JsonResult in 0.1137ms.
info: Microsoft.AspNetCore.Mvc.Formatters.Json.Internal.JsonResultExecutor[1]
      Executing JsonResult, writing value of type 'System.Collections.Generic.List`1[[<>f__AnonymousType22`5[[System.String, System.Private.CoreLib, Version=4.0.0.0, Culture=neutral, PublicKeyToken=7cec85d7bea7798e],[System.String, System.Private.CoreLib, Version=4.0.0.0, Culture=neutral, PublicKeyToken=7cec85d7bea7798e],[System.String, System.Private.CoreLib, Version=4.0.0.0, Culture=neutral, PublicKeyToken=7cec85d7bea7798e],[System.String, System.Private.CoreLib, Version=4.0.0.0, Culture=neutral, PublicKeyToken=7cec85d7bea7798e],[System.Int32, System.Private.CoreLib, Version=4.0.0.0, Culture=neutral, PublicKeyToken=7cec85d7bea7798e]], NCSw.HERO.Web, Version=4.1.0.0, Culture=neutral, PublicKeyToken=null]]'.
info: Microsoft.AspNetCore.Mvc.Internal.ControllerActionInvoker[2]
      Executed action NCSw.HERO.Web.Areas.Admin.Controllers.PluginController.SearchList (NCSw.HERO.Web) in 1.7474ms
info: Microsoft.AspNetCore.Hosting.Internal.WebHost[2]
      Request finished in 158.5291ms 200 application/json; charset=utf-8
info: Microsoft.AspNetCore.Hosting.Internal.WebHost[1]
      Request starting HTTP/1.1 GET http://erp.hero.net/Admin/CustomersList  
info: Microsoft.EntityFrameworkCore.Infrastructure[10403]
      Entity Framework Core 2.2.4-servicing-10062 initialized 'NopObjectContext' using provider 'Microsoft.EntityFrameworkCore.SqlServer' with options: using lazy-loading proxies 
info: Microsoft.EntityFrameworkCore.Database.Command[20101]
      Executed DbCommand (60ms) [Parameters=[@__email_0='?' (Size = 1000)], CommandType='Text', CommandTimeout='30']
      SELECT TOP(1) [c].[Id], [c].[Active], [c].[AdminComment], [c].[AffiliateId], [c].[BillingAddress_Id], [c].[CannotLoginUntilDateUtc], [c].[CreatedOnUtc], [c].[CustomerGuid], [c].[Deleted], [c].[Email], [c].[EmailToRevalidate], [c].[FailedLoginAttempts], [c].[HasShoppingCartItems], [c].[IsSystemAccount], [c].[IsTaxExempt], [c].[LastActivityDateUtc], [c].[LastIpAddress], [c].[LastLoginDateUtc], [c].[RegisteredInStoreId], [c].[RequireReLogin], [c].[ShippingAddress_Id], [c].[SystemName], [c].[Username], [c].[VendorId]
      FROM [Customer] AS [c]
      WHERE [c].[Email] = @__email_0
      ORDER BY [c].[Id]
info: Microsoft.EntityFrameworkCore.Database.Command[20101]
      Executed DbCommand (21ms) [Parameters=[@__get_Item_0='?' (DbType = Int32)], CommandType='Text', CommandTimeout='30']
      SELECT [e].[Customer_Id], [e].[CustomerRole_Id]
      FROM [Customer_CustomerRole_Mapping] AS [e]
      WHERE [e].[Customer_Id] = @__get_Item_0
info: Microsoft.EntityFrameworkCore.Database.Command[20101]
      Executed DbCommand (34ms) [Parameters=[@__get_Item_0='?' (DbType = Int32)], CommandType='Text', CommandTimeout='30']
      SELECT [e].[Id], [e].[Active], [e].[DefaultTaxDisplayTypeId], [e].[EnablePasswordLifetime], [e].[FreeShipping], [e].[IsSystemRole], [e].[Name], [e].[OverrideTaxDisplayType], [e].[PurchasedWithProductId], [e].[SystemName], [e].[TaxExempt]
      FROM [CustomerRole] AS [e]
      WHERE [e].[Id] = @__get_Item_0
info: Microsoft.EntityFrameworkCore.Database.Command[20101]
      Executed DbCommand (15ms) [Parameters=[@__get_Item_0='?' (DbType = Int32)], CommandType='Text', CommandTimeout='30']
      SELECT [e].[Id], [e].[Active], [e].[DefaultTaxDisplayTypeId], [e].[EnablePasswordLifetime], [e].[FreeShipping], [e].[IsSystemRole], [e].[Name], [e].[OverrideTaxDisplayType], [e].[PurchasedWithProductId], [e].[SystemName], [e].[TaxExempt]
      FROM [CustomerRole] AS [e]
      WHERE [e].[Id] = @__get_Item_0
info: Microsoft.EntityFrameworkCore.Database.Command[20101]
      Executed DbCommand (10ms) [Parameters=[@__entityId_0='?' (DbType = Int32), @__keyGroup_1='?' (Size = 400)], CommandType='Text', CommandTimeout='30']
      SELECT [ga].[Id], [ga].[EntityId], [ga].[Key], [ga].[KeyGroup], [ga].[StoreId], [ga].[Value]
      FROM [GenericAttribute] AS [ga]
      WHERE ([ga].[EntityId] = @__entityId_0) AND ([ga].[KeyGroup] = @__keyGroup_1)
info: Microsoft.AspNetCore.Mvc.Internal.ControllerActionInvoker[1]
      Route matched with {area = "Admin", action = "Index", controller = "CustomersList"}. Executing action NCSw.HERO.Web.Areas.Admin.Controllers.CustomersListController.Index (NCSw.HERO.Web)
info: Microsoft.AspNetCore.Mvc.Internal.ControllerActionInvoker[1]
      Executing action method NCSw.HERO.Web.Areas.Admin.Controllers.CustomersListController.Index (NCSw.HERO.Web) - Validation state: Valid
info: Microsoft.AspNetCore.Mvc.Internal.ControllerActionInvoker[2]
      Executed action method NCSw.HERO.Web.Areas.Admin.Controllers.CustomersListController.Index (NCSw.HERO.Web), returned result Microsoft.AspNetCore.Mvc.ViewResult in 0.1238ms.
info: Microsoft.AspNetCore.Mvc.ViewFeatures.ViewResultExecutor[1]
      Executing ViewResult, running view Index.
info: Microsoft.AspNetCore.Mvc.ViewFeatures.ViewResultExecutor[4]
      Executed ViewResult - view Index executed in 317.9428ms.
info: Microsoft.AspNetCore.Mvc.Internal.ControllerActionInvoker[2]
      Executed action NCSw.HERO.Web.Areas.Admin.Controllers.CustomersListController.Index (NCSw.HERO.Web) in 318.5361ms
info: Microsoft.AspNetCore.Hosting.Internal.WebHost[2]
      Request finished in 530.705ms 200 text/html; charset=utf-8
info: Microsoft.AspNetCore.Hosting.Internal.WebHost[1]
      Request starting HTTP/1.1 GET http://erp.hero.net/admin/plugin/SearchList?_=1557973336584  
info: Microsoft.EntityFrameworkCore.Infrastructure[10403]
      Entity Framework Core 2.2.4-servicing-10062 initialized 'NopObjectContext' using provider 'Microsoft.EntityFrameworkCore.SqlServer' with options: using lazy-loading proxies 
info: Microsoft.EntityFrameworkCore.Database.Command[20101]
      Executed DbCommand (55ms) [Parameters=[@__email_0='?' (Size = 1000)], CommandType='Text', CommandTimeout='30']
      SELECT TOP(1) [c].[Id], [c].[Active], [c].[AdminComment], [c].[AffiliateId], [c].[BillingAddress_Id], [c].[CannotLoginUntilDateUtc], [c].[CreatedOnUtc], [c].[CustomerGuid], [c].[Deleted], [c].[Email], [c].[EmailToRevalidate], [c].[FailedLoginAttempts], [c].[HasShoppingCartItems], [c].[IsSystemAccount], [c].[IsTaxExempt], [c].[LastActivityDateUtc], [c].[LastIpAddress], [c].[LastLoginDateUtc], [c].[RegisteredInStoreId], [c].[RequireReLogin], [c].[ShippingAddress_Id], [c].[SystemName], [c].[Username], [c].[VendorId]
      FROM [Customer] AS [c]
      WHERE [c].[Email] = @__email_0
      ORDER BY [c].[Id]
info: Microsoft.EntityFrameworkCore.Database.Command[20101]
      Executed DbCommand (11ms) [Parameters=[@__get_Item_0='?' (DbType = Int32)], CommandType='Text', CommandTimeout='30']
      SELECT [e].[Customer_Id], [e].[CustomerRole_Id]
      FROM [Customer_CustomerRole_Mapping] AS [e]
      WHERE [e].[Customer_Id] = @__get_Item_0
info: Microsoft.EntityFrameworkCore.Database.Command[20101]
      Executed DbCommand (31ms) [Parameters=[@__get_Item_0='?' (DbType = Int32)], CommandType='Text', CommandTimeout='30']
      SELECT [e].[Id], [e].[Active], [e].[DefaultTaxDisplayTypeId], [e].[EnablePasswordLifetime], [e].[FreeShipping], [e].[IsSystemRole], [e].[Name], [e].[OverrideTaxDisplayType], [e].[PurchasedWithProductId], [e].[SystemName], [e].[TaxExempt]
      FROM [CustomerRole] AS [e]
      WHERE [e].[Id] = @__get_Item_0
info: Microsoft.EntityFrameworkCore.Database.Command[20101]
      Executed DbCommand (11ms) [Parameters=[@__get_Item_0='?' (DbType = Int32)], CommandType='Text', CommandTimeout='30']
      SELECT [e].[Id], [e].[Active], [e].[DefaultTaxDisplayTypeId], [e].[EnablePasswordLifetime], [e].[FreeShipping], [e].[IsSystemRole], [e].[Name], [e].[OverrideTaxDisplayType], [e].[PurchasedWithProductId], [e].[SystemName], [e].[TaxExempt]
      FROM [CustomerRole] AS [e]
      WHERE [e].[Id] = @__get_Item_0
info: Microsoft.EntityFrameworkCore.Database.Command[20101]
      Executed DbCommand (17ms) [Parameters=[@__entityId_0='?' (DbType = Int32), @__keyGroup_1='?' (Size = 400)], CommandType='Text', CommandTimeout='30']
      SELECT [ga].[Id], [ga].[EntityId], [ga].[Key], [ga].[KeyGroup], [ga].[StoreId], [ga].[Value]
      FROM [GenericAttribute] AS [ga]
      WHERE ([ga].[EntityId] = @__entityId_0) AND ([ga].[KeyGroup] = @__keyGroup_1)
info: Microsoft.AspNetCore.Mvc.Internal.ControllerActionInvoker[1]
      Route matched with {area = "Admin", action = "SearchList", controller = "Plugin"}. Executing action NCSw.HERO.Web.Areas.Admin.Controllers.PluginController.SearchList (NCSw.HERO.Web)
info: Microsoft.AspNetCore.Mvc.Internal.ControllerActionInvoker[1]
      Executing action method NCSw.HERO.Web.Areas.Admin.Controllers.PluginController.SearchList (NCSw.HERO.Web) - Validation state: Valid
info: Microsoft.AspNetCore.Mvc.Internal.ControllerActionInvoker[2]
      Executed action method NCSw.HERO.Web.Areas.Admin.Controllers.PluginController.SearchList (NCSw.HERO.Web), returned result Microsoft.AspNetCore.Mvc.JsonResult in 0.1971ms.
info: Microsoft.AspNetCore.Mvc.Formatters.Json.Internal.JsonResultExecutor[1]
      Executing JsonResult, writing value of type 'System.Collections.Generic.List`1[[<>f__AnonymousType22`5[[System.String, System.Private.CoreLib, Version=4.0.0.0, Culture=neutral, PublicKeyToken=7cec85d7bea7798e],[System.String, System.Private.CoreLib, Version=4.0.0.0, Culture=neutral, PublicKeyToken=7cec85d7bea7798e],[System.String, System.Private.CoreLib, Version=4.0.0.0, Culture=neutral, PublicKeyToken=7cec85d7bea7798e],[System.String, System.Private.CoreLib, Version=4.0.0.0, Culture=neutral, PublicKeyToken=7cec85d7bea7798e],[System.Int32, System.Private.CoreLib, Version=4.0.0.0, Culture=neutral, PublicKeyToken=7cec85d7bea7798e]], NCSw.HERO.Web, Version=4.1.0.0, Culture=neutral, PublicKeyToken=null]]'.
info: Microsoft.AspNetCore.Mvc.Internal.ControllerActionInvoker[2]
      Executed action NCSw.HERO.Web.Areas.Admin.Controllers.PluginController.SearchList (NCSw.HERO.Web) in 2.215ms
info: Microsoft.AspNetCore.Hosting.Internal.WebHost[2]
      Request finished in 172.9275ms 200 application/json; charset=utf-8
info: Microsoft.EntityFrameworkCore.Infrastructure[10403]
      Entity Framework Core 2.2.4-servicing-10062 initialized 'NopObjectContext' using provider 'Microsoft.EntityFrameworkCore.SqlServer' with options: using lazy-loading proxies 
info: Microsoft.EntityFrameworkCore.Database.Command[20101]
      Executed DbCommand (30ms) [Parameters=[@p0='?' (DbType = DateTime2), @p1='?' (DbType = Int32), @p2='?' (Size = 4000), @p3='?' (Size = 200), @p4='?' (DbType = Int32), @p5='?' (Size = 4000), @p6='?' (Size = 4000), @p7='?' (Size = 4000)], CommandType='Text', CommandTimeout='30']
      SET NOCOUNT ON;
      INSERT INTO [Log] ([CreatedOnUtc], [CustomerId], [FullMessage], [IpAddress], [LogLevelId], [PageUrl], [ReferrerUrl], [ShortMessage])
      VALUES (@p0, @p1, @p2, @p3, @p4, @p5, @p6, @p7);
      SELECT [Id]
      FROM [Log]
      WHERE @@ROWCOUNT = 1 AND [Id] = scope_identity();
info: Microsoft.EntityFrameworkCore.Infrastructure[10403]
      Entity Framework Core 2.2.4-servicing-10062 initialized 'NopObjectContext' using provider 'Microsoft.EntityFrameworkCore.SqlServer' with options: using lazy-loading proxies 
info: Microsoft.EntityFrameworkCore.Database.Command[20101]
      Executed DbCommand (15ms) [Parameters=[@p0='?' (DbType = DateTime2), @p1='?' (DbType = Int32), @p2='?' (Size = 4000), @p3='?' (Size = 200), @p4='?' (DbType = Int32), @p5='?' (Size = 4000), @p6='?' (Size = 4000), @p7='?' (Size = 4000)], CommandType='Text', CommandTimeout='30']
      SET NOCOUNT ON;
      INSERT INTO [Log] ([CreatedOnUtc], [CustomerId], [FullMessage], [IpAddress], [LogLevelId], [PageUrl], [ReferrerUrl], [ShortMessage])
      VALUES (@p0, @p1, @p2, @p3, @p4, @p5, @p6, @p7);
      SELECT [Id]
      FROM [Log]
      WHERE @@ROWCOUNT = 1 AND [Id] = scope_identity();
info: Microsoft.EntityFrameworkCore.Infrastructure[10403]
      Entity Framework Core 2.2.4-servicing-10062 initialized 'NopObjectContext' using provider 'Microsoft.EntityFrameworkCore.SqlServer' with options: using lazy-loading proxies 
info: Microsoft.EntityFrameworkCore.Database.Command[20101]
      Executed DbCommand (4ms) [Parameters=[@p0='?' (DbType = DateTime2), @p1='?' (DbType = Int32), @p2='?' (Size = 4000), @p3='?' (Size = 200), @p4='?' (DbType = Int32), @p5='?' (Size = 4000), @p6='?' (Size = 4000), @p7='?' (Size = 4000)], CommandType='Text', CommandTimeout='30']
      SET NOCOUNT ON;
      INSERT INTO [Log] ([CreatedOnUtc], [CustomerId], [FullMessage], [IpAddress], [LogLevelId], [PageUrl], [ReferrerUrl], [ShortMessage])
      VALUES (@p0, @p1, @p2, @p3, @p4, @p5, @p6, @p7);
      SELECT [Id]
      FROM [Log]
      WHERE @@ROWCOUNT = 1 AND [Id] = scope_identity();
info: Microsoft.EntityFrameworkCore.Infrastructure[10403]
      Entity Framework Core 2.2.4-servicing-10062 initialized 'NopObjectContext' using provider 'Microsoft.EntityFrameworkCore.SqlServer' with options: using lazy-loading proxies 
info: Microsoft.EntityFrameworkCore.Database.Command[20101]
      Executed DbCommand (12ms) [Parameters=[@p0='?' (DbType = DateTime2), @p1='?' (DbType = Int32), @p2='?' (Size = 4000), @p3='?' (Size = 200), @p4='?' (DbType = Int32), @p5='?' (Size = 4000), @p6='?' (Size = 4000), @p7='?' (Size = 4000)], CommandType='Text', CommandTimeout='30']
      SET NOCOUNT ON;
      INSERT INTO [Log] ([CreatedOnUtc], [CustomerId], [FullMessage], [IpAddress], [LogLevelId], [PageUrl], [ReferrerUrl], [ShortMessage])
      VALUES (@p0, @p1, @p2, @p3, @p4, @p5, @p6, @p7);
      SELECT [Id]
      FROM [Log]
      WHERE @@ROWCOUNT = 1 AND [Id] = scope_identity();
info: Microsoft.EntityFrameworkCore.Infrastructure[10403]
      Entity Framework Core 2.2.4-servicing-10062 initialized 'NopObjectContext' using provider 'Microsoft.EntityFrameworkCore.SqlServer' with options: using lazy-loading proxies 
info: Microsoft.EntityFrameworkCore.Database.Command[20101]
      Executed DbCommand (11ms) [Parameters=[@p0='?' (DbType = DateTime2), @p1='?' (DbType = Int32), @p2='?' (Size = 4000), @p3='?' (Size = 200), @p4='?' (DbType = Int32), @p5='?' (Size = 4000), @p6='?' (Size = 4000), @p7='?' (Size = 4000)], CommandType='Text', CommandTimeout='30']
      SET NOCOUNT ON;
      INSERT INTO [Log] ([CreatedOnUtc], [CustomerId], [FullMessage], [IpAddress], [LogLevelId], [PageUrl], [ReferrerUrl], [ShortMessage])
      VALUES (@p0, @p1, @p2, @p3, @p4, @p5, @p6, @p7);
      SELECT [Id]
      FROM [Log]
      WHERE @@ROWCOUNT = 1 AND [Id] = scope_identity();
info: Microsoft.EntityFrameworkCore.Infrastructure[10403]
      Entity Framework Core 2.2.4-servicing-10062 initialized 'NopObjectContext' using provider 'Microsoft.EntityFrameworkCore.SqlServer' with options: using lazy-loading proxies 
info: Microsoft.EntityFrameworkCore.Database.Command[20101]
      Executed DbCommand (19ms) [Parameters=[@p0='?' (DbType = DateTime2), @p1='?' (DbType = Int32), @p2='?' (Size = 4000), @p3='?' (Size = 200), @p4='?' (DbType = Int32), @p5='?' (Size = 4000), @p6='?' (Size = 4000), @p7='?' (Size = 4000)], CommandType='Text', CommandTimeout='30']
      SET NOCOUNT ON;
      INSERT INTO [Log] ([CreatedOnUtc], [CustomerId], [FullMessage], [IpAddress], [LogLevelId], [PageUrl], [ReferrerUrl], [ShortMessage])
      VALUES (@p0, @p1, @p2, @p3, @p4, @p5, @p6, @p7);
      SELECT [Id]
      FROM [Log]
      WHERE @@ROWCOUNT = 1 AND [Id] = scope_identity();
info: Microsoft.EntityFrameworkCore.Infrastructure[10403]
      Entity Framework Core 2.2.4-servicing-10062 initialized 'NopObjectContext' using provider 'Microsoft.EntityFrameworkCore.SqlServer' with options: using lazy-loading proxies 
info: Microsoft.EntityFrameworkCore.Database.Command[20101]
      Executed DbCommand (15ms) [Parameters=[@p0='?' (DbType = DateTime2), @p1='?' (DbType = Int32), @p2='?' (Size = 4000), @p3='?' (Size = 200), @p4='?' (DbType = Int32), @p5='?' (Size = 4000), @p6='?' (Size = 4000), @p7='?' (Size = 4000)], CommandType='Text', CommandTimeout='30']
      SET NOCOUNT ON;
      INSERT INTO [Log] ([CreatedOnUtc], [CustomerId], [FullMessage], [IpAddress], [LogLevelId], [PageUrl], [ReferrerUrl], [ShortMessage])
      VALUES (@p0, @p1, @p2, @p3, @p4, @p5, @p6, @p7);
      SELECT [Id]
      FROM [Log]
      WHERE @@ROWCOUNT = 1 AND [Id] = scope_identity();
info: Microsoft.EntityFrameworkCore.Infrastructure[10403]
      Entity Framework Core 2.2.4-servicing-10062 initialized 'NopObjectContext' using provider 'Microsoft.EntityFrameworkCore.SqlServer' with options: using lazy-loading proxies 
info: Microsoft.EntityFrameworkCore.Database.Command[20101]
      Executed DbCommand (13ms) [Parameters=[@p0='?' (DbType = DateTime2), @p1='?' (DbType = Int32), @p2='?' (Size = 4000), @p3='?' (Size = 200), @p4='?' (DbType = Int32), @p5='?' (Size = 4000), @p6='?' (Size = 4000), @p7='?' (Size = 4000)], CommandType='Text', CommandTimeout='30']
      SET NOCOUNT ON;
      INSERT INTO [Log] ([CreatedOnUtc], [CustomerId], [FullMessage], [IpAddress], [LogLevelId], [PageUrl], [ReferrerUrl], [ShortMessage])
      VALUES (@p0, @p1, @p2, @p3, @p4, @p5, @p6, @p7);
      SELECT [Id]
      FROM [Log]
      WHERE @@ROWCOUNT = 1 AND [Id] = scope_identity();
info: Microsoft.EntityFrameworkCore.Infrastructure[10403]
      Entity Framework Core 2.2.4-servicing-10062 initialized 'NopObjectContext' using provider 'Microsoft.EntityFrameworkCore.SqlServer' with options: using lazy-loading proxies 
info: Microsoft.EntityFrameworkCore.Database.Command[20101]
      Executed DbCommand (3ms) [Parameters=[@p0='?' (DbType = DateTime2), @p1='?' (DbType = Int32), @p2='?' (Size = 4000), @p3='?' (Size = 200), @p4='?' (DbType = Int32), @p5='?' (Size = 4000), @p6='?' (Size = 4000), @p7='?' (Size = 4000)], CommandType='Text', CommandTimeout='30']
      SET NOCOUNT ON;
      INSERT INTO [Log] ([CreatedOnUtc], [CustomerId], [FullMessage], [IpAddress], [LogLevelId], [PageUrl], [ReferrerUrl], [ShortMessage])
      VALUES (@p0, @p1, @p2, @p3, @p4, @p5, @p6, @p7);
      SELECT [Id]
      FROM [Log]
      WHERE @@ROWCOUNT = 1 AND [Id] = scope_identity();
info: Microsoft.EntityFrameworkCore.Infrastructure[10403]
      Entity Framework Core 2.2.4-servicing-10062 initialized 'NopObjectContext' using provider 'Microsoft.EntityFrameworkCore.SqlServer' with options: using lazy-loading proxies 
info: Microsoft.EntityFrameworkCore.Database.Command[20101]
      Executed DbCommand (2ms) [Parameters=[@p0='?' (DbType = DateTime2), @p1='?' (DbType = Int32), @p2='?' (Size = 4000), @p3='?' (Size = 200), @p4='?' (DbType = Int32), @p5='?' (Size = 4000), @p6='?' (Size = 4000), @p7='?' (Size = 4000)], CommandType='Text', CommandTimeout='30']
      SET NOCOUNT ON;
      INSERT INTO [Log] ([CreatedOnUtc], [CustomerId], [FullMessage], [IpAddress], [LogLevelId], [PageUrl], [ReferrerUrl], [ShortMessage])
      VALUES (@p0, @p1, @p2, @p3, @p4, @p5, @p6, @p7);
      SELECT [Id]
      FROM [Log]
      WHERE @@ROWCOUNT = 1 AND [Id] = scope_identity();
info: Microsoft.EntityFrameworkCore.Infrastructure[10403]
      Entity Framework Core 2.2.4-servicing-10062 initialized 'NopObjectContext' using provider 'Microsoft.EntityFrameworkCore.SqlServer' with options: using lazy-loading proxies 
info: Microsoft.EntityFrameworkCore.Database.Command[20101]
      Executed DbCommand (16ms) [Parameters=[@p0='?' (DbType = DateTime2), @p1='?' (DbType = Int32), @p2='?' (Size = 4000), @p3='?' (Size = 200), @p4='?' (DbType = Int32), @p5='?' (Size = 4000), @p6='?' (Size = 4000), @p7='?' (Size = 4000)], CommandType='Text', CommandTimeout='30']
      SET NOCOUNT ON;
      INSERT INTO [Log] ([CreatedOnUtc], [CustomerId], [FullMessage], [IpAddress], [LogLevelId], [PageUrl], [ReferrerUrl], [ShortMessage])
      VALUES (@p0, @p1, @p2, @p3, @p4, @p5, @p6, @p7);
      SELECT [Id]
      FROM [Log]
      WHERE @@ROWCOUNT = 1 AND [Id] = scope_identity();
info: Microsoft.EntityFrameworkCore.Infrastructure[10403]
      Entity Framework Core 2.2.4-servicing-10062 initialized 'NopObjectContext' using provider 'Microsoft.EntityFrameworkCore.SqlServer' with options: using lazy-loading proxies 
info: Microsoft.EntityFrameworkCore.Database.Command[20101]
      Executed DbCommand (30ms) [Parameters=[@p0='?' (DbType = DateTime2), @p1='?' (DbType = Int32), @p2='?' (Size = 4000), @p3='?' (Size = 200), @p4='?' (DbType = Int32), @p5='?' (Size = 4000), @p6='?' (Size = 4000), @p7='?' (Size = 4000)], CommandType='Text', CommandTimeout='30']
      SET NOCOUNT ON;
      INSERT INTO [Log] ([CreatedOnUtc], [CustomerId], [FullMessage], [IpAddress], [LogLevelId], [PageUrl], [ReferrerUrl], [ShortMessage])
      VALUES (@p0, @p1, @p2, @p3, @p4, @p5, @p6, @p7);
      SELECT [Id]
      FROM [Log]
      WHERE @@ROWCOUNT = 1 AND [Id] = scope_identity();
info: Microsoft.EntityFrameworkCore.Infrastructure[10403]
      Entity Framework Core 2.2.4-servicing-10062 initialized 'NopObjectContext' using provider 'Microsoft.EntityFrameworkCore.SqlServer' with options: using lazy-loading proxies 
info: Microsoft.EntityFrameworkCore.Database.Command[20101]
      Executed DbCommand (21ms) [Parameters=[@p0='?' (DbType = DateTime2), @p1='?' (DbType = Int32), @p2='?' (Size = 4000), @p3='?' (Size = 200), @p4='?' (DbType = Int32), @p5='?' (Size = 4000), @p6='?' (Size = 4000), @p7='?' (Size = 4000)], CommandType='Text', CommandTimeout='30']
      SET NOCOUNT ON;
      INSERT INTO [Log] ([CreatedOnUtc], [CustomerId], [FullMessage], [IpAddress], [LogLevelId], [PageUrl], [ReferrerUrl], [ShortMessage])
      VALUES (@p0, @p1, @p2, @p3, @p4, @p5, @p6, @p7);
      SELECT [Id]
      FROM [Log]
      WHERE @@ROWCOUNT = 1 AND [Id] = scope_identity();
info: Microsoft.EntityFrameworkCore.Infrastructure[10403]
      Entity Framework Core 2.2.4-servicing-10062 initialized 'NopObjectContext' using provider 'Microsoft.EntityFrameworkCore.SqlServer' with options: using lazy-loading proxies 
info: Microsoft.EntityFrameworkCore.Database.Command[20101]
      Executed DbCommand (37ms) [Parameters=[@p0='?' (DbType = DateTime2), @p1='?' (DbType = Int32), @p2='?' (Size = 4000), @p3='?' (Size = 200), @p4='?' (DbType = Int32), @p5='?' (Size = 4000), @p6='?' (Size = 4000), @p7='?' (Size = 4000)], CommandType='Text', CommandTimeout='30']
      SET NOCOUNT ON;
      INSERT INTO [Log] ([CreatedOnUtc], [CustomerId], [FullMessage], [IpAddress], [LogLevelId], [PageUrl], [ReferrerUrl], [ShortMessage])
      VALUES (@p0, @p1, @p2, @p3, @p4, @p5, @p6, @p7);
      SELECT [Id]
      FROM [Log]
      WHERE @@ROWCOUNT = 1 AND [Id] = scope_identity();
info: Microsoft.EntityFrameworkCore.Infrastructure[10403]
      Entity Framework Core 2.2.4-servicing-10062 initialized 'NopObjectContext' using provider 'Microsoft.EntityFrameworkCore.SqlServer' with options: using lazy-loading proxies 
info: Microsoft.EntityFrameworkCore.Database.Command[20101]
      Executed DbCommand (3ms) [Parameters=[@p0='?' (DbType = DateTime2), @p1='?' (DbType = Int32), @p2='?' (Size = 4000), @p3='?' (Size = 200), @p4='?' (DbType = Int32), @p5='?' (Size = 4000), @p6='?' (Size = 4000), @p7='?' (Size = 4000)], CommandType='Text', CommandTimeout='30']
      SET NOCOUNT ON;
      INSERT INTO [Log] ([CreatedOnUtc], [CustomerId], [FullMessage], [IpAddress], [LogLevelId], [PageUrl], [ReferrerUrl], [ShortMessage])
      VALUES (@p0, @p1, @p2, @p3, @p4, @p5, @p6, @p7);
      SELECT [Id]
      FROM [Log]
      WHERE @@ROWCOUNT = 1 AND [Id] = scope_identity();
info: Microsoft.EntityFrameworkCore.Infrastructure[10403]
      Entity Framework Core 2.2.4-servicing-10062 initialized 'NopObjectContext' using provider 'Microsoft.EntityFrameworkCore.SqlServer' with options: using lazy-loading proxies 
info: Microsoft.EntityFrameworkCore.Database.Command[20101]
      Executed DbCommand (3ms) [Parameters=[@p0='?' (DbType = DateTime2), @p1='?' (DbType = Int32), @p2='?' (Size = 4000), @p3='?' (Size = 200), @p4='?' (DbType = Int32), @p5='?' (Size = 4000), @p6='?' (Size = 4000), @p7='?' (Size = 4000)], CommandType='Text', CommandTimeout='30']
      SET NOCOUNT ON;
      INSERT INTO [Log] ([CreatedOnUtc], [CustomerId], [FullMessage], [IpAddress], [LogLevelId], [PageUrl], [ReferrerUrl], [ShortMessage])
      VALUES (@p0, @p1, @p2, @p3, @p4, @p5, @p6, @p7);
      SELECT [Id]
      FROM [Log]
      WHERE @@ROWCOUNT = 1 AND [Id] = scope_identity();
info: Microsoft.EntityFrameworkCore.Infrastructure[10403]
      Entity Framework Core 2.2.4-servicing-10062 initialized 'NopObjectContext' using provider 'Microsoft.EntityFrameworkCore.SqlServer' with options: using lazy-loading proxies 
info: Microsoft.EntityFrameworkCore.Database.Command[20101]
      Executed DbCommand (7ms) [Parameters=[@p0='?' (DbType = DateTime2), @p1='?' (DbType = Int32), @p2='?' (Size = 4000), @p3='?' (Size = 200), @p4='?' (DbType = Int32), @p5='?' (Size = 4000), @p6='?' (Size = 4000), @p7='?' (Size = 4000)], CommandType='Text', CommandTimeout='30']
      SET NOCOUNT ON;
      INSERT INTO [Log] ([CreatedOnUtc], [CustomerId], [FullMessage], [IpAddress], [LogLevelId], [PageUrl], [ReferrerUrl], [ShortMessage])
      VALUES (@p0, @p1, @p2, @p3, @p4, @p5, @p6, @p7);
      SELECT [Id]
      FROM [Log]
      WHERE @@ROWCOUNT = 1 AND [Id] = scope_identity();
info: Microsoft.EntityFrameworkCore.Infrastructure[10403]
      Entity Framework Core 2.2.4-servicing-10062 initialized 'NopObjectContext' using provider 'Microsoft.EntityFrameworkCore.SqlServer' with options: using lazy-loading proxies 
info: Microsoft.EntityFrameworkCore.Database.Command[20101]
      Executed DbCommand (3ms) [Parameters=[@p0='?' (DbType = DateTime2), @p1='?' (DbType = Int32), @p2='?' (Size = 4000), @p3='?' (Size = 200), @p4='?' (DbType = Int32), @p5='?' (Size = 4000), @p6='?' (Size = 4000), @p7='?' (Size = 4000)], CommandType='Text', CommandTimeout='30']
      SET NOCOUNT ON;
      INSERT INTO [Log] ([CreatedOnUtc], [CustomerId], [FullMessage], [IpAddress], [LogLevelId], [PageUrl], [ReferrerUrl], [ShortMessage])
      VALUES (@p0, @p1, @p2, @p3, @p4, @p5, @p6, @p7);
      SELECT [Id]
      FROM [Log]
      WHERE @@ROWCOUNT = 1 AND [Id] = scope_identity();
info: Microsoft.EntityFrameworkCore.Infrastructure[10403]
      Entity Framework Core 2.2.4-servicing-10062 initialized 'NopObjectContext' using provider 'Microsoft.EntityFrameworkCore.SqlServer' with options: using lazy-loading proxies 
info: Microsoft.EntityFrameworkCore.Database.Command[20101]
      Executed DbCommand (3ms) [Parameters=[@p0='?' (DbType = DateTime2), @p1='?' (DbType = Int32), @p2='?' (Size = 4000), @p3='?' (Size = 200), @p4='?' (DbType = Int32), @p5='?' (Size = 4000), @p6='?' (Size = 4000), @p7='?' (Size = 4000)], CommandType='Text', CommandTimeout='30']
      SET NOCOUNT ON;
      INSERT INTO [Log] ([CreatedOnUtc], [CustomerId], [FullMessage], [IpAddress], [LogLevelId], [PageUrl], [ReferrerUrl], [ShortMessage])
      VALUES (@p0, @p1, @p2, @p3, @p4, @p5, @p6, @p7);
      SELECT [Id]
      FROM [Log]
      WHERE @@ROWCOUNT = 1 AND [Id] = scope_identity();
info: Microsoft.EntityFrameworkCore.Infrastructure[10403]
      Entity Framework Core 2.2.4-servicing-10062 initialized 'NopObjectContext' using provider 'Microsoft.EntityFrameworkCore.SqlServer' with options: using lazy-loading proxies 
info: Microsoft.EntityFrameworkCore.Database.Command[20101]
      Executed DbCommand (3ms) [Parameters=[@p0='?' (DbType = DateTime2), @p1='?' (DbType = Int32), @p2='?' (Size = 4000), @p3='?' (Size = 200), @p4='?' (DbType = Int32), @p5='?' (Size = 4000), @p6='?' (Size = 4000), @p7='?' (Size = 4000)], CommandType='Text', CommandTimeout='30']
      SET NOCOUNT ON;
      INSERT INTO [Log] ([CreatedOnUtc], [CustomerId], [FullMessage], [IpAddress], [LogLevelId], [PageUrl], [ReferrerUrl], [ShortMessage])
      VALUES (@p0, @p1, @p2, @p3, @p4, @p5, @p6, @p7);
      SELECT [Id]
      FROM [Log]
      WHERE @@ROWCOUNT = 1 AND [Id] = scope_identity();
info: Microsoft.EntityFrameworkCore.Infrastructure[10403]
      Entity Framework Core 2.2.4-servicing-10062 initialized 'NopObjectContext' using provider 'Microsoft.EntityFrameworkCore.SqlServer' with options: using lazy-loading proxies 
info: Microsoft.EntityFrameworkCore.Database.Command[20101]
      Executed DbCommand (4ms) [Parameters=[@p0='?' (DbType = DateTime2), @p1='?' (DbType = Int32), @p2='?' (Size = 4000), @p3='?' (Size = 200), @p4='?' (DbType = Int32), @p5='?' (Size = 4000), @p6='?' (Size = 4000), @p7='?' (Size = 4000)], CommandType='Text', CommandTimeout='30']
      SET NOCOUNT ON;
      INSERT INTO [Log] ([CreatedOnUtc], [CustomerId], [FullMessage], [IpAddress], [LogLevelId], [PageUrl], [ReferrerUrl], [ShortMessage])
      VALUES (@p0, @p1, @p2, @p3, @p4, @p5, @p6, @p7);
      SELECT [Id]
      FROM [Log]
      WHERE @@ROWCOUNT = 1 AND [Id] = scope_identity();
info: Microsoft.EntityFrameworkCore.Infrastructure[10403]
      Entity Framework Core 2.2.4-servicing-10062 initialized 'NopObjectContext' using provider 'Microsoft.EntityFrameworkCore.SqlServer' with options: using lazy-loading proxies 
info: Microsoft.EntityFrameworkCore.Database.Command[20101]
      Executed DbCommand (6ms) [Parameters=[@p0='?' (DbType = DateTime2), @p1='?' (DbType = Int32), @p2='?' (Size = 4000), @p3='?' (Size = 200), @p4='?' (DbType = Int32), @p5='?' (Size = 4000), @p6='?' (Size = 4000), @p7='?' (Size = 4000)], CommandType='Text', CommandTimeout='30']
      SET NOCOUNT ON;
      INSERT INTO [Log] ([CreatedOnUtc], [CustomerId], [FullMessage], [IpAddress], [LogLevelId], [PageUrl], [ReferrerUrl], [ShortMessage])
      VALUES (@p0, @p1, @p2, @p3, @p4, @p5, @p6, @p7);
      SELECT [Id]
      FROM [Log]
      WHERE @@ROWCOUNT = 1 AND [Id] = scope_identity();
info: Microsoft.EntityFrameworkCore.Infrastructure[10403]
      Entity Framework Core 2.2.4-servicing-10062 initialized 'NopObjectContext' using provider 'Microsoft.EntityFrameworkCore.SqlServer' with options: using lazy-loading proxies 
info: Microsoft.EntityFrameworkCore.Database.Command[20101]
      Executed DbCommand (4ms) [Parameters=[@p0='?' (DbType = DateTime2), @p1='?' (DbType = Int32), @p2='?' (Size = 4000), @p3='?' (Size = 200), @p4='?' (DbType = Int32), @p5='?' (Size = 4000), @p6='?' (Size = 4000), @p7='?' (Size = 4000)], CommandType='Text', CommandTimeout='30']
      SET NOCOUNT ON;
      INSERT INTO [Log] ([CreatedOnUtc], [CustomerId], [FullMessage], [IpAddress], [LogLevelId], [PageUrl], [ReferrerUrl], [ShortMessage])
      VALUES (@p0, @p1, @p2, @p3, @p4, @p5, @p6, @p7);
      SELECT [Id]
      FROM [Log]
      WHERE @@ROWCOUNT = 1 AND [Id] = scope_identity();
info: Microsoft.EntityFrameworkCore.Infrastructure[10403]
      Entity Framework Core 2.2.4-servicing-10062 initialized 'NopObjectContext' using provider 'Microsoft.EntityFrameworkCore.SqlServer' with options: using lazy-loading proxies 
info: Microsoft.EntityFrameworkCore.Database.Command[20101]
      Executed DbCommand (4ms) [Parameters=[@p0='?' (DbType = DateTime2), @p1='?' (DbType = Int32), @p2='?' (Size = 4000), @p3='?' (Size = 200), @p4='?' (DbType = Int32), @p5='?' (Size = 4000), @p6='?' (Size = 4000), @p7='?' (Size = 4000)], CommandType='Text', CommandTimeout='30']
      SET NOCOUNT ON;
      INSERT INTO [Log] ([CreatedOnUtc], [CustomerId], [FullMessage], [IpAddress], [LogLevelId], [PageUrl], [ReferrerUrl], [ShortMessage])
      VALUES (@p0, @p1, @p2, @p3, @p4, @p5, @p6, @p7);
      SELECT [Id]
      FROM [Log]
      WHERE @@ROWCOUNT = 1 AND [Id] = scope_identity();
info: Microsoft.EntityFrameworkCore.Infrastructure[10403]
      Entity Framework Core 2.2.4-servicing-10062 initialized 'NopObjectContext' using provider 'Microsoft.EntityFrameworkCore.SqlServer' with options: using lazy-loading proxies 
info: Microsoft.EntityFrameworkCore.Database.Command[20101]
      Executed DbCommand (2ms) [Parameters=[@p0='?' (DbType = DateTime2), @p1='?' (DbType = Int32), @p2='?' (Size = 4000), @p3='?' (Size = 200), @p4='?' (DbType = Int32), @p5='?' (Size = 4000), @p6='?' (Size = 4000), @p7='?' (Size = 4000)], CommandType='Text', CommandTimeout='30']
      SET NOCOUNT ON;
      INSERT INTO [Log] ([CreatedOnUtc], [CustomerId], [FullMessage], [IpAddress], [LogLevelId], [PageUrl], [ReferrerUrl], [ShortMessage])
      VALUES (@p0, @p1, @p2, @p3, @p4, @p5, @p6, @p7);
      SELECT [Id]
      FROM [Log]
      WHERE @@ROWCOUNT = 1 AND [Id] = scope_identity();
info: Microsoft.EntityFrameworkCore.Infrastructure[10403]
      Entity Framework Core 2.2.4-servicing-10062 initialized 'NopObjectContext' using provider 'Microsoft.EntityFrameworkCore.SqlServer' with options: using lazy-loading proxies 
info: Microsoft.EntityFrameworkCore.Database.Command[20101]
      Executed DbCommand (30ms) [Parameters=[@p0='?' (DbType = DateTime2), @p1='?' (DbType = Int32), @p2='?' (Size = 4000), @p3='?' (Size = 200), @p4='?' (DbType = Int32), @p5='?' (Size = 4000), @p6='?' (Size = 4000), @p7='?' (Size = 4000)], CommandType='Text', CommandTimeout='30']
      SET NOCOUNT ON;
      INSERT INTO [Log] ([CreatedOnUtc], [CustomerId], [FullMessage], [IpAddress], [LogLevelId], [PageUrl], [ReferrerUrl], [ShortMessage])
      VALUES (@p0, @p1, @p2, @p3, @p4, @p5, @p6, @p7);
      SELECT [Id]
      FROM [Log]
      WHERE @@ROWCOUNT = 1 AND [Id] = scope_identity();
info: Microsoft.AspNetCore.Hosting.Internal.WebHost[1]
      Request starting HTTP/1.1 POST http://127.0.0.1:35656/iisintegration  0
info: Microsoft.AspNetCore.Hosting.Internal.WebHost[2]
      Request finished in 0.3769ms 202 
Application is shutting down...
