info: Microsoft.EntityFrameworkCore.Infrastructure[10403]
      Entity Framework Core 2.2.4-servicing-10062 initialized 'NopObjectContext' using provider 'Microsoft.EntityFrameworkCore.SqlServer' with options: using lazy-loading proxies 
info: Microsoft.EntityFrameworkCore.Database.Command[20101]
      Executed DbCommand (43ms) [Parameters=[], CommandType='Text', CommandTimeout='30']
      SELECT [t].[Id], [t].[Enabled], [t].[LastEndUtc], [t].[LastStartUtc], [t].[LastSuccessUtc], [t].[Name], [t].[Seconds], [t].[StopOnError], [t].[Type]
      FROM [ScheduleTask] AS [t]
      WHERE [t].[Enabled] = 1
      ORDER BY [t].[Seconds] DESC
info: Microsoft.EntityFrameworkCore.Database.Command[20101]
      Executed DbCommand (63ms) [Parameters=[], CommandType='Text', CommandTimeout='30']
      SELECT [s].[Id], [s].[CompanyAddress], [s].[CompanyName], [s].[CompanyPhoneNumber], [s].[CompanyVat], [s].[DefaultLanguageId], [s].[DisplayOrder], [s].[Hosts], [s].[Name], [s].[SslEnabled], [s].[Url]
      FROM [Store] AS [s]
      ORDER BY [s].[DisplayOrder], [s].[Id]
info: Microsoft.EntityFrameworkCore.Database.Command[20101]
      Executed DbCommand (9ms) [Parameters=[], CommandType='Text', CommandTimeout='30']
      SELECT [s].[Id], [s].[Name], [s].[StoreId], [s].[Value]
      FROM [Setting] AS [s]
      ORDER BY [s].[Name], [s].[StoreId]
info: Microsoft.EntityFrameworkCore.Database.Command[20101]
      Executed DbCommand (48ms) [Parameters=[@p0='?' (DbType = DateTime2), @p1='?' (DbType = Int32), @p2='?' (Size = 4000), @p3='?' (Size = 200), @p4='?' (DbType = Int32), @p5='?' (Size = 4000), @p6='?' (Size = 4000), @p7='?' (Size = 4000)], CommandType='Text', CommandTimeout='30']
      SET NOCOUNT ON;
      INSERT INTO [Log] ([CreatedOnUtc], [CustomerId], [FullMessage], [IpAddress], [LogLevelId], [PageUrl], [ReferrerUrl], [ShortMessage])
      VALUES (@p0, @p1, @p2, @p3, @p4, @p5, @p6, @p7);
      SELECT [Id]
      FROM [Log]
      WHERE @@ROWCOUNT = 1 AND [Id] = scope_identity();
Hosting environment: Development
Content root path: E:\HERO\Presentation\NCSw.HERO.Web
Now listening on: http://127.0.0.1:5223
Application started. Press Ctrl+C to shut down.
info: Microsoft.AspNetCore.Hosting.Internal.WebHost[1]
      Request starting HTTP/1.1 GET http://erp.hero.net/Admin/Shift  
info: Microsoft.EntityFrameworkCore.Infrastructure[10403]
      Entity Framework Core 2.2.4-servicing-10062 initialized 'NopObjectContext' using provider 'Microsoft.EntityFrameworkCore.SqlServer' with options: using lazy-loading proxies 
info: Microsoft.EntityFrameworkCore.Database.Command[20101]
      Executed DbCommand (61ms) [Parameters=[@__email_0='?' (Size = 1000)], CommandType='Text', CommandTimeout='30']
      SELECT TOP(1) [c].[Id], [c].[Active], [c].[AdminComment], [c].[AffiliateId], [c].[BillingAddress_Id], [c].[CannotLoginUntilDateUtc], [c].[CreatedOnUtc], [c].[CustomerGuid], [c].[Deleted], [c].[Email], [c].[EmailToRevalidate], [c].[FailedLoginAttempts], [c].[HasShoppingCartItems], [c].[IsSystemAccount], [c].[IsTaxExempt], [c].[LastActivityDateUtc], [c].[LastIpAddress], [c].[LastLoginDateUtc], [c].[RegisteredInStoreId], [c].[RequireReLogin], [c].[ShippingAddress_Id], [c].[SystemName], [c].[Username], [c].[VendorId]
      FROM [Customer] AS [c]
      WHERE [c].[Email] = @__email_0
      ORDER BY [c].[Id]
info: Microsoft.EntityFrameworkCore.Database.Command[20101]
      Executed DbCommand (4ms) [Parameters=[@__get_Item_0='?' (DbType = Int32)], CommandType='Text', CommandTimeout='30']
      SELECT [e].[Customer_Id], [e].[CustomerRole_Id]
      FROM [Customer_CustomerRole_Mapping] AS [e]
      WHERE [e].[Customer_Id] = @__get_Item_0
info: Microsoft.EntityFrameworkCore.Database.Command[20101]
      Executed DbCommand (12ms) [Parameters=[@__get_Item_0='?' (DbType = Int32)], CommandType='Text', CommandTimeout='30']
      SELECT [e].[Id], [e].[Active], [e].[DefaultTaxDisplayTypeId], [e].[EnablePasswordLifetime], [e].[FreeShipping], [e].[IsSystemRole], [e].[Name], [e].[OverrideTaxDisplayType], [e].[PurchasedWithProductId], [e].[SystemName], [e].[TaxExempt]
      FROM [CustomerRole] AS [e]
      WHERE [e].[Id] = @__get_Item_0
info: Microsoft.EntityFrameworkCore.Database.Command[20101]
      Executed DbCommand (3ms) [Parameters=[@__get_Item_0='?' (DbType = Int32)], CommandType='Text', CommandTimeout='30']
      SELECT [e].[Id], [e].[Active], [e].[DefaultTaxDisplayTypeId], [e].[EnablePasswordLifetime], [e].[FreeShipping], [e].[IsSystemRole], [e].[Name], [e].[OverrideTaxDisplayType], [e].[PurchasedWithProductId], [e].[SystemName], [e].[TaxExempt]
      FROM [CustomerRole] AS [e]
      WHERE [e].[Id] = @__get_Item_0
info: Microsoft.EntityFrameworkCore.Database.Command[20101]
      Executed DbCommand (3ms) [Parameters=[@__entityId_0='?' (DbType = Int32), @__keyGroup_1='?' (Size = 400)], CommandType='Text', CommandTimeout='30']
      SELECT [ga].[Id], [ga].[EntityId], [ga].[Key], [ga].[KeyGroup], [ga].[StoreId], [ga].[Value]
      FROM [GenericAttribute] AS [ga]
      WHERE ([ga].[EntityId] = @__entityId_0) AND ([ga].[KeyGroup] = @__keyGroup_1)
info: Microsoft.EntityFrameworkCore.Infrastructure[10403]
      Entity Framework Core 2.2.4-servicing-10062 initialized 'NopObjectContext' using provider 'Microsoft.EntityFrameworkCore.SqlServer' with options: using lazy-loading proxies 
info: Microsoft.EntityFrameworkCore.Database.Command[20101]
      Executed DbCommand (2ms) [Parameters=[@p0='?' (DbType = DateTime2), @p1='?' (DbType = Int32), @p2='?' (Size = 4000), @p3='?' (Size = 200), @p4='?' (DbType = Int32), @p5='?' (Size = 4000), @p6='?' (Size = 4000), @p7='?' (Size = 4000)], CommandType='Text', CommandTimeout='30']
      SET NOCOUNT ON;
      INSERT INTO [Log] ([CreatedOnUtc], [CustomerId], [FullMessage], [IpAddress], [LogLevelId], [PageUrl], [ReferrerUrl], [ShortMessage])
      VALUES (@p0, @p1, @p2, @p3, @p4, @p5, @p6, @p7);
      SELECT [Id]
      FROM [Log]
      WHERE @@ROWCOUNT = 1 AND [Id] = scope_identity();
info: Microsoft.EntityFrameworkCore.Database.Command[20101]
      Executed DbCommand (3ms) [Parameters=[], CommandType='Text', CommandTimeout='30']
      SELECT [l].[Id], [l].[DefaultCurrencyId], [l].[DisplayOrder], [l].[FlagImageFileName], [l].[LanguageCulture], [l].[LimitedToStores], [l].[Name], [l].[Published], [l].[Rtl], [l].[UniqueSeoCode]
      FROM [Language] AS [l]
      WHERE [l].[Published] = 1
      ORDER BY [l].[DisplayOrder], [l].[Id]
info: Microsoft.AspNetCore.Mvc.Internal.ControllerActionInvoker[1]
      Route matched with {area = "Admin", action = "Index", controller = "Shift"}. Executing action NCSw.HERO.Web.Areas.Admin.Controllers.ShiftController.Index (NCSw.HERO.Web)
info: Microsoft.EntityFrameworkCore.Database.Command[20101]
      Executed DbCommand (10ms) [Parameters=[@__customerRoleId_0='?' (DbType = Int32)], CommandType='Text', CommandTimeout='30']
      SELECT [pr].[Id], [pr].[Category], [pr].[Name], [pr].[SystemName]
      FROM [PermissionRecord] AS [pr]
      INNER JOIN [PermissionRecord_Role_Mapping] AS [prcrm] ON [pr].[Id] = [prcrm].[PermissionRecord_Id]
      WHERE [prcrm].[CustomerRole_Id] = @__customerRoleId_0
      ORDER BY [pr].[Id]
info: Microsoft.EntityFrameworkCore.Database.Command[20101]
      Executed DbCommand (5ms) [Parameters=[@p23='?' (DbType = Int32), @p0='?' (DbType = Boolean), @p1='?' (Size = 4000), @p2='?' (DbType = Int32), @p3='?' (DbType = Int32), @p4='?' (DbType = DateTime2), @p5='?' (DbType = DateTime2), @p6='?' (DbType = Guid), @p7='?' (DbType = Boolean), @p8='?' (Size = 1000), @p9='?' (Size = 1000), @p10='?' (DbType = Int32), @p11='?' (DbType = Boolean), @p12='?' (DbType = Boolean), @p13='?' (DbType = Boolean), @p14='?' (DbType = DateTime2), @p15='?' (Size = 4000), @p16='?' (DbType = DateTime2), @p17='?' (DbType = Int32), @p18='?' (DbType = Boolean), @p19='?' (DbType = Int32), @p20='?' (Size = 400), @p21='?' (Size = 1000), @p22='?' (DbType = Int32)], CommandType='Text', CommandTimeout='30']
      SET NOCOUNT ON;
      UPDATE [Customer] SET [Active] = @p0, [AdminComment] = @p1, [AffiliateId] = @p2, [BillingAddress_Id] = @p3, [CannotLoginUntilDateUtc] = @p4, [CreatedOnUtc] = @p5, [CustomerGuid] = @p6, [Deleted] = @p7, [Email] = @p8, [EmailToRevalidate] = @p9, [FailedLoginAttempts] = @p10, [HasShoppingCartItems] = @p11, [IsSystemAccount] = @p12, [IsTaxExempt] = @p13, [LastActivityDateUtc] = @p14, [LastIpAddress] = @p15, [LastLoginDateUtc] = @p16, [RegisteredInStoreId] = @p17, [RequireReLogin] = @p18, [ShippingAddress_Id] = @p19, [SystemName] = @p20, [Username] = @p21, [VendorId] = @p22
      WHERE [Id] = @p23;
      SELECT @@ROWCOUNT;
info: Microsoft.AspNetCore.Mvc.Internal.ControllerActionInvoker[1]
      Executing action method NCSw.HERO.Web.Areas.Admin.Controllers.ShiftController.Index (NCSw.HERO.Web) - Validation state: Valid
info: Microsoft.AspNetCore.Mvc.Internal.ControllerActionInvoker[2]
      Executed action method NCSw.HERO.Web.Areas.Admin.Controllers.ShiftController.Index (NCSw.HERO.Web), returned result Microsoft.AspNetCore.Mvc.RedirectToActionResult in 3.2527ms.
info: Microsoft.AspNetCore.Mvc.RedirectToActionResult[1]
      Executing RedirectResult, redirecting to /Admin/Shift/List.
info: Microsoft.AspNetCore.Mvc.Internal.ControllerActionInvoker[2]
      Executed action NCSw.HERO.Web.Areas.Admin.Controllers.ShiftController.Index (NCSw.HERO.Web) in 298.4046ms
info: Microsoft.AspNetCore.Hosting.Internal.WebHost[2]
      Request finished in 2065.4541ms 302 
info: Microsoft.AspNetCore.Hosting.Internal.WebHost[1]
      Request starting HTTP/1.1 GET http://erp.hero.net/Admin/Shift/List  
info: Microsoft.EntityFrameworkCore.Infrastructure[10403]
      Entity Framework Core 2.2.4-servicing-10062 initialized 'NopObjectContext' using provider 'Microsoft.EntityFrameworkCore.SqlServer' with options: using lazy-loading proxies 
info: Microsoft.EntityFrameworkCore.Database.Command[20101]
      Executed DbCommand (9ms) [Parameters=[@__email_0='?' (Size = 1000)], CommandType='Text', CommandTimeout='30']
      SELECT TOP(1) [c].[Id], [c].[Active], [c].[AdminComment], [c].[AffiliateId], [c].[BillingAddress_Id], [c].[CannotLoginUntilDateUtc], [c].[CreatedOnUtc], [c].[CustomerGuid], [c].[Deleted], [c].[Email], [c].[EmailToRevalidate], [c].[FailedLoginAttempts], [c].[HasShoppingCartItems], [c].[IsSystemAccount], [c].[IsTaxExempt], [c].[LastActivityDateUtc], [c].[LastIpAddress], [c].[LastLoginDateUtc], [c].[RegisteredInStoreId], [c].[RequireReLogin], [c].[ShippingAddress_Id], [c].[SystemName], [c].[Username], [c].[VendorId]
      FROM [Customer] AS [c]
      WHERE [c].[Email] = @__email_0
      ORDER BY [c].[Id]
info: Microsoft.EntityFrameworkCore.Database.Command[20101]
      Executed DbCommand (1ms) [Parameters=[@__get_Item_0='?' (DbType = Int32)], CommandType='Text', CommandTimeout='30']
      SELECT [e].[Customer_Id], [e].[CustomerRole_Id]
      FROM [Customer_CustomerRole_Mapping] AS [e]
      WHERE [e].[Customer_Id] = @__get_Item_0
info: Microsoft.EntityFrameworkCore.Database.Command[20101]
      Executed DbCommand (2ms) [Parameters=[@__get_Item_0='?' (DbType = Int32)], CommandType='Text', CommandTimeout='30']
      SELECT [e].[Id], [e].[Active], [e].[DefaultTaxDisplayTypeId], [e].[EnablePasswordLifetime], [e].[FreeShipping], [e].[IsSystemRole], [e].[Name], [e].[OverrideTaxDisplayType], [e].[PurchasedWithProductId], [e].[SystemName], [e].[TaxExempt]
      FROM [CustomerRole] AS [e]
      WHERE [e].[Id] = @__get_Item_0
info: Microsoft.EntityFrameworkCore.Database.Command[20101]
      Executed DbCommand (4ms) [Parameters=[@__get_Item_0='?' (DbType = Int32)], CommandType='Text', CommandTimeout='30']
      SELECT [e].[Id], [e].[Active], [e].[DefaultTaxDisplayTypeId], [e].[EnablePasswordLifetime], [e].[FreeShipping], [e].[IsSystemRole], [e].[Name], [e].[OverrideTaxDisplayType], [e].[PurchasedWithProductId], [e].[SystemName], [e].[TaxExempt]
      FROM [CustomerRole] AS [e]
      WHERE [e].[Id] = @__get_Item_0
info: Microsoft.EntityFrameworkCore.Database.Command[20101]
      Executed DbCommand (10ms) [Parameters=[@__entityId_0='?' (DbType = Int32), @__keyGroup_1='?' (Size = 400)], CommandType='Text', CommandTimeout='30']
      SELECT [ga].[Id], [ga].[EntityId], [ga].[Key], [ga].[KeyGroup], [ga].[StoreId], [ga].[Value]
      FROM [GenericAttribute] AS [ga]
      WHERE ([ga].[EntityId] = @__entityId_0) AND ([ga].[KeyGroup] = @__keyGroup_1)
info: Microsoft.AspNetCore.Mvc.Internal.ControllerActionInvoker[1]
      Route matched with {area = "Admin", action = "List", controller = "Shift"}. Executing action NCSw.HERO.Web.Areas.Admin.Controllers.ShiftController.List (NCSw.HERO.Web)
info: Microsoft.AspNetCore.Mvc.Internal.ControllerActionInvoker[1]
      Executing action method NCSw.HERO.Web.Areas.Admin.Controllers.ShiftController.List (NCSw.HERO.Web) - Validation state: Valid
info: Microsoft.EntityFrameworkCore.Database.Command[20101]
      Executed DbCommand (4ms) [Parameters=[@__customerRoleId_0='?' (DbType = Int32)], CommandType='Text', CommandTimeout='30']
      SELECT [pr].[Id], [pr].[Category], [pr].[Name], [pr].[SystemName]
      FROM [PermissionRecord] AS [pr]
      INNER JOIN [PermissionRecord_Role_Mapping] AS [prcrm] ON [pr].[Id] = [prcrm].[PermissionRecord_Id]
      WHERE [prcrm].[CustomerRole_Id] = @__customerRoleId_0
      ORDER BY [pr].[Id]
info: Microsoft.AspNetCore.Mvc.Internal.ControllerActionInvoker[2]
      Executed action method NCSw.HERO.Web.Areas.Admin.Controllers.ShiftController.List (NCSw.HERO.Web), returned result Microsoft.AspNetCore.Mvc.ViewResult in 11.3759ms.
info: Microsoft.AspNetCore.Mvc.ViewFeatures.ViewResultExecutor[1]
      Executing ViewResult, running view List.
info: Microsoft.EntityFrameworkCore.Database.Command[20101]
      Executed DbCommand (76ms) [Parameters=[@__languageId_0='?' (DbType = Int32), @__AdminLocaleStringResourcesPrefix_1='?' (Size = 200)], CommandType='Text', CommandTimeout='30']
      SELECT [l].[Id], [l].[LanguageId], [l].[ResourceName], [l].[ResourceValue]
      FROM [LocaleStringResource] AS [l]
      WHERE ([l].[LanguageId] = @__languageId_0) AND ((NOT ([l].[ResourceName] LIKE @__AdminLocaleStringResourcesPrefix_1 + N'%') OR (LEFT([l].[ResourceName], LEN(@__AdminLocaleStringResourcesPrefix_1)) <> @__AdminLocaleStringResourcesPrefix_1)) AND (@__AdminLocaleStringResourcesPrefix_1 <> N''))
      ORDER BY [l].[ResourceName]
info: Microsoft.EntityFrameworkCore.Database.Command[20101]
      Executed DbCommand (4ms) [Parameters=[@p0='?' (DbType = DateTime2), @p1='?' (DbType = Int32), @p2='?' (Size = 4000), @p3='?' (Size = 200), @p4='?' (DbType = Int32), @p5='?' (Size = 4000), @p6='?' (Size = 4000), @p7='?' (Size = 4000)], CommandType='Text', CommandTimeout='30']
      SET NOCOUNT ON;
      INSERT INTO [Log] ([CreatedOnUtc], [CustomerId], [FullMessage], [IpAddress], [LogLevelId], [PageUrl], [ReferrerUrl], [ShortMessage])
      VALUES (@p0, @p1, @p2, @p3, @p4, @p5, @p6, @p7);
      SELECT [Id]
      FROM [Log]
      WHERE @@ROWCOUNT = 1 AND [Id] = scope_identity();
info: Microsoft.EntityFrameworkCore.Database.Command[20101]
      Executed DbCommand (33ms) [Parameters=[@__languageId_0='?' (DbType = Int32), @__AdminLocaleStringResourcesPrefix_1='?' (Size = 200)], CommandType='Text', CommandTimeout='30']
      SELECT [l].[Id], [l].[LanguageId], [l].[ResourceName], [l].[ResourceValue]
      FROM [LocaleStringResource] AS [l]
      WHERE ([l].[LanguageId] = @__languageId_0) AND (([l].[ResourceName] LIKE @__AdminLocaleStringResourcesPrefix_1 + N'%' AND (LEFT([l].[ResourceName], LEN(@__AdminLocaleStringResourcesPrefix_1)) = @__AdminLocaleStringResourcesPrefix_1)) OR (@__AdminLocaleStringResourcesPrefix_1 = N''))
      ORDER BY [l].[ResourceName]
info: Microsoft.AspNetCore.Mvc.ViewFeatures.ViewResultExecutor[4]
      Executed ViewResult - view List executed in 9170.902ms.
info: Microsoft.AspNetCore.Mvc.Internal.ControllerActionInvoker[2]
      Executed action NCSw.HERO.Web.Areas.Admin.Controllers.ShiftController.List (NCSw.HERO.Web) in 9191.1935ms
info: Microsoft.AspNetCore.Hosting.Internal.WebHost[2]
      Request finished in 9272.7179ms 200 text/html; charset=utf-8
info: Microsoft.AspNetCore.Hosting.Internal.WebHost[1]
      Request starting HTTP/1.1 GET http://erp.hero.net/admin/plugin/SearchList?_=1557399075911  
info: Microsoft.EntityFrameworkCore.Infrastructure[10403]
      Entity Framework Core 2.2.4-servicing-10062 initialized 'NopObjectContext' using provider 'Microsoft.EntityFrameworkCore.SqlServer' with options: using lazy-loading proxies 
info: Microsoft.EntityFrameworkCore.Database.Command[20101]
      Executed DbCommand (20ms) [Parameters=[@__email_0='?' (Size = 1000)], CommandType='Text', CommandTimeout='30']
      SELECT TOP(1) [c].[Id], [c].[Active], [c].[AdminComment], [c].[AffiliateId], [c].[BillingAddress_Id], [c].[CannotLoginUntilDateUtc], [c].[CreatedOnUtc], [c].[CustomerGuid], [c].[Deleted], [c].[Email], [c].[EmailToRevalidate], [c].[FailedLoginAttempts], [c].[HasShoppingCartItems], [c].[IsSystemAccount], [c].[IsTaxExempt], [c].[LastActivityDateUtc], [c].[LastIpAddress], [c].[LastLoginDateUtc], [c].[RegisteredInStoreId], [c].[RequireReLogin], [c].[ShippingAddress_Id], [c].[SystemName], [c].[Username], [c].[VendorId]
      FROM [Customer] AS [c]
      WHERE [c].[Email] = @__email_0
      ORDER BY [c].[Id]
info: Microsoft.EntityFrameworkCore.Database.Command[20101]
      Executed DbCommand (1ms) [Parameters=[@__get_Item_0='?' (DbType = Int32)], CommandType='Text', CommandTimeout='30']
      SELECT [e].[Customer_Id], [e].[CustomerRole_Id]
      FROM [Customer_CustomerRole_Mapping] AS [e]
      WHERE [e].[Customer_Id] = @__get_Item_0
info: Microsoft.EntityFrameworkCore.Database.Command[20101]
      Executed DbCommand (1ms) [Parameters=[@__get_Item_0='?' (DbType = Int32)], CommandType='Text', CommandTimeout='30']
      SELECT [e].[Id], [e].[Active], [e].[DefaultTaxDisplayTypeId], [e].[EnablePasswordLifetime], [e].[FreeShipping], [e].[IsSystemRole], [e].[Name], [e].[OverrideTaxDisplayType], [e].[PurchasedWithProductId], [e].[SystemName], [e].[TaxExempt]
      FROM [CustomerRole] AS [e]
      WHERE [e].[Id] = @__get_Item_0
info: Microsoft.EntityFrameworkCore.Database.Command[20101]
      Executed DbCommand (2ms) [Parameters=[@__get_Item_0='?' (DbType = Int32)], CommandType='Text', CommandTimeout='30']
      SELECT [e].[Id], [e].[Active], [e].[DefaultTaxDisplayTypeId], [e].[EnablePasswordLifetime], [e].[FreeShipping], [e].[IsSystemRole], [e].[Name], [e].[OverrideTaxDisplayType], [e].[PurchasedWithProductId], [e].[SystemName], [e].[TaxExempt]
      FROM [CustomerRole] AS [e]
      WHERE [e].[Id] = @__get_Item_0
info: Microsoft.EntityFrameworkCore.Database.Command[20101]
      Executed DbCommand (8ms) [Parameters=[@__entityId_0='?' (DbType = Int32), @__keyGroup_1='?' (Size = 400)], CommandType='Text', CommandTimeout='30']
      SELECT [ga].[Id], [ga].[EntityId], [ga].[Key], [ga].[KeyGroup], [ga].[StoreId], [ga].[Value]
      FROM [GenericAttribute] AS [ga]
      WHERE ([ga].[EntityId] = @__entityId_0) AND ([ga].[KeyGroup] = @__keyGroup_1)
info: Microsoft.AspNetCore.Mvc.Internal.ControllerActionInvoker[1]
      Route matched with {area = "Admin", action = "SearchList", controller = "Plugin"}. Executing action NCSw.HERO.Web.Areas.Admin.Controllers.PluginController.SearchList (NCSw.HERO.Web)
info: Microsoft.AspNetCore.Mvc.Internal.ControllerActionInvoker[1]
      Executing action method NCSw.HERO.Web.Areas.Admin.Controllers.PluginController.SearchList (NCSw.HERO.Web) - Validation state: Valid
info: Microsoft.AspNetCore.Mvc.Internal.ControllerActionInvoker[2]
      Executed action method NCSw.HERO.Web.Areas.Admin.Controllers.PluginController.SearchList (NCSw.HERO.Web), returned result Microsoft.AspNetCore.Mvc.JsonResult in 4.8529ms.
info: Microsoft.AspNetCore.Mvc.Formatters.Json.Internal.JsonResultExecutor[1]
      Executing JsonResult, writing value of type 'System.Collections.Generic.List`1[[<>f__AnonymousType22`5[[System.String, System.Private.CoreLib, Version=4.0.0.0, Culture=neutral, PublicKeyToken=7cec85d7bea7798e],[System.String, System.Private.CoreLib, Version=4.0.0.0, Culture=neutral, PublicKeyToken=7cec85d7bea7798e],[System.String, System.Private.CoreLib, Version=4.0.0.0, Culture=neutral, PublicKeyToken=7cec85d7bea7798e],[System.String, System.Private.CoreLib, Version=4.0.0.0, Culture=neutral, PublicKeyToken=7cec85d7bea7798e],[System.Int32, System.Private.CoreLib, Version=4.0.0.0, Culture=neutral, PublicKeyToken=7cec85d7bea7798e]], NCSw.HERO.Web, Version=4.1.0.0, Culture=neutral, PublicKeyToken=null]]'.
info: Microsoft.AspNetCore.Mvc.Internal.ControllerActionInvoker[2]
      Executed action NCSw.HERO.Web.Areas.Admin.Controllers.PluginController.SearchList (NCSw.HERO.Web) in 49.7612ms
info: Microsoft.AspNetCore.Hosting.Internal.WebHost[2]
      Request finished in 155.4789ms 200 application/json; charset=utf-8
info: Microsoft.AspNetCore.Hosting.Internal.WebHost[1]
      Request starting HTTP/1.1 POST http://erp.hero.net/Admin/Shift/List application/x-www-form-urlencoded; charset=UTF-8 271
info: Microsoft.EntityFrameworkCore.Infrastructure[10403]
      Entity Framework Core 2.2.4-servicing-10062 initialized 'NopObjectContext' using provider 'Microsoft.EntityFrameworkCore.SqlServer' with options: using lazy-loading proxies 
info: Microsoft.EntityFrameworkCore.Database.Command[20101]
      Executed DbCommand (9ms) [Parameters=[@__email_0='?' (Size = 1000)], CommandType='Text', CommandTimeout='30']
      SELECT TOP(1) [c].[Id], [c].[Active], [c].[AdminComment], [c].[AffiliateId], [c].[BillingAddress_Id], [c].[CannotLoginUntilDateUtc], [c].[CreatedOnUtc], [c].[CustomerGuid], [c].[Deleted], [c].[Email], [c].[EmailToRevalidate], [c].[FailedLoginAttempts], [c].[HasShoppingCartItems], [c].[IsSystemAccount], [c].[IsTaxExempt], [c].[LastActivityDateUtc], [c].[LastIpAddress], [c].[LastLoginDateUtc], [c].[RegisteredInStoreId], [c].[RequireReLogin], [c].[ShippingAddress_Id], [c].[SystemName], [c].[Username], [c].[VendorId]
      FROM [Customer] AS [c]
      WHERE [c].[Email] = @__email_0
      ORDER BY [c].[Id]
info: Microsoft.EntityFrameworkCore.Database.Command[20101]
      Executed DbCommand (1ms) [Parameters=[@__get_Item_0='?' (DbType = Int32)], CommandType='Text', CommandTimeout='30']
      SELECT [e].[Customer_Id], [e].[CustomerRole_Id]
      FROM [Customer_CustomerRole_Mapping] AS [e]
      WHERE [e].[Customer_Id] = @__get_Item_0
info: Microsoft.EntityFrameworkCore.Database.Command[20101]
      Executed DbCommand (1ms) [Parameters=[@__get_Item_0='?' (DbType = Int32)], CommandType='Text', CommandTimeout='30']
      SELECT [e].[Id], [e].[Active], [e].[DefaultTaxDisplayTypeId], [e].[EnablePasswordLifetime], [e].[FreeShipping], [e].[IsSystemRole], [e].[Name], [e].[OverrideTaxDisplayType], [e].[PurchasedWithProductId], [e].[SystemName], [e].[TaxExempt]
      FROM [CustomerRole] AS [e]
      WHERE [e].[Id] = @__get_Item_0
info: Microsoft.EntityFrameworkCore.Database.Command[20101]
      Executed DbCommand (2ms) [Parameters=[@__get_Item_0='?' (DbType = Int32)], CommandType='Text', CommandTimeout='30']
      SELECT [e].[Id], [e].[Active], [e].[DefaultTaxDisplayTypeId], [e].[EnablePasswordLifetime], [e].[FreeShipping], [e].[IsSystemRole], [e].[Name], [e].[OverrideTaxDisplayType], [e].[PurchasedWithProductId], [e].[SystemName], [e].[TaxExempt]
      FROM [CustomerRole] AS [e]
      WHERE [e].[Id] = @__get_Item_0
info: Microsoft.EntityFrameworkCore.Database.Command[20101]
      Executed DbCommand (4ms) [Parameters=[@__entityId_0='?' (DbType = Int32), @__keyGroup_1='?' (Size = 400)], CommandType='Text', CommandTimeout='30']
      SELECT [ga].[Id], [ga].[EntityId], [ga].[Key], [ga].[KeyGroup], [ga].[StoreId], [ga].[Value]
      FROM [GenericAttribute] AS [ga]
      WHERE ([ga].[EntityId] = @__entityId_0) AND ([ga].[KeyGroup] = @__keyGroup_1)
info: Microsoft.AspNetCore.Mvc.Internal.ControllerActionInvoker[1]
      Route matched with {area = "Admin", action = "List", controller = "Shift"}. Executing action NCSw.HERO.Web.Areas.Admin.Controllers.ShiftController.List (NCSw.HERO.Web)
info: Microsoft.AspNetCore.Mvc.Internal.ControllerActionInvoker[1]
      Executing action method NCSw.HERO.Web.Areas.Admin.Controllers.ShiftController.List (NCSw.HERO.Web) with arguments (NCSw.HERO.Web.Areas.Admin.Models.ShiftSearchModel) - Validation state: Valid
info: Microsoft.EntityFrameworkCore.Database.Command[20101]
      Executed DbCommand (2ms) [Parameters=[], CommandType='Text', CommandTimeout='30']
      SELECT COUNT(*)
      FROM [hero].[Shift] AS [m]
      WHERE [m].[Deleted] = 0
warn: Microsoft.EntityFrameworkCore.Query[10102]
      Query: '(from Shift m in DbSet<Shift> where !([m].Deleted) select [m]).Skip(__p_0).Take(__p_1)' uses a row limiting operation (Skip/Take) without OrderBy which may lead to unpredictable results.
info: Microsoft.EntityFrameworkCore.Database.Command[20101]
      Executed DbCommand (6ms) [Parameters=[@__p_0='?' (DbType = Int32), @__p_1='?' (DbType = Int32)], CommandType='Text', CommandTimeout='30']
      SELECT [m].[Id], [m].[Active], [m].[BreakTimeFrom], [m].[BreakTimeTo], [m].[Code], [m].[CreatedBy], [m].[CreatedOnUtc], [m].[Deleted], [m].[Description], [m].[FromHour], [m].[Name], [m].[ToHour], [m].[UpdatedBy], [m].[UpdatedOnUtc]
      FROM [hero].[Shift] AS [m]
      WHERE [m].[Deleted] = 0
      ORDER BY (SELECT 1)
      OFFSET @__p_0 ROWS FETCH NEXT @__p_1 ROWS ONLY
info: Microsoft.AspNetCore.Mvc.Internal.ControllerActionInvoker[2]
      Executed action method NCSw.HERO.Web.Areas.Admin.Controllers.ShiftController.List (NCSw.HERO.Web), returned result Microsoft.AspNetCore.Mvc.JsonResult in 128.7765ms.
info: Microsoft.AspNetCore.Mvc.Formatters.Json.Internal.JsonResultExecutor[1]
      Executing JsonResult, writing value of type 'NCSw.HERO.Web.Areas.Admin.Models.ShiftListModel'.
info: Microsoft.AspNetCore.Mvc.Internal.ControllerActionInvoker[2]
      Executed action NCSw.HERO.Web.Areas.Admin.Controllers.ShiftController.List (NCSw.HERO.Web) in 401.4837ms
info: Microsoft.AspNetCore.Hosting.Internal.WebHost[2]
      Request finished in 526.5686ms 200 application/json; charset=utf-8
info: Microsoft.AspNetCore.Hosting.Internal.WebHost[1]
      Request starting HTTP/1.1 GET http://erp.hero.net/Admin/Shift/Create  
info: Microsoft.EntityFrameworkCore.Infrastructure[10403]
      Entity Framework Core 2.2.4-servicing-10062 initialized 'NopObjectContext' using provider 'Microsoft.EntityFrameworkCore.SqlServer' with options: using lazy-loading proxies 
info: Microsoft.EntityFrameworkCore.Database.Command[20101]
      Executed DbCommand (5ms) [Parameters=[@__email_0='?' (Size = 1000)], CommandType='Text', CommandTimeout='30']
      SELECT TOP(1) [c].[Id], [c].[Active], [c].[AdminComment], [c].[AffiliateId], [c].[BillingAddress_Id], [c].[CannotLoginUntilDateUtc], [c].[CreatedOnUtc], [c].[CustomerGuid], [c].[Deleted], [c].[Email], [c].[EmailToRevalidate], [c].[FailedLoginAttempts], [c].[HasShoppingCartItems], [c].[IsSystemAccount], [c].[IsTaxExempt], [c].[LastActivityDateUtc], [c].[LastIpAddress], [c].[LastLoginDateUtc], [c].[RegisteredInStoreId], [c].[RequireReLogin], [c].[ShippingAddress_Id], [c].[SystemName], [c].[Username], [c].[VendorId]
      FROM [Customer] AS [c]
      WHERE [c].[Email] = @__email_0
      ORDER BY [c].[Id]
info: Microsoft.EntityFrameworkCore.Database.Command[20101]
      Executed DbCommand (1ms) [Parameters=[@__get_Item_0='?' (DbType = Int32)], CommandType='Text', CommandTimeout='30']
      SELECT [e].[Customer_Id], [e].[CustomerRole_Id]
      FROM [Customer_CustomerRole_Mapping] AS [e]
      WHERE [e].[Customer_Id] = @__get_Item_0
info: Microsoft.EntityFrameworkCore.Database.Command[20101]
      Executed DbCommand (2ms) [Parameters=[@__get_Item_0='?' (DbType = Int32)], CommandType='Text', CommandTimeout='30']
      SELECT [e].[Id], [e].[Active], [e].[DefaultTaxDisplayTypeId], [e].[EnablePasswordLifetime], [e].[FreeShipping], [e].[IsSystemRole], [e].[Name], [e].[OverrideTaxDisplayType], [e].[PurchasedWithProductId], [e].[SystemName], [e].[TaxExempt]
      FROM [CustomerRole] AS [e]
      WHERE [e].[Id] = @__get_Item_0
info: Microsoft.EntityFrameworkCore.Database.Command[20101]
      Executed DbCommand (2ms) [Parameters=[@__get_Item_0='?' (DbType = Int32)], CommandType='Text', CommandTimeout='30']
      SELECT [e].[Id], [e].[Active], [e].[DefaultTaxDisplayTypeId], [e].[EnablePasswordLifetime], [e].[FreeShipping], [e].[IsSystemRole], [e].[Name], [e].[OverrideTaxDisplayType], [e].[PurchasedWithProductId], [e].[SystemName], [e].[TaxExempt]
      FROM [CustomerRole] AS [e]
      WHERE [e].[Id] = @__get_Item_0
info: Microsoft.EntityFrameworkCore.Database.Command[20101]
      Executed DbCommand (3ms) [Parameters=[@__entityId_0='?' (DbType = Int32), @__keyGroup_1='?' (Size = 400)], CommandType='Text', CommandTimeout='30']
      SELECT [ga].[Id], [ga].[EntityId], [ga].[Key], [ga].[KeyGroup], [ga].[StoreId], [ga].[Value]
      FROM [GenericAttribute] AS [ga]
      WHERE ([ga].[EntityId] = @__entityId_0) AND ([ga].[KeyGroup] = @__keyGroup_1)
info: Microsoft.AspNetCore.Mvc.Internal.ControllerActionInvoker[1]
      Route matched with {area = "Admin", action = "Create", controller = "Shift"}. Executing action NCSw.HERO.Web.Areas.Admin.Controllers.ShiftController.Create (NCSw.HERO.Web)
info: Microsoft.AspNetCore.Mvc.Internal.ControllerActionInvoker[1]
      Executing action method NCSw.HERO.Web.Areas.Admin.Controllers.ShiftController.Create (NCSw.HERO.Web) - Validation state: Valid
info: Microsoft.AspNetCore.Mvc.Internal.ControllerActionInvoker[2]
      Executed action method NCSw.HERO.Web.Areas.Admin.Controllers.ShiftController.Create (NCSw.HERO.Web), returned result Microsoft.AspNetCore.Mvc.ViewResult in 0.5671ms.
info: Microsoft.AspNetCore.Mvc.ViewFeatures.ViewResultExecutor[1]
      Executing ViewResult, running view Create.
info: Microsoft.EntityFrameworkCore.Database.Command[20101]
      Executed DbCommand (1ms) [Parameters=[@p0='?' (DbType = DateTime2), @p1='?' (DbType = Int32), @p2='?' (Size = 4000), @p3='?' (Size = 200), @p4='?' (DbType = Int32), @p5='?' (Size = 4000), @p6='?' (Size = 4000), @p7='?' (Size = 4000)], CommandType='Text', CommandTimeout='30']
      SET NOCOUNT ON;
      INSERT INTO [Log] ([CreatedOnUtc], [CustomerId], [FullMessage], [IpAddress], [LogLevelId], [PageUrl], [ReferrerUrl], [ShortMessage])
      VALUES (@p0, @p1, @p2, @p3, @p4, @p5, @p6, @p7);
      SELECT [Id]
      FROM [Log]
      WHERE @@ROWCOUNT = 1 AND [Id] = scope_identity();
info: Microsoft.EntityFrameworkCore.Database.Command[20101]
      Executed DbCommand (3ms) [Parameters=[@p0='?' (DbType = DateTime2), @p1='?' (DbType = Int32), @p2='?' (Size = 4000), @p3='?' (Size = 200), @p4='?' (DbType = Int32), @p5='?' (Size = 4000), @p6='?' (Size = 4000), @p7='?' (Size = 4000)], CommandType='Text', CommandTimeout='30']
      SET NOCOUNT ON;
      INSERT INTO [Log] ([CreatedOnUtc], [CustomerId], [FullMessage], [IpAddress], [LogLevelId], [PageUrl], [ReferrerUrl], [ShortMessage])
      VALUES (@p0, @p1, @p2, @p3, @p4, @p5, @p6, @p7);
      SELECT [Id]
      FROM [Log]
      WHERE @@ROWCOUNT = 1 AND [Id] = scope_identity();
info: Microsoft.EntityFrameworkCore.Database.Command[20101]
      Executed DbCommand (2ms) [Parameters=[@p0='?' (DbType = DateTime2), @p1='?' (DbType = Int32), @p2='?' (Size = 4000), @p3='?' (Size = 200), @p4='?' (DbType = Int32), @p5='?' (Size = 4000), @p6='?' (Size = 4000), @p7='?' (Size = 4000)], CommandType='Text', CommandTimeout='30']
      SET NOCOUNT ON;
      INSERT INTO [Log] ([CreatedOnUtc], [CustomerId], [FullMessage], [IpAddress], [LogLevelId], [PageUrl], [ReferrerUrl], [ShortMessage])
      VALUES (@p0, @p1, @p2, @p3, @p4, @p5, @p6, @p7);
      SELECT [Id]
      FROM [Log]
      WHERE @@ROWCOUNT = 1 AND [Id] = scope_identity();
info: Microsoft.EntityFrameworkCore.Database.Command[20101]
      Executed DbCommand (28ms) [Parameters=[@p0='?' (DbType = DateTime2), @p1='?' (DbType = Int32), @p2='?' (Size = 4000), @p3='?' (Size = 200), @p4='?' (DbType = Int32), @p5='?' (Size = 4000), @p6='?' (Size = 4000), @p7='?' (Size = 4000)], CommandType='Text', CommandTimeout='30']
      SET NOCOUNT ON;
      INSERT INTO [Log] ([CreatedOnUtc], [CustomerId], [FullMessage], [IpAddress], [LogLevelId], [PageUrl], [ReferrerUrl], [ShortMessage])
      VALUES (@p0, @p1, @p2, @p3, @p4, @p5, @p6, @p7);
      SELECT [Id]
      FROM [Log]
      WHERE @@ROWCOUNT = 1 AND [Id] = scope_identity();
info: Microsoft.AspNetCore.Mvc.ViewFeatures.ViewResultExecutor[4]
      Executed ViewResult - view Create executed in 822.4172ms.
info: Microsoft.AspNetCore.Mvc.Internal.ControllerActionInvoker[2]
      Executed action NCSw.HERO.Web.Areas.Admin.Controllers.ShiftController.Create (NCSw.HERO.Web) in 823.3473ms
info: Microsoft.AspNetCore.Hosting.Internal.WebHost[2]
      Request finished in 887.05ms 200 text/html; charset=utf-8
info: Microsoft.AspNetCore.Hosting.Internal.WebHost[1]
      Request starting HTTP/1.1 GET http://erp.hero.net/admin/plugin/SearchList?_=1557399103760  
info: Microsoft.EntityFrameworkCore.Infrastructure[10403]
      Entity Framework Core 2.2.4-servicing-10062 initialized 'NopObjectContext' using provider 'Microsoft.EntityFrameworkCore.SqlServer' with options: using lazy-loading proxies 
info: Microsoft.EntityFrameworkCore.Database.Command[20101]
      Executed DbCommand (2ms) [Parameters=[@__email_0='?' (Size = 1000)], CommandType='Text', CommandTimeout='30']
      SELECT TOP(1) [c].[Id], [c].[Active], [c].[AdminComment], [c].[AffiliateId], [c].[BillingAddress_Id], [c].[CannotLoginUntilDateUtc], [c].[CreatedOnUtc], [c].[CustomerGuid], [c].[Deleted], [c].[Email], [c].[EmailToRevalidate], [c].[FailedLoginAttempts], [c].[HasShoppingCartItems], [c].[IsSystemAccount], [c].[IsTaxExempt], [c].[LastActivityDateUtc], [c].[LastIpAddress], [c].[LastLoginDateUtc], [c].[RegisteredInStoreId], [c].[RequireReLogin], [c].[ShippingAddress_Id], [c].[SystemName], [c].[Username], [c].[VendorId]
      FROM [Customer] AS [c]
      WHERE [c].[Email] = @__email_0
      ORDER BY [c].[Id]
info: Microsoft.EntityFrameworkCore.Database.Command[20101]
      Executed DbCommand (3ms) [Parameters=[@__get_Item_0='?' (DbType = Int32)], CommandType='Text', CommandTimeout='30']
      SELECT [e].[Customer_Id], [e].[CustomerRole_Id]
      FROM [Customer_CustomerRole_Mapping] AS [e]
      WHERE [e].[Customer_Id] = @__get_Item_0
info: Microsoft.EntityFrameworkCore.Database.Command[20101]
      Executed DbCommand (1ms) [Parameters=[@__get_Item_0='?' (DbType = Int32)], CommandType='Text', CommandTimeout='30']
      SELECT [e].[Id], [e].[Active], [e].[DefaultTaxDisplayTypeId], [e].[EnablePasswordLifetime], [e].[FreeShipping], [e].[IsSystemRole], [e].[Name], [e].[OverrideTaxDisplayType], [e].[PurchasedWithProductId], [e].[SystemName], [e].[TaxExempt]
      FROM [CustomerRole] AS [e]
      WHERE [e].[Id] = @__get_Item_0
info: Microsoft.EntityFrameworkCore.Database.Command[20101]
      Executed DbCommand (1ms) [Parameters=[@__get_Item_0='?' (DbType = Int32)], CommandType='Text', CommandTimeout='30']
      SELECT [e].[Id], [e].[Active], [e].[DefaultTaxDisplayTypeId], [e].[EnablePasswordLifetime], [e].[FreeShipping], [e].[IsSystemRole], [e].[Name], [e].[OverrideTaxDisplayType], [e].[PurchasedWithProductId], [e].[SystemName], [e].[TaxExempt]
      FROM [CustomerRole] AS [e]
      WHERE [e].[Id] = @__get_Item_0
info: Microsoft.EntityFrameworkCore.Database.Command[20101]
      Executed DbCommand (4ms) [Parameters=[@__entityId_0='?' (DbType = Int32), @__keyGroup_1='?' (Size = 400)], CommandType='Text', CommandTimeout='30']
      SELECT [ga].[Id], [ga].[EntityId], [ga].[Key], [ga].[KeyGroup], [ga].[StoreId], [ga].[Value]
      FROM [GenericAttribute] AS [ga]
      WHERE ([ga].[EntityId] = @__entityId_0) AND ([ga].[KeyGroup] = @__keyGroup_1)
info: Microsoft.AspNetCore.Mvc.Internal.ControllerActionInvoker[1]
      Route matched with {area = "Admin", action = "SearchList", controller = "Plugin"}. Executing action NCSw.HERO.Web.Areas.Admin.Controllers.PluginController.SearchList (NCSw.HERO.Web)
info: Microsoft.AspNetCore.Mvc.Internal.ControllerActionInvoker[1]
      Executing action method NCSw.HERO.Web.Areas.Admin.Controllers.PluginController.SearchList (NCSw.HERO.Web) - Validation state: Valid
info: Microsoft.AspNetCore.Mvc.Internal.ControllerActionInvoker[2]
      Executed action method NCSw.HERO.Web.Areas.Admin.Controllers.PluginController.SearchList (NCSw.HERO.Web), returned result Microsoft.AspNetCore.Mvc.JsonResult in 0.3714ms.
info: Microsoft.AspNetCore.Mvc.Formatters.Json.Internal.JsonResultExecutor[1]
      Executing JsonResult, writing value of type 'System.Collections.Generic.List`1[[<>f__AnonymousType22`5[[System.String, System.Private.CoreLib, Version=4.0.0.0, Culture=neutral, PublicKeyToken=7cec85d7bea7798e],[System.String, System.Private.CoreLib, Version=4.0.0.0, Culture=neutral, PublicKeyToken=7cec85d7bea7798e],[System.String, System.Private.CoreLib, Version=4.0.0.0, Culture=neutral, PublicKeyToken=7cec85d7bea7798e],[System.String, System.Private.CoreLib, Version=4.0.0.0, Culture=neutral, PublicKeyToken=7cec85d7bea7798e],[System.Int32, System.Private.CoreLib, Version=4.0.0.0, Culture=neutral, PublicKeyToken=7cec85d7bea7798e]], NCSw.HERO.Web, Version=4.1.0.0, Culture=neutral, PublicKeyToken=null]]'.
info: Microsoft.AspNetCore.Mvc.Internal.ControllerActionInvoker[2]
      Executed action NCSw.HERO.Web.Areas.Admin.Controllers.PluginController.SearchList (NCSw.HERO.Web) in 4.4479ms
info: Microsoft.AspNetCore.Hosting.Internal.WebHost[2]
      Request finished in 63.6776ms 200 application/json; charset=utf-8
info: Microsoft.EntityFrameworkCore.Infrastructure[10403]
      Entity Framework Core 2.2.4-servicing-10062 initialized 'NopObjectContext' using provider 'Microsoft.EntityFrameworkCore.SqlServer' with options: using lazy-loading proxies 
info: Microsoft.EntityFrameworkCore.Database.Command[20101]
      Executed DbCommand (5ms) [Parameters=[@p0='?' (DbType = DateTime2), @p1='?' (DbType = Int32), @p2='?' (Size = 4000), @p3='?' (Size = 200), @p4='?' (DbType = Int32), @p5='?' (Size = 4000), @p6='?' (Size = 4000), @p7='?' (Size = 4000)], CommandType='Text', CommandTimeout='30']
      SET NOCOUNT ON;
      INSERT INTO [Log] ([CreatedOnUtc], [CustomerId], [FullMessage], [IpAddress], [LogLevelId], [PageUrl], [ReferrerUrl], [ShortMessage])
      VALUES (@p0, @p1, @p2, @p3, @p4, @p5, @p6, @p7);
      SELECT [Id]
      FROM [Log]
      WHERE @@ROWCOUNT = 1 AND [Id] = scope_identity();
info: Microsoft.AspNetCore.Hosting.Internal.WebHost[1]
      Request starting HTTP/1.1 POST http://erp.hero.net/Admin/Shift/Create application/x-www-form-urlencoded 383
info: Microsoft.EntityFrameworkCore.Infrastructure[10403]
      Entity Framework Core 2.2.4-servicing-10062 initialized 'NopObjectContext' using provider 'Microsoft.EntityFrameworkCore.SqlServer' with options: using lazy-loading proxies 
info: Microsoft.EntityFrameworkCore.Database.Command[20101]
      Executed DbCommand (87ms) [Parameters=[@__email_0='?' (Size = 1000)], CommandType='Text', CommandTimeout='30']
      SELECT TOP(1) [c].[Id], [c].[Active], [c].[AdminComment], [c].[AffiliateId], [c].[BillingAddress_Id], [c].[CannotLoginUntilDateUtc], [c].[CreatedOnUtc], [c].[CustomerGuid], [c].[Deleted], [c].[Email], [c].[EmailToRevalidate], [c].[FailedLoginAttempts], [c].[HasShoppingCartItems], [c].[IsSystemAccount], [c].[IsTaxExempt], [c].[LastActivityDateUtc], [c].[LastIpAddress], [c].[LastLoginDateUtc], [c].[RegisteredInStoreId], [c].[RequireReLogin], [c].[ShippingAddress_Id], [c].[SystemName], [c].[Username], [c].[VendorId]
      FROM [Customer] AS [c]
      WHERE [c].[Email] = @__email_0
      ORDER BY [c].[Id]
info: Microsoft.EntityFrameworkCore.Database.Command[20101]
      Executed DbCommand (35ms) [Parameters=[@__get_Item_0='?' (DbType = Int32)], CommandType='Text', CommandTimeout='30']
      SELECT [e].[Customer_Id], [e].[CustomerRole_Id]
      FROM [Customer_CustomerRole_Mapping] AS [e]
      WHERE [e].[Customer_Id] = @__get_Item_0
info: Microsoft.EntityFrameworkCore.Database.Command[20101]
      Executed DbCommand (26ms) [Parameters=[@__get_Item_0='?' (DbType = Int32)], CommandType='Text', CommandTimeout='30']
      SELECT [e].[Id], [e].[Active], [e].[DefaultTaxDisplayTypeId], [e].[EnablePasswordLifetime], [e].[FreeShipping], [e].[IsSystemRole], [e].[Name], [e].[OverrideTaxDisplayType], [e].[PurchasedWithProductId], [e].[SystemName], [e].[TaxExempt]
      FROM [CustomerRole] AS [e]
      WHERE [e].[Id] = @__get_Item_0
info: Microsoft.EntityFrameworkCore.Database.Command[20101]
      Executed DbCommand (26ms) [Parameters=[@__get_Item_0='?' (DbType = Int32)], CommandType='Text', CommandTimeout='30']
      SELECT [e].[Id], [e].[Active], [e].[DefaultTaxDisplayTypeId], [e].[EnablePasswordLifetime], [e].[FreeShipping], [e].[IsSystemRole], [e].[Name], [e].[OverrideTaxDisplayType], [e].[PurchasedWithProductId], [e].[SystemName], [e].[TaxExempt]
      FROM [CustomerRole] AS [e]
      WHERE [e].[Id] = @__get_Item_0
info: Microsoft.EntityFrameworkCore.Database.Command[20101]
      Executed DbCommand (35ms) [Parameters=[@__entityId_0='?' (DbType = Int32), @__keyGroup_1='?' (Size = 400)], CommandType='Text', CommandTimeout='30']
      SELECT [ga].[Id], [ga].[EntityId], [ga].[Key], [ga].[KeyGroup], [ga].[StoreId], [ga].[Value]
      FROM [GenericAttribute] AS [ga]
      WHERE ([ga].[EntityId] = @__entityId_0) AND ([ga].[KeyGroup] = @__keyGroup_1)
info: Microsoft.AspNetCore.Mvc.Internal.ControllerActionInvoker[1]
      Route matched with {area = "Admin", action = "Create", controller = "Shift"}. Executing action NCSw.HERO.Web.Areas.Admin.Controllers.ShiftController.Create (NCSw.HERO.Web)
info: Microsoft.EntityFrameworkCore.Database.Command[20101]
      Executed DbCommand (45ms) [Parameters=[@p0='?' (DbType = DateTime2), @p1='?' (DbType = Int32), @p2='?' (Size = 4000), @p3='?' (Size = 200), @p4='?' (DbType = Int32), @p5='?' (Size = 4000), @p6='?' (Size = 4000), @p7='?' (Size = 4000)], CommandType='Text', CommandTimeout='30']
      SET NOCOUNT ON;
      INSERT INTO [Log] ([CreatedOnUtc], [CustomerId], [FullMessage], [IpAddress], [LogLevelId], [PageUrl], [ReferrerUrl], [ShortMessage])
      VALUES (@p0, @p1, @p2, @p3, @p4, @p5, @p6, @p7);
      SELECT [Id]
      FROM [Log]
      WHERE @@ROWCOUNT = 1 AND [Id] = scope_identity();
info: Microsoft.EntityFrameworkCore.Database.Command[20101]
      Executed DbCommand (26ms) [Parameters=[@p0='?' (DbType = DateTime2), @p1='?' (DbType = Int32), @p2='?' (Size = 4000), @p3='?' (Size = 200), @p4='?' (DbType = Int32), @p5='?' (Size = 4000), @p6='?' (Size = 4000), @p7='?' (Size = 4000)], CommandType='Text', CommandTimeout='30']
      SET NOCOUNT ON;
      INSERT INTO [Log] ([CreatedOnUtc], [CustomerId], [FullMessage], [IpAddress], [LogLevelId], [PageUrl], [ReferrerUrl], [ShortMessage])
      VALUES (@p0, @p1, @p2, @p3, @p4, @p5, @p6, @p7);
      SELECT [Id]
      FROM [Log]
      WHERE @@ROWCOUNT = 1 AND [Id] = scope_identity();
info: Microsoft.EntityFrameworkCore.Infrastructure[10403]
      Entity Framework Core 2.2.4-servicing-10062 initialized 'NopObjectContext' using provider 'Microsoft.EntityFrameworkCore.SqlServer' with options: using lazy-loading proxies 
info: Microsoft.EntityFrameworkCore.Database.Command[20101]
      Executed DbCommand (567ms) [Parameters=[@p0='?' (DbType = DateTime2), @p1='?' (DbType = Int32), @p2='?' (Size = 4000), @p3='?' (Size = 200), @p4='?' (DbType = Int32), @p5='?' (Size = 4000), @p6='?' (Size = 4000), @p7='?' (Size = 4000)], CommandType='Text', CommandTimeout='30']
      SET NOCOUNT ON;
      INSERT INTO [Log] ([CreatedOnUtc], [CustomerId], [FullMessage], [IpAddress], [LogLevelId], [PageUrl], [ReferrerUrl], [ShortMessage])
      VALUES (@p0, @p1, @p2, @p3, @p4, @p5, @p6, @p7);
      SELECT [Id]
      FROM [Log]
      WHERE @@ROWCOUNT = 1 AND [Id] = scope_identity();
info: Microsoft.AspNetCore.Mvc.Internal.ControllerActionInvoker[1]
      Executing action method NCSw.HERO.Web.Areas.Admin.Controllers.ShiftController.Create (NCSw.HERO.Web) with arguments (NCSw.HERO.Web.Areas.Admin.Models.ShiftModel, True) - Validation state: Invalid
info: Microsoft.EntityFrameworkCore.Database.Command[20101]
      Executed DbCommand (155ms) [Parameters=[@__model_Code_0='?' (Size = 255)], CommandType='Text', CommandTimeout='30']
      SELECT TOP(1) [w].[Id], [w].[Active], [w].[BreakTimeFrom], [w].[BreakTimeTo], [w].[Code], [w].[CreatedBy], [w].[CreatedOnUtc], [w].[Deleted], [w].[Description], [w].[FromHour], [w].[Name], [w].[ToHour], [w].[UpdatedBy], [w].[UpdatedOnUtc]
      FROM [hero].[Shift] AS [w]
      WHERE [w].[Code] = @__model_Code_0
info: Microsoft.AspNetCore.Mvc.Internal.ControllerActionInvoker[2]
      Executed action method NCSw.HERO.Web.Areas.Admin.Controllers.ShiftController.Create (NCSw.HERO.Web), returned result Microsoft.AspNetCore.Mvc.ViewResult in 23294.6188ms.
info: Microsoft.AspNetCore.Mvc.ViewFeatures.ViewResultExecutor[1]
      Executing ViewResult, running view Create.
info: Microsoft.EntityFrameworkCore.Database.Command[20101]
      Executed DbCommand (39ms) [Parameters=[@p0='?' (DbType = DateTime2), @p1='?' (DbType = Int32), @p2='?' (Size = 4000), @p3='?' (Size = 200), @p4='?' (DbType = Int32), @p5='?' (Size = 4000), @p6='?' (Size = 4000), @p7='?' (Size = 4000)], CommandType='Text', CommandTimeout='30']
      SET NOCOUNT ON;
      INSERT INTO [Log] ([CreatedOnUtc], [CustomerId], [FullMessage], [IpAddress], [LogLevelId], [PageUrl], [ReferrerUrl], [ShortMessage])
      VALUES (@p0, @p1, @p2, @p3, @p4, @p5, @p6, @p7);
      SELECT [Id]
      FROM [Log]
      WHERE @@ROWCOUNT = 1 AND [Id] = scope_identity();
info: Microsoft.EntityFrameworkCore.Database.Command[20101]
      Executed DbCommand (45ms) [Parameters=[@p0='?' (DbType = DateTime2), @p1='?' (DbType = Int32), @p2='?' (Size = 4000), @p3='?' (Size = 200), @p4='?' (DbType = Int32), @p5='?' (Size = 4000), @p6='?' (Size = 4000), @p7='?' (Size = 4000)], CommandType='Text', CommandTimeout='30']
      SET NOCOUNT ON;
      INSERT INTO [Log] ([CreatedOnUtc], [CustomerId], [FullMessage], [IpAddress], [LogLevelId], [PageUrl], [ReferrerUrl], [ShortMessage])
      VALUES (@p0, @p1, @p2, @p3, @p4, @p5, @p6, @p7);
      SELECT [Id]
      FROM [Log]
      WHERE @@ROWCOUNT = 1 AND [Id] = scope_identity();
info: Microsoft.EntityFrameworkCore.Database.Command[20101]
      Executed DbCommand (45ms) [Parameters=[@p0='?' (DbType = DateTime2), @p1='?' (DbType = Int32), @p2='?' (Size = 4000), @p3='?' (Size = 200), @p4='?' (DbType = Int32), @p5='?' (Size = 4000), @p6='?' (Size = 4000), @p7='?' (Size = 4000)], CommandType='Text', CommandTimeout='30']
      SET NOCOUNT ON;
      INSERT INTO [Log] ([CreatedOnUtc], [CustomerId], [FullMessage], [IpAddress], [LogLevelId], [PageUrl], [ReferrerUrl], [ShortMessage])
      VALUES (@p0, @p1, @p2, @p3, @p4, @p5, @p6, @p7);
      SELECT [Id]
      FROM [Log]
      WHERE @@ROWCOUNT = 1 AND [Id] = scope_identity();
info: Microsoft.EntityFrameworkCore.Database.Command[20101]
      Executed DbCommand (33ms) [Parameters=[@p0='?' (DbType = DateTime2), @p1='?' (DbType = Int32), @p2='?' (Size = 4000), @p3='?' (Size = 200), @p4='?' (DbType = Int32), @p5='?' (Size = 4000), @p6='?' (Size = 4000), @p7='?' (Size = 4000)], CommandType='Text', CommandTimeout='30']
      SET NOCOUNT ON;
      INSERT INTO [Log] ([CreatedOnUtc], [CustomerId], [FullMessage], [IpAddress], [LogLevelId], [PageUrl], [ReferrerUrl], [ShortMessage])
      VALUES (@p0, @p1, @p2, @p3, @p4, @p5, @p6, @p7);
      SELECT [Id]
      FROM [Log]
      WHERE @@ROWCOUNT = 1 AND [Id] = scope_identity();
info: Microsoft.AspNetCore.Mvc.ViewFeatures.ViewResultExecutor[4]
      Executed ViewResult - view Create executed in 221.2464ms.
info: Microsoft.AspNetCore.Mvc.Internal.ControllerActionInvoker[2]
      Executed action NCSw.HERO.Web.Areas.Admin.Controllers.ShiftController.Create (NCSw.HERO.Web) in 118970.5727ms
info: Microsoft.AspNetCore.Hosting.Internal.WebHost[2]
      Request finished in 119265.5048ms 200 text/html; charset=utf-8
info: Microsoft.AspNetCore.Hosting.Internal.WebHost[1]
      Request starting HTTP/1.1 GET http://erp.hero.net/admin/plugin/SearchList?_=1557399283091  
info: Microsoft.EntityFrameworkCore.Infrastructure[10403]
      Entity Framework Core 2.2.4-servicing-10062 initialized 'NopObjectContext' using provider 'Microsoft.EntityFrameworkCore.SqlServer' with options: using lazy-loading proxies 
info: Microsoft.EntityFrameworkCore.Database.Command[20101]
      Executed DbCommand (195ms) [Parameters=[@__email_0='?' (Size = 1000)], CommandType='Text', CommandTimeout='30']
      SELECT TOP(1) [c].[Id], [c].[Active], [c].[AdminComment], [c].[AffiliateId], [c].[BillingAddress_Id], [c].[CannotLoginUntilDateUtc], [c].[CreatedOnUtc], [c].[CustomerGuid], [c].[Deleted], [c].[Email], [c].[EmailToRevalidate], [c].[FailedLoginAttempts], [c].[HasShoppingCartItems], [c].[IsSystemAccount], [c].[IsTaxExempt], [c].[LastActivityDateUtc], [c].[LastIpAddress], [c].[LastLoginDateUtc], [c].[RegisteredInStoreId], [c].[RequireReLogin], [c].[ShippingAddress_Id], [c].[SystemName], [c].[Username], [c].[VendorId]
      FROM [Customer] AS [c]
      WHERE [c].[Email] = @__email_0
      ORDER BY [c].[Id]
info: Microsoft.EntityFrameworkCore.Database.Command[20101]
      Executed DbCommand (21ms) [Parameters=[@__get_Item_0='?' (DbType = Int32)], CommandType='Text', CommandTimeout='30']
      SELECT [e].[Customer_Id], [e].[CustomerRole_Id]
      FROM [Customer_CustomerRole_Mapping] AS [e]
      WHERE [e].[Customer_Id] = @__get_Item_0
info: Microsoft.EntityFrameworkCore.Database.Command[20101]
      Executed DbCommand (37ms) [Parameters=[@__get_Item_0='?' (DbType = Int32)], CommandType='Text', CommandTimeout='30']
      SELECT [e].[Id], [e].[Active], [e].[DefaultTaxDisplayTypeId], [e].[EnablePasswordLifetime], [e].[FreeShipping], [e].[IsSystemRole], [e].[Name], [e].[OverrideTaxDisplayType], [e].[PurchasedWithProductId], [e].[SystemName], [e].[TaxExempt]
      FROM [CustomerRole] AS [e]
      WHERE [e].[Id] = @__get_Item_0
info: Microsoft.EntityFrameworkCore.Database.Command[20101]
      Executed DbCommand (574ms) [Parameters=[@__get_Item_0='?' (DbType = Int32)], CommandType='Text', CommandTimeout='30']
      SELECT [e].[Id], [e].[Active], [e].[DefaultTaxDisplayTypeId], [e].[EnablePasswordLifetime], [e].[FreeShipping], [e].[IsSystemRole], [e].[Name], [e].[OverrideTaxDisplayType], [e].[PurchasedWithProductId], [e].[SystemName], [e].[TaxExempt]
      FROM [CustomerRole] AS [e]
      WHERE [e].[Id] = @__get_Item_0
info: Microsoft.EntityFrameworkCore.Database.Command[20101]
      Executed DbCommand (130ms) [Parameters=[@__entityId_0='?' (DbType = Int32), @__keyGroup_1='?' (Size = 400)], CommandType='Text', CommandTimeout='30']
      SELECT [ga].[Id], [ga].[EntityId], [ga].[Key], [ga].[KeyGroup], [ga].[StoreId], [ga].[Value]
      FROM [GenericAttribute] AS [ga]
      WHERE ([ga].[EntityId] = @__entityId_0) AND ([ga].[KeyGroup] = @__keyGroup_1)
info: Microsoft.AspNetCore.Mvc.Internal.ControllerActionInvoker[1]
      Route matched with {area = "Admin", action = "SearchList", controller = "Plugin"}. Executing action NCSw.HERO.Web.Areas.Admin.Controllers.PluginController.SearchList (NCSw.HERO.Web)
info: Microsoft.EntityFrameworkCore.Database.Command[20101]
      Executed DbCommand (30ms) [Parameters=[@p23='?' (DbType = Int32), @p0='?' (DbType = Boolean), @p1='?' (Size = 4000), @p2='?' (DbType = Int32), @p3='?' (DbType = Int32), @p4='?' (DbType = DateTime2), @p5='?' (DbType = DateTime2), @p6='?' (DbType = Guid), @p7='?' (DbType = Boolean), @p8='?' (Size = 1000), @p9='?' (Size = 1000), @p10='?' (DbType = Int32), @p11='?' (DbType = Boolean), @p12='?' (DbType = Boolean), @p13='?' (DbType = Boolean), @p14='?' (DbType = DateTime2), @p15='?' (Size = 4000), @p16='?' (DbType = DateTime2), @p17='?' (DbType = Int32), @p18='?' (DbType = Boolean), @p19='?' (DbType = Int32), @p20='?' (Size = 400), @p21='?' (Size = 1000), @p22='?' (DbType = Int32)], CommandType='Text', CommandTimeout='30']
      SET NOCOUNT ON;
      UPDATE [Customer] SET [Active] = @p0, [AdminComment] = @p1, [AffiliateId] = @p2, [BillingAddress_Id] = @p3, [CannotLoginUntilDateUtc] = @p4, [CreatedOnUtc] = @p5, [CustomerGuid] = @p6, [Deleted] = @p7, [Email] = @p8, [EmailToRevalidate] = @p9, [FailedLoginAttempts] = @p10, [HasShoppingCartItems] = @p11, [IsSystemAccount] = @p12, [IsTaxExempt] = @p13, [LastActivityDateUtc] = @p14, [LastIpAddress] = @p15, [LastLoginDateUtc] = @p16, [RegisteredInStoreId] = @p17, [RequireReLogin] = @p18, [ShippingAddress_Id] = @p19, [SystemName] = @p20, [Username] = @p21, [VendorId] = @p22
      WHERE [Id] = @p23;
      SELECT @@ROWCOUNT;
info: Microsoft.AspNetCore.Mvc.Internal.ControllerActionInvoker[1]
      Executing action method NCSw.HERO.Web.Areas.Admin.Controllers.PluginController.SearchList (NCSw.HERO.Web) - Validation state: Valid
info: Microsoft.AspNetCore.Mvc.Internal.ControllerActionInvoker[2]
      Executed action method NCSw.HERO.Web.Areas.Admin.Controllers.PluginController.SearchList (NCSw.HERO.Web), returned result Microsoft.AspNetCore.Mvc.JsonResult in 0.1939ms.
info: Microsoft.AspNetCore.Mvc.Formatters.Json.Internal.JsonResultExecutor[1]
      Executing JsonResult, writing value of type 'System.Collections.Generic.List`1[[<>f__AnonymousType22`5[[System.String, System.Private.CoreLib, Version=4.0.0.0, Culture=neutral, PublicKeyToken=7cec85d7bea7798e],[System.String, System.Private.CoreLib, Version=4.0.0.0, Culture=neutral, PublicKeyToken=7cec85d7bea7798e],[System.String, System.Private.CoreLib, Version=4.0.0.0, Culture=neutral, PublicKeyToken=7cec85d7bea7798e],[System.String, System.Private.CoreLib, Version=4.0.0.0, Culture=neutral, PublicKeyToken=7cec85d7bea7798e],[System.Int32, System.Private.CoreLib, Version=4.0.0.0, Culture=neutral, PublicKeyToken=7cec85d7bea7798e]], NCSw.HERO.Web, Version=4.1.0.0, Culture=neutral, PublicKeyToken=null]]'.
info: Microsoft.AspNetCore.Mvc.Internal.ControllerActionInvoker[2]
      Executed action NCSw.HERO.Web.Areas.Admin.Controllers.PluginController.SearchList (NCSw.HERO.Web) in 69.5648ms
info: Microsoft.AspNetCore.Hosting.Internal.WebHost[2]
      Request finished in 1103.3615ms 200 application/json; charset=utf-8
info: Microsoft.EntityFrameworkCore.Infrastructure[10403]
      Entity Framework Core 2.2.4-servicing-10062 initialized 'NopObjectContext' using provider 'Microsoft.EntityFrameworkCore.SqlServer' with options: using lazy-loading proxies 
info: Microsoft.EntityFrameworkCore.Database.Command[20101]
      Executed DbCommand (160ms) [Parameters=[@p0='?' (DbType = DateTime2), @p1='?' (DbType = Int32), @p2='?' (Size = 4000), @p3='?' (Size = 200), @p4='?' (DbType = Int32), @p5='?' (Size = 4000), @p6='?' (Size = 4000), @p7='?' (Size = 4000)], CommandType='Text', CommandTimeout='30']
      SET NOCOUNT ON;
      INSERT INTO [Log] ([CreatedOnUtc], [CustomerId], [FullMessage], [IpAddress], [LogLevelId], [PageUrl], [ReferrerUrl], [ShortMessage])
      VALUES (@p0, @p1, @p2, @p3, @p4, @p5, @p6, @p7);
      SELECT [Id]
      FROM [Log]
      WHERE @@ROWCOUNT = 1 AND [Id] = scope_identity();
info: Microsoft.AspNetCore.Hosting.Internal.WebHost[1]
      Request starting HTTP/1.1 POST http://erp.hero.net/Admin/Shift/Create application/x-www-form-urlencoded 383
info: Microsoft.EntityFrameworkCore.Infrastructure[10403]
      Entity Framework Core 2.2.4-servicing-10062 initialized 'NopObjectContext' using provider 'Microsoft.EntityFrameworkCore.SqlServer' with options: using lazy-loading proxies 
info: Microsoft.EntityFrameworkCore.Database.Command[20101]
      Executed DbCommand (2ms) [Parameters=[@__email_0='?' (Size = 1000)], CommandType='Text', CommandTimeout='30']
      SELECT TOP(1) [c].[Id], [c].[Active], [c].[AdminComment], [c].[AffiliateId], [c].[BillingAddress_Id], [c].[CannotLoginUntilDateUtc], [c].[CreatedOnUtc], [c].[CustomerGuid], [c].[Deleted], [c].[Email], [c].[EmailToRevalidate], [c].[FailedLoginAttempts], [c].[HasShoppingCartItems], [c].[IsSystemAccount], [c].[IsTaxExempt], [c].[LastActivityDateUtc], [c].[LastIpAddress], [c].[LastLoginDateUtc], [c].[RegisteredInStoreId], [c].[RequireReLogin], [c].[ShippingAddress_Id], [c].[SystemName], [c].[Username], [c].[VendorId]
      FROM [Customer] AS [c]
      WHERE [c].[Email] = @__email_0
      ORDER BY [c].[Id]
info: Microsoft.EntityFrameworkCore.Database.Command[20101]
      Executed DbCommand (2ms) [Parameters=[@__get_Item_0='?' (DbType = Int32)], CommandType='Text', CommandTimeout='30']
      SELECT [e].[Customer_Id], [e].[CustomerRole_Id]
      FROM [Customer_CustomerRole_Mapping] AS [e]
      WHERE [e].[Customer_Id] = @__get_Item_0
info: Microsoft.EntityFrameworkCore.Database.Command[20101]
      Executed DbCommand (2ms) [Parameters=[@__get_Item_0='?' (DbType = Int32)], CommandType='Text', CommandTimeout='30']
      SELECT [e].[Id], [e].[Active], [e].[DefaultTaxDisplayTypeId], [e].[EnablePasswordLifetime], [e].[FreeShipping], [e].[IsSystemRole], [e].[Name], [e].[OverrideTaxDisplayType], [e].[PurchasedWithProductId], [e].[SystemName], [e].[TaxExempt]
      FROM [CustomerRole] AS [e]
      WHERE [e].[Id] = @__get_Item_0
info: Microsoft.EntityFrameworkCore.Database.Command[20101]
      Executed DbCommand (2ms) [Parameters=[@__get_Item_0='?' (DbType = Int32)], CommandType='Text', CommandTimeout='30']
      SELECT [e].[Id], [e].[Active], [e].[DefaultTaxDisplayTypeId], [e].[EnablePasswordLifetime], [e].[FreeShipping], [e].[IsSystemRole], [e].[Name], [e].[OverrideTaxDisplayType], [e].[PurchasedWithProductId], [e].[SystemName], [e].[TaxExempt]
      FROM [CustomerRole] AS [e]
      WHERE [e].[Id] = @__get_Item_0
info: Microsoft.EntityFrameworkCore.Database.Command[20101]
      Executed DbCommand (2ms) [Parameters=[@__entityId_0='?' (DbType = Int32), @__keyGroup_1='?' (Size = 400)], CommandType='Text', CommandTimeout='30']
      SELECT [ga].[Id], [ga].[EntityId], [ga].[Key], [ga].[KeyGroup], [ga].[StoreId], [ga].[Value]
      FROM [GenericAttribute] AS [ga]
      WHERE ([ga].[EntityId] = @__entityId_0) AND ([ga].[KeyGroup] = @__keyGroup_1)
info: Microsoft.AspNetCore.Mvc.Internal.ControllerActionInvoker[1]
      Route matched with {area = "Admin", action = "Create", controller = "Shift"}. Executing action NCSw.HERO.Web.Areas.Admin.Controllers.ShiftController.Create (NCSw.HERO.Web)
info: Microsoft.EntityFrameworkCore.Database.Command[20101]
      Executed DbCommand (2ms) [Parameters=[@p0='?' (DbType = DateTime2), @p1='?' (DbType = Int32), @p2='?' (Size = 4000), @p3='?' (Size = 200), @p4='?' (DbType = Int32), @p5='?' (Size = 4000), @p6='?' (Size = 4000), @p7='?' (Size = 4000)], CommandType='Text', CommandTimeout='30']
      SET NOCOUNT ON;
      INSERT INTO [Log] ([CreatedOnUtc], [CustomerId], [FullMessage], [IpAddress], [LogLevelId], [PageUrl], [ReferrerUrl], [ShortMessage])
      VALUES (@p0, @p1, @p2, @p3, @p4, @p5, @p6, @p7);
      SELECT [Id]
      FROM [Log]
      WHERE @@ROWCOUNT = 1 AND [Id] = scope_identity();
info: Microsoft.EntityFrameworkCore.Database.Command[20101]
      Executed DbCommand (2ms) [Parameters=[@p0='?' (DbType = DateTime2), @p1='?' (DbType = Int32), @p2='?' (Size = 4000), @p3='?' (Size = 200), @p4='?' (DbType = Int32), @p5='?' (Size = 4000), @p6='?' (Size = 4000), @p7='?' (Size = 4000)], CommandType='Text', CommandTimeout='30']
      SET NOCOUNT ON;
      INSERT INTO [Log] ([CreatedOnUtc], [CustomerId], [FullMessage], [IpAddress], [LogLevelId], [PageUrl], [ReferrerUrl], [ShortMessage])
      VALUES (@p0, @p1, @p2, @p3, @p4, @p5, @p6, @p7);
      SELECT [Id]
      FROM [Log]
      WHERE @@ROWCOUNT = 1 AND [Id] = scope_identity();
info: Microsoft.AspNetCore.Mvc.Internal.ControllerActionInvoker[1]
      Executing action method NCSw.HERO.Web.Areas.Admin.Controllers.ShiftController.Create (NCSw.HERO.Web) with arguments (NCSw.HERO.Web.Areas.Admin.Models.ShiftModel, True) - Validation state: Invalid
info: Microsoft.EntityFrameworkCore.Database.Command[20101]
      Executed DbCommand (4ms) [Parameters=[@__model_Code_0='?' (Size = 255)], CommandType='Text', CommandTimeout='30']
      SELECT TOP(1) [w].[Id], [w].[Active], [w].[BreakTimeFrom], [w].[BreakTimeTo], [w].[Code], [w].[CreatedBy], [w].[CreatedOnUtc], [w].[Deleted], [w].[Description], [w].[FromHour], [w].[Name], [w].[ToHour], [w].[UpdatedBy], [w].[UpdatedOnUtc]
      FROM [hero].[Shift] AS [w]
      WHERE [w].[Code] = @__model_Code_0
info: Microsoft.AspNetCore.Mvc.Internal.ControllerActionInvoker[2]
      Executed action method NCSw.HERO.Web.Areas.Admin.Controllers.ShiftController.Create (NCSw.HERO.Web), returned result Microsoft.AspNetCore.Mvc.ViewResult in 4.0678ms.
info: Microsoft.AspNetCore.Mvc.ViewFeatures.ViewResultExecutor[1]
      Executing ViewResult, running view Create.
info: Microsoft.EntityFrameworkCore.Database.Command[20101]
      Executed DbCommand (3ms) [Parameters=[@p0='?' (DbType = DateTime2), @p1='?' (DbType = Int32), @p2='?' (Size = 4000), @p3='?' (Size = 200), @p4='?' (DbType = Int32), @p5='?' (Size = 4000), @p6='?' (Size = 4000), @p7='?' (Size = 4000)], CommandType='Text', CommandTimeout='30']
      SET NOCOUNT ON;
      INSERT INTO [Log] ([CreatedOnUtc], [CustomerId], [FullMessage], [IpAddress], [LogLevelId], [PageUrl], [ReferrerUrl], [ShortMessage])
      VALUES (@p0, @p1, @p2, @p3, @p4, @p5, @p6, @p7);
      SELECT [Id]
      FROM [Log]
      WHERE @@ROWCOUNT = 1 AND [Id] = scope_identity();
info: Microsoft.EntityFrameworkCore.Database.Command[20101]
      Executed DbCommand (2ms) [Parameters=[@p0='?' (DbType = DateTime2), @p1='?' (DbType = Int32), @p2='?' (Size = 4000), @p3='?' (Size = 200), @p4='?' (DbType = Int32), @p5='?' (Size = 4000), @p6='?' (Size = 4000), @p7='?' (Size = 4000)], CommandType='Text', CommandTimeout='30']
      SET NOCOUNT ON;
      INSERT INTO [Log] ([CreatedOnUtc], [CustomerId], [FullMessage], [IpAddress], [LogLevelId], [PageUrl], [ReferrerUrl], [ShortMessage])
      VALUES (@p0, @p1, @p2, @p3, @p4, @p5, @p6, @p7);
      SELECT [Id]
      FROM [Log]
      WHERE @@ROWCOUNT = 1 AND [Id] = scope_identity();
info: Microsoft.EntityFrameworkCore.Database.Command[20101]
      Executed DbCommand (2ms) [Parameters=[@p0='?' (DbType = DateTime2), @p1='?' (DbType = Int32), @p2='?' (Size = 4000), @p3='?' (Size = 200), @p4='?' (DbType = Int32), @p5='?' (Size = 4000), @p6='?' (Size = 4000), @p7='?' (Size = 4000)], CommandType='Text', CommandTimeout='30']
      SET NOCOUNT ON;
      INSERT INTO [Log] ([CreatedOnUtc], [CustomerId], [FullMessage], [IpAddress], [LogLevelId], [PageUrl], [ReferrerUrl], [ShortMessage])
      VALUES (@p0, @p1, @p2, @p3, @p4, @p5, @p6, @p7);
      SELECT [Id]
      FROM [Log]
      WHERE @@ROWCOUNT = 1 AND [Id] = scope_identity();
info: Microsoft.EntityFrameworkCore.Database.Command[20101]
      Executed DbCommand (2ms) [Parameters=[@p0='?' (DbType = DateTime2), @p1='?' (DbType = Int32), @p2='?' (Size = 4000), @p3='?' (Size = 200), @p4='?' (DbType = Int32), @p5='?' (Size = 4000), @p6='?' (Size = 4000), @p7='?' (Size = 4000)], CommandType='Text', CommandTimeout='30']
      SET NOCOUNT ON;
      INSERT INTO [Log] ([CreatedOnUtc], [CustomerId], [FullMessage], [IpAddress], [LogLevelId], [PageUrl], [ReferrerUrl], [ShortMessage])
      VALUES (@p0, @p1, @p2, @p3, @p4, @p5, @p6, @p7);
      SELECT [Id]
      FROM [Log]
      WHERE @@ROWCOUNT = 1 AND [Id] = scope_identity();
info: Microsoft.AspNetCore.Mvc.ViewFeatures.ViewResultExecutor[4]
      Executed ViewResult - view Create executed in 50.9741ms.
info: Microsoft.AspNetCore.Mvc.Internal.ControllerActionInvoker[2]
      Executed action NCSw.HERO.Web.Areas.Admin.Controllers.ShiftController.Create (NCSw.HERO.Web) in 70.9119ms
info: Microsoft.AspNetCore.Hosting.Internal.WebHost[2]
      Request finished in 132.3952ms 200 text/html; charset=utf-8
info: Microsoft.AspNetCore.Hosting.Internal.WebHost[1]
      Request starting HTTP/1.1 GET http://erp.hero.net/lib/moment/moment-with-locales.js  
info: Microsoft.AspNetCore.Hosting.Internal.WebHost[1]
      Request starting HTTP/1.1 GET http://erp.hero.net/lib/datetimepicker/bootstrap-datetimepicker.min.js  
info: Microsoft.AspNetCore.Hosting.Internal.WebHost[1]
      Request starting HTTP/1.1 GET http://erp.hero.net/bundles/mtnmcvnnjlxdc-aunrp5aj5swai-kv1ljvldsvyevi4.min.css  
info: Microsoft.AspNetCore.Hosting.Internal.WebHost[1]
      Request starting HTTP/1.1 GET http://erp.hero.net/lib/select2/select2.min.js  
info: Microsoft.AspNetCore.Hosting.Internal.WebHost[1]
      Request starting HTTP/1.1 GET http://erp.hero.net/lib/bootstrap-touchspin/jquery.bootstrap-touchspin.min.js  
info: Microsoft.AspNetCore.Hosting.Internal.WebHost[1]
      Request starting HTTP/1.1 GET http://erp.hero.net/lib/jquery/jquery-1.10.2.min.js  
info: Microsoft.AspNetCore.StaticFiles.StaticFileMiddleware[2]
      Sending file. Request path: '/bundles/mtnmcvnnjlxdc-aunrp5aj5swai-kv1ljvldsvyevi4.min.css'. Physical path: 'E:\HERO\Presentation\NCSw.HERO.Web\wwwroot\bundles\mtnmcvnnjlxdc-aunrp5aj5swai-kv1ljvldsvyevi4.min.css'
info: Microsoft.AspNetCore.StaticFiles.StaticFileMiddleware[2]
      Sending file. Request path: '/lib/select2/select2.min.js'. Physical path: 'E:\HERO\Presentation\NCSw.HERO.Web\wwwroot\lib\select2\select2.min.js'
info: Microsoft.AspNetCore.Hosting.Internal.WebHost[2]
      Request finished in 61.1417ms 200 text/css
info: Microsoft.AspNetCore.Hosting.Internal.WebHost[2]
      Request finished in 60.1507ms 200 application/javascript
info: Microsoft.AspNetCore.StaticFiles.StaticFileMiddleware[2]
      Sending file. Request path: '/lib/moment/moment-with-locales.js'. Physical path: 'E:\HERO\Presentation\NCSw.HERO.Web\wwwroot\lib\moment\moment-with-locales.js'
info: Microsoft.AspNetCore.Hosting.Internal.WebHost[2]
      Request finished in 72.7182ms 200 application/javascript
info: Microsoft.AspNetCore.StaticFiles.StaticFileMiddleware[2]
      Sending file. Request path: '/lib/jquery/jquery-1.10.2.min.js'. Physical path: 'E:\HERO\Presentation\NCSw.HERO.Web\wwwroot\lib\jquery\jquery-1.10.2.min.js'
info: Microsoft.AspNetCore.Hosting.Internal.WebHost[2]
      Request finished in 32.1867ms 200 application/javascript
info: Microsoft.AspNetCore.Hosting.Internal.WebHost[1]
      Request starting HTTP/1.1 GET http://erp.hero.net/lib/bootstrap/js/bootstrap.min.js  
info: Microsoft.AspNetCore.StaticFiles.StaticFileMiddleware[2]
      Sending file. Request path: '/lib/bootstrap-touchspin/jquery.bootstrap-touchspin.min.js'. Physical path: 'E:\HERO\Presentation\NCSw.HERO.Web\wwwroot\lib\bootstrap-touchspin\jquery.bootstrap-touchspin.min.js'
info: Microsoft.AspNetCore.Hosting.Internal.WebHost[2]
      Request finished in 36.1626ms 200 application/javascript
info: Microsoft.AspNetCore.Hosting.Internal.WebHost[1]
      Request starting HTTP/1.1 GET http://erp.hero.net/lib/adminLTE/js/adminlte.min.js  
info: Microsoft.AspNetCore.StaticFiles.StaticFileMiddleware[2]
      Sending file. Request path: '/lib/bootstrap/js/bootstrap.min.js'. Physical path: 'E:\HERO\Presentation\NCSw.HERO.Web\wwwroot\lib\bootstrap\js\bootstrap.min.js'
info: Microsoft.AspNetCore.Hosting.Internal.WebHost[2]
      Request finished in 6.9485ms 200 application/javascript
info: Microsoft.AspNetCore.Hosting.Internal.WebHost[1]
      Request starting HTTP/1.1 GET http://erp.hero.net/lib/jquery-validate/jquery.validate-v1.11.1/jquery.validate.min.js  
info: Microsoft.AspNetCore.StaticFiles.StaticFileMiddleware[2]
      Sending file. Request path: '/lib/adminLTE/js/adminlte.min.js'. Physical path: 'E:\HERO\Presentation\NCSw.HERO.Web\wwwroot\lib\adminLTE\js\adminlte.min.js'
info: Microsoft.AspNetCore.Hosting.Internal.WebHost[2]
      Request finished in 8.2822ms 200 application/javascript
info: Microsoft.AspNetCore.Hosting.Internal.WebHost[1]
      Request starting HTTP/1.1 GET http://erp.hero.net/lib/jquery-validate/jquery.validate.unobtrusive/jquery.validate.unobtrusive.min.js  
info: Microsoft.AspNetCore.StaticFiles.StaticFileMiddleware[2]
      Sending file. Request path: '/lib/datetimepicker/bootstrap-datetimepicker.min.js'. Physical path: 'E:\HERO\Presentation\NCSw.HERO.Web\wwwroot\lib\datetimepicker\bootstrap-datetimepicker.min.js'
info: Microsoft.AspNetCore.Hosting.Internal.WebHost[2]
      Request finished in 90.3242ms 200 application/javascript
info: Microsoft.AspNetCore.StaticFiles.StaticFileMiddleware[2]
      Sending file. Request path: '/lib/jquery-validate/jquery.validate-v1.11.1/jquery.validate.min.js'. Physical path: 'E:\HERO\Presentation\NCSw.HERO.Web\wwwroot\lib\jquery-validate\jquery.validate-v1.11.1\jquery.validate.min.js'
info: Microsoft.AspNetCore.Hosting.Internal.WebHost[2]
      Request finished in 14.4493ms 200 application/javascript
info: Microsoft.AspNetCore.StaticFiles.StaticFileMiddleware[2]
      Sending file. Request path: '/lib/jquery-validate/jquery.validate.unobtrusive/jquery.validate.unobtrusive.min.js'. Physical path: 'E:\HERO\Presentation\NCSw.HERO.Web\wwwroot\lib\jquery-validate\jquery.validate.unobtrusive\jquery.validate.unobtrusive.min.js'
info: Microsoft.AspNetCore.Hosting.Internal.WebHost[2]
      Request finished in 11.6507ms 200 application/javascript
info: Microsoft.AspNetCore.Hosting.Internal.WebHost[1]
      Request starting HTTP/1.1 GET http://erp.hero.net/lib/jquery-ui/jquery-ui-1.10.3/jquery-ui-1.10.3.custom.min.js  
info: Microsoft.AspNetCore.Hosting.Internal.WebHost[1]
      Request starting HTTP/1.1 GET http://erp.hero.net/lib/jquery-migrate/jquery-migrate-1.2.1.min.js  
info: Microsoft.AspNetCore.Hosting.Internal.WebHost[1]
      Request starting HTTP/1.1 GET http://erp.hero.net/js/admin.common.js  
info: Microsoft.AspNetCore.Hosting.Internal.WebHost[1]
      Request starting HTTP/1.1 GET http://erp.hero.net/lib/typeahead/typeahead.bundle.min.js  
info: Microsoft.AspNetCore.StaticFiles.StaticFileMiddleware[2]
      Sending file. Request path: '/lib/jquery-ui/jquery-ui-1.10.3/jquery-ui-1.10.3.custom.min.js'. Physical path: 'E:\HERO\Presentation\NCSw.HERO.Web\wwwroot\lib\jquery-ui\jquery-ui-1.10.3\jquery-ui-1.10.3.custom.min.js'
info: Microsoft.AspNetCore.Hosting.Internal.WebHost[2]
      Request finished in 19.2322ms 200 application/javascript
info: Microsoft.AspNetCore.StaticFiles.StaticFileMiddleware[2]
      Sending file. Request path: '/lib/typeahead/typeahead.bundle.min.js'. Physical path: 'E:\HERO\Presentation\NCSw.HERO.Web\wwwroot\lib\typeahead\typeahead.bundle.min.js'
info: Microsoft.AspNetCore.Hosting.Internal.WebHost[2]
      Request finished in 18.2729ms 200 application/javascript
info: Microsoft.AspNetCore.Hosting.Internal.WebHost[1]
      Request starting HTTP/1.1 GET http://erp.hero.net/js/admin.navigation.js  
info: Microsoft.AspNetCore.StaticFiles.StaticFileMiddleware[2]
      Sending file. Request path: '/lib/jquery-migrate/jquery-migrate-1.2.1.min.js'. Physical path: 'E:\HERO\Presentation\NCSw.HERO.Web\wwwroot\lib\jquery-migrate\jquery-migrate-1.2.1.min.js'
info: Microsoft.AspNetCore.Hosting.Internal.WebHost[2]
      Request finished in 26.1453ms 200 application/javascript
info: Microsoft.AspNetCore.Hosting.Internal.WebHost[1]
      Request starting HTTP/1.1 GET http://erp.hero.net/js/admin.search.js  
info: Microsoft.AspNetCore.Hosting.Internal.WebHost[1]
      Request starting HTTP/1.1 GET http://erp.hero.net/lib/kendo/2014.1.318/kendo.web.min.js  
info: Microsoft.AspNetCore.StaticFiles.StaticFileMiddleware[2]
      Sending file. Request path: '/js/admin.navigation.js'. Physical path: 'E:\HERO\Presentation\NCSw.HERO.Web\wwwroot\js\admin.navigation.js'
info: Microsoft.AspNetCore.Hosting.Internal.WebHost[2]
      Request finished in 6.2674ms 200 application/javascript
info: Microsoft.AspNetCore.Hosting.Internal.WebHost[1]
      Request starting HTTP/1.1 GET http://erp.hero.net/js/main.js  
info: Microsoft.AspNetCore.StaticFiles.StaticFileMiddleware[2]
      Sending file. Request path: '/js/main.js'. Physical path: 'E:\HERO\Presentation\NCSw.HERO.Web\wwwroot\js\main.js'
info: Microsoft.AspNetCore.Hosting.Internal.WebHost[2]
      Request finished in 2.1856ms 200 application/javascript
info: Microsoft.AspNetCore.Hosting.Internal.WebHost[1]
      Request starting HTTP/1.1 GET http://erp.hero.net/css/admin/images/throbber-synchronizing.gif  
info: Microsoft.AspNetCore.Hosting.Internal.WebHost[1]
      Request starting HTTP/1.1 GET http://erp.hero.net/images/flags/vn.png  
info: Microsoft.AspNetCore.StaticFiles.StaticFileMiddleware[2]
      Sending file. Request path: '/images/flags/vn.png'. Physical path: 'E:\HERO\Presentation\NCSw.HERO.Web\wwwroot\images\flags\vn.png'
info: Microsoft.AspNetCore.Hosting.Internal.WebHost[2]
      Request finished in 1.7963ms 200 image/png
info: Microsoft.AspNetCore.StaticFiles.StaticFileMiddleware[2]
      Sending file. Request path: '/js/admin.common.js'. Physical path: 'E:\HERO\Presentation\NCSw.HERO.Web\wwwroot\js\admin.common.js'
info: Microsoft.AspNetCore.Hosting.Internal.WebHost[1]
      Request starting HTTP/1.1 GET http://erp.hero.net/images/flags/us.png  
info: Microsoft.AspNetCore.Hosting.Internal.WebHost[2]
      Request finished in 45.7629ms 200 application/javascript
info: Microsoft.AspNetCore.StaticFiles.StaticFileMiddleware[2]
      Sending file. Request path: '/images/flags/us.png'. Physical path: 'E:\HERO\Presentation\NCSw.HERO.Web\wwwroot\images\flags\us.png'
info: Microsoft.AspNetCore.Hosting.Internal.WebHost[2]
      Request finished in 1.804ms 200 image/png
info: Microsoft.AspNetCore.StaticFiles.StaticFileMiddleware[2]
      Sending file. Request path: '/css/admin/images/throbber-synchronizing.gif'. Physical path: 'E:\HERO\Presentation\NCSw.HERO.Web\wwwroot\css\admin\images\throbber-synchronizing.gif'
info: Microsoft.AspNetCore.Hosting.Internal.WebHost[2]
      Request finished in 19.4188ms 200 image/gif
info: Microsoft.AspNetCore.StaticFiles.StaticFileMiddleware[2]
      Sending file. Request path: '/js/admin.search.js'. Physical path: 'E:\HERO\Presentation\NCSw.HERO.Web\wwwroot\js\admin.search.js'
info: Microsoft.AspNetCore.Hosting.Internal.WebHost[2]
      Request finished in 35.4484ms 200 application/javascript
info: Microsoft.AspNetCore.StaticFiles.StaticFileMiddleware[2]
      Sending file. Request path: '/lib/kendo/2014.1.318/kendo.web.min.js'. Physical path: 'E:\HERO\Presentation\NCSw.HERO.Web\wwwroot\lib\kendo\2014.1.318\kendo.web.min.js'
info: Microsoft.AspNetCore.Hosting.Internal.WebHost[2]
      Request finished in 81.2294ms 200 application/javascript
info: Microsoft.AspNetCore.Hosting.Internal.WebHost[1]
      Request starting HTTP/1.1 GET http://erp.hero.net/images/icon-bvDucGiang.png  
info: Microsoft.AspNetCore.StaticFiles.StaticFileMiddleware[2]
      Sending file. Request path: '/images/icon-bvDucGiang.png'. Physical path: 'E:\HERO\Presentation\NCSw.HERO.Web\wwwroot\images\icon-bvDucGiang.png'
info: Microsoft.AspNetCore.Hosting.Internal.WebHost[2]
      Request finished in 1.0209ms 200 image/png
info: Microsoft.AspNetCore.Hosting.Internal.WebHost[1]
      Request starting HTTP/1.1 GET http://erp.hero.net/lib/fontAwesome/fonts/fontawesome-webfont.woff2?v=4.7.0  
info: Microsoft.AspNetCore.Hosting.Internal.WebHost[1]
      Request starting HTTP/1.1 GET http://erp.hero.net/css/admin/images/search-icon.png  
info: Microsoft.AspNetCore.StaticFiles.StaticFileMiddleware[2]
      Sending file. Request path: '/css/admin/images/search-icon.png'. Physical path: 'E:\HERO\Presentation\NCSw.HERO.Web\wwwroot\css\admin\images\search-icon.png'
info: Microsoft.AspNetCore.Hosting.Internal.WebHost[2]
      Request finished in 2.9802ms 200 image/png
info: Microsoft.AspNetCore.StaticFiles.StaticFileMiddleware[2]
      Sending file. Request path: '/lib/fontAwesome/fonts/fontawesome-webfont.woff2'. Physical path: 'E:\HERO\Presentation\NCSw.HERO.Web\wwwroot\lib\fontAwesome\fonts\fontawesome-webfont.woff2'
info: Microsoft.AspNetCore.Hosting.Internal.WebHost[2]
      Request finished in 9.3813ms 200 font/woff2
info: Microsoft.AspNetCore.Hosting.Internal.WebHost[1]
      Request starting HTTP/1.1 GET http://erp.hero.net/admin/plugin/SearchList?_=1557399352951  
info: Microsoft.EntityFrameworkCore.Infrastructure[10403]
      Entity Framework Core 2.2.4-servicing-10062 initialized 'NopObjectContext' using provider 'Microsoft.EntityFrameworkCore.SqlServer' with options: using lazy-loading proxies 
info: Microsoft.EntityFrameworkCore.Database.Command[20101]
      Executed DbCommand (2ms) [Parameters=[@__email_0='?' (Size = 1000)], CommandType='Text', CommandTimeout='30']
      SELECT TOP(1) [c].[Id], [c].[Active], [c].[AdminComment], [c].[AffiliateId], [c].[BillingAddress_Id], [c].[CannotLoginUntilDateUtc], [c].[CreatedOnUtc], [c].[CustomerGuid], [c].[Deleted], [c].[Email], [c].[EmailToRevalidate], [c].[FailedLoginAttempts], [c].[HasShoppingCartItems], [c].[IsSystemAccount], [c].[IsTaxExempt], [c].[LastActivityDateUtc], [c].[LastIpAddress], [c].[LastLoginDateUtc], [c].[RegisteredInStoreId], [c].[RequireReLogin], [c].[ShippingAddress_Id], [c].[SystemName], [c].[Username], [c].[VendorId]
      FROM [Customer] AS [c]
      WHERE [c].[Email] = @__email_0
      ORDER BY [c].[Id]
info: Microsoft.EntityFrameworkCore.Database.Command[20101]
      Executed DbCommand (1ms) [Parameters=[@__get_Item_0='?' (DbType = Int32)], CommandType='Text', CommandTimeout='30']
      SELECT [e].[Customer_Id], [e].[CustomerRole_Id]
      FROM [Customer_CustomerRole_Mapping] AS [e]
      WHERE [e].[Customer_Id] = @__get_Item_0
info: Microsoft.EntityFrameworkCore.Database.Command[20101]
      Executed DbCommand (6ms) [Parameters=[@__get_Item_0='?' (DbType = Int32)], CommandType='Text', CommandTimeout='30']
      SELECT [e].[Id], [e].[Active], [e].[DefaultTaxDisplayTypeId], [e].[EnablePasswordLifetime], [e].[FreeShipping], [e].[IsSystemRole], [e].[Name], [e].[OverrideTaxDisplayType], [e].[PurchasedWithProductId], [e].[SystemName], [e].[TaxExempt]
      FROM [CustomerRole] AS [e]
      WHERE [e].[Id] = @__get_Item_0
info: Microsoft.EntityFrameworkCore.Database.Command[20101]
      Executed DbCommand (3ms) [Parameters=[@__get_Item_0='?' (DbType = Int32)], CommandType='Text', CommandTimeout='30']
      SELECT [e].[Id], [e].[Active], [e].[DefaultTaxDisplayTypeId], [e].[EnablePasswordLifetime], [e].[FreeShipping], [e].[IsSystemRole], [e].[Name], [e].[OverrideTaxDisplayType], [e].[PurchasedWithProductId], [e].[SystemName], [e].[TaxExempt]
      FROM [CustomerRole] AS [e]
      WHERE [e].[Id] = @__get_Item_0
info: Microsoft.EntityFrameworkCore.Database.Command[20101]
      Executed DbCommand (2ms) [Parameters=[@__entityId_0='?' (DbType = Int32), @__keyGroup_1='?' (Size = 400)], CommandType='Text', CommandTimeout='30']
      SELECT [ga].[Id], [ga].[EntityId], [ga].[Key], [ga].[KeyGroup], [ga].[StoreId], [ga].[Value]
      FROM [GenericAttribute] AS [ga]
      WHERE ([ga].[EntityId] = @__entityId_0) AND ([ga].[KeyGroup] = @__keyGroup_1)
info: Microsoft.AspNetCore.Mvc.Internal.ControllerActionInvoker[1]
      Route matched with {area = "Admin", action = "SearchList", controller = "Plugin"}. Executing action NCSw.HERO.Web.Areas.Admin.Controllers.PluginController.SearchList (NCSw.HERO.Web)
info: Microsoft.EntityFrameworkCore.Database.Command[20101]
      Executed DbCommand (2ms) [Parameters=[@p23='?' (DbType = Int32), @p0='?' (DbType = Boolean), @p1='?' (Size = 4000), @p2='?' (DbType = Int32), @p3='?' (DbType = Int32), @p4='?' (DbType = DateTime2), @p5='?' (DbType = DateTime2), @p6='?' (DbType = Guid), @p7='?' (DbType = Boolean), @p8='?' (Size = 1000), @p9='?' (Size = 1000), @p10='?' (DbType = Int32), @p11='?' (DbType = Boolean), @p12='?' (DbType = Boolean), @p13='?' (DbType = Boolean), @p14='?' (DbType = DateTime2), @p15='?' (Size = 4000), @p16='?' (DbType = DateTime2), @p17='?' (DbType = Int32), @p18='?' (DbType = Boolean), @p19='?' (DbType = Int32), @p20='?' (Size = 400), @p21='?' (Size = 1000), @p22='?' (DbType = Int32)], CommandType='Text', CommandTimeout='30']
      SET NOCOUNT ON;
      UPDATE [Customer] SET [Active] = @p0, [AdminComment] = @p1, [AffiliateId] = @p2, [BillingAddress_Id] = @p3, [CannotLoginUntilDateUtc] = @p4, [CreatedOnUtc] = @p5, [CustomerGuid] = @p6, [Deleted] = @p7, [Email] = @p8, [EmailToRevalidate] = @p9, [FailedLoginAttempts] = @p10, [HasShoppingCartItems] = @p11, [IsSystemAccount] = @p12, [IsTaxExempt] = @p13, [LastActivityDateUtc] = @p14, [LastIpAddress] = @p15, [LastLoginDateUtc] = @p16, [RegisteredInStoreId] = @p17, [RequireReLogin] = @p18, [ShippingAddress_Id] = @p19, [SystemName] = @p20, [Username] = @p21, [VendorId] = @p22
      WHERE [Id] = @p23;
      SELECT @@ROWCOUNT;
info: Microsoft.AspNetCore.Mvc.Internal.ControllerActionInvoker[1]
      Executing action method NCSw.HERO.Web.Areas.Admin.Controllers.PluginController.SearchList (NCSw.HERO.Web) - Validation state: Valid
info: Microsoft.AspNetCore.Mvc.Internal.ControllerActionInvoker[2]
      Executed action method NCSw.HERO.Web.Areas.Admin.Controllers.PluginController.SearchList (NCSw.HERO.Web), returned result Microsoft.AspNetCore.Mvc.JsonResult in 0.1449ms.
info: Microsoft.AspNetCore.Mvc.Formatters.Json.Internal.JsonResultExecutor[1]
      Executing JsonResult, writing value of type 'System.Collections.Generic.List`1[[<>f__AnonymousType22`5[[System.String, System.Private.CoreLib, Version=4.0.0.0, Culture=neutral, PublicKeyToken=7cec85d7bea7798e],[System.String, System.Private.CoreLib, Version=4.0.0.0, Culture=neutral, PublicKeyToken=7cec85d7bea7798e],[System.String, System.Private.CoreLib, Version=4.0.0.0, Culture=neutral, PublicKeyToken=7cec85d7bea7798e],[System.String, System.Private.CoreLib, Version=4.0.0.0, Culture=neutral, PublicKeyToken=7cec85d7bea7798e],[System.Int32, System.Private.CoreLib, Version=4.0.0.0, Culture=neutral, PublicKeyToken=7cec85d7bea7798e]], NCSw.HERO.Web, Version=4.1.0.0, Culture=neutral, PublicKeyToken=null]]'.
info: Microsoft.AspNetCore.Mvc.Internal.ControllerActionInvoker[2]
      Executed action NCSw.HERO.Web.Areas.Admin.Controllers.PluginController.SearchList (NCSw.HERO.Web) in 8.3411ms
info: Microsoft.AspNetCore.Hosting.Internal.WebHost[2]
      Request finished in 80.6375ms 200 application/json; charset=utf-8
info: Microsoft.AspNetCore.Hosting.Internal.WebHost[1]
      Request starting HTTP/1.1 GET http://erp.hero.net/images/icon-bvDucGiang.png  
info: Microsoft.AspNetCore.StaticFiles.StaticFileMiddleware[2]
      Sending file. Request path: '/images/icon-bvDucGiang.png'. Physical path: 'E:\HERO\Presentation\NCSw.HERO.Web\wwwroot\images\icon-bvDucGiang.png'
info: Microsoft.AspNetCore.Hosting.Internal.WebHost[2]
      Request finished in 1.3994ms 200 image/png
info: Microsoft.AspNetCore.Hosting.Internal.WebHost[1]
      Request starting HTTP/1.1 GET http://erp.hero.net/Admin/Shift/List  
info: Microsoft.EntityFrameworkCore.Infrastructure[10403]
      Entity Framework Core 2.2.4-servicing-10062 initialized 'NopObjectContext' using provider 'Microsoft.EntityFrameworkCore.SqlServer' with options: using lazy-loading proxies 
info: Microsoft.EntityFrameworkCore.Database.Command[20101]
      Executed DbCommand (2ms) [Parameters=[@__email_0='?' (Size = 1000)], CommandType='Text', CommandTimeout='30']
      SELECT TOP(1) [c].[Id], [c].[Active], [c].[AdminComment], [c].[AffiliateId], [c].[BillingAddress_Id], [c].[CannotLoginUntilDateUtc], [c].[CreatedOnUtc], [c].[CustomerGuid], [c].[Deleted], [c].[Email], [c].[EmailToRevalidate], [c].[FailedLoginAttempts], [c].[HasShoppingCartItems], [c].[IsSystemAccount], [c].[IsTaxExempt], [c].[LastActivityDateUtc], [c].[LastIpAddress], [c].[LastLoginDateUtc], [c].[RegisteredInStoreId], [c].[RequireReLogin], [c].[ShippingAddress_Id], [c].[SystemName], [c].[Username], [c].[VendorId]
      FROM [Customer] AS [c]
      WHERE [c].[Email] = @__email_0
      ORDER BY [c].[Id]
info: Microsoft.EntityFrameworkCore.Database.Command[20101]
      Executed DbCommand (1ms) [Parameters=[@__get_Item_0='?' (DbType = Int32)], CommandType='Text', CommandTimeout='30']
      SELECT [e].[Customer_Id], [e].[CustomerRole_Id]
      FROM [Customer_CustomerRole_Mapping] AS [e]
      WHERE [e].[Customer_Id] = @__get_Item_0
info: Microsoft.EntityFrameworkCore.Database.Command[20101]
      Executed DbCommand (1ms) [Parameters=[@__get_Item_0='?' (DbType = Int32)], CommandType='Text', CommandTimeout='30']
      SELECT [e].[Id], [e].[Active], [e].[DefaultTaxDisplayTypeId], [e].[EnablePasswordLifetime], [e].[FreeShipping], [e].[IsSystemRole], [e].[Name], [e].[OverrideTaxDisplayType], [e].[PurchasedWithProductId], [e].[SystemName], [e].[TaxExempt]
      FROM [CustomerRole] AS [e]
      WHERE [e].[Id] = @__get_Item_0
info: Microsoft.EntityFrameworkCore.Database.Command[20101]
      Executed DbCommand (1ms) [Parameters=[@__get_Item_0='?' (DbType = Int32)], CommandType='Text', CommandTimeout='30']
      SELECT [e].[Id], [e].[Active], [e].[DefaultTaxDisplayTypeId], [e].[EnablePasswordLifetime], [e].[FreeShipping], [e].[IsSystemRole], [e].[Name], [e].[OverrideTaxDisplayType], [e].[PurchasedWithProductId], [e].[SystemName], [e].[TaxExempt]
      FROM [CustomerRole] AS [e]
      WHERE [e].[Id] = @__get_Item_0
info: Microsoft.EntityFrameworkCore.Database.Command[20101]
      Executed DbCommand (2ms) [Parameters=[@__entityId_0='?' (DbType = Int32), @__keyGroup_1='?' (Size = 400)], CommandType='Text', CommandTimeout='30']
      SELECT [ga].[Id], [ga].[EntityId], [ga].[Key], [ga].[KeyGroup], [ga].[StoreId], [ga].[Value]
      FROM [GenericAttribute] AS [ga]
      WHERE ([ga].[EntityId] = @__entityId_0) AND ([ga].[KeyGroup] = @__keyGroup_1)
info: Microsoft.AspNetCore.Mvc.Internal.ControllerActionInvoker[1]
      Route matched with {area = "Admin", action = "List", controller = "Shift"}. Executing action NCSw.HERO.Web.Areas.Admin.Controllers.ShiftController.List (NCSw.HERO.Web)
info: Microsoft.AspNetCore.Mvc.Internal.ControllerActionInvoker[1]
      Executing action method NCSw.HERO.Web.Areas.Admin.Controllers.ShiftController.List (NCSw.HERO.Web) - Validation state: Valid
info: Microsoft.AspNetCore.Mvc.Internal.ControllerActionInvoker[2]
      Executed action method NCSw.HERO.Web.Areas.Admin.Controllers.ShiftController.List (NCSw.HERO.Web), returned result Microsoft.AspNetCore.Mvc.ViewResult in 0.1728ms.
info: Microsoft.AspNetCore.Mvc.ViewFeatures.ViewResultExecutor[1]
      Executing ViewResult, running view List.
info: Microsoft.EntityFrameworkCore.Database.Command[20101]
      Executed DbCommand (1ms) [Parameters=[@p0='?' (DbType = DateTime2), @p1='?' (DbType = Int32), @p2='?' (Size = 4000), @p3='?' (Size = 200), @p4='?' (DbType = Int32), @p5='?' (Size = 4000), @p6='?' (Size = 4000), @p7='?' (Size = 4000)], CommandType='Text', CommandTimeout='30']
      SET NOCOUNT ON;
      INSERT INTO [Log] ([CreatedOnUtc], [CustomerId], [FullMessage], [IpAddress], [LogLevelId], [PageUrl], [ReferrerUrl], [ShortMessage])
      VALUES (@p0, @p1, @p2, @p3, @p4, @p5, @p6, @p7);
      SELECT [Id]
      FROM [Log]
      WHERE @@ROWCOUNT = 1 AND [Id] = scope_identity();
info: Microsoft.AspNetCore.Mvc.ViewFeatures.ViewResultExecutor[4]
      Executed ViewResult - view List executed in 10.3579ms.
info: Microsoft.AspNetCore.Mvc.Internal.ControllerActionInvoker[2]
      Executed action NCSw.HERO.Web.Areas.Admin.Controllers.ShiftController.List (NCSw.HERO.Web) in 11.0107ms
info: Microsoft.AspNetCore.Hosting.Internal.WebHost[2]
      Request finished in 73.6993ms 200 text/html; charset=utf-8
info: Microsoft.AspNetCore.Hosting.Internal.WebHost[1]
      Request starting HTTP/1.1 GET http://erp.hero.net/admin/plugin/SearchList?_=1557399360714  
info: Microsoft.EntityFrameworkCore.Infrastructure[10403]
      Entity Framework Core 2.2.4-servicing-10062 initialized 'NopObjectContext' using provider 'Microsoft.EntityFrameworkCore.SqlServer' with options: using lazy-loading proxies 
info: Microsoft.EntityFrameworkCore.Database.Command[20101]
      Executed DbCommand (2ms) [Parameters=[@__email_0='?' (Size = 1000)], CommandType='Text', CommandTimeout='30']
      SELECT TOP(1) [c].[Id], [c].[Active], [c].[AdminComment], [c].[AffiliateId], [c].[BillingAddress_Id], [c].[CannotLoginUntilDateUtc], [c].[CreatedOnUtc], [c].[CustomerGuid], [c].[Deleted], [c].[Email], [c].[EmailToRevalidate], [c].[FailedLoginAttempts], [c].[HasShoppingCartItems], [c].[IsSystemAccount], [c].[IsTaxExempt], [c].[LastActivityDateUtc], [c].[LastIpAddress], [c].[LastLoginDateUtc], [c].[RegisteredInStoreId], [c].[RequireReLogin], [c].[ShippingAddress_Id], [c].[SystemName], [c].[Username], [c].[VendorId]
      FROM [Customer] AS [c]
      WHERE [c].[Email] = @__email_0
      ORDER BY [c].[Id]
info: Microsoft.EntityFrameworkCore.Database.Command[20101]
      Executed DbCommand (1ms) [Parameters=[@__get_Item_0='?' (DbType = Int32)], CommandType='Text', CommandTimeout='30']
      SELECT [e].[Customer_Id], [e].[CustomerRole_Id]
      FROM [Customer_CustomerRole_Mapping] AS [e]
      WHERE [e].[Customer_Id] = @__get_Item_0
info: Microsoft.EntityFrameworkCore.Database.Command[20101]
      Executed DbCommand (1ms) [Parameters=[@__get_Item_0='?' (DbType = Int32)], CommandType='Text', CommandTimeout='30']
      SELECT [e].[Id], [e].[Active], [e].[DefaultTaxDisplayTypeId], [e].[EnablePasswordLifetime], [e].[FreeShipping], [e].[IsSystemRole], [e].[Name], [e].[OverrideTaxDisplayType], [e].[PurchasedWithProductId], [e].[SystemName], [e].[TaxExempt]
      FROM [CustomerRole] AS [e]
      WHERE [e].[Id] = @__get_Item_0
info: Microsoft.EntityFrameworkCore.Database.Command[20101]
      Executed DbCommand (1ms) [Parameters=[@__get_Item_0='?' (DbType = Int32)], CommandType='Text', CommandTimeout='30']
      SELECT [e].[Id], [e].[Active], [e].[DefaultTaxDisplayTypeId], [e].[EnablePasswordLifetime], [e].[FreeShipping], [e].[IsSystemRole], [e].[Name], [e].[OverrideTaxDisplayType], [e].[PurchasedWithProductId], [e].[SystemName], [e].[TaxExempt]
      FROM [CustomerRole] AS [e]
      WHERE [e].[Id] = @__get_Item_0
info: Microsoft.EntityFrameworkCore.Database.Command[20101]
      Executed DbCommand (1ms) [Parameters=[@__entityId_0='?' (DbType = Int32), @__keyGroup_1='?' (Size = 400)], CommandType='Text', CommandTimeout='30']
      SELECT [ga].[Id], [ga].[EntityId], [ga].[Key], [ga].[KeyGroup], [ga].[StoreId], [ga].[Value]
      FROM [GenericAttribute] AS [ga]
      WHERE ([ga].[EntityId] = @__entityId_0) AND ([ga].[KeyGroup] = @__keyGroup_1)
info: Microsoft.AspNetCore.Mvc.Internal.ControllerActionInvoker[1]
      Route matched with {area = "Admin", action = "SearchList", controller = "Plugin"}. Executing action NCSw.HERO.Web.Areas.Admin.Controllers.PluginController.SearchList (NCSw.HERO.Web)
info: Microsoft.AspNetCore.Mvc.Internal.ControllerActionInvoker[1]
      Executing action method NCSw.HERO.Web.Areas.Admin.Controllers.PluginController.SearchList (NCSw.HERO.Web) - Validation state: Valid
info: Microsoft.AspNetCore.Mvc.Internal.ControllerActionInvoker[2]
      Executed action method NCSw.HERO.Web.Areas.Admin.Controllers.PluginController.SearchList (NCSw.HERO.Web), returned result Microsoft.AspNetCore.Mvc.JsonResult in 0.1883ms.
info: Microsoft.AspNetCore.Mvc.Formatters.Json.Internal.JsonResultExecutor[1]
      Executing JsonResult, writing value of type 'System.Collections.Generic.List`1[[<>f__AnonymousType22`5[[System.String, System.Private.CoreLib, Version=4.0.0.0, Culture=neutral, PublicKeyToken=7cec85d7bea7798e],[System.String, System.Private.CoreLib, Version=4.0.0.0, Culture=neutral, PublicKeyToken=7cec85d7bea7798e],[System.String, System.Private.CoreLib, Version=4.0.0.0, Culture=neutral, PublicKeyToken=7cec85d7bea7798e],[System.String, System.Private.CoreLib, Version=4.0.0.0, Culture=neutral, PublicKeyToken=7cec85d7bea7798e],[System.Int32, System.Private.CoreLib, Version=4.0.0.0, Culture=neutral, PublicKeyToken=7cec85d7bea7798e]], NCSw.HERO.Web, Version=4.1.0.0, Culture=neutral, PublicKeyToken=null]]'.
info: Microsoft.AspNetCore.Mvc.Internal.ControllerActionInvoker[2]
      Executed action NCSw.HERO.Web.Areas.Admin.Controllers.PluginController.SearchList (NCSw.HERO.Web) in 2.7173ms
info: Microsoft.AspNetCore.Hosting.Internal.WebHost[2]
      Request finished in 103.4509ms 200 application/json; charset=utf-8
info: Microsoft.AspNetCore.Hosting.Internal.WebHost[1]
      Request starting HTTP/1.1 POST http://erp.hero.net/Admin/Shift/List application/x-www-form-urlencoded; charset=UTF-8 271
info: Microsoft.EntityFrameworkCore.Infrastructure[10403]
      Entity Framework Core 2.2.4-servicing-10062 initialized 'NopObjectContext' using provider 'Microsoft.EntityFrameworkCore.SqlServer' with options: using lazy-loading proxies 
info: Microsoft.EntityFrameworkCore.Database.Command[20101]
      Executed DbCommand (2ms) [Parameters=[@__email_0='?' (Size = 1000)], CommandType='Text', CommandTimeout='30']
      SELECT TOP(1) [c].[Id], [c].[Active], [c].[AdminComment], [c].[AffiliateId], [c].[BillingAddress_Id], [c].[CannotLoginUntilDateUtc], [c].[CreatedOnUtc], [c].[CustomerGuid], [c].[Deleted], [c].[Email], [c].[EmailToRevalidate], [c].[FailedLoginAttempts], [c].[HasShoppingCartItems], [c].[IsSystemAccount], [c].[IsTaxExempt], [c].[LastActivityDateUtc], [c].[LastIpAddress], [c].[LastLoginDateUtc], [c].[RegisteredInStoreId], [c].[RequireReLogin], [c].[ShippingAddress_Id], [c].[SystemName], [c].[Username], [c].[VendorId]
      FROM [Customer] AS [c]
      WHERE [c].[Email] = @__email_0
      ORDER BY [c].[Id]
info: Microsoft.EntityFrameworkCore.Database.Command[20101]
      Executed DbCommand (1ms) [Parameters=[@__get_Item_0='?' (DbType = Int32)], CommandType='Text', CommandTimeout='30']
      SELECT [e].[Customer_Id], [e].[CustomerRole_Id]
      FROM [Customer_CustomerRole_Mapping] AS [e]
      WHERE [e].[Customer_Id] = @__get_Item_0
info: Microsoft.EntityFrameworkCore.Database.Command[20101]
      Executed DbCommand (1ms) [Parameters=[@__get_Item_0='?' (DbType = Int32)], CommandType='Text', CommandTimeout='30']
      SELECT [e].[Id], [e].[Active], [e].[DefaultTaxDisplayTypeId], [e].[EnablePasswordLifetime], [e].[FreeShipping], [e].[IsSystemRole], [e].[Name], [e].[OverrideTaxDisplayType], [e].[PurchasedWithProductId], [e].[SystemName], [e].[TaxExempt]
      FROM [CustomerRole] AS [e]
      WHERE [e].[Id] = @__get_Item_0
info: Microsoft.EntityFrameworkCore.Database.Command[20101]
      Executed DbCommand (2ms) [Parameters=[@__get_Item_0='?' (DbType = Int32)], CommandType='Text', CommandTimeout='30']
      SELECT [e].[Id], [e].[Active], [e].[DefaultTaxDisplayTypeId], [e].[EnablePasswordLifetime], [e].[FreeShipping], [e].[IsSystemRole], [e].[Name], [e].[OverrideTaxDisplayType], [e].[PurchasedWithProductId], [e].[SystemName], [e].[TaxExempt]
      FROM [CustomerRole] AS [e]
      WHERE [e].[Id] = @__get_Item_0
info: Microsoft.EntityFrameworkCore.Database.Command[20101]
      Executed DbCommand (1ms) [Parameters=[@__entityId_0='?' (DbType = Int32), @__keyGroup_1='?' (Size = 400)], CommandType='Text', CommandTimeout='30']
      SELECT [ga].[Id], [ga].[EntityId], [ga].[Key], [ga].[KeyGroup], [ga].[StoreId], [ga].[Value]
      FROM [GenericAttribute] AS [ga]
      WHERE ([ga].[EntityId] = @__entityId_0) AND ([ga].[KeyGroup] = @__keyGroup_1)
info: Microsoft.AspNetCore.Mvc.Internal.ControllerActionInvoker[1]
      Route matched with {area = "Admin", action = "List", controller = "Shift"}. Executing action NCSw.HERO.Web.Areas.Admin.Controllers.ShiftController.List (NCSw.HERO.Web)
info: Microsoft.AspNetCore.Mvc.Internal.ControllerActionInvoker[1]
      Executing action method NCSw.HERO.Web.Areas.Admin.Controllers.ShiftController.List (NCSw.HERO.Web) with arguments (NCSw.HERO.Web.Areas.Admin.Models.ShiftSearchModel) - Validation state: Valid
info: Microsoft.EntityFrameworkCore.Database.Command[20101]
      Executed DbCommand (1ms) [Parameters=[], CommandType='Text', CommandTimeout='30']
      SELECT COUNT(*)
      FROM [hero].[Shift] AS [m]
      WHERE [m].[Deleted] = 0
info: Microsoft.EntityFrameworkCore.Database.Command[20101]
      Executed DbCommand (1ms) [Parameters=[@__p_0='?' (DbType = Int32), @__p_1='?' (DbType = Int32)], CommandType='Text', CommandTimeout='30']
      SELECT [m].[Id], [m].[Active], [m].[BreakTimeFrom], [m].[BreakTimeTo], [m].[Code], [m].[CreatedBy], [m].[CreatedOnUtc], [m].[Deleted], [m].[Description], [m].[FromHour], [m].[Name], [m].[ToHour], [m].[UpdatedBy], [m].[UpdatedOnUtc]
      FROM [hero].[Shift] AS [m]
      WHERE [m].[Deleted] = 0
      ORDER BY (SELECT 1)
      OFFSET @__p_0 ROWS FETCH NEXT @__p_1 ROWS ONLY
info: Microsoft.AspNetCore.Mvc.Internal.ControllerActionInvoker[2]
      Executed action method NCSw.HERO.Web.Areas.Admin.Controllers.ShiftController.List (NCSw.HERO.Web), returned result Microsoft.AspNetCore.Mvc.JsonResult in 3.9603ms.
info: Microsoft.AspNetCore.Mvc.Formatters.Json.Internal.JsonResultExecutor[1]
      Executing JsonResult, writing value of type 'NCSw.HERO.Web.Areas.Admin.Models.ShiftListModel'.
info: Microsoft.AspNetCore.Mvc.Internal.ControllerActionInvoker[2]
      Executed action NCSw.HERO.Web.Areas.Admin.Controllers.ShiftController.List (NCSw.HERO.Web) in 4.956ms
info: Microsoft.AspNetCore.Hosting.Internal.WebHost[2]
      Request finished in 70.9278ms 200 application/json; charset=utf-8
info: Microsoft.EntityFrameworkCore.Infrastructure[10403]
      Entity Framework Core 2.2.4-servicing-10062 initialized 'NopObjectContext' using provider 'Microsoft.EntityFrameworkCore.SqlServer' with options: using lazy-loading proxies 
info: Microsoft.EntityFrameworkCore.Infrastructure[10403]
      Entity Framework Core 2.2.4-servicing-10062 initialized 'NopObjectContext' using provider 'Microsoft.EntityFrameworkCore.SqlServer' with options: using lazy-loading proxies 
info: Microsoft.AspNetCore.Hosting.Internal.WebHost[1]
      Request starting HTTP/1.1 POST http://127.0.0.1:5223/iisintegration  0
info: Microsoft.AspNetCore.Hosting.Internal.WebHost[2]
      Request finished in 0.246ms 202 
Application is shutting down...
