info: Microsoft.EntityFrameworkCore.Infrastructure[10403]
      Entity Framework Core 2.2.4-servicing-10062 initialized 'NopObjectContext' using provider 'Microsoft.EntityFrameworkCore.SqlServer' with options: using lazy-loading proxies 
info: Microsoft.EntityFrameworkCore.Database.Command[20101]
      Executed DbCommand (38ms) [Parameters=[], CommandType='Text', CommandTimeout='30']
      SELECT [t].[Id], [t].[Enabled], [t].[LastEndUtc], [t].[LastStartUtc], [t].[LastSuccessUtc], [t].[Name], [t].[Seconds], [t].[StopOnError], [t].[Type]
      FROM [ScheduleTask] AS [t]
      WHERE [t].[Enabled] = 1
      ORDER BY [t].[Seconds] DESC
info: Microsoft.EntityFrameworkCore.Database.Command[20101]
      Executed DbCommand (7ms) [Parameters=[], CommandType='Text', CommandTimeout='30']
      SELECT [s].[Id], [s].[CompanyAddress], [s].[CompanyName], [s].[CompanyPhoneNumber], [s].[CompanyVat], [s].[DefaultLanguageId], [s].[DisplayOrder], [s].[Hosts], [s].[Name], [s].[SslEnabled], [s].[Url]
      FROM [Store] AS [s]
      ORDER BY [s].[DisplayOrder], [s].[Id]
info: Microsoft.EntityFrameworkCore.Database.Command[20101]
      Executed DbCommand (22ms) [Parameters=[], CommandType='Text', CommandTimeout='30']
      SELECT [s].[Id], [s].[Name], [s].[StoreId], [s].[Value]
      FROM [Setting] AS [s]
      ORDER BY [s].[Name], [s].[StoreId]
info: Microsoft.EntityFrameworkCore.Database.Command[20101]
      Executed DbCommand (52ms) [Parameters=[@p0='?' (DbType = DateTime2), @p1='?' (DbType = Int32), @p2='?' (Size = 4000), @p3='?' (Size = 200), @p4='?' (DbType = Int32), @p5='?' (Size = 4000), @p6='?' (Size = 4000), @p7='?' (Size = 4000)], CommandType='Text', CommandTimeout='30']
      SET NOCOUNT ON;
      INSERT INTO [Log] ([CreatedOnUtc], [CustomerId], [FullMessage], [IpAddress], [LogLevelId], [PageUrl], [ReferrerUrl], [ShortMessage])
      VALUES (@p0, @p1, @p2, @p3, @p4, @p5, @p6, @p7);
      SELECT [Id]
      FROM [Log]
      WHERE @@ROWCOUNT = 1 AND [Id] = scope_identity();
Hosting environment: Development
Content root path: E:\HERO\Presentation\NCSw.HERO.Web
Now listening on: http://127.0.0.1:7465
Application started. Press Ctrl+C to shut down.
info: Microsoft.AspNetCore.Hosting.Internal.WebHost[1]
      Request starting HTTP/1.1 GET http://erp.hero.net/Admin/Shift/List  
info: Microsoft.EntityFrameworkCore.Infrastructure[10403]
      Entity Framework Core 2.2.4-servicing-10062 initialized 'NopObjectContext' using provider 'Microsoft.EntityFrameworkCore.SqlServer' with options: using lazy-loading proxies 
info: Microsoft.EntityFrameworkCore.Database.Command[20101]
      Executed DbCommand (20ms) [Parameters=[@p0='?' (DbType = DateTime2), @p1='?' (DbType = Int32), @p2='?' (Size = 4000), @p3='?' (Size = 200), @p4='?' (DbType = Int32), @p5='?' (Size = 4000), @p6='?' (Size = 4000), @p7='?' (Size = 4000)], CommandType='Text', CommandTimeout='30']
      SET NOCOUNT ON;
      INSERT INTO [Log] ([CreatedOnUtc], [CustomerId], [FullMessage], [IpAddress], [LogLevelId], [PageUrl], [ReferrerUrl], [ShortMessage])
      VALUES (@p0, @p1, @p2, @p3, @p4, @p5, @p6, @p7);
      SELECT [Id]
      FROM [Log]
      WHERE @@ROWCOUNT = 1 AND [Id] = scope_identity();
info: Microsoft.AspNetCore.Mvc.Internal.ControllerActionInvoker[1]
      Route matched with {area = "Admin", action = "List", controller = "Shift"}. Executing action NCSw.HERO.Web.Areas.Admin.Controllers.ShiftController.List (NCSw.HERO.Web)
info: Microsoft.EntityFrameworkCore.Infrastructure[10403]
      Entity Framework Core 2.2.4-servicing-10062 initialized 'NopObjectContext' using provider 'Microsoft.EntityFrameworkCore.SqlServer' with options: using lazy-loading proxies 
info: Microsoft.EntityFrameworkCore.Database.Command[20101]
      Executed DbCommand (4ms) [Parameters=[@__email_0='?' (Size = 1000)], CommandType='Text', CommandTimeout='30']
      SELECT TOP(1) [c].[Id], [c].[Active], [c].[AdminComment], [c].[AffiliateId], [c].[BillingAddress_Id], [c].[CannotLoginUntilDateUtc], [c].[CreatedOnUtc], [c].[CustomerGuid], [c].[Deleted], [c].[Email], [c].[EmailToRevalidate], [c].[FailedLoginAttempts], [c].[HasShoppingCartItems], [c].[IsSystemAccount], [c].[IsTaxExempt], [c].[LastActivityDateUtc], [c].[LastIpAddress], [c].[LastLoginDateUtc], [c].[RegisteredInStoreId], [c].[RequireReLogin], [c].[ShippingAddress_Id], [c].[SystemName], [c].[Username], [c].[VendorId]
      FROM [Customer] AS [c]
      WHERE [c].[Email] = @__email_0
      ORDER BY [c].[Id]
info: Microsoft.EntityFrameworkCore.Database.Command[20101]
      Executed DbCommand (5ms) [Parameters=[@__get_Item_0='?' (DbType = Int32)], CommandType='Text', CommandTimeout='30']
      SELECT [e].[Customer_Id], [e].[CustomerRole_Id]
      FROM [Customer_CustomerRole_Mapping] AS [e]
      WHERE [e].[Customer_Id] = @__get_Item_0
info: Microsoft.EntityFrameworkCore.Database.Command[20101]
      Executed DbCommand (10ms) [Parameters=[@__get_Item_0='?' (DbType = Int32)], CommandType='Text', CommandTimeout='30']
      SELECT [e].[Id], [e].[Active], [e].[DefaultTaxDisplayTypeId], [e].[EnablePasswordLifetime], [e].[FreeShipping], [e].[IsSystemRole], [e].[Name], [e].[OverrideTaxDisplayType], [e].[PurchasedWithProductId], [e].[SystemName], [e].[TaxExempt]
      FROM [CustomerRole] AS [e]
      WHERE [e].[Id] = @__get_Item_0
info: Microsoft.EntityFrameworkCore.Database.Command[20101]
      Executed DbCommand (2ms) [Parameters=[@__get_Item_0='?' (DbType = Int32)], CommandType='Text', CommandTimeout='30']
      SELECT [e].[Id], [e].[Active], [e].[DefaultTaxDisplayTypeId], [e].[EnablePasswordLifetime], [e].[FreeShipping], [e].[IsSystemRole], [e].[Name], [e].[OverrideTaxDisplayType], [e].[PurchasedWithProductId], [e].[SystemName], [e].[TaxExempt]
      FROM [CustomerRole] AS [e]
      WHERE [e].[Id] = @__get_Item_0
info: Microsoft.EntityFrameworkCore.Database.Command[20101]
      Executed DbCommand (4ms) [Parameters=[@__entityId_0='?' (DbType = Int32), @__keyGroup_1='?' (Size = 400)], CommandType='Text', CommandTimeout='30']
      SELECT [ga].[Id], [ga].[EntityId], [ga].[Key], [ga].[KeyGroup], [ga].[StoreId], [ga].[Value]
      FROM [GenericAttribute] AS [ga]
      WHERE ([ga].[EntityId] = @__entityId_0) AND ([ga].[KeyGroup] = @__keyGroup_1)
info: Microsoft.EntityFrameworkCore.Database.Command[20101]
      Executed DbCommand (43ms) [Parameters=[@__customerRoleId_0='?' (DbType = Int32)], CommandType='Text', CommandTimeout='30']
      SELECT [pr].[Id], [pr].[Category], [pr].[Name], [pr].[SystemName]
      FROM [PermissionRecord] AS [pr]
      INNER JOIN [PermissionRecord_Role_Mapping] AS [prcrm] ON [pr].[Id] = [prcrm].[PermissionRecord_Id]
      WHERE [prcrm].[CustomerRole_Id] = @__customerRoleId_0
      ORDER BY [pr].[Id]
info: Microsoft.AspNetCore.Mvc.Internal.ControllerActionInvoker[1]
      Executing action method NCSw.HERO.Web.Areas.Admin.Controllers.ShiftController.List (NCSw.HERO.Web) - Validation state: Valid
info: Microsoft.AspNetCore.Mvc.Internal.ControllerActionInvoker[2]
      Executed action method NCSw.HERO.Web.Areas.Admin.Controllers.ShiftController.List (NCSw.HERO.Web), returned result Microsoft.AspNetCore.Mvc.ViewResult in 6.9291ms.
info: Microsoft.AspNetCore.Mvc.ViewFeatures.ViewResultExecutor[1]
      Executing ViewResult, running view List.
info: Microsoft.EntityFrameworkCore.Database.Command[20101]
      Executed DbCommand (4ms) [Parameters=[], CommandType='Text', CommandTimeout='30']
      SELECT [l].[Id], [l].[DefaultCurrencyId], [l].[DisplayOrder], [l].[FlagImageFileName], [l].[LanguageCulture], [l].[LimitedToStores], [l].[Name], [l].[Published], [l].[Rtl], [l].[UniqueSeoCode]
      FROM [Language] AS [l]
      WHERE [l].[Published] = 1
      ORDER BY [l].[DisplayOrder], [l].[Id]
info: Microsoft.EntityFrameworkCore.Database.Command[20101]
      Executed DbCommand (27,315ms) [Parameters=[@__languageId_0='?' (DbType = Int32), @__AdminLocaleStringResourcesPrefix_1='?' (Size = 200)], CommandType='Text', CommandTimeout='30']
      SELECT [l].[Id], [l].[LanguageId], [l].[ResourceName], [l].[ResourceValue]
      FROM [LocaleStringResource] AS [l]
      WHERE ([l].[LanguageId] = @__languageId_0) AND ((NOT ([l].[ResourceName] LIKE @__AdminLocaleStringResourcesPrefix_1 + N'%') OR (LEFT([l].[ResourceName], LEN(@__AdminLocaleStringResourcesPrefix_1)) <> @__AdminLocaleStringResourcesPrefix_1)) AND (@__AdminLocaleStringResourcesPrefix_1 <> N''))
      ORDER BY [l].[ResourceName]
info: Microsoft.EntityFrameworkCore.Database.Command[20101]
      Executed DbCommand (15ms) [Parameters=[@p0='?' (DbType = DateTime2), @p1='?' (DbType = Int32), @p2='?' (Size = 4000), @p3='?' (Size = 200), @p4='?' (DbType = Int32), @p5='?' (Size = 4000), @p6='?' (Size = 4000), @p7='?' (Size = 4000)], CommandType='Text', CommandTimeout='30']
      SET NOCOUNT ON;
      INSERT INTO [Log] ([CreatedOnUtc], [CustomerId], [FullMessage], [IpAddress], [LogLevelId], [PageUrl], [ReferrerUrl], [ShortMessage])
      VALUES (@p0, @p1, @p2, @p3, @p4, @p5, @p6, @p7);
      SELECT [Id]
      FROM [Log]
      WHERE @@ROWCOUNT = 1 AND [Id] = scope_identity();
info: Microsoft.EntityFrameworkCore.Infrastructure[10403]
      Entity Framework Core 2.2.4-servicing-10062 initialized 'NopObjectContext' using provider 'Microsoft.EntityFrameworkCore.SqlServer' with options: using lazy-loading proxies 
info: Microsoft.EntityFrameworkCore.Database.Command[20101]
      Executed DbCommand (31ms) [Parameters=[@p0='?' (DbType = DateTime2), @p1='?' (DbType = Int32), @p2='?' (Size = 4000), @p3='?' (Size = 200), @p4='?' (DbType = Int32), @p5='?' (Size = 4000), @p6='?' (Size = 4000), @p7='?' (Size = 4000)], CommandType='Text', CommandTimeout='30']
      SET NOCOUNT ON;
      INSERT INTO [Log] ([CreatedOnUtc], [CustomerId], [FullMessage], [IpAddress], [LogLevelId], [PageUrl], [ReferrerUrl], [ShortMessage])
      VALUES (@p0, @p1, @p2, @p3, @p4, @p5, @p6, @p7);
      SELECT [Id]
      FROM [Log]
      WHERE @@ROWCOUNT = 1 AND [Id] = scope_identity();
info: Microsoft.EntityFrameworkCore.Database.Command[20101]
      Executed DbCommand (28,096ms) [Parameters=[@__languageId_0='?' (DbType = Int32), @__AdminLocaleStringResourcesPrefix_1='?' (Size = 200)], CommandType='Text', CommandTimeout='30']
      SELECT [l].[Id], [l].[LanguageId], [l].[ResourceName], [l].[ResourceValue]
      FROM [LocaleStringResource] AS [l]
      WHERE ([l].[LanguageId] = @__languageId_0) AND (([l].[ResourceName] LIKE @__AdminLocaleStringResourcesPrefix_1 + N'%' AND (LEFT([l].[ResourceName], LEN(@__AdminLocaleStringResourcesPrefix_1)) = @__AdminLocaleStringResourcesPrefix_1)) OR (@__AdminLocaleStringResourcesPrefix_1 = N''))
      ORDER BY [l].[ResourceName]
info: Microsoft.EntityFrameworkCore.Database.Command[20101]
      Executed DbCommand (6ms) [Parameters=[@p0='?' (DbType = DateTime2), @p1='?' (DbType = Int32), @p2='?' (Size = 4000), @p3='?' (Size = 200), @p4='?' (DbType = Int32), @p5='?' (Size = 4000), @p6='?' (Size = 4000), @p7='?' (Size = 4000)], CommandType='Text', CommandTimeout='30']
      SET NOCOUNT ON;
      INSERT INTO [Log] ([CreatedOnUtc], [CustomerId], [FullMessage], [IpAddress], [LogLevelId], [PageUrl], [ReferrerUrl], [ShortMessage])
      VALUES (@p0, @p1, @p2, @p3, @p4, @p5, @p6, @p7);
      SELECT [Id]
      FROM [Log]
      WHERE @@ROWCOUNT = 1 AND [Id] = scope_identity();
info: Microsoft.AspNetCore.Mvc.ViewFeatures.ViewResultExecutor[4]
      Executed ViewResult - view List executed in 64075.0885ms.
info: Microsoft.AspNetCore.Mvc.Internal.ControllerActionInvoker[2]
      Executed action NCSw.HERO.Web.Areas.Admin.Controllers.ShiftController.List (NCSw.HERO.Web) in 64660.2322ms
info: Microsoft.AspNetCore.Hosting.Internal.WebHost[2]
      Request finished in 65982.2487ms 200 text/html; charset=utf-8
info: Microsoft.AspNetCore.Hosting.Internal.WebHost[1]
      Request starting HTTP/1.1 GET http://erp.hero.net/admin/plugin/SearchList?_=1557300882091  
info: Microsoft.AspNetCore.Mvc.Internal.ControllerActionInvoker[1]
      Route matched with {area = "Admin", action = "SearchList", controller = "Plugin"}. Executing action NCSw.HERO.Web.Areas.Admin.Controllers.PluginController.SearchList (NCSw.HERO.Web)
info: Microsoft.EntityFrameworkCore.Infrastructure[10403]
      Entity Framework Core 2.2.4-servicing-10062 initialized 'NopObjectContext' using provider 'Microsoft.EntityFrameworkCore.SqlServer' with options: using lazy-loading proxies 
info: Microsoft.EntityFrameworkCore.Database.Command[20101]
      Executed DbCommand (5ms) [Parameters=[@__email_0='?' (Size = 1000)], CommandType='Text', CommandTimeout='30']
      SELECT TOP(1) [c].[Id], [c].[Active], [c].[AdminComment], [c].[AffiliateId], [c].[BillingAddress_Id], [c].[CannotLoginUntilDateUtc], [c].[CreatedOnUtc], [c].[CustomerGuid], [c].[Deleted], [c].[Email], [c].[EmailToRevalidate], [c].[FailedLoginAttempts], [c].[HasShoppingCartItems], [c].[IsSystemAccount], [c].[IsTaxExempt], [c].[LastActivityDateUtc], [c].[LastIpAddress], [c].[LastLoginDateUtc], [c].[RegisteredInStoreId], [c].[RequireReLogin], [c].[ShippingAddress_Id], [c].[SystemName], [c].[Username], [c].[VendorId]
      FROM [Customer] AS [c]
      WHERE [c].[Email] = @__email_0
      ORDER BY [c].[Id]
info: Microsoft.EntityFrameworkCore.Database.Command[20101]
      Executed DbCommand (3ms) [Parameters=[@__get_Item_0='?' (DbType = Int32)], CommandType='Text', CommandTimeout='30']
      SELECT [e].[Customer_Id], [e].[CustomerRole_Id]
      FROM [Customer_CustomerRole_Mapping] AS [e]
      WHERE [e].[Customer_Id] = @__get_Item_0
info: Microsoft.EntityFrameworkCore.Database.Command[20101]
      Executed DbCommand (3ms) [Parameters=[@__get_Item_0='?' (DbType = Int32)], CommandType='Text', CommandTimeout='30']
      SELECT [e].[Id], [e].[Active], [e].[DefaultTaxDisplayTypeId], [e].[EnablePasswordLifetime], [e].[FreeShipping], [e].[IsSystemRole], [e].[Name], [e].[OverrideTaxDisplayType], [e].[PurchasedWithProductId], [e].[SystemName], [e].[TaxExempt]
      FROM [CustomerRole] AS [e]
      WHERE [e].[Id] = @__get_Item_0
info: Microsoft.EntityFrameworkCore.Database.Command[20101]
      Executed DbCommand (2ms) [Parameters=[@__get_Item_0='?' (DbType = Int32)], CommandType='Text', CommandTimeout='30']
      SELECT [e].[Id], [e].[Active], [e].[DefaultTaxDisplayTypeId], [e].[EnablePasswordLifetime], [e].[FreeShipping], [e].[IsSystemRole], [e].[Name], [e].[OverrideTaxDisplayType], [e].[PurchasedWithProductId], [e].[SystemName], [e].[TaxExempt]
      FROM [CustomerRole] AS [e]
      WHERE [e].[Id] = @__get_Item_0
info: Microsoft.EntityFrameworkCore.Database.Command[20101]
      Executed DbCommand (4ms) [Parameters=[@__entityId_0='?' (DbType = Int32), @__keyGroup_1='?' (Size = 400)], CommandType='Text', CommandTimeout='30']
      SELECT [ga].[Id], [ga].[EntityId], [ga].[Key], [ga].[KeyGroup], [ga].[StoreId], [ga].[Value]
      FROM [GenericAttribute] AS [ga]
      WHERE ([ga].[EntityId] = @__entityId_0) AND ([ga].[KeyGroup] = @__keyGroup_1)
info: Microsoft.AspNetCore.Mvc.Internal.ControllerActionInvoker[1]
      Executing action method NCSw.HERO.Web.Areas.Admin.Controllers.PluginController.SearchList (NCSw.HERO.Web) - Validation state: Valid
info: Microsoft.AspNetCore.Mvc.Internal.ControllerActionInvoker[2]
      Executed action method NCSw.HERO.Web.Areas.Admin.Controllers.PluginController.SearchList (NCSw.HERO.Web), returned result Microsoft.AspNetCore.Mvc.JsonResult in 5.066ms.
info: Microsoft.AspNetCore.Mvc.Formatters.Json.Internal.JsonResultExecutor[1]
      Executing JsonResult, writing value of type 'System.Collections.Generic.List`1[[<>f__AnonymousType22`5[[System.String, System.Private.CoreLib, Version=4.0.0.0, Culture=neutral, PublicKeyToken=7cec85d7bea7798e],[System.String, System.Private.CoreLib, Version=4.0.0.0, Culture=neutral, PublicKeyToken=7cec85d7bea7798e],[System.String, System.Private.CoreLib, Version=4.0.0.0, Culture=neutral, PublicKeyToken=7cec85d7bea7798e],[System.String, System.Private.CoreLib, Version=4.0.0.0, Culture=neutral, PublicKeyToken=7cec85d7bea7798e],[System.Int32, System.Private.CoreLib, Version=4.0.0.0, Culture=neutral, PublicKeyToken=7cec85d7bea7798e]], NCSw.HERO.Web, Version=4.1.0.0, Culture=neutral, PublicKeyToken=null]]'.
info: Microsoft.AspNetCore.Mvc.Internal.ControllerActionInvoker[2]
      Executed action NCSw.HERO.Web.Areas.Admin.Controllers.PluginController.SearchList (NCSw.HERO.Web) in 133.1778ms
info: Microsoft.AspNetCore.Hosting.Internal.WebHost[2]
      Request finished in 156.0028ms 200 application/json; charset=utf-8
info: Microsoft.AspNetCore.Hosting.Internal.WebHost[1]
      Request starting HTTP/1.1 POST http://erp.hero.net/Admin/Shift/List application/x-www-form-urlencoded; charset=UTF-8 271
info: Microsoft.AspNetCore.Mvc.Internal.ControllerActionInvoker[1]
      Route matched with {area = "Admin", action = "List", controller = "Shift"}. Executing action NCSw.HERO.Web.Areas.Admin.Controllers.ShiftController.List (NCSw.HERO.Web)
info: Microsoft.EntityFrameworkCore.Infrastructure[10403]
      Entity Framework Core 2.2.4-servicing-10062 initialized 'NopObjectContext' using provider 'Microsoft.EntityFrameworkCore.SqlServer' with options: using lazy-loading proxies 
info: Microsoft.EntityFrameworkCore.Database.Command[20101]
      Executed DbCommand (9ms) [Parameters=[@__email_0='?' (Size = 1000)], CommandType='Text', CommandTimeout='30']
      SELECT TOP(1) [c].[Id], [c].[Active], [c].[AdminComment], [c].[AffiliateId], [c].[BillingAddress_Id], [c].[CannotLoginUntilDateUtc], [c].[CreatedOnUtc], [c].[CustomerGuid], [c].[Deleted], [c].[Email], [c].[EmailToRevalidate], [c].[FailedLoginAttempts], [c].[HasShoppingCartItems], [c].[IsSystemAccount], [c].[IsTaxExempt], [c].[LastActivityDateUtc], [c].[LastIpAddress], [c].[LastLoginDateUtc], [c].[RegisteredInStoreId], [c].[RequireReLogin], [c].[ShippingAddress_Id], [c].[SystemName], [c].[Username], [c].[VendorId]
      FROM [Customer] AS [c]
      WHERE [c].[Email] = @__email_0
      ORDER BY [c].[Id]
info: Microsoft.EntityFrameworkCore.Database.Command[20101]
      Executed DbCommand (3ms) [Parameters=[@__get_Item_0='?' (DbType = Int32)], CommandType='Text', CommandTimeout='30']
      SELECT [e].[Customer_Id], [e].[CustomerRole_Id]
      FROM [Customer_CustomerRole_Mapping] AS [e]
      WHERE [e].[Customer_Id] = @__get_Item_0
info: Microsoft.EntityFrameworkCore.Database.Command[20101]
      Executed DbCommand (5ms) [Parameters=[@__get_Item_0='?' (DbType = Int32)], CommandType='Text', CommandTimeout='30']
      SELECT [e].[Id], [e].[Active], [e].[DefaultTaxDisplayTypeId], [e].[EnablePasswordLifetime], [e].[FreeShipping], [e].[IsSystemRole], [e].[Name], [e].[OverrideTaxDisplayType], [e].[PurchasedWithProductId], [e].[SystemName], [e].[TaxExempt]
      FROM [CustomerRole] AS [e]
      WHERE [e].[Id] = @__get_Item_0
info: Microsoft.EntityFrameworkCore.Database.Command[20101]
      Executed DbCommand (1ms) [Parameters=[@__get_Item_0='?' (DbType = Int32)], CommandType='Text', CommandTimeout='30']
      SELECT [e].[Id], [e].[Active], [e].[DefaultTaxDisplayTypeId], [e].[EnablePasswordLifetime], [e].[FreeShipping], [e].[IsSystemRole], [e].[Name], [e].[OverrideTaxDisplayType], [e].[PurchasedWithProductId], [e].[SystemName], [e].[TaxExempt]
      FROM [CustomerRole] AS [e]
      WHERE [e].[Id] = @__get_Item_0
info: Microsoft.EntityFrameworkCore.Database.Command[20101]
      Executed DbCommand (3ms) [Parameters=[@__entityId_0='?' (DbType = Int32), @__keyGroup_1='?' (Size = 400)], CommandType='Text', CommandTimeout='30']
      SELECT [ga].[Id], [ga].[EntityId], [ga].[Key], [ga].[KeyGroup], [ga].[StoreId], [ga].[Value]
      FROM [GenericAttribute] AS [ga]
      WHERE ([ga].[EntityId] = @__entityId_0) AND ([ga].[KeyGroup] = @__keyGroup_1)
info: Microsoft.AspNetCore.Mvc.Internal.ControllerActionInvoker[1]
      Executing action method NCSw.HERO.Web.Areas.Admin.Controllers.ShiftController.List (NCSw.HERO.Web) with arguments (NCSw.HERO.Web.Areas.Admin.Models.ShiftSearchModel) - Validation state: Valid
info: Microsoft.EntityFrameworkCore.Database.Command[20101]
      Executed DbCommand (48ms) [Parameters=[], CommandType='Text', CommandTimeout='30']
      SELECT COUNT(*)
      FROM [hero].[Shift] AS [m]
      WHERE [m].[Deleted] = 0
warn: Microsoft.EntityFrameworkCore.Query[10102]
      Query: '(from Shift m in DbSet<Shift> where !([m].Deleted) select [m]).Skip(__p_0).Take(__p_1)' uses a row limiting operation (Skip/Take) without OrderBy which may lead to unpredictable results.
info: Microsoft.EntityFrameworkCore.Database.Command[20101]
      Executed DbCommand (13ms) [Parameters=[@__p_0='?' (DbType = Int32), @__p_1='?' (DbType = Int32)], CommandType='Text', CommandTimeout='30']
      SELECT [m].[Id], [m].[Active], [m].[BreakTimeFrom], [m].[BreakTimeTo], [m].[Code], [m].[CreatedBy], [m].[CreatedOnUtc], [m].[Deleted], [m].[Description], [m].[FromHour], [m].[Name], [m].[ToHour], [m].[UpdatedBy], [m].[UpdatedOnUtc]
      FROM [hero].[Shift] AS [m]
      WHERE [m].[Deleted] = 0
      ORDER BY (SELECT 1)
      OFFSET @__p_0 ROWS FETCH NEXT @__p_1 ROWS ONLY
info: Microsoft.AspNetCore.Mvc.Internal.ControllerActionInvoker[2]
      Executed action method NCSw.HERO.Web.Areas.Admin.Controllers.ShiftController.List (NCSw.HERO.Web), returned result Microsoft.AspNetCore.Mvc.JsonResult in 126.2616ms.
info: Microsoft.AspNetCore.Mvc.Formatters.Json.Internal.JsonResultExecutor[1]
      Executing JsonResult, writing value of type 'NCSw.HERO.Web.Areas.Admin.Models.ShiftListModel'.
info: Microsoft.AspNetCore.Mvc.Internal.ControllerActionInvoker[2]
      Executed action NCSw.HERO.Web.Areas.Admin.Controllers.ShiftController.List (NCSw.HERO.Web) in 500.1343ms
info: Microsoft.AspNetCore.Hosting.Internal.WebHost[2]
      Request finished in 558.255ms 200 application/json; charset=utf-8
info: Microsoft.AspNetCore.Hosting.Internal.WebHost[1]
      Request starting HTTP/1.1 POST http://erp.hero.net/Admin/Shift/DeleteSelected application/x-www-form-urlencoded; charset=UTF-8 288
info: Microsoft.AspNetCore.Mvc.Internal.ControllerActionInvoker[1]
      Route matched with {area = "Admin", action = "DeleteSelected", controller = "Shift"}. Executing action NCSw.HERO.Web.Areas.Admin.Controllers.ShiftController.DeleteSelected (NCSw.HERO.Web)
info: Microsoft.EntityFrameworkCore.Infrastructure[10403]
      Entity Framework Core 2.2.4-servicing-10062 initialized 'NopObjectContext' using provider 'Microsoft.EntityFrameworkCore.SqlServer' with options: using lazy-loading proxies 
info: Microsoft.EntityFrameworkCore.Database.Command[20101]
      Executed DbCommand (15ms) [Parameters=[@__email_0='?' (Size = 1000)], CommandType='Text', CommandTimeout='30']
      SELECT TOP(1) [c].[Id], [c].[Active], [c].[AdminComment], [c].[AffiliateId], [c].[BillingAddress_Id], [c].[CannotLoginUntilDateUtc], [c].[CreatedOnUtc], [c].[CustomerGuid], [c].[Deleted], [c].[Email], [c].[EmailToRevalidate], [c].[FailedLoginAttempts], [c].[HasShoppingCartItems], [c].[IsSystemAccount], [c].[IsTaxExempt], [c].[LastActivityDateUtc], [c].[LastIpAddress], [c].[LastLoginDateUtc], [c].[RegisteredInStoreId], [c].[RequireReLogin], [c].[ShippingAddress_Id], [c].[SystemName], [c].[Username], [c].[VendorId]
      FROM [Customer] AS [c]
      WHERE [c].[Email] = @__email_0
      ORDER BY [c].[Id]
info: Microsoft.EntityFrameworkCore.Database.Command[20101]
      Executed DbCommand (3ms) [Parameters=[@__get_Item_0='?' (DbType = Int32)], CommandType='Text', CommandTimeout='30']
      SELECT [e].[Customer_Id], [e].[CustomerRole_Id]
      FROM [Customer_CustomerRole_Mapping] AS [e]
      WHERE [e].[Customer_Id] = @__get_Item_0
info: Microsoft.EntityFrameworkCore.Database.Command[20101]
      Executed DbCommand (3ms) [Parameters=[@__get_Item_0='?' (DbType = Int32)], CommandType='Text', CommandTimeout='30']
      SELECT [e].[Id], [e].[Active], [e].[DefaultTaxDisplayTypeId], [e].[EnablePasswordLifetime], [e].[FreeShipping], [e].[IsSystemRole], [e].[Name], [e].[OverrideTaxDisplayType], [e].[PurchasedWithProductId], [e].[SystemName], [e].[TaxExempt]
      FROM [CustomerRole] AS [e]
      WHERE [e].[Id] = @__get_Item_0
info: Microsoft.EntityFrameworkCore.Database.Command[20101]
      Executed DbCommand (2ms) [Parameters=[@__get_Item_0='?' (DbType = Int32)], CommandType='Text', CommandTimeout='30']
      SELECT [e].[Id], [e].[Active], [e].[DefaultTaxDisplayTypeId], [e].[EnablePasswordLifetime], [e].[FreeShipping], [e].[IsSystemRole], [e].[Name], [e].[OverrideTaxDisplayType], [e].[PurchasedWithProductId], [e].[SystemName], [e].[TaxExempt]
      FROM [CustomerRole] AS [e]
      WHERE [e].[Id] = @__get_Item_0
info: Microsoft.EntityFrameworkCore.Database.Command[20101]
      Executed DbCommand (10ms) [Parameters=[@__entityId_0='?' (DbType = Int32), @__keyGroup_1='?' (Size = 400)], CommandType='Text', CommandTimeout='30']
      SELECT [ga].[Id], [ga].[EntityId], [ga].[Key], [ga].[KeyGroup], [ga].[StoreId], [ga].[Value]
      FROM [GenericAttribute] AS [ga]
      WHERE ([ga].[EntityId] = @__entityId_0) AND ([ga].[KeyGroup] = @__keyGroup_1)
info: Microsoft.AspNetCore.Mvc.Internal.ControllerActionInvoker[1]
      Executing action method NCSw.HERO.Web.Areas.Admin.Controllers.ShiftController.DeleteSelected (NCSw.HERO.Web) with arguments (System.Collections.Generic.List`1[System.Int32]) - Validation state: Valid
info: Microsoft.AspNetCore.Mvc.Internal.ControllerActionInvoker[2]
      Executed action NCSw.HERO.Web.Areas.Admin.Controllers.ShiftController.DeleteSelected (NCSw.HERO.Web) in 93.8672ms
fail: Microsoft.AspNetCore.Diagnostics.ExceptionHandlerMiddleware[1]
      An unhandled exception has occurred while executing the request.
System.NotImplementedException: The method or operation is not implemented.
   at NCSw.HERO.Services.ShiftService.GetShiftById(Int32[] ids) in E:\HERO\Libraries\NCSw.HERO.Services\HERO\ShiftService.cs:line 185
   at NCSw.HERO.Web.Areas.Admin.Controllers.ShiftController.DeleteSelected(ICollection`1 selectedIds) in E:\HERO\Presentation\NCSw.HERO.Web\Areas\Admin\Controllers\ShiftController.cs:line 227
   at lambda_method(Closure , Object , Object[] )
   at Microsoft.AspNetCore.Mvc.Internal.ActionMethodExecutor.SyncActionResultExecutor.Execute(IActionResultTypeMapper mapper, ObjectMethodExecutor executor, Object controller, Object[] arguments)
   at Microsoft.AspNetCore.Mvc.Internal.ControllerActionInvoker.InvokeActionMethodAsync()
   at Microsoft.AspNetCore.Mvc.Internal.ControllerActionInvoker.InvokeNextActionFilterAsync()
   at Microsoft.AspNetCore.Mvc.Internal.ControllerActionInvoker.Rethrow(ActionExecutedContext context)
   at Microsoft.AspNetCore.Mvc.Internal.ControllerActionInvoker.Next(State& next, Scope& scope, Object& state, Boolean& isCompleted)
   at Microsoft.AspNetCore.Mvc.Internal.ControllerActionInvoker.InvokeInnerFilterAsync()
   at Microsoft.AspNetCore.Mvc.Internal.ResourceInvoker.InvokeNextResourceFilter()
   at Microsoft.AspNetCore.Mvc.Internal.ResourceInvoker.Rethrow(ResourceExecutedContext context)
   at Microsoft.AspNetCore.Mvc.Internal.ResourceInvoker.Next(State& next, Scope& scope, Object& state, Boolean& isCompleted)
   at Microsoft.AspNetCore.Mvc.Internal.ResourceInvoker.InvokeFilterPipelineAsync()
   at Microsoft.AspNetCore.Mvc.Internal.ResourceInvoker.InvokeAsync()
   at Microsoft.AspNetCore.Builder.RouterMiddleware.Invoke(HttpContext httpContext)
   at StackExchange.Profiling.MiniProfilerMiddleware.Invoke(HttpContext context) in C:\projects\dotnet\src\MiniProfiler.AspNetCore\MiniProfilerMiddleware.cs:line 94
   at NCSw.HERO.Services.Authentication.AuthenticationMiddleware.Invoke(HttpContext context) in E:\HERO\Libraries\NCSw.HERO.Services\Authentication\AuthenticationMiddleware.cs:line 79
   at Microsoft.AspNetCore.Localization.RequestLocalizationMiddleware.Invoke(HttpContext context)
   at Microsoft.AspNetCore.Session.SessionMiddleware.Invoke(HttpContext context)
   at Microsoft.AspNetCore.Session.SessionMiddleware.Invoke(HttpContext context)
   at NCSw.HERO.Core.Http.InstallUrlMiddleware.Invoke(HttpContext context, IWebHelper webHelper) in E:\HERO\Libraries\NCSw.HERO.Core\Http\InstallUrlMiddleware.cs:line 51
   at NCSw.HERO.Core.Http.KeepAliveMiddleware.Invoke(HttpContext context, IWebHelper webHelper) in E:\HERO\Libraries\NCSw.HERO.Core\Http\KeepAliveMiddleware.cs:line 50
   at Microsoft.AspNetCore.StaticFiles.StaticFileMiddleware.Invoke(HttpContext context)
   at Microsoft.AspNetCore.StaticFiles.StaticFileMiddleware.Invoke(HttpContext context)
   at Microsoft.AspNetCore.StaticFiles.StaticFileMiddleware.Invoke(HttpContext context)
   at Microsoft.AspNetCore.StaticFiles.StaticFileMiddleware.Invoke(HttpContext context)
   at Microsoft.AspNetCore.Diagnostics.StatusCodePagesMiddleware.Invoke(HttpContext context)
   at Microsoft.AspNetCore.Diagnostics.StatusCodePagesMiddleware.Invoke(HttpContext context)
   at Microsoft.AspNetCore.Diagnostics.ExceptionHandlerMiddleware.Invoke(HttpContext context)
info: Microsoft.EntityFrameworkCore.Database.Command[20101]
      Executed DbCommand (40ms) [Parameters=[@p0='?' (DbType = DateTime2), @p1='?' (DbType = Int32), @p2='?' (Size = 4000), @p3='?' (Size = 200), @p4='?' (DbType = Int32), @p5='?' (Size = 4000), @p6='?' (Size = 4000), @p7='?' (Size = 4000)], CommandType='Text', CommandTimeout='30']
      SET NOCOUNT ON;
      INSERT INTO [Log] ([CreatedOnUtc], [CustomerId], [FullMessage], [IpAddress], [LogLevelId], [PageUrl], [ReferrerUrl], [ShortMessage])
      VALUES (@p0, @p1, @p2, @p3, @p4, @p5, @p6, @p7);
      SELECT [Id]
      FROM [Log]
      WHERE @@ROWCOUNT = 1 AND [Id] = scope_identity();
fail: Microsoft.AspNetCore.Diagnostics.ExceptionHandlerMiddleware[3]
      An exception was thrown attempting to execute the error handler.
System.NotImplementedException: The method or operation is not implemented.
   at NCSw.HERO.Web.Framework.Infrastructure.Extensions.ApplicationBuilderExtensions.<>c.<UseNopExceptionHandler>b__1_1(HttpContext context) in E:\HERO\Presentation\NCSw.HERO.Web.Framework\Infrastructure\Extensions\ApplicationBuilderExtensions.cs:line 83
   at Microsoft.AspNetCore.Diagnostics.ExceptionHandlerMiddleware.Invoke(HttpContext context)
fail: Microsoft.AspNetCore.Diagnostics.DeveloperExceptionPageMiddleware[1]
      An unhandled exception has occurred while executing the request.
System.NotImplementedException: The method or operation is not implemented.
   at NCSw.HERO.Web.Framework.Infrastructure.Extensions.ApplicationBuilderExtensions.<>c.<UseNopExceptionHandler>b__1_1(HttpContext context) in E:\HERO\Presentation\NCSw.HERO.Web.Framework\Infrastructure\Extensions\ApplicationBuilderExtensions.cs:line 83
   at Microsoft.AspNetCore.Diagnostics.ExceptionHandlerMiddleware.Invoke(HttpContext context)
   at Microsoft.AspNetCore.Diagnostics.ExceptionHandlerMiddleware.Invoke(HttpContext context)
   at Microsoft.AspNetCore.Diagnostics.DeveloperExceptionPageMiddleware.Invoke(HttpContext context)
info: Microsoft.AspNetCore.Hosting.Internal.WebHost[2]
      Request finished in 389.7731ms 500 text/html; charset=utf-8
info: Microsoft.AspNetCore.Hosting.Internal.WebHost[1]
      Request starting HTTP/1.1 POST http://erp.hero.net/Admin/Shift/List application/x-www-form-urlencoded; charset=UTF-8 271
info: Microsoft.AspNetCore.Mvc.Internal.ControllerActionInvoker[1]
      Route matched with {area = "Admin", action = "List", controller = "Shift"}. Executing action NCSw.HERO.Web.Areas.Admin.Controllers.ShiftController.List (NCSw.HERO.Web)
info: Microsoft.EntityFrameworkCore.Infrastructure[10403]
      Entity Framework Core 2.2.4-servicing-10062 initialized 'NopObjectContext' using provider 'Microsoft.EntityFrameworkCore.SqlServer' with options: using lazy-loading proxies 
info: Microsoft.EntityFrameworkCore.Database.Command[20101]
      Executed DbCommand (3ms) [Parameters=[@__email_0='?' (Size = 1000)], CommandType='Text', CommandTimeout='30']
      SELECT TOP(1) [c].[Id], [c].[Active], [c].[AdminComment], [c].[AffiliateId], [c].[BillingAddress_Id], [c].[CannotLoginUntilDateUtc], [c].[CreatedOnUtc], [c].[CustomerGuid], [c].[Deleted], [c].[Email], [c].[EmailToRevalidate], [c].[FailedLoginAttempts], [c].[HasShoppingCartItems], [c].[IsSystemAccount], [c].[IsTaxExempt], [c].[LastActivityDateUtc], [c].[LastIpAddress], [c].[LastLoginDateUtc], [c].[RegisteredInStoreId], [c].[RequireReLogin], [c].[ShippingAddress_Id], [c].[SystemName], [c].[Username], [c].[VendorId]
      FROM [Customer] AS [c]
      WHERE [c].[Email] = @__email_0
      ORDER BY [c].[Id]
info: Microsoft.EntityFrameworkCore.Database.Command[20101]
      Executed DbCommand (3ms) [Parameters=[@__get_Item_0='?' (DbType = Int32)], CommandType='Text', CommandTimeout='30']
      SELECT [e].[Customer_Id], [e].[CustomerRole_Id]
      FROM [Customer_CustomerRole_Mapping] AS [e]
      WHERE [e].[Customer_Id] = @__get_Item_0
info: Microsoft.EntityFrameworkCore.Database.Command[20101]
      Executed DbCommand (2ms) [Parameters=[@__get_Item_0='?' (DbType = Int32)], CommandType='Text', CommandTimeout='30']
      SELECT [e].[Id], [e].[Active], [e].[DefaultTaxDisplayTypeId], [e].[EnablePasswordLifetime], [e].[FreeShipping], [e].[IsSystemRole], [e].[Name], [e].[OverrideTaxDisplayType], [e].[PurchasedWithProductId], [e].[SystemName], [e].[TaxExempt]
      FROM [CustomerRole] AS [e]
      WHERE [e].[Id] = @__get_Item_0
info: Microsoft.EntityFrameworkCore.Database.Command[20101]
      Executed DbCommand (3ms) [Parameters=[@__get_Item_0='?' (DbType = Int32)], CommandType='Text', CommandTimeout='30']
      SELECT [e].[Id], [e].[Active], [e].[DefaultTaxDisplayTypeId], [e].[EnablePasswordLifetime], [e].[FreeShipping], [e].[IsSystemRole], [e].[Name], [e].[OverrideTaxDisplayType], [e].[PurchasedWithProductId], [e].[SystemName], [e].[TaxExempt]
      FROM [CustomerRole] AS [e]
      WHERE [e].[Id] = @__get_Item_0
info: Microsoft.EntityFrameworkCore.Database.Command[20101]
      Executed DbCommand (3ms) [Parameters=[@__entityId_0='?' (DbType = Int32), @__keyGroup_1='?' (Size = 400)], CommandType='Text', CommandTimeout='30']
      SELECT [ga].[Id], [ga].[EntityId], [ga].[Key], [ga].[KeyGroup], [ga].[StoreId], [ga].[Value]
      FROM [GenericAttribute] AS [ga]
      WHERE ([ga].[EntityId] = @__entityId_0) AND ([ga].[KeyGroup] = @__keyGroup_1)
info: Microsoft.AspNetCore.Mvc.Internal.ControllerActionInvoker[1]
      Executing action method NCSw.HERO.Web.Areas.Admin.Controllers.ShiftController.List (NCSw.HERO.Web) with arguments (NCSw.HERO.Web.Areas.Admin.Models.ShiftSearchModel) - Validation state: Valid
info: Microsoft.EntityFrameworkCore.Database.Command[20101]
      Executed DbCommand (2ms) [Parameters=[], CommandType='Text', CommandTimeout='30']
      SELECT COUNT(*)
      FROM [hero].[Shift] AS [m]
      WHERE [m].[Deleted] = 0
info: Microsoft.EntityFrameworkCore.Database.Command[20101]
      Executed DbCommand (3ms) [Parameters=[@__p_0='?' (DbType = Int32), @__p_1='?' (DbType = Int32)], CommandType='Text', CommandTimeout='30']
      SELECT [m].[Id], [m].[Active], [m].[BreakTimeFrom], [m].[BreakTimeTo], [m].[Code], [m].[CreatedBy], [m].[CreatedOnUtc], [m].[Deleted], [m].[Description], [m].[FromHour], [m].[Name], [m].[ToHour], [m].[UpdatedBy], [m].[UpdatedOnUtc]
      FROM [hero].[Shift] AS [m]
      WHERE [m].[Deleted] = 0
      ORDER BY (SELECT 1)
      OFFSET @__p_0 ROWS FETCH NEXT @__p_1 ROWS ONLY
info: Microsoft.AspNetCore.Mvc.Internal.ControllerActionInvoker[2]
      Executed action method NCSw.HERO.Web.Areas.Admin.Controllers.ShiftController.List (NCSw.HERO.Web), returned result Microsoft.AspNetCore.Mvc.JsonResult in 7.202ms.
info: Microsoft.AspNetCore.Mvc.Formatters.Json.Internal.JsonResultExecutor[1]
      Executing JsonResult, writing value of type 'NCSw.HERO.Web.Areas.Admin.Models.ShiftListModel'.
info: Microsoft.AspNetCore.Mvc.Internal.ControllerActionInvoker[2]
      Executed action NCSw.HERO.Web.Areas.Admin.Controllers.ShiftController.List (NCSw.HERO.Web) in 67.6114ms
info: Microsoft.AspNetCore.Hosting.Internal.WebHost[2]
      Request finished in 71.3976ms 200 application/json; charset=utf-8
info: Microsoft.EntityFrameworkCore.Infrastructure[10403]
      Entity Framework Core 2.2.4-servicing-10062 initialized 'NopObjectContext' using provider 'Microsoft.EntityFrameworkCore.SqlServer' with options: using lazy-loading proxies 
info: Microsoft.EntityFrameworkCore.Database.Command[20101]
      Executed DbCommand (243ms) [Parameters=[@p0='?' (DbType = DateTime2), @p1='?' (DbType = Int32), @p2='?' (Size = 4000), @p3='?' (Size = 200), @p4='?' (DbType = Int32), @p5='?' (Size = 4000), @p6='?' (Size = 4000), @p7='?' (Size = 4000)], CommandType='Text', CommandTimeout='30']
      SET NOCOUNT ON;
      INSERT INTO [Log] ([CreatedOnUtc], [CustomerId], [FullMessage], [IpAddress], [LogLevelId], [PageUrl], [ReferrerUrl], [ShortMessage])
      VALUES (@p0, @p1, @p2, @p3, @p4, @p5, @p6, @p7);
      SELECT [Id]
      FROM [Log]
      WHERE @@ROWCOUNT = 1 AND [Id] = scope_identity();
info: Microsoft.EntityFrameworkCore.Infrastructure[10403]
      Entity Framework Core 2.2.4-servicing-10062 initialized 'NopObjectContext' using provider 'Microsoft.EntityFrameworkCore.SqlServer' with options: using lazy-loading proxies 
info: Microsoft.EntityFrameworkCore.Database.Command[20101]
      Executed DbCommand (28ms) [Parameters=[@p0='?' (DbType = DateTime2), @p1='?' (DbType = Int32), @p2='?' (Size = 4000), @p3='?' (Size = 200), @p4='?' (DbType = Int32), @p5='?' (Size = 4000), @p6='?' (Size = 4000), @p7='?' (Size = 4000)], CommandType='Text', CommandTimeout='30']
      SET NOCOUNT ON;
      INSERT INTO [Log] ([CreatedOnUtc], [CustomerId], [FullMessage], [IpAddress], [LogLevelId], [PageUrl], [ReferrerUrl], [ShortMessage])
      VALUES (@p0, @p1, @p2, @p3, @p4, @p5, @p6, @p7);
      SELECT [Id]
      FROM [Log]
      WHERE @@ROWCOUNT = 1 AND [Id] = scope_identity();
info: Microsoft.AspNetCore.Hosting.Internal.WebHost[1]
      Request starting HTTP/1.1 POST http://erp.hero.net/Admin/Shift/DeleteSelected application/x-www-form-urlencoded; charset=UTF-8 288
info: Microsoft.AspNetCore.Mvc.Internal.ControllerActionInvoker[1]
      Route matched with {area = "Admin", action = "DeleteSelected", controller = "Shift"}. Executing action NCSw.HERO.Web.Areas.Admin.Controllers.ShiftController.DeleteSelected (NCSw.HERO.Web)
info: Microsoft.EntityFrameworkCore.Infrastructure[10403]
      Entity Framework Core 2.2.4-servicing-10062 initialized 'NopObjectContext' using provider 'Microsoft.EntityFrameworkCore.SqlServer' with options: using lazy-loading proxies 
info: Microsoft.EntityFrameworkCore.Database.Command[20101]
      Executed DbCommand (81ms) [Parameters=[@__email_0='?' (Size = 1000)], CommandType='Text', CommandTimeout='30']
      SELECT TOP(1) [c].[Id], [c].[Active], [c].[AdminComment], [c].[AffiliateId], [c].[BillingAddress_Id], [c].[CannotLoginUntilDateUtc], [c].[CreatedOnUtc], [c].[CustomerGuid], [c].[Deleted], [c].[Email], [c].[EmailToRevalidate], [c].[FailedLoginAttempts], [c].[HasShoppingCartItems], [c].[IsSystemAccount], [c].[IsTaxExempt], [c].[LastActivityDateUtc], [c].[LastIpAddress], [c].[LastLoginDateUtc], [c].[RegisteredInStoreId], [c].[RequireReLogin], [c].[ShippingAddress_Id], [c].[SystemName], [c].[Username], [c].[VendorId]
      FROM [Customer] AS [c]
      WHERE [c].[Email] = @__email_0
      ORDER BY [c].[Id]
info: Microsoft.EntityFrameworkCore.Database.Command[20101]
      Executed DbCommand (96ms) [Parameters=[@__get_Item_0='?' (DbType = Int32)], CommandType='Text', CommandTimeout='30']
      SELECT [e].[Customer_Id], [e].[CustomerRole_Id]
      FROM [Customer_CustomerRole_Mapping] AS [e]
      WHERE [e].[Customer_Id] = @__get_Item_0
info: Microsoft.EntityFrameworkCore.Database.Command[20101]
      Executed DbCommand (27ms) [Parameters=[@__get_Item_0='?' (DbType = Int32)], CommandType='Text', CommandTimeout='30']
      SELECT [e].[Id], [e].[Active], [e].[DefaultTaxDisplayTypeId], [e].[EnablePasswordLifetime], [e].[FreeShipping], [e].[IsSystemRole], [e].[Name], [e].[OverrideTaxDisplayType], [e].[PurchasedWithProductId], [e].[SystemName], [e].[TaxExempt]
      FROM [CustomerRole] AS [e]
      WHERE [e].[Id] = @__get_Item_0
info: Microsoft.EntityFrameworkCore.Database.Command[20101]
      Executed DbCommand (23ms) [Parameters=[@__get_Item_0='?' (DbType = Int32)], CommandType='Text', CommandTimeout='30']
      SELECT [e].[Id], [e].[Active], [e].[DefaultTaxDisplayTypeId], [e].[EnablePasswordLifetime], [e].[FreeShipping], [e].[IsSystemRole], [e].[Name], [e].[OverrideTaxDisplayType], [e].[PurchasedWithProductId], [e].[SystemName], [e].[TaxExempt]
      FROM [CustomerRole] AS [e]
      WHERE [e].[Id] = @__get_Item_0
info: Microsoft.EntityFrameworkCore.Database.Command[20101]
      Executed DbCommand (44ms) [Parameters=[@__entityId_0='?' (DbType = Int32), @__keyGroup_1='?' (Size = 400)], CommandType='Text', CommandTimeout='30']
      SELECT [ga].[Id], [ga].[EntityId], [ga].[Key], [ga].[KeyGroup], [ga].[StoreId], [ga].[Value]
      FROM [GenericAttribute] AS [ga]
      WHERE ([ga].[EntityId] = @__entityId_0) AND ([ga].[KeyGroup] = @__keyGroup_1)
info: Microsoft.AspNetCore.Mvc.Internal.ControllerActionInvoker[1]
      Executing action method NCSw.HERO.Web.Areas.Admin.Controllers.ShiftController.DeleteSelected (NCSw.HERO.Web) with arguments (System.Collections.Generic.List`1[System.Int32]) - Validation state: Valid
info: Microsoft.AspNetCore.Mvc.Internal.ControllerActionInvoker[2]
      Executed action NCSw.HERO.Web.Areas.Admin.Controllers.ShiftController.DeleteSelected (NCSw.HERO.Web) in 23378.7893ms
fail: Microsoft.AspNetCore.Diagnostics.ExceptionHandlerMiddleware[1]
      An unhandled exception has occurred while executing the request.
System.NotImplementedException: The method or operation is not implemented.
   at NCSw.HERO.Services.ShiftService.GetShiftById(Int32[] ids) in E:\HERO\Libraries\NCSw.HERO.Services\HERO\ShiftService.cs:line 185
   at NCSw.HERO.Web.Areas.Admin.Controllers.ShiftController.DeleteSelected(ICollection`1 selectedIds) in E:\HERO\Presentation\NCSw.HERO.Web\Areas\Admin\Controllers\ShiftController.cs:line 227
   at lambda_method(Closure , Object , Object[] )
   at Microsoft.AspNetCore.Mvc.Internal.ActionMethodExecutor.SyncActionResultExecutor.Execute(IActionResultTypeMapper mapper, ObjectMethodExecutor executor, Object controller, Object[] arguments)
   at Microsoft.AspNetCore.Mvc.Internal.ControllerActionInvoker.InvokeActionMethodAsync()
   at Microsoft.AspNetCore.Mvc.Internal.ControllerActionInvoker.InvokeNextActionFilterAsync()
   at Microsoft.AspNetCore.Mvc.Internal.ControllerActionInvoker.Rethrow(ActionExecutedContext context)
   at Microsoft.AspNetCore.Mvc.Internal.ControllerActionInvoker.Next(State& next, Scope& scope, Object& state, Boolean& isCompleted)
   at Microsoft.AspNetCore.Mvc.Internal.ControllerActionInvoker.InvokeInnerFilterAsync()
   at Microsoft.AspNetCore.Mvc.Internal.ResourceInvoker.InvokeNextResourceFilter()
   at Microsoft.AspNetCore.Mvc.Internal.ResourceInvoker.Rethrow(ResourceExecutedContext context)
   at Microsoft.AspNetCore.Mvc.Internal.ResourceInvoker.Next(State& next, Scope& scope, Object& state, Boolean& isCompleted)
   at Microsoft.AspNetCore.Mvc.Internal.ResourceInvoker.InvokeFilterPipelineAsync()
   at Microsoft.AspNetCore.Mvc.Internal.ResourceInvoker.InvokeAsync()
   at Microsoft.AspNetCore.Builder.RouterMiddleware.Invoke(HttpContext httpContext)
   at StackExchange.Profiling.MiniProfilerMiddleware.Invoke(HttpContext context) in C:\projects\dotnet\src\MiniProfiler.AspNetCore\MiniProfilerMiddleware.cs:line 94
   at NCSw.HERO.Services.Authentication.AuthenticationMiddleware.Invoke(HttpContext context) in E:\HERO\Libraries\NCSw.HERO.Services\Authentication\AuthenticationMiddleware.cs:line 79
   at Microsoft.AspNetCore.Localization.RequestLocalizationMiddleware.Invoke(HttpContext context)
   at Microsoft.AspNetCore.Session.SessionMiddleware.Invoke(HttpContext context)
   at Microsoft.AspNetCore.Session.SessionMiddleware.Invoke(HttpContext context)
   at NCSw.HERO.Core.Http.InstallUrlMiddleware.Invoke(HttpContext context, IWebHelper webHelper) in E:\HERO\Libraries\NCSw.HERO.Core\Http\InstallUrlMiddleware.cs:line 51
   at NCSw.HERO.Core.Http.KeepAliveMiddleware.Invoke(HttpContext context, IWebHelper webHelper) in E:\HERO\Libraries\NCSw.HERO.Core\Http\KeepAliveMiddleware.cs:line 50
   at Microsoft.AspNetCore.StaticFiles.StaticFileMiddleware.Invoke(HttpContext context)
   at Microsoft.AspNetCore.StaticFiles.StaticFileMiddleware.Invoke(HttpContext context)
   at Microsoft.AspNetCore.StaticFiles.StaticFileMiddleware.Invoke(HttpContext context)
   at Microsoft.AspNetCore.StaticFiles.StaticFileMiddleware.Invoke(HttpContext context)
   at Microsoft.AspNetCore.Diagnostics.StatusCodePagesMiddleware.Invoke(HttpContext context)
   at Microsoft.AspNetCore.Diagnostics.StatusCodePagesMiddleware.Invoke(HttpContext context)
   at Microsoft.AspNetCore.Diagnostics.ExceptionHandlerMiddleware.Invoke(HttpContext context)
info: Microsoft.EntityFrameworkCore.Database.Command[20101]
      Executed DbCommand (5ms) [Parameters=[@p0='?' (DbType = DateTime2), @p1='?' (DbType = Int32), @p2='?' (Size = 4000), @p3='?' (Size = 200), @p4='?' (DbType = Int32), @p5='?' (Size = 4000), @p6='?' (Size = 4000), @p7='?' (Size = 4000)], CommandType='Text', CommandTimeout='30']
      SET NOCOUNT ON;
      INSERT INTO [Log] ([CreatedOnUtc], [CustomerId], [FullMessage], [IpAddress], [LogLevelId], [PageUrl], [ReferrerUrl], [ShortMessage])
      VALUES (@p0, @p1, @p2, @p3, @p4, @p5, @p6, @p7);
      SELECT [Id]
      FROM [Log]
      WHERE @@ROWCOUNT = 1 AND [Id] = scope_identity();
fail: Microsoft.AspNetCore.Diagnostics.ExceptionHandlerMiddleware[3]
      An exception was thrown attempting to execute the error handler.
System.NotImplementedException: The method or operation is not implemented.
   at NCSw.HERO.Web.Framework.Infrastructure.Extensions.ApplicationBuilderExtensions.<>c.<UseNopExceptionHandler>b__1_1(HttpContext context) in E:\HERO\Presentation\NCSw.HERO.Web.Framework\Infrastructure\Extensions\ApplicationBuilderExtensions.cs:line 83
   at Microsoft.AspNetCore.Diagnostics.ExceptionHandlerMiddleware.Invoke(HttpContext context)
fail: Microsoft.AspNetCore.Diagnostics.DeveloperExceptionPageMiddleware[1]
      An unhandled exception has occurred while executing the request.
System.NotImplementedException: The method or operation is not implemented.
   at NCSw.HERO.Web.Framework.Infrastructure.Extensions.ApplicationBuilderExtensions.<>c.<UseNopExceptionHandler>b__1_1(HttpContext context) in E:\HERO\Presentation\NCSw.HERO.Web.Framework\Infrastructure\Extensions\ApplicationBuilderExtensions.cs:line 83
   at Microsoft.AspNetCore.Diagnostics.ExceptionHandlerMiddleware.Invoke(HttpContext context)
   at Microsoft.AspNetCore.Diagnostics.ExceptionHandlerMiddleware.Invoke(HttpContext context)
   at Microsoft.AspNetCore.Diagnostics.DeveloperExceptionPageMiddleware.Invoke(HttpContext context)
info: Microsoft.AspNetCore.Hosting.Internal.WebHost[2]
      Request finished in 23403.7646ms 500 text/html; charset=utf-8
info: Microsoft.AspNetCore.Hosting.Internal.WebHost[1]
      Request starting HTTP/1.1 POST http://erp.hero.net/Admin/Shift/List application/x-www-form-urlencoded; charset=UTF-8 271
info: Microsoft.AspNetCore.Mvc.Internal.ControllerActionInvoker[1]
      Route matched with {area = "Admin", action = "List", controller = "Shift"}. Executing action NCSw.HERO.Web.Areas.Admin.Controllers.ShiftController.List (NCSw.HERO.Web)
info: Microsoft.EntityFrameworkCore.Infrastructure[10403]
      Entity Framework Core 2.2.4-servicing-10062 initialized 'NopObjectContext' using provider 'Microsoft.EntityFrameworkCore.SqlServer' with options: using lazy-loading proxies 
info: Microsoft.EntityFrameworkCore.Database.Command[20101]
      Executed DbCommand (12ms) [Parameters=[@__email_0='?' (Size = 1000)], CommandType='Text', CommandTimeout='30']
      SELECT TOP(1) [c].[Id], [c].[Active], [c].[AdminComment], [c].[AffiliateId], [c].[BillingAddress_Id], [c].[CannotLoginUntilDateUtc], [c].[CreatedOnUtc], [c].[CustomerGuid], [c].[Deleted], [c].[Email], [c].[EmailToRevalidate], [c].[FailedLoginAttempts], [c].[HasShoppingCartItems], [c].[IsSystemAccount], [c].[IsTaxExempt], [c].[LastActivityDateUtc], [c].[LastIpAddress], [c].[LastLoginDateUtc], [c].[RegisteredInStoreId], [c].[RequireReLogin], [c].[ShippingAddress_Id], [c].[SystemName], [c].[Username], [c].[VendorId]
      FROM [Customer] AS [c]
      WHERE [c].[Email] = @__email_0
      ORDER BY [c].[Id]
info: Microsoft.EntityFrameworkCore.Database.Command[20101]
      Executed DbCommand (3ms) [Parameters=[@__get_Item_0='?' (DbType = Int32)], CommandType='Text', CommandTimeout='30']
      SELECT [e].[Customer_Id], [e].[CustomerRole_Id]
      FROM [Customer_CustomerRole_Mapping] AS [e]
      WHERE [e].[Customer_Id] = @__get_Item_0
info: Microsoft.EntityFrameworkCore.Database.Command[20101]
      Executed DbCommand (5ms) [Parameters=[@__get_Item_0='?' (DbType = Int32)], CommandType='Text', CommandTimeout='30']
      SELECT [e].[Id], [e].[Active], [e].[DefaultTaxDisplayTypeId], [e].[EnablePasswordLifetime], [e].[FreeShipping], [e].[IsSystemRole], [e].[Name], [e].[OverrideTaxDisplayType], [e].[PurchasedWithProductId], [e].[SystemName], [e].[TaxExempt]
      FROM [CustomerRole] AS [e]
      WHERE [e].[Id] = @__get_Item_0
info: Microsoft.EntityFrameworkCore.Database.Command[20101]
      Executed DbCommand (2ms) [Parameters=[@__get_Item_0='?' (DbType = Int32)], CommandType='Text', CommandTimeout='30']
      SELECT [e].[Id], [e].[Active], [e].[DefaultTaxDisplayTypeId], [e].[EnablePasswordLifetime], [e].[FreeShipping], [e].[IsSystemRole], [e].[Name], [e].[OverrideTaxDisplayType], [e].[PurchasedWithProductId], [e].[SystemName], [e].[TaxExempt]
      FROM [CustomerRole] AS [e]
      WHERE [e].[Id] = @__get_Item_0
info: Microsoft.EntityFrameworkCore.Database.Command[20101]
      Executed DbCommand (4ms) [Parameters=[@__entityId_0='?' (DbType = Int32), @__keyGroup_1='?' (Size = 400)], CommandType='Text', CommandTimeout='30']
      SELECT [ga].[Id], [ga].[EntityId], [ga].[Key], [ga].[KeyGroup], [ga].[StoreId], [ga].[Value]
      FROM [GenericAttribute] AS [ga]
      WHERE ([ga].[EntityId] = @__entityId_0) AND ([ga].[KeyGroup] = @__keyGroup_1)
info: Microsoft.AspNetCore.Mvc.Internal.ControllerActionInvoker[1]
      Executing action method NCSw.HERO.Web.Areas.Admin.Controllers.ShiftController.List (NCSw.HERO.Web) with arguments (NCSw.HERO.Web.Areas.Admin.Models.ShiftSearchModel) - Validation state: Valid
info: Microsoft.EntityFrameworkCore.Database.Command[20101]
      Executed DbCommand (5ms) [Parameters=[], CommandType='Text', CommandTimeout='30']
      SELECT COUNT(*)
      FROM [hero].[Shift] AS [m]
      WHERE [m].[Deleted] = 0
info: Microsoft.EntityFrameworkCore.Database.Command[20101]
      Executed DbCommand (4ms) [Parameters=[@__p_0='?' (DbType = Int32), @__p_1='?' (DbType = Int32)], CommandType='Text', CommandTimeout='30']
      SELECT [m].[Id], [m].[Active], [m].[BreakTimeFrom], [m].[BreakTimeTo], [m].[Code], [m].[CreatedBy], [m].[CreatedOnUtc], [m].[Deleted], [m].[Description], [m].[FromHour], [m].[Name], [m].[ToHour], [m].[UpdatedBy], [m].[UpdatedOnUtc]
      FROM [hero].[Shift] AS [m]
      WHERE [m].[Deleted] = 0
      ORDER BY (SELECT 1)
      OFFSET @__p_0 ROWS FETCH NEXT @__p_1 ROWS ONLY
info: Microsoft.AspNetCore.Mvc.Internal.ControllerActionInvoker[2]
      Executed action method NCSw.HERO.Web.Areas.Admin.Controllers.ShiftController.List (NCSw.HERO.Web), returned result Microsoft.AspNetCore.Mvc.JsonResult in 10.6522ms.
info: Microsoft.AspNetCore.Mvc.Formatters.Json.Internal.JsonResultExecutor[1]
      Executing JsonResult, writing value of type 'NCSw.HERO.Web.Areas.Admin.Models.ShiftListModel'.
info: Microsoft.AspNetCore.Mvc.Internal.ControllerActionInvoker[2]
      Executed action NCSw.HERO.Web.Areas.Admin.Controllers.ShiftController.List (NCSw.HERO.Web) in 88.9198ms
info: Microsoft.AspNetCore.Hosting.Internal.WebHost[2]
      Request finished in 91.2166ms 200 application/json; charset=utf-8
info: Microsoft.EntityFrameworkCore.Infrastructure[10403]
      Entity Framework Core 2.2.4-servicing-10062 initialized 'NopObjectContext' using provider 'Microsoft.EntityFrameworkCore.SqlServer' with options: using lazy-loading proxies 
info: Microsoft.EntityFrameworkCore.Database.Command[20101]
      Executed DbCommand (95ms) [Parameters=[@p0='?' (DbType = DateTime2), @p1='?' (DbType = Int32), @p2='?' (Size = 4000), @p3='?' (Size = 200), @p4='?' (DbType = Int32), @p5='?' (Size = 4000), @p6='?' (Size = 4000), @p7='?' (Size = 4000)], CommandType='Text', CommandTimeout='30']
      SET NOCOUNT ON;
      INSERT INTO [Log] ([CreatedOnUtc], [CustomerId], [FullMessage], [IpAddress], [LogLevelId], [PageUrl], [ReferrerUrl], [ShortMessage])
      VALUES (@p0, @p1, @p2, @p3, @p4, @p5, @p6, @p7);
      SELECT [Id]
      FROM [Log]
      WHERE @@ROWCOUNT = 1 AND [Id] = scope_identity();
info: Microsoft.AspNetCore.Hosting.Internal.WebHost[1]
      Request starting HTTP/1.1 POST http://127.0.0.1:7465/iisintegration  0
info: Microsoft.AspNetCore.Hosting.Internal.WebHost[2]
      Request finished in 2.4768ms 202 
Application is shutting down...
