info: Microsoft.EntityFrameworkCore.Infrastructure[10403]
      Entity Framework Core 2.2.4-servicing-10062 initialized 'NopObjectContext' using provider 'Microsoft.EntityFrameworkCore.SqlServer' with options: using lazy-loading proxies 
info: Microsoft.EntityFrameworkCore.Database.Command[20101]
      Executed DbCommand (108ms) [Parameters=[], CommandType='Text', CommandTimeout='30']
      SELECT [t].[Id], [t].[Enabled], [t].[LastEndUtc], [t].[LastStartUtc], [t].[LastSuccessUtc], [t].[Name], [t].[Seconds], [t].[StopOnError], [t].[Type]
      FROM [ScheduleTask] AS [t]
      WHERE [t].[Enabled] = 1
      ORDER BY [t].[Seconds] DESC
info: Microsoft.EntityFrameworkCore.Database.Command[20101]
      Executed DbCommand (51ms) [Parameters=[], CommandType='Text', CommandTimeout='30']
      SELECT [s].[Id], [s].[CompanyAddress], [s].[CompanyName], [s].[CompanyPhoneNumber], [s].[CompanyVat], [s].[DefaultLanguageId], [s].[DisplayOrder], [s].[Hosts], [s].[Name], [s].[SslEnabled], [s].[Url]
      FROM [Store] AS [s]
      ORDER BY [s].[DisplayOrder], [s].[Id]
info: Microsoft.EntityFrameworkCore.Database.Command[20101]
      Executed DbCommand (5ms) [Parameters=[], CommandType='Text', CommandTimeout='30']
      SELECT [s].[Id], [s].[Name], [s].[StoreId], [s].[Value]
      FROM [Setting] AS [s]
      ORDER BY [s].[Name], [s].[StoreId]
info: Microsoft.EntityFrameworkCore.Database.Command[20101]
      Executed DbCommand (43ms) [Parameters=[@p0='?' (DbType = DateTime2), @p1='?' (DbType = Int32), @p2='?' (Size = 4000), @p3='?' (Size = 200), @p4='?' (DbType = Int32), @p5='?' (Size = 4000), @p6='?' (Size = 4000), @p7='?' (Size = 4000)], CommandType='Text', CommandTimeout='30']
      SET NOCOUNT ON;
      INSERT INTO [Log] ([CreatedOnUtc], [CustomerId], [FullMessage], [IpAddress], [LogLevelId], [PageUrl], [ReferrerUrl], [ShortMessage])
      VALUES (@p0, @p1, @p2, @p3, @p4, @p5, @p6, @p7);
      SELECT [Id]
      FROM [Log]
      WHERE @@ROWCOUNT = 1 AND [Id] = scope_identity();
Hosting environment: Development
Content root path: E:\HERO\Presentation\NCSw.HERO.Web
Now listening on: http://127.0.0.1:3107
Application started. Press Ctrl+C to shut down.
info: Microsoft.AspNetCore.Hosting.Internal.WebHost[1]
      Request starting HTTP/1.1 GET http://erp.hero.net/Admin/Shift/Edit/31  
info: Microsoft.EntityFrameworkCore.Infrastructure[10403]
      Entity Framework Core 2.2.4-servicing-10062 initialized 'NopObjectContext' using provider 'Microsoft.EntityFrameworkCore.SqlServer' with options: using lazy-loading proxies 
info: Microsoft.EntityFrameworkCore.Database.Command[20101]
      Executed DbCommand (18ms) [Parameters=[@__email_0='?' (Size = 1000)], CommandType='Text', CommandTimeout='30']
      SELECT TOP(1) [c].[Id], [c].[Active], [c].[AdminComment], [c].[AffiliateId], [c].[BillingAddress_Id], [c].[CannotLoginUntilDateUtc], [c].[CreatedOnUtc], [c].[CustomerGuid], [c].[Deleted], [c].[Email], [c].[EmailToRevalidate], [c].[FailedLoginAttempts], [c].[HasShoppingCartItems], [c].[IsSystemAccount], [c].[IsTaxExempt], [c].[LastActivityDateUtc], [c].[LastIpAddress], [c].[LastLoginDateUtc], [c].[RegisteredInStoreId], [c].[RequireReLogin], [c].[ShippingAddress_Id], [c].[SystemName], [c].[Username], [c].[VendorId]
      FROM [Customer] AS [c]
      WHERE [c].[Email] = @__email_0
      ORDER BY [c].[Id]
info: Microsoft.EntityFrameworkCore.Database.Command[20101]
      Executed DbCommand (34ms) [Parameters=[@__get_Item_0='?' (DbType = Int32)], CommandType='Text', CommandTimeout='30']
      SELECT [e].[Customer_Id], [e].[CustomerRole_Id]
      FROM [Customer_CustomerRole_Mapping] AS [e]
      WHERE [e].[Customer_Id] = @__get_Item_0
info: Microsoft.EntityFrameworkCore.Database.Command[20101]
      Executed DbCommand (47ms) [Parameters=[@__get_Item_0='?' (DbType = Int32)], CommandType='Text', CommandTimeout='30']
      SELECT [e].[Id], [e].[Active], [e].[DefaultTaxDisplayTypeId], [e].[EnablePasswordLifetime], [e].[FreeShipping], [e].[IsSystemRole], [e].[Name], [e].[OverrideTaxDisplayType], [e].[PurchasedWithProductId], [e].[SystemName], [e].[TaxExempt]
      FROM [CustomerRole] AS [e]
      WHERE [e].[Id] = @__get_Item_0
info: Microsoft.EntityFrameworkCore.Database.Command[20101]
      Executed DbCommand (20ms) [Parameters=[@__get_Item_0='?' (DbType = Int32)], CommandType='Text', CommandTimeout='30']
      SELECT [e].[Id], [e].[Active], [e].[DefaultTaxDisplayTypeId], [e].[EnablePasswordLifetime], [e].[FreeShipping], [e].[IsSystemRole], [e].[Name], [e].[OverrideTaxDisplayType], [e].[PurchasedWithProductId], [e].[SystemName], [e].[TaxExempt]
      FROM [CustomerRole] AS [e]
      WHERE [e].[Id] = @__get_Item_0
info: Microsoft.EntityFrameworkCore.Database.Command[20101]
      Executed DbCommand (5ms) [Parameters=[@__entityId_0='?' (DbType = Int32), @__keyGroup_1='?' (Size = 400)], CommandType='Text', CommandTimeout='30']
      SELECT [ga].[Id], [ga].[EntityId], [ga].[Key], [ga].[KeyGroup], [ga].[StoreId], [ga].[Value]
      FROM [GenericAttribute] AS [ga]
      WHERE ([ga].[EntityId] = @__entityId_0) AND ([ga].[KeyGroup] = @__keyGroup_1)
info: Microsoft.EntityFrameworkCore.Database.Command[20101]
      Executed DbCommand (17ms) [Parameters=[], CommandType='Text', CommandTimeout='30']
      SELECT [l].[Id], [l].[DefaultCurrencyId], [l].[DisplayOrder], [l].[FlagImageFileName], [l].[LanguageCulture], [l].[LimitedToStores], [l].[Name], [l].[Published], [l].[Rtl], [l].[UniqueSeoCode]
      FROM [Language] AS [l]
      WHERE [l].[Published] = 1
      ORDER BY [l].[DisplayOrder], [l].[Id]
info: Microsoft.EntityFrameworkCore.Infrastructure[10403]
      Entity Framework Core 2.2.4-servicing-10062 initialized 'NopObjectContext' using provider 'Microsoft.EntityFrameworkCore.SqlServer' with options: using lazy-loading proxies 
info: Microsoft.EntityFrameworkCore.Database.Command[20101]
      Executed DbCommand (19ms) [Parameters=[@p0='?' (DbType = DateTime2), @p1='?' (DbType = Int32), @p2='?' (Size = 4000), @p3='?' (Size = 200), @p4='?' (DbType = Int32), @p5='?' (Size = 4000), @p6='?' (Size = 4000), @p7='?' (Size = 4000)], CommandType='Text', CommandTimeout='30']
      SET NOCOUNT ON;
      INSERT INTO [Log] ([CreatedOnUtc], [CustomerId], [FullMessage], [IpAddress], [LogLevelId], [PageUrl], [ReferrerUrl], [ShortMessage])
      VALUES (@p0, @p1, @p2, @p3, @p4, @p5, @p6, @p7);
      SELECT [Id]
      FROM [Log]
      WHERE @@ROWCOUNT = 1 AND [Id] = scope_identity();
info: Microsoft.AspNetCore.Mvc.Internal.ControllerActionInvoker[1]
      Route matched with {area = "Admin", action = "Edit", controller = "Shift"}. Executing action NCSw.HERO.Web.Areas.Admin.Controllers.ShiftController.Edit (NCSw.HERO.Web)
info: Microsoft.EntityFrameworkCore.Database.Command[20101]
      Executed DbCommand (4ms) [Parameters=[@__customerRoleId_0='?' (DbType = Int32)], CommandType='Text', CommandTimeout='30']
      SELECT [pr].[Id], [pr].[Category], [pr].[Name], [pr].[SystemName]
      FROM [PermissionRecord] AS [pr]
      INNER JOIN [PermissionRecord_Role_Mapping] AS [prcrm] ON [pr].[Id] = [prcrm].[PermissionRecord_Id]
      WHERE [prcrm].[CustomerRole_Id] = @__customerRoleId_0
      ORDER BY [pr].[Id]
info: Microsoft.EntityFrameworkCore.Database.Command[20101]
      Executed DbCommand (3ms) [Parameters=[@p23='?' (DbType = Int32), @p0='?' (DbType = Boolean), @p1='?' (Size = 4000), @p2='?' (DbType = Int32), @p3='?' (DbType = Int32), @p4='?' (DbType = DateTime2), @p5='?' (DbType = DateTime2), @p6='?' (DbType = Guid), @p7='?' (DbType = Boolean), @p8='?' (Size = 1000), @p9='?' (Size = 1000), @p10='?' (DbType = Int32), @p11='?' (DbType = Boolean), @p12='?' (DbType = Boolean), @p13='?' (DbType = Boolean), @p14='?' (DbType = DateTime2), @p15='?' (Size = 4000), @p16='?' (DbType = DateTime2), @p17='?' (DbType = Int32), @p18='?' (DbType = Boolean), @p19='?' (DbType = Int32), @p20='?' (Size = 400), @p21='?' (Size = 1000), @p22='?' (DbType = Int32)], CommandType='Text', CommandTimeout='30']
      SET NOCOUNT ON;
      UPDATE [Customer] SET [Active] = @p0, [AdminComment] = @p1, [AffiliateId] = @p2, [BillingAddress_Id] = @p3, [CannotLoginUntilDateUtc] = @p4, [CreatedOnUtc] = @p5, [CustomerGuid] = @p6, [Deleted] = @p7, [Email] = @p8, [EmailToRevalidate] = @p9, [FailedLoginAttempts] = @p10, [HasShoppingCartItems] = @p11, [IsSystemAccount] = @p12, [IsTaxExempt] = @p13, [LastActivityDateUtc] = @p14, [LastIpAddress] = @p15, [LastLoginDateUtc] = @p16, [RegisteredInStoreId] = @p17, [RequireReLogin] = @p18, [ShippingAddress_Id] = @p19, [SystemName] = @p20, [Username] = @p21, [VendorId] = @p22
      WHERE [Id] = @p23;
      SELECT @@ROWCOUNT;
info: Microsoft.AspNetCore.Mvc.Internal.ControllerActionInvoker[1]
      Executing action method NCSw.HERO.Web.Areas.Admin.Controllers.ShiftController.Edit (NCSw.HERO.Web) with arguments (31) - Validation state: Valid
info: Microsoft.EntityFrameworkCore.Database.Command[20101]
      Executed DbCommand (29ms) [Parameters=[@__get_Item_0='?' (DbType = Int32)], CommandType='Text', CommandTimeout='30']
      SELECT TOP(1) [e].[Id], [e].[Active], [e].[BreakTimeFrom], [e].[BreakTimeTo], [e].[Code], [e].[CreatedBy], [e].[CreatedOnUtc], [e].[Deleted], [e].[Description], [e].[FromHour], [e].[Name], [e].[ToHour], [e].[UpdatedBy], [e].[UpdatedOnUtc]
      FROM [hero].[Shift] AS [e]
      WHERE [e].[Id] = @__get_Item_0
info: Microsoft.AspNetCore.Mvc.Internal.ControllerActionInvoker[2]
      Executed action method NCSw.HERO.Web.Areas.Admin.Controllers.ShiftController.Edit (NCSw.HERO.Web), returned result Microsoft.AspNetCore.Mvc.ViewResult in 84.7829ms.
info: Microsoft.AspNetCore.Mvc.ViewFeatures.ViewResultExecutor[1]
      Executing ViewResult, running view Edit.
info: Microsoft.EntityFrameworkCore.Database.Command[20101]
      Executed DbCommand (42ms) [Parameters=[@__languageId_0='?' (DbType = Int32), @__AdminLocaleStringResourcesPrefix_1='?' (Size = 200)], CommandType='Text', CommandTimeout='30']
      SELECT [l].[Id], [l].[LanguageId], [l].[ResourceName], [l].[ResourceValue]
      FROM [LocaleStringResource] AS [l]
      WHERE ([l].[LanguageId] = @__languageId_0) AND ((NOT ([l].[ResourceName] LIKE @__AdminLocaleStringResourcesPrefix_1 + N'%') OR (LEFT([l].[ResourceName], LEN(@__AdminLocaleStringResourcesPrefix_1)) <> @__AdminLocaleStringResourcesPrefix_1)) AND (@__AdminLocaleStringResourcesPrefix_1 <> N''))
      ORDER BY [l].[ResourceName]
info: Microsoft.EntityFrameworkCore.Database.Command[20101]
      Executed DbCommand (9ms) [Parameters=[@p0='?' (DbType = DateTime2), @p1='?' (DbType = Int32), @p2='?' (Size = 4000), @p3='?' (Size = 200), @p4='?' (DbType = Int32), @p5='?' (Size = 4000), @p6='?' (Size = 4000), @p7='?' (Size = 4000)], CommandType='Text', CommandTimeout='30']
      SET NOCOUNT ON;
      INSERT INTO [Log] ([CreatedOnUtc], [CustomerId], [FullMessage], [IpAddress], [LogLevelId], [PageUrl], [ReferrerUrl], [ShortMessage])
      VALUES (@p0, @p1, @p2, @p3, @p4, @p5, @p6, @p7);
      SELECT [Id]
      FROM [Log]
      WHERE @@ROWCOUNT = 1 AND [Id] = scope_identity();
info: Microsoft.EntityFrameworkCore.Database.Command[20101]
      Executed DbCommand (7ms) [Parameters=[@p0='?' (DbType = DateTime2), @p1='?' (DbType = Int32), @p2='?' (Size = 4000), @p3='?' (Size = 200), @p4='?' (DbType = Int32), @p5='?' (Size = 4000), @p6='?' (Size = 4000), @p7='?' (Size = 4000)], CommandType='Text', CommandTimeout='30']
      SET NOCOUNT ON;
      INSERT INTO [Log] ([CreatedOnUtc], [CustomerId], [FullMessage], [IpAddress], [LogLevelId], [PageUrl], [ReferrerUrl], [ShortMessage])
      VALUES (@p0, @p1, @p2, @p3, @p4, @p5, @p6, @p7);
      SELECT [Id]
      FROM [Log]
      WHERE @@ROWCOUNT = 1 AND [Id] = scope_identity();
info: Microsoft.EntityFrameworkCore.Database.Command[20101]
      Executed DbCommand (34ms) [Parameters=[@__languageId_0='?' (DbType = Int32), @__AdminLocaleStringResourcesPrefix_1='?' (Size = 200)], CommandType='Text', CommandTimeout='30']
      SELECT [l].[Id], [l].[LanguageId], [l].[ResourceName], [l].[ResourceValue]
      FROM [LocaleStringResource] AS [l]
      WHERE ([l].[LanguageId] = @__languageId_0) AND (([l].[ResourceName] LIKE @__AdminLocaleStringResourcesPrefix_1 + N'%' AND (LEFT([l].[ResourceName], LEN(@__AdminLocaleStringResourcesPrefix_1)) = @__AdminLocaleStringResourcesPrefix_1)) OR (@__AdminLocaleStringResourcesPrefix_1 = N''))
      ORDER BY [l].[ResourceName]
info: Microsoft.AspNetCore.Mvc.ViewFeatures.ViewResultExecutor[4]
      Executed ViewResult - view Edit executed in 10283.5298ms.
info: Microsoft.AspNetCore.Mvc.Internal.ControllerActionInvoker[2]
      Executed action NCSw.HERO.Web.Areas.Admin.Controllers.ShiftController.Edit (NCSw.HERO.Web) in 10694.8833ms
info: Microsoft.AspNetCore.Hosting.Internal.WebHost[2]
      Request finished in 12511.733ms 200 text/html; charset=utf-8
info: Microsoft.AspNetCore.Hosting.Internal.WebHost[1]
      Request starting HTTP/1.1 GET http://erp.hero.net/admin/plugin/SearchList?_=1557384430574  
info: Microsoft.EntityFrameworkCore.Infrastructure[10403]
      Entity Framework Core 2.2.4-servicing-10062 initialized 'NopObjectContext' using provider 'Microsoft.EntityFrameworkCore.SqlServer' with options: using lazy-loading proxies 
info: Microsoft.EntityFrameworkCore.Database.Command[20101]
      Executed DbCommand (3ms) [Parameters=[@__email_0='?' (Size = 1000)], CommandType='Text', CommandTimeout='30']
      SELECT TOP(1) [c].[Id], [c].[Active], [c].[AdminComment], [c].[AffiliateId], [c].[BillingAddress_Id], [c].[CannotLoginUntilDateUtc], [c].[CreatedOnUtc], [c].[CustomerGuid], [c].[Deleted], [c].[Email], [c].[EmailToRevalidate], [c].[FailedLoginAttempts], [c].[HasShoppingCartItems], [c].[IsSystemAccount], [c].[IsTaxExempt], [c].[LastActivityDateUtc], [c].[LastIpAddress], [c].[LastLoginDateUtc], [c].[RegisteredInStoreId], [c].[RequireReLogin], [c].[ShippingAddress_Id], [c].[SystemName], [c].[Username], [c].[VendorId]
      FROM [Customer] AS [c]
      WHERE [c].[Email] = @__email_0
      ORDER BY [c].[Id]
info: Microsoft.EntityFrameworkCore.Database.Command[20101]
      Executed DbCommand (1ms) [Parameters=[@__get_Item_0='?' (DbType = Int32)], CommandType='Text', CommandTimeout='30']
      SELECT [e].[Customer_Id], [e].[CustomerRole_Id]
      FROM [Customer_CustomerRole_Mapping] AS [e]
      WHERE [e].[Customer_Id] = @__get_Item_0
info: Microsoft.EntityFrameworkCore.Database.Command[20101]
      Executed DbCommand (2ms) [Parameters=[@__get_Item_0='?' (DbType = Int32)], CommandType='Text', CommandTimeout='30']
      SELECT [e].[Id], [e].[Active], [e].[DefaultTaxDisplayTypeId], [e].[EnablePasswordLifetime], [e].[FreeShipping], [e].[IsSystemRole], [e].[Name], [e].[OverrideTaxDisplayType], [e].[PurchasedWithProductId], [e].[SystemName], [e].[TaxExempt]
      FROM [CustomerRole] AS [e]
      WHERE [e].[Id] = @__get_Item_0
info: Microsoft.EntityFrameworkCore.Database.Command[20101]
      Executed DbCommand (2ms) [Parameters=[@__get_Item_0='?' (DbType = Int32)], CommandType='Text', CommandTimeout='30']
      SELECT [e].[Id], [e].[Active], [e].[DefaultTaxDisplayTypeId], [e].[EnablePasswordLifetime], [e].[FreeShipping], [e].[IsSystemRole], [e].[Name], [e].[OverrideTaxDisplayType], [e].[PurchasedWithProductId], [e].[SystemName], [e].[TaxExempt]
      FROM [CustomerRole] AS [e]
      WHERE [e].[Id] = @__get_Item_0
info: Microsoft.EntityFrameworkCore.Database.Command[20101]
      Executed DbCommand (2ms) [Parameters=[@__entityId_0='?' (DbType = Int32), @__keyGroup_1='?' (Size = 400)], CommandType='Text', CommandTimeout='30']
      SELECT [ga].[Id], [ga].[EntityId], [ga].[Key], [ga].[KeyGroup], [ga].[StoreId], [ga].[Value]
      FROM [GenericAttribute] AS [ga]
      WHERE ([ga].[EntityId] = @__entityId_0) AND ([ga].[KeyGroup] = @__keyGroup_1)
info: Microsoft.AspNetCore.Mvc.Internal.ControllerActionInvoker[1]
      Route matched with {area = "Admin", action = "SearchList", controller = "Plugin"}. Executing action NCSw.HERO.Web.Areas.Admin.Controllers.PluginController.SearchList (NCSw.HERO.Web)
info: Microsoft.AspNetCore.Mvc.Internal.ControllerActionInvoker[1]
      Executing action method NCSw.HERO.Web.Areas.Admin.Controllers.PluginController.SearchList (NCSw.HERO.Web) - Validation state: Valid
info: Microsoft.AspNetCore.Mvc.Internal.ControllerActionInvoker[2]
      Executed action method NCSw.HERO.Web.Areas.Admin.Controllers.PluginController.SearchList (NCSw.HERO.Web), returned result Microsoft.AspNetCore.Mvc.JsonResult in 22.9744ms.
info: Microsoft.AspNetCore.Mvc.Formatters.Json.Internal.JsonResultExecutor[1]
      Executing JsonResult, writing value of type 'System.Collections.Generic.List`1[[<>f__AnonymousType22`5[[System.String, System.Private.CoreLib, Version=4.0.0.0, Culture=neutral, PublicKeyToken=7cec85d7bea7798e],[System.String, System.Private.CoreLib, Version=4.0.0.0, Culture=neutral, PublicKeyToken=7cec85d7bea7798e],[System.String, System.Private.CoreLib, Version=4.0.0.0, Culture=neutral, PublicKeyToken=7cec85d7bea7798e],[System.String, System.Private.CoreLib, Version=4.0.0.0, Culture=neutral, PublicKeyToken=7cec85d7bea7798e],[System.Int32, System.Private.CoreLib, Version=4.0.0.0, Culture=neutral, PublicKeyToken=7cec85d7bea7798e]], NCSw.HERO.Web, Version=4.1.0.0, Culture=neutral, PublicKeyToken=null]]'.
info: Microsoft.AspNetCore.Mvc.Internal.ControllerActionInvoker[2]
      Executed action NCSw.HERO.Web.Areas.Admin.Controllers.PluginController.SearchList (NCSw.HERO.Web) in 68.0435ms
info: Microsoft.AspNetCore.Hosting.Internal.WebHost[2]
      Request finished in 148.1519ms 200 application/json; charset=utf-8
info: Microsoft.EntityFrameworkCore.Infrastructure[10403]
      Entity Framework Core 2.2.4-servicing-10062 initialized 'NopObjectContext' using provider 'Microsoft.EntityFrameworkCore.SqlServer' with options: using lazy-loading proxies 
info: Microsoft.EntityFrameworkCore.Database.Command[20101]
      Executed DbCommand (20ms) [Parameters=[@p0='?' (DbType = DateTime2), @p1='?' (DbType = Int32), @p2='?' (Size = 4000), @p3='?' (Size = 200), @p4='?' (DbType = Int32), @p5='?' (Size = 4000), @p6='?' (Size = 4000), @p7='?' (Size = 4000)], CommandType='Text', CommandTimeout='30']
      SET NOCOUNT ON;
      INSERT INTO [Log] ([CreatedOnUtc], [CustomerId], [FullMessage], [IpAddress], [LogLevelId], [PageUrl], [ReferrerUrl], [ShortMessage])
      VALUES (@p0, @p1, @p2, @p3, @p4, @p5, @p6, @p7);
      SELECT [Id]
      FROM [Log]
      WHERE @@ROWCOUNT = 1 AND [Id] = scope_identity();
info: Microsoft.AspNetCore.Hosting.Internal.WebHost[1]
      Request starting HTTP/1.1 GET http://erp.hero.net/Admin/Shift/List  
info: Microsoft.EntityFrameworkCore.Infrastructure[10403]
      Entity Framework Core 2.2.4-servicing-10062 initialized 'NopObjectContext' using provider 'Microsoft.EntityFrameworkCore.SqlServer' with options: using lazy-loading proxies 
info: Microsoft.EntityFrameworkCore.Database.Command[20101]
      Executed DbCommand (4ms) [Parameters=[@__email_0='?' (Size = 1000)], CommandType='Text', CommandTimeout='30']
      SELECT TOP(1) [c].[Id], [c].[Active], [c].[AdminComment], [c].[AffiliateId], [c].[BillingAddress_Id], [c].[CannotLoginUntilDateUtc], [c].[CreatedOnUtc], [c].[CustomerGuid], [c].[Deleted], [c].[Email], [c].[EmailToRevalidate], [c].[FailedLoginAttempts], [c].[HasShoppingCartItems], [c].[IsSystemAccount], [c].[IsTaxExempt], [c].[LastActivityDateUtc], [c].[LastIpAddress], [c].[LastLoginDateUtc], [c].[RegisteredInStoreId], [c].[RequireReLogin], [c].[ShippingAddress_Id], [c].[SystemName], [c].[Username], [c].[VendorId]
      FROM [Customer] AS [c]
      WHERE [c].[Email] = @__email_0
      ORDER BY [c].[Id]
info: Microsoft.EntityFrameworkCore.Database.Command[20101]
      Executed DbCommand (4ms) [Parameters=[@__get_Item_0='?' (DbType = Int32)], CommandType='Text', CommandTimeout='30']
      SELECT [e].[Customer_Id], [e].[CustomerRole_Id]
      FROM [Customer_CustomerRole_Mapping] AS [e]
      WHERE [e].[Customer_Id] = @__get_Item_0
info: Microsoft.EntityFrameworkCore.Database.Command[20101]
      Executed DbCommand (2ms) [Parameters=[@__get_Item_0='?' (DbType = Int32)], CommandType='Text', CommandTimeout='30']
      SELECT [e].[Id], [e].[Active], [e].[DefaultTaxDisplayTypeId], [e].[EnablePasswordLifetime], [e].[FreeShipping], [e].[IsSystemRole], [e].[Name], [e].[OverrideTaxDisplayType], [e].[PurchasedWithProductId], [e].[SystemName], [e].[TaxExempt]
      FROM [CustomerRole] AS [e]
      WHERE [e].[Id] = @__get_Item_0
info: Microsoft.EntityFrameworkCore.Database.Command[20101]
      Executed DbCommand (2ms) [Parameters=[@__get_Item_0='?' (DbType = Int32)], CommandType='Text', CommandTimeout='30']
      SELECT [e].[Id], [e].[Active], [e].[DefaultTaxDisplayTypeId], [e].[EnablePasswordLifetime], [e].[FreeShipping], [e].[IsSystemRole], [e].[Name], [e].[OverrideTaxDisplayType], [e].[PurchasedWithProductId], [e].[SystemName], [e].[TaxExempt]
      FROM [CustomerRole] AS [e]
      WHERE [e].[Id] = @__get_Item_0
info: Microsoft.EntityFrameworkCore.Database.Command[20101]
      Executed DbCommand (2ms) [Parameters=[@__entityId_0='?' (DbType = Int32), @__keyGroup_1='?' (Size = 400)], CommandType='Text', CommandTimeout='30']
      SELECT [ga].[Id], [ga].[EntityId], [ga].[Key], [ga].[KeyGroup], [ga].[StoreId], [ga].[Value]
      FROM [GenericAttribute] AS [ga]
      WHERE ([ga].[EntityId] = @__entityId_0) AND ([ga].[KeyGroup] = @__keyGroup_1)
info: Microsoft.AspNetCore.Mvc.Internal.ControllerActionInvoker[1]
      Route matched with {area = "Admin", action = "List", controller = "Shift"}. Executing action NCSw.HERO.Web.Areas.Admin.Controllers.ShiftController.List (NCSw.HERO.Web)
info: Microsoft.EntityFrameworkCore.Database.Command[20101]
      Executed DbCommand (4ms) [Parameters=[@p23='?' (DbType = Int32), @p0='?' (DbType = Boolean), @p1='?' (Size = 4000), @p2='?' (DbType = Int32), @p3='?' (DbType = Int32), @p4='?' (DbType = DateTime2), @p5='?' (DbType = DateTime2), @p6='?' (DbType = Guid), @p7='?' (DbType = Boolean), @p8='?' (Size = 1000), @p9='?' (Size = 1000), @p10='?' (DbType = Int32), @p11='?' (DbType = Boolean), @p12='?' (DbType = Boolean), @p13='?' (DbType = Boolean), @p14='?' (DbType = DateTime2), @p15='?' (Size = 4000), @p16='?' (DbType = DateTime2), @p17='?' (DbType = Int32), @p18='?' (DbType = Boolean), @p19='?' (DbType = Int32), @p20='?' (Size = 400), @p21='?' (Size = 1000), @p22='?' (DbType = Int32)], CommandType='Text', CommandTimeout='30']
      SET NOCOUNT ON;
      UPDATE [Customer] SET [Active] = @p0, [AdminComment] = @p1, [AffiliateId] = @p2, [BillingAddress_Id] = @p3, [CannotLoginUntilDateUtc] = @p4, [CreatedOnUtc] = @p5, [CustomerGuid] = @p6, [Deleted] = @p7, [Email] = @p8, [EmailToRevalidate] = @p9, [FailedLoginAttempts] = @p10, [HasShoppingCartItems] = @p11, [IsSystemAccount] = @p12, [IsTaxExempt] = @p13, [LastActivityDateUtc] = @p14, [LastIpAddress] = @p15, [LastLoginDateUtc] = @p16, [RegisteredInStoreId] = @p17, [RequireReLogin] = @p18, [ShippingAddress_Id] = @p19, [SystemName] = @p20, [Username] = @p21, [VendorId] = @p22
      WHERE [Id] = @p23;
      SELECT @@ROWCOUNT;
info: Microsoft.AspNetCore.Mvc.Internal.ControllerActionInvoker[1]
      Executing action method NCSw.HERO.Web.Areas.Admin.Controllers.ShiftController.List (NCSw.HERO.Web) - Validation state: Valid
info: Microsoft.AspNetCore.Mvc.Internal.ControllerActionInvoker[2]
      Executed action method NCSw.HERO.Web.Areas.Admin.Controllers.ShiftController.List (NCSw.HERO.Web), returned result Microsoft.AspNetCore.Mvc.ViewResult in 1.0307ms.
info: Microsoft.AspNetCore.Mvc.ViewFeatures.ViewResultExecutor[1]
      Executing ViewResult, running view List.
info: Microsoft.EntityFrameworkCore.Database.Command[20101]
      Executed DbCommand (2ms) [Parameters=[@p0='?' (DbType = DateTime2), @p1='?' (DbType = Int32), @p2='?' (Size = 4000), @p3='?' (Size = 200), @p4='?' (DbType = Int32), @p5='?' (Size = 4000), @p6='?' (Size = 4000), @p7='?' (Size = 4000)], CommandType='Text', CommandTimeout='30']
      SET NOCOUNT ON;
      INSERT INTO [Log] ([CreatedOnUtc], [CustomerId], [FullMessage], [IpAddress], [LogLevelId], [PageUrl], [ReferrerUrl], [ShortMessage])
      VALUES (@p0, @p1, @p2, @p3, @p4, @p5, @p6, @p7);
      SELECT [Id]
      FROM [Log]
      WHERE @@ROWCOUNT = 1 AND [Id] = scope_identity();
info: Microsoft.AspNetCore.Mvc.ViewFeatures.ViewResultExecutor[4]
      Executed ViewResult - view List executed in 1095.0703ms.
info: Microsoft.AspNetCore.Mvc.Internal.ControllerActionInvoker[2]
      Executed action NCSw.HERO.Web.Areas.Admin.Controllers.ShiftController.List (NCSw.HERO.Web) in 1105.3485ms
info: Microsoft.AspNetCore.Hosting.Internal.WebHost[2]
      Request finished in 1178.7394ms 200 text/html; charset=utf-8
info: Microsoft.AspNetCore.Hosting.Internal.WebHost[1]
      Request starting HTTP/1.1 GET http://erp.hero.net/admin/plugin/SearchList?_=1557384493241  
info: Microsoft.EntityFrameworkCore.Infrastructure[10403]
      Entity Framework Core 2.2.4-servicing-10062 initialized 'NopObjectContext' using provider 'Microsoft.EntityFrameworkCore.SqlServer' with options: using lazy-loading proxies 
info: Microsoft.EntityFrameworkCore.Database.Command[20101]
      Executed DbCommand (2ms) [Parameters=[@__email_0='?' (Size = 1000)], CommandType='Text', CommandTimeout='30']
      SELECT TOP(1) [c].[Id], [c].[Active], [c].[AdminComment], [c].[AffiliateId], [c].[BillingAddress_Id], [c].[CannotLoginUntilDateUtc], [c].[CreatedOnUtc], [c].[CustomerGuid], [c].[Deleted], [c].[Email], [c].[EmailToRevalidate], [c].[FailedLoginAttempts], [c].[HasShoppingCartItems], [c].[IsSystemAccount], [c].[IsTaxExempt], [c].[LastActivityDateUtc], [c].[LastIpAddress], [c].[LastLoginDateUtc], [c].[RegisteredInStoreId], [c].[RequireReLogin], [c].[ShippingAddress_Id], [c].[SystemName], [c].[Username], [c].[VendorId]
      FROM [Customer] AS [c]
      WHERE [c].[Email] = @__email_0
      ORDER BY [c].[Id]
info: Microsoft.EntityFrameworkCore.Database.Command[20101]
      Executed DbCommand (1ms) [Parameters=[@__get_Item_0='?' (DbType = Int32)], CommandType='Text', CommandTimeout='30']
      SELECT [e].[Customer_Id], [e].[CustomerRole_Id]
      FROM [Customer_CustomerRole_Mapping] AS [e]
      WHERE [e].[Customer_Id] = @__get_Item_0
info: Microsoft.EntityFrameworkCore.Database.Command[20101]
      Executed DbCommand (2ms) [Parameters=[@__get_Item_0='?' (DbType = Int32)], CommandType='Text', CommandTimeout='30']
      SELECT [e].[Id], [e].[Active], [e].[DefaultTaxDisplayTypeId], [e].[EnablePasswordLifetime], [e].[FreeShipping], [e].[IsSystemRole], [e].[Name], [e].[OverrideTaxDisplayType], [e].[PurchasedWithProductId], [e].[SystemName], [e].[TaxExempt]
      FROM [CustomerRole] AS [e]
      WHERE [e].[Id] = @__get_Item_0
info: Microsoft.EntityFrameworkCore.Database.Command[20101]
      Executed DbCommand (2ms) [Parameters=[@__get_Item_0='?' (DbType = Int32)], CommandType='Text', CommandTimeout='30']
      SELECT [e].[Id], [e].[Active], [e].[DefaultTaxDisplayTypeId], [e].[EnablePasswordLifetime], [e].[FreeShipping], [e].[IsSystemRole], [e].[Name], [e].[OverrideTaxDisplayType], [e].[PurchasedWithProductId], [e].[SystemName], [e].[TaxExempt]
      FROM [CustomerRole] AS [e]
      WHERE [e].[Id] = @__get_Item_0
info: Microsoft.EntityFrameworkCore.Database.Command[20101]
      Executed DbCommand (1ms) [Parameters=[@__entityId_0='?' (DbType = Int32), @__keyGroup_1='?' (Size = 400)], CommandType='Text', CommandTimeout='30']
      SELECT [ga].[Id], [ga].[EntityId], [ga].[Key], [ga].[KeyGroup], [ga].[StoreId], [ga].[Value]
      FROM [GenericAttribute] AS [ga]
      WHERE ([ga].[EntityId] = @__entityId_0) AND ([ga].[KeyGroup] = @__keyGroup_1)
info: Microsoft.AspNetCore.Mvc.Internal.ControllerActionInvoker[1]
      Route matched with {area = "Admin", action = "SearchList", controller = "Plugin"}. Executing action NCSw.HERO.Web.Areas.Admin.Controllers.PluginController.SearchList (NCSw.HERO.Web)
info: Microsoft.AspNetCore.Mvc.Internal.ControllerActionInvoker[1]
      Executing action method NCSw.HERO.Web.Areas.Admin.Controllers.PluginController.SearchList (NCSw.HERO.Web) - Validation state: Valid
info: Microsoft.AspNetCore.Mvc.Internal.ControllerActionInvoker[2]
      Executed action method NCSw.HERO.Web.Areas.Admin.Controllers.PluginController.SearchList (NCSw.HERO.Web), returned result Microsoft.AspNetCore.Mvc.JsonResult in 0.278ms.
info: Microsoft.AspNetCore.Mvc.Formatters.Json.Internal.JsonResultExecutor[1]
      Executing JsonResult, writing value of type 'System.Collections.Generic.List`1[[<>f__AnonymousType22`5[[System.String, System.Private.CoreLib, Version=4.0.0.0, Culture=neutral, PublicKeyToken=7cec85d7bea7798e],[System.String, System.Private.CoreLib, Version=4.0.0.0, Culture=neutral, PublicKeyToken=7cec85d7bea7798e],[System.String, System.Private.CoreLib, Version=4.0.0.0, Culture=neutral, PublicKeyToken=7cec85d7bea7798e],[System.String, System.Private.CoreLib, Version=4.0.0.0, Culture=neutral, PublicKeyToken=7cec85d7bea7798e],[System.Int32, System.Private.CoreLib, Version=4.0.0.0, Culture=neutral, PublicKeyToken=7cec85d7bea7798e]], NCSw.HERO.Web, Version=4.1.0.0, Culture=neutral, PublicKeyToken=null]]'.
info: Microsoft.AspNetCore.Mvc.Internal.ControllerActionInvoker[2]
      Executed action NCSw.HERO.Web.Areas.Admin.Controllers.PluginController.SearchList (NCSw.HERO.Web) in 1.8944ms
info: Microsoft.AspNetCore.Hosting.Internal.WebHost[2]
      Request finished in 51.145ms 200 application/json; charset=utf-8
info: Microsoft.AspNetCore.Hosting.Internal.WebHost[1]
      Request starting HTTP/1.1 POST http://erp.hero.net/Admin/Shift/List application/x-www-form-urlencoded; charset=UTF-8 271
info: Microsoft.EntityFrameworkCore.Infrastructure[10403]
      Entity Framework Core 2.2.4-servicing-10062 initialized 'NopObjectContext' using provider 'Microsoft.EntityFrameworkCore.SqlServer' with options: using lazy-loading proxies 
info: Microsoft.EntityFrameworkCore.Database.Command[20101]
      Executed DbCommand (6ms) [Parameters=[@__email_0='?' (Size = 1000)], CommandType='Text', CommandTimeout='30']
      SELECT TOP(1) [c].[Id], [c].[Active], [c].[AdminComment], [c].[AffiliateId], [c].[BillingAddress_Id], [c].[CannotLoginUntilDateUtc], [c].[CreatedOnUtc], [c].[CustomerGuid], [c].[Deleted], [c].[Email], [c].[EmailToRevalidate], [c].[FailedLoginAttempts], [c].[HasShoppingCartItems], [c].[IsSystemAccount], [c].[IsTaxExempt], [c].[LastActivityDateUtc], [c].[LastIpAddress], [c].[LastLoginDateUtc], [c].[RegisteredInStoreId], [c].[RequireReLogin], [c].[ShippingAddress_Id], [c].[SystemName], [c].[Username], [c].[VendorId]
      FROM [Customer] AS [c]
      WHERE [c].[Email] = @__email_0
      ORDER BY [c].[Id]
info: Microsoft.EntityFrameworkCore.Database.Command[20101]
      Executed DbCommand (2ms) [Parameters=[@__get_Item_0='?' (DbType = Int32)], CommandType='Text', CommandTimeout='30']
      SELECT [e].[Customer_Id], [e].[CustomerRole_Id]
      FROM [Customer_CustomerRole_Mapping] AS [e]
      WHERE [e].[Customer_Id] = @__get_Item_0
info: Microsoft.EntityFrameworkCore.Database.Command[20101]
      Executed DbCommand (1ms) [Parameters=[@__get_Item_0='?' (DbType = Int32)], CommandType='Text', CommandTimeout='30']
      SELECT [e].[Id], [e].[Active], [e].[DefaultTaxDisplayTypeId], [e].[EnablePasswordLifetime], [e].[FreeShipping], [e].[IsSystemRole], [e].[Name], [e].[OverrideTaxDisplayType], [e].[PurchasedWithProductId], [e].[SystemName], [e].[TaxExempt]
      FROM [CustomerRole] AS [e]
      WHERE [e].[Id] = @__get_Item_0
info: Microsoft.EntityFrameworkCore.Database.Command[20101]
      Executed DbCommand (1ms) [Parameters=[@__get_Item_0='?' (DbType = Int32)], CommandType='Text', CommandTimeout='30']
      SELECT [e].[Id], [e].[Active], [e].[DefaultTaxDisplayTypeId], [e].[EnablePasswordLifetime], [e].[FreeShipping], [e].[IsSystemRole], [e].[Name], [e].[OverrideTaxDisplayType], [e].[PurchasedWithProductId], [e].[SystemName], [e].[TaxExempt]
      FROM [CustomerRole] AS [e]
      WHERE [e].[Id] = @__get_Item_0
info: Microsoft.EntityFrameworkCore.Database.Command[20101]
      Executed DbCommand (2ms) [Parameters=[@__entityId_0='?' (DbType = Int32), @__keyGroup_1='?' (Size = 400)], CommandType='Text', CommandTimeout='30']
      SELECT [ga].[Id], [ga].[EntityId], [ga].[Key], [ga].[KeyGroup], [ga].[StoreId], [ga].[Value]
      FROM [GenericAttribute] AS [ga]
      WHERE ([ga].[EntityId] = @__entityId_0) AND ([ga].[KeyGroup] = @__keyGroup_1)
info: Microsoft.AspNetCore.Mvc.Internal.ControllerActionInvoker[1]
      Route matched with {area = "Admin", action = "List", controller = "Shift"}. Executing action NCSw.HERO.Web.Areas.Admin.Controllers.ShiftController.List (NCSw.HERO.Web)
info: Microsoft.AspNetCore.Mvc.Internal.ControllerActionInvoker[1]
      Executing action method NCSw.HERO.Web.Areas.Admin.Controllers.ShiftController.List (NCSw.HERO.Web) with arguments (NCSw.HERO.Web.Areas.Admin.Models.ShiftSearchModel) - Validation state: Valid
info: Microsoft.EntityFrameworkCore.Database.Command[20101]
      Executed DbCommand (2ms) [Parameters=[], CommandType='Text', CommandTimeout='30']
      SELECT COUNT(*)
      FROM [hero].[Shift] AS [m]
      WHERE [m].[Deleted] = 0
warn: Microsoft.EntityFrameworkCore.Query[10102]
      Query: '(from Shift m in DbSet<Shift> where !([m].Deleted) select [m]).Skip(__p_0).Take(__p_1)' uses a row limiting operation (Skip/Take) without OrderBy which may lead to unpredictable results.
info: Microsoft.EntityFrameworkCore.Database.Command[20101]
      Executed DbCommand (3ms) [Parameters=[@__p_0='?' (DbType = Int32), @__p_1='?' (DbType = Int32)], CommandType='Text', CommandTimeout='30']
      SELECT [m].[Id], [m].[Active], [m].[BreakTimeFrom], [m].[BreakTimeTo], [m].[Code], [m].[CreatedBy], [m].[CreatedOnUtc], [m].[Deleted], [m].[Description], [m].[FromHour], [m].[Name], [m].[ToHour], [m].[UpdatedBy], [m].[UpdatedOnUtc]
      FROM [hero].[Shift] AS [m]
      WHERE [m].[Deleted] = 0
      ORDER BY (SELECT 1)
      OFFSET @__p_0 ROWS FETCH NEXT @__p_1 ROWS ONLY
info: Microsoft.AspNetCore.Mvc.Internal.ControllerActionInvoker[2]
      Executed action method NCSw.HERO.Web.Areas.Admin.Controllers.ShiftController.List (NCSw.HERO.Web), returned result Microsoft.AspNetCore.Mvc.JsonResult in 72.0348ms.
info: Microsoft.AspNetCore.Mvc.Formatters.Json.Internal.JsonResultExecutor[1]
      Executing JsonResult, writing value of type 'NCSw.HERO.Web.Areas.Admin.Models.ShiftListModel'.
info: Microsoft.AspNetCore.Mvc.Internal.ControllerActionInvoker[2]
      Executed action NCSw.HERO.Web.Areas.Admin.Controllers.ShiftController.List (NCSw.HERO.Web) in 246.947ms
info: Microsoft.AspNetCore.Hosting.Internal.WebHost[2]
      Request finished in 345.674ms 200 application/json; charset=utf-8
info: Microsoft.EntityFrameworkCore.Infrastructure[10403]
      Entity Framework Core 2.2.4-servicing-10062 initialized 'NopObjectContext' using provider 'Microsoft.EntityFrameworkCore.SqlServer' with options: using lazy-loading proxies 
info: Microsoft.EntityFrameworkCore.Database.Command[20101]
      Executed DbCommand (5ms) [Parameters=[@p0='?' (DbType = DateTime2), @p1='?' (DbType = Int32), @p2='?' (Size = 4000), @p3='?' (Size = 200), @p4='?' (DbType = Int32), @p5='?' (Size = 4000), @p6='?' (Size = 4000), @p7='?' (Size = 4000)], CommandType='Text', CommandTimeout='30']
      SET NOCOUNT ON;
      INSERT INTO [Log] ([CreatedOnUtc], [CustomerId], [FullMessage], [IpAddress], [LogLevelId], [PageUrl], [ReferrerUrl], [ShortMessage])
      VALUES (@p0, @p1, @p2, @p3, @p4, @p5, @p6, @p7);
      SELECT [Id]
      FROM [Log]
      WHERE @@ROWCOUNT = 1 AND [Id] = scope_identity();
info: Microsoft.EntityFrameworkCore.Infrastructure[10403]
      Entity Framework Core 2.2.4-servicing-10062 initialized 'NopObjectContext' using provider 'Microsoft.EntityFrameworkCore.SqlServer' with options: using lazy-loading proxies 
info: Microsoft.EntityFrameworkCore.Database.Command[20101]
      Executed DbCommand (4ms) [Parameters=[@p0='?' (DbType = DateTime2), @p1='?' (DbType = Int32), @p2='?' (Size = 4000), @p3='?' (Size = 200), @p4='?' (DbType = Int32), @p5='?' (Size = 4000), @p6='?' (Size = 4000), @p7='?' (Size = 4000)], CommandType='Text', CommandTimeout='30']
      SET NOCOUNT ON;
      INSERT INTO [Log] ([CreatedOnUtc], [CustomerId], [FullMessage], [IpAddress], [LogLevelId], [PageUrl], [ReferrerUrl], [ShortMessage])
      VALUES (@p0, @p1, @p2, @p3, @p4, @p5, @p6, @p7);
      SELECT [Id]
      FROM [Log]
      WHERE @@ROWCOUNT = 1 AND [Id] = scope_identity();
info: Microsoft.EntityFrameworkCore.Infrastructure[10403]
      Entity Framework Core 2.2.4-servicing-10062 initialized 'NopObjectContext' using provider 'Microsoft.EntityFrameworkCore.SqlServer' with options: using lazy-loading proxies 
info: Microsoft.EntityFrameworkCore.Database.Command[20101]
      Executed DbCommand (48ms) [Parameters=[@p0='?' (DbType = DateTime2), @p1='?' (DbType = Int32), @p2='?' (Size = 4000), @p3='?' (Size = 200), @p4='?' (DbType = Int32), @p5='?' (Size = 4000), @p6='?' (Size = 4000), @p7='?' (Size = 4000)], CommandType='Text', CommandTimeout='30']
      SET NOCOUNT ON;
      INSERT INTO [Log] ([CreatedOnUtc], [CustomerId], [FullMessage], [IpAddress], [LogLevelId], [PageUrl], [ReferrerUrl], [ShortMessage])
      VALUES (@p0, @p1, @p2, @p3, @p4, @p5, @p6, @p7);
      SELECT [Id]
      FROM [Log]
      WHERE @@ROWCOUNT = 1 AND [Id] = scope_identity();
info: Microsoft.EntityFrameworkCore.Infrastructure[10403]
      Entity Framework Core 2.2.4-servicing-10062 initialized 'NopObjectContext' using provider 'Microsoft.EntityFrameworkCore.SqlServer' with options: using lazy-loading proxies 
info: Microsoft.EntityFrameworkCore.Database.Command[20101]
      Executed DbCommand (4ms) [Parameters=[@p0='?' (DbType = DateTime2), @p1='?' (DbType = Int32), @p2='?' (Size = 4000), @p3='?' (Size = 200), @p4='?' (DbType = Int32), @p5='?' (Size = 4000), @p6='?' (Size = 4000), @p7='?' (Size = 4000)], CommandType='Text', CommandTimeout='30']
      SET NOCOUNT ON;
      INSERT INTO [Log] ([CreatedOnUtc], [CustomerId], [FullMessage], [IpAddress], [LogLevelId], [PageUrl], [ReferrerUrl], [ShortMessage])
      VALUES (@p0, @p1, @p2, @p3, @p4, @p5, @p6, @p7);
      SELECT [Id]
      FROM [Log]
      WHERE @@ROWCOUNT = 1 AND [Id] = scope_identity();
info: Microsoft.EntityFrameworkCore.Infrastructure[10403]
      Entity Framework Core 2.2.4-servicing-10062 initialized 'NopObjectContext' using provider 'Microsoft.EntityFrameworkCore.SqlServer' with options: using lazy-loading proxies 
info: Microsoft.EntityFrameworkCore.Database.Command[20101]
      Executed DbCommand (20ms) [Parameters=[@p0='?' (DbType = DateTime2), @p1='?' (DbType = Int32), @p2='?' (Size = 4000), @p3='?' (Size = 200), @p4='?' (DbType = Int32), @p5='?' (Size = 4000), @p6='?' (Size = 4000), @p7='?' (Size = 4000)], CommandType='Text', CommandTimeout='30']
      SET NOCOUNT ON;
      INSERT INTO [Log] ([CreatedOnUtc], [CustomerId], [FullMessage], [IpAddress], [LogLevelId], [PageUrl], [ReferrerUrl], [ShortMessage])
      VALUES (@p0, @p1, @p2, @p3, @p4, @p5, @p6, @p7);
      SELECT [Id]
      FROM [Log]
      WHERE @@ROWCOUNT = 1 AND [Id] = scope_identity();
info: Microsoft.EntityFrameworkCore.Infrastructure[10403]
      Entity Framework Core 2.2.4-servicing-10062 initialized 'NopObjectContext' using provider 'Microsoft.EntityFrameworkCore.SqlServer' with options: using lazy-loading proxies 
info: Microsoft.EntityFrameworkCore.Database.Command[20101]
      Executed DbCommand (9ms) [Parameters=[@p0='?' (DbType = DateTime2), @p1='?' (DbType = Int32), @p2='?' (Size = 4000), @p3='?' (Size = 200), @p4='?' (DbType = Int32), @p5='?' (Size = 4000), @p6='?' (Size = 4000), @p7='?' (Size = 4000)], CommandType='Text', CommandTimeout='30']
      SET NOCOUNT ON;
      INSERT INTO [Log] ([CreatedOnUtc], [CustomerId], [FullMessage], [IpAddress], [LogLevelId], [PageUrl], [ReferrerUrl], [ShortMessage])
      VALUES (@p0, @p1, @p2, @p3, @p4, @p5, @p6, @p7);
      SELECT [Id]
      FROM [Log]
      WHERE @@ROWCOUNT = 1 AND [Id] = scope_identity();
info: Microsoft.EntityFrameworkCore.Infrastructure[10403]
      Entity Framework Core 2.2.4-servicing-10062 initialized 'NopObjectContext' using provider 'Microsoft.EntityFrameworkCore.SqlServer' with options: using lazy-loading proxies 
info: Microsoft.EntityFrameworkCore.Database.Command[20101]
      Executed DbCommand (11ms) [Parameters=[@p0='?' (DbType = DateTime2), @p1='?' (DbType = Int32), @p2='?' (Size = 4000), @p3='?' (Size = 200), @p4='?' (DbType = Int32), @p5='?' (Size = 4000), @p6='?' (Size = 4000), @p7='?' (Size = 4000)], CommandType='Text', CommandTimeout='30']
      SET NOCOUNT ON;
      INSERT INTO [Log] ([CreatedOnUtc], [CustomerId], [FullMessage], [IpAddress], [LogLevelId], [PageUrl], [ReferrerUrl], [ShortMessage])
      VALUES (@p0, @p1, @p2, @p3, @p4, @p5, @p6, @p7);
      SELECT [Id]
      FROM [Log]
      WHERE @@ROWCOUNT = 1 AND [Id] = scope_identity();
info: Microsoft.EntityFrameworkCore.Infrastructure[10403]
      Entity Framework Core 2.2.4-servicing-10062 initialized 'NopObjectContext' using provider 'Microsoft.EntityFrameworkCore.SqlServer' with options: using lazy-loading proxies 
info: Microsoft.EntityFrameworkCore.Database.Command[20101]
      Executed DbCommand (5ms) [Parameters=[@p0='?' (DbType = DateTime2), @p1='?' (DbType = Int32), @p2='?' (Size = 4000), @p3='?' (Size = 200), @p4='?' (DbType = Int32), @p5='?' (Size = 4000), @p6='?' (Size = 4000), @p7='?' (Size = 4000)], CommandType='Text', CommandTimeout='30']
      SET NOCOUNT ON;
      INSERT INTO [Log] ([CreatedOnUtc], [CustomerId], [FullMessage], [IpAddress], [LogLevelId], [PageUrl], [ReferrerUrl], [ShortMessage])
      VALUES (@p0, @p1, @p2, @p3, @p4, @p5, @p6, @p7);
      SELECT [Id]
      FROM [Log]
      WHERE @@ROWCOUNT = 1 AND [Id] = scope_identity();
info: Microsoft.EntityFrameworkCore.Infrastructure[10403]
      Entity Framework Core 2.2.4-servicing-10062 initialized 'NopObjectContext' using provider 'Microsoft.EntityFrameworkCore.SqlServer' with options: using lazy-loading proxies 
info: Microsoft.EntityFrameworkCore.Database.Command[20101]
      Executed DbCommand (3ms) [Parameters=[@p0='?' (DbType = DateTime2), @p1='?' (DbType = Int32), @p2='?' (Size = 4000), @p3='?' (Size = 200), @p4='?' (DbType = Int32), @p5='?' (Size = 4000), @p6='?' (Size = 4000), @p7='?' (Size = 4000)], CommandType='Text', CommandTimeout='30']
      SET NOCOUNT ON;
      INSERT INTO [Log] ([CreatedOnUtc], [CustomerId], [FullMessage], [IpAddress], [LogLevelId], [PageUrl], [ReferrerUrl], [ShortMessage])
      VALUES (@p0, @p1, @p2, @p3, @p4, @p5, @p6, @p7);
      SELECT [Id]
      FROM [Log]
      WHERE @@ROWCOUNT = 1 AND [Id] = scope_identity();
info: Microsoft.EntityFrameworkCore.Infrastructure[10403]
      Entity Framework Core 2.2.4-servicing-10062 initialized 'NopObjectContext' using provider 'Microsoft.EntityFrameworkCore.SqlServer' with options: using lazy-loading proxies 
info: Microsoft.EntityFrameworkCore.Database.Command[20101]
      Executed DbCommand (3ms) [Parameters=[@p0='?' (DbType = DateTime2), @p1='?' (DbType = Int32), @p2='?' (Size = 4000), @p3='?' (Size = 200), @p4='?' (DbType = Int32), @p5='?' (Size = 4000), @p6='?' (Size = 4000), @p7='?' (Size = 4000)], CommandType='Text', CommandTimeout='30']
      SET NOCOUNT ON;
      INSERT INTO [Log] ([CreatedOnUtc], [CustomerId], [FullMessage], [IpAddress], [LogLevelId], [PageUrl], [ReferrerUrl], [ShortMessage])
      VALUES (@p0, @p1, @p2, @p3, @p4, @p5, @p6, @p7);
      SELECT [Id]
      FROM [Log]
      WHERE @@ROWCOUNT = 1 AND [Id] = scope_identity();
info: Microsoft.EntityFrameworkCore.Infrastructure[10403]
      Entity Framework Core 2.2.4-servicing-10062 initialized 'NopObjectContext' using provider 'Microsoft.EntityFrameworkCore.SqlServer' with options: using lazy-loading proxies 
info: Microsoft.EntityFrameworkCore.Database.Command[20101]
      Executed DbCommand (16ms) [Parameters=[@p0='?' (DbType = DateTime2), @p1='?' (DbType = Int32), @p2='?' (Size = 4000), @p3='?' (Size = 200), @p4='?' (DbType = Int32), @p5='?' (Size = 4000), @p6='?' (Size = 4000), @p7='?' (Size = 4000)], CommandType='Text', CommandTimeout='30']
      SET NOCOUNT ON;
      INSERT INTO [Log] ([CreatedOnUtc], [CustomerId], [FullMessage], [IpAddress], [LogLevelId], [PageUrl], [ReferrerUrl], [ShortMessage])
      VALUES (@p0, @p1, @p2, @p3, @p4, @p5, @p6, @p7);
      SELECT [Id]
      FROM [Log]
      WHERE @@ROWCOUNT = 1 AND [Id] = scope_identity();
info: Microsoft.EntityFrameworkCore.Infrastructure[10403]
      Entity Framework Core 2.2.4-servicing-10062 initialized 'NopObjectContext' using provider 'Microsoft.EntityFrameworkCore.SqlServer' with options: using lazy-loading proxies 
info: Microsoft.EntityFrameworkCore.Database.Command[20101]
      Executed DbCommand (4ms) [Parameters=[@p0='?' (DbType = DateTime2), @p1='?' (DbType = Int32), @p2='?' (Size = 4000), @p3='?' (Size = 200), @p4='?' (DbType = Int32), @p5='?' (Size = 4000), @p6='?' (Size = 4000), @p7='?' (Size = 4000)], CommandType='Text', CommandTimeout='30']
      SET NOCOUNT ON;
      INSERT INTO [Log] ([CreatedOnUtc], [CustomerId], [FullMessage], [IpAddress], [LogLevelId], [PageUrl], [ReferrerUrl], [ShortMessage])
      VALUES (@p0, @p1, @p2, @p3, @p4, @p5, @p6, @p7);
      SELECT [Id]
      FROM [Log]
      WHERE @@ROWCOUNT = 1 AND [Id] = scope_identity();
info: Microsoft.EntityFrameworkCore.Infrastructure[10403]
      Entity Framework Core 2.2.4-servicing-10062 initialized 'NopObjectContext' using provider 'Microsoft.EntityFrameworkCore.SqlServer' with options: using lazy-loading proxies 
info: Microsoft.EntityFrameworkCore.Database.Command[20101]
      Executed DbCommand (6ms) [Parameters=[@p0='?' (DbType = DateTime2), @p1='?' (DbType = Int32), @p2='?' (Size = 4000), @p3='?' (Size = 200), @p4='?' (DbType = Int32), @p5='?' (Size = 4000), @p6='?' (Size = 4000), @p7='?' (Size = 4000)], CommandType='Text', CommandTimeout='30']
      SET NOCOUNT ON;
      INSERT INTO [Log] ([CreatedOnUtc], [CustomerId], [FullMessage], [IpAddress], [LogLevelId], [PageUrl], [ReferrerUrl], [ShortMessage])
      VALUES (@p0, @p1, @p2, @p3, @p4, @p5, @p6, @p7);
      SELECT [Id]
      FROM [Log]
      WHERE @@ROWCOUNT = 1 AND [Id] = scope_identity();
info: Microsoft.EntityFrameworkCore.Infrastructure[10403]
      Entity Framework Core 2.2.4-servicing-10062 initialized 'NopObjectContext' using provider 'Microsoft.EntityFrameworkCore.SqlServer' with options: using lazy-loading proxies 
info: Microsoft.EntityFrameworkCore.Database.Command[20101]
      Executed DbCommand (4ms) [Parameters=[@p0='?' (DbType = DateTime2), @p1='?' (DbType = Int32), @p2='?' (Size = 4000), @p3='?' (Size = 200), @p4='?' (DbType = Int32), @p5='?' (Size = 4000), @p6='?' (Size = 4000), @p7='?' (Size = 4000)], CommandType='Text', CommandTimeout='30']
      SET NOCOUNT ON;
      INSERT INTO [Log] ([CreatedOnUtc], [CustomerId], [FullMessage], [IpAddress], [LogLevelId], [PageUrl], [ReferrerUrl], [ShortMessage])
      VALUES (@p0, @p1, @p2, @p3, @p4, @p5, @p6, @p7);
      SELECT [Id]
      FROM [Log]
      WHERE @@ROWCOUNT = 1 AND [Id] = scope_identity();
info: Microsoft.AspNetCore.Hosting.Internal.WebHost[1]
      Request starting HTTP/1.1 POST http://127.0.0.1:3107/iisintegration  0
info: Microsoft.AspNetCore.Hosting.Internal.WebHost[2]
      Request finished in 4.1076ms 202 
Application is shutting down...
